[0.023s] Invoking command in '/home/student/Git-projects/eye_in_hand_A5/build/eye_in_hand_pkg': CMAKE_PREFIX_PATH=${CMAKE_PREFIX_PATH}:/home/student/ros2_industrial_ws/install/urdf_basics:/home/student/ros2_industrial_ws/install/transferframes:/home/student/ros2_industrial_ws/install/template_package_python:/home/student/ros2_industrial_ws/install/ros_industrial_utilities:/home/student/ros2_industrial_ws/install/ros_industrial_support:/home/student/ros2_industrial_ws/install/range_sensor:/home/student/ros2_industrial_ws/install/node_demo:/home/student/ros2_industrial_ws/install/manipulation:/home/student/ros2_industrial_ws/install/fanuc_robots:/home/student/my_ur_ws/install/my_ur_demo:/home/student/my_ur_ws/install/my_ur_bringup:/home/student/xarm_ws/install/uf_ros_lib:/opt/ros/jazzy DEBUGINFOD_URLS=https://debuginfod.ubuntu.com /usr/bin/cmake --build /home/student/Git-projects/eye_in_hand_A5/build/eye_in_hand_pkg -- -j4 -l4
[0.107s] Invoked command in '/home/student/Git-projects/eye_in_hand_A5/build/eye_in_hand_pkg' returned '0': CMAKE_PREFIX_PATH=${CMAKE_PREFIX_PATH}:/home/student/ros2_industrial_ws/install/urdf_basics:/home/student/ros2_industrial_ws/install/transferframes:/home/student/ros2_industrial_ws/install/template_package_python:/home/student/ros2_industrial_ws/install/ros_industrial_utilities:/home/student/ros2_industrial_ws/install/ros_industrial_support:/home/student/ros2_industrial_ws/install/range_sensor:/home/student/ros2_industrial_ws/install/node_demo:/home/student/ros2_industrial_ws/install/manipulation:/home/student/ros2_industrial_ws/install/fanuc_robots:/home/student/my_ur_ws/install/my_ur_demo:/home/student/my_ur_ws/install/my_ur_bringup:/home/student/xarm_ws/install/uf_ros_lib:/opt/ros/jazzy DEBUGINFOD_URLS=https://debuginfod.ubuntu.com /usr/bin/cmake --build /home/student/Git-projects/eye_in_hand_A5/build/eye_in_hand_pkg -- -j4 -l4
[0.124s] Invoking command in '/home/student/Git-projects/eye_in_hand_A5/build/eye_in_hand_pkg': CMAKE_PREFIX_PATH=${CMAKE_PREFIX_PATH}:/home/student/ros2_industrial_ws/install/urdf_basics:/home/student/ros2_industrial_ws/install/transferframes:/home/student/ros2_industrial_ws/install/template_package_python:/home/student/ros2_industrial_ws/install/ros_industrial_utilities:/home/student/ros2_industrial_ws/install/ros_industrial_support:/home/student/ros2_industrial_ws/install/range_sensor:/home/student/ros2_industrial_ws/install/node_demo:/home/student/ros2_industrial_ws/install/manipulation:/home/student/ros2_industrial_ws/install/fanuc_robots:/home/student/my_ur_ws/install/my_ur_demo:/home/student/my_ur_ws/install/my_ur_bringup:/home/student/xarm_ws/install/uf_ros_lib:/opt/ros/jazzy DEBUGINFOD_URLS=https://debuginfod.ubuntu.com /usr/bin/cmake --install /home/student/Git-projects/eye_in_hand_A5/build/eye_in_hand_pkg
[0.142s] -- Install configuration: ""
[0.142s] -- Up-to-date: /home/student/Git-projects/eye_in_hand_A5/install/eye_in_hand_pkg/lib/eye_in_hand_pkg/hmi_status
[0.142s] -- Up-to-date: /home/student/Git-projects/eye_in_hand_A5/install/eye_in_hand_pkg/lib/eye_in_hand_pkg/hmi_window.ui
[0.143s] -- Up-to-date: /home/student/Git-projects/eye_in_hand_A5/install/eye_in_hand_pkg/lib/eye_in_hand_pkg/avans.png
[0.143s] -- Up-to-date: /home/student/Git-projects/eye_in_hand_A5/install/eye_in_hand_pkg/lib/eye_in_hand_pkg/hmi_status
[0.143s] -- Up-to-date: /home/student/Git-projects/eye_in_hand_A5/install/eye_in_hand_pkg/lib/eye_in_hand_pkg/hmi_camera
[0.143s] -- Up-to-date: /home/student/Git-projects/eye_in_hand_A5/install/eye_in_hand_pkg/lib/eye_in_hand_pkg/hmi_bediening
[0.143s] -- Up-to-date: /home/student/Git-projects/eye_in_hand_A5/install/eye_in_hand_pkg/lib/eye_in_hand_pkg/hmi_product
[0.143s] -- Up-to-date: /home/student/Git-projects/eye_in_hand_A5/install/eye_in_hand_pkg/lib/eye_in_hand_pkg/hmi_calibratie
[0.143s] -- Up-to-date: /home/student/Git-projects/eye_in_hand_A5/install/eye_in_hand_pkg/share/ament_index/resource_index/package_run_dependencies/eye_in_hand_pkg
[0.144s] -- Up-to-date: /home/student/Git-projects/eye_in_hand_A5/install/eye_in_hand_pkg/share/ament_index/resource_index/parent_prefix_path/eye_in_hand_pkg
[0.144s] -- Up-to-date: /home/student/Git-projects/eye_in_hand_A5/install/eye_in_hand_pkg/share/eye_in_hand_pkg/environment/ament_prefix_path.sh
[0.144s] -- Up-to-date: /home/student/Git-projects/eye_in_hand_A5/install/eye_in_hand_pkg/share/eye_in_hand_pkg/environment/ament_prefix_path.dsv
[0.144s] -- Up-to-date: /home/student/Git-projects/eye_in_hand_A5/install/eye_in_hand_pkg/share/eye_in_hand_pkg/environment/path.sh
[0.144s] -- Up-to-date: /home/student/Git-projects/eye_in_hand_A5/install/eye_in_hand_pkg/share/eye_in_hand_pkg/environment/path.dsv
[0.144s] -- Up-to-date: /home/student/Git-projects/eye_in_hand_A5/install/eye_in_hand_pkg/share/eye_in_hand_pkg/local_setup.bash
[0.144s] -- Up-to-date: /home/student/Git-projects/eye_in_hand_A5/install/eye_in_hand_pkg/share/eye_in_hand_pkg/local_setup.sh
[0.144s] -- Up-to-date: /home/student/Git-projects/eye_in_hand_A5/install/eye_in_hand_pkg/share/eye_in_hand_pkg/local_setup.zsh
[0.145s] -- Up-to-date: /home/student/Git-projects/eye_in_hand_A5/install/eye_in_hand_pkg/share/eye_in_hand_pkg/local_setup.dsv
[0.145s] -- Up-to-date: /home/student/Git-projects/eye_in_hand_A5/install/eye_in_hand_pkg/share/eye_in_hand_pkg/package.dsv
[0.146s] -- Up-to-date: /home/student/Git-projects/eye_in_hand_A5/install/eye_in_hand_pkg/share/ament_index/resource_index/packages/eye_in_hand_pkg
[0.146s] -- Up-to-date: /home/student/Git-projects/eye_in_hand_A5/install/eye_in_hand_pkg/share/eye_in_hand_pkg/cmake/eye_in_hand_pkgConfig.cmake
[0.148s] -- Up-to-date: /home/student/Git-projects/eye_in_hand_A5/install/eye_in_hand_pkg/share/eye_in_hand_pkg/cmake/eye_in_hand_pkgConfig-version.cmake
[0.149s] -- Up-to-date: /home/student/Git-projects/eye_in_hand_A5/install/eye_in_hand_pkg/share/eye_in_hand_pkg/package.xml
[0.149s] Invoked command in '/home/student/Git-projects/eye_in_hand_A5/build/eye_in_hand_pkg' returned '0': CMAKE_PREFIX_PATH=${CMAKE_PREFIX_PATH}:/home/student/ros2_industrial_ws/install/urdf_basics:/home/student/ros2_industrial_ws/install/transferframes:/home/student/ros2_industrial_ws/install/template_package_python:/home/student/ros2_industrial_ws/install/ros_industrial_utilities:/home/student/ros2_industrial_ws/install/ros_industrial_support:/home/student/ros2_industrial_ws/install/range_sensor:/home/student/ros2_industrial_ws/install/node_demo:/home/student/ros2_industrial_ws/install/manipulation:/home/student/ros2_industrial_ws/install/fanuc_robots:/home/student/my_ur_ws/install/my_ur_demo:/home/student/my_ur_ws/install/my_ur_bringup:/home/student/xarm_ws/install/uf_ros_lib:/opt/ros/jazzy DEBUGINFOD_URLS=https://debuginfod.ubuntu.com /usr/bin/cmake --install /home/student/Git-projects/eye_in_hand_A5/build/eye_in_hand_pkg
