[0.080s] Invoking command in '/home/student/Git-projects/eye_in_hand_A5/build/my_ur': CMAKE_PREFIX_PATH=${CMAKE_PREFIX_PATH}:/home/student/Git-projects/eye_in_hand_A5/install/robotiq_app:/home/student/Git-projects/install/robotiq_app:/home/student/ros2_industrial_ws/install/urdf_basics:/home/student/ros2_industrial_ws/install/transferframes:/home/student/ros2_industrial_ws/install/template_package_python:/home/student/ros2_industrial_ws/install/ros_industrial_utilities:/home/student/ros2_industrial_ws/install/ros_industrial_support:/home/student/ros2_industrial_ws/install/range_sensor:/home/student/ros2_industrial_ws/install/node_demo:/home/student/ros2_industrial_ws/install/manipulation:/home/student/ros2_industrial_ws/install/fanuc_robots:/home/student/my_ur_ws/install/my_ur_demo:/home/student/my_ur_ws/install/my_ur_bringup:/home/student/xarm_ws/install/uf_ros_lib:/opt/ros/jazzy DEBUGINFOD_URLS=https://debuginfod.ubuntu.com /usr/bin/cmake /home/student/Git-projects/eye_in_hand_A5/src/my_ur_ROS2/my_ur -DAMENT_CMAKE_SYMLINK_INSTALL=1 -DCMAKE_INSTALL_PREFIX=/home/student/Git-projects/eye_in_hand_A5/install/my_ur
[0.216s] -- The C compiler identification is GNU 13.3.0
[0.312s] -- The CXX compiler identification is GNU 13.3.0
[0.338s] -- Detecting C compiler ABI info
[0.531s] -- Detecting C compiler ABI info - done
[0.548s] -- Check for working C compiler: /usr/bin/cc - skipped
[0.549s] -- Detecting C compile features
[0.550s] -- Detecting C compile features - done
[0.572s] -- Detecting CXX compiler ABI info
[0.854s] -- Detecting CXX compiler ABI info - done
[0.897s] -- Check for working CXX compiler: /usr/bin/c++ - skipped
[0.897s] -- Detecting CXX compile features
[0.903s] -- Detecting CXX compile features - done
[0.949s] -- Found ament_cmake: 2.5.6 (/opt/ros/jazzy/share/ament_cmake/cmake)
[1.442s] -- Found Python3: /usr/bin/python3 (found version "3.12.3") found components: Interpreter 
[1.608s] -- Override CMake install command with custom implementation using symlinks instead of copying resources
[2.030s] -- Configuring done (1.9s)
[2.035s] -- Generating done (0.0s)
[2.037s] -- Build files have been written to: /home/student/Git-projects/eye_in_hand_A5/build/my_ur
[2.047s] Invoked command in '/home/student/Git-projects/eye_in_hand_A5/build/my_ur' returned '0': CMAKE_PREFIX_PATH=${CMAKE_PREFIX_PATH}:/home/student/Git-projects/eye_in_hand_A5/install/robotiq_app:/home/student/Git-projects/install/robotiq_app:/home/student/ros2_industrial_ws/install/urdf_basics:/home/student/ros2_industrial_ws/install/transferframes:/home/student/ros2_industrial_ws/install/template_package_python:/home/student/ros2_industrial_ws/install/ros_industrial_utilities:/home/student/ros2_industrial_ws/install/ros_industrial_support:/home/student/ros2_industrial_ws/install/range_sensor:/home/student/ros2_industrial_ws/install/node_demo:/home/student/ros2_industrial_ws/install/manipulation:/home/student/ros2_industrial_ws/install/fanuc_robots:/home/student/my_ur_ws/install/my_ur_demo:/home/student/my_ur_ws/install/my_ur_bringup:/home/student/xarm_ws/install/uf_ros_lib:/opt/ros/jazzy DEBUGINFOD_URLS=https://debuginfod.ubuntu.com /usr/bin/cmake /home/student/Git-projects/eye_in_hand_A5/src/my_ur_ROS2/my_ur -DAMENT_CMAKE_SYMLINK_INSTALL=1 -DCMAKE_INSTALL_PREFIX=/home/student/Git-projects/eye_in_hand_A5/install/my_ur
[2.050s] Invoking command in '/home/student/Git-projects/eye_in_hand_A5/build/my_ur': CMAKE_PREFIX_PATH=${CMAKE_PREFIX_PATH}:/home/student/Git-projects/eye_in_hand_A5/install/robotiq_app:/home/student/Git-projects/install/robotiq_app:/home/student/ros2_industrial_ws/install/urdf_basics:/home/student/ros2_industrial_ws/install/transferframes:/home/student/ros2_industrial_ws/install/template_package_python:/home/student/ros2_industrial_ws/install/ros_industrial_utilities:/home/student/ros2_industrial_ws/install/ros_industrial_support:/home/student/ros2_industrial_ws/install/range_sensor:/home/student/ros2_industrial_ws/install/node_demo:/home/student/ros2_industrial_ws/install/manipulation:/home/student/ros2_industrial_ws/install/fanuc_robots:/home/student/my_ur_ws/install/my_ur_demo:/home/student/my_ur_ws/install/my_ur_bringup:/home/student/xarm_ws/install/uf_ros_lib:/opt/ros/jazzy DEBUGINFOD_URLS=https://debuginfod.ubuntu.com /usr/bin/cmake --build /home/student/Git-projects/eye_in_hand_A5/build/my_ur -- -j4 -l4
[2.148s] Invoked command in '/home/student/Git-projects/eye_in_hand_A5/build/my_ur' returned '0': CMAKE_PREFIX_PATH=${CMAKE_PREFIX_PATH}:/home/student/Git-projects/eye_in_hand_A5/install/robotiq_app:/home/student/Git-projects/install/robotiq_app:/home/student/ros2_industrial_ws/install/urdf_basics:/home/student/ros2_industrial_ws/install/transferframes:/home/student/ros2_industrial_ws/install/template_package_python:/home/student/ros2_industrial_ws/install/ros_industrial_utilities:/home/student/ros2_industrial_ws/install/ros_industrial_support:/home/student/ros2_industrial_ws/install/range_sensor:/home/student/ros2_industrial_ws/install/node_demo:/home/student/ros2_industrial_ws/install/manipulation:/home/student/ros2_industrial_ws/install/fanuc_robots:/home/student/my_ur_ws/install/my_ur_demo:/home/student/my_ur_ws/install/my_ur_bringup:/home/student/xarm_ws/install/uf_ros_lib:/opt/ros/jazzy DEBUGINFOD_URLS=https://debuginfod.ubuntu.com /usr/bin/cmake --build /home/student/Git-projects/eye_in_hand_A5/build/my_ur -- -j4 -l4
[2.150s] Invoking command in '/home/student/Git-projects/eye_in_hand_A5/build/my_ur': CMAKE_PREFIX_PATH=${CMAKE_PREFIX_PATH}:/home/student/Git-projects/eye_in_hand_A5/install/robotiq_app:/home/student/Git-projects/install/robotiq_app:/home/student/ros2_industrial_ws/install/urdf_basics:/home/student/ros2_industrial_ws/install/transferframes:/home/student/ros2_industrial_ws/install/template_package_python:/home/student/ros2_industrial_ws/install/ros_industrial_utilities:/home/student/ros2_industrial_ws/install/ros_industrial_support:/home/student/ros2_industrial_ws/install/range_sensor:/home/student/ros2_industrial_ws/install/node_demo:/home/student/ros2_industrial_ws/install/manipulation:/home/student/ros2_industrial_ws/install/fanuc_robots:/home/student/my_ur_ws/install/my_ur_demo:/home/student/my_ur_ws/install/my_ur_bringup:/home/student/xarm_ws/install/uf_ros_lib:/opt/ros/jazzy DEBUGINFOD_URLS=https://debuginfod.ubuntu.com /usr/bin/cmake --install /home/student/Git-projects/eye_in_hand_A5/build/my_ur
[2.173s] -- Install configuration: ""
[2.173s] -- Execute custom install script
[2.174s] -- Symlinking: /home/student/Git-projects/eye_in_hand_A5/install/my_ur/share/ament_index/resource_index/package_run_dependencies/my_ur
[2.190s] -- Symlinking: /home/student/Git-projects/eye_in_hand_A5/install/my_ur/share/ament_index/resource_index/parent_prefix_path/my_ur
[2.211s] -- Symlinking: /home/student/Git-projects/eye_in_hand_A5/install/my_ur/share/my_ur/environment/ament_prefix_path.sh
[2.235s] -- Symlinking: /home/student/Git-projects/eye_in_hand_A5/install/my_ur/share/my_ur/environment/ament_prefix_path.dsv
[2.257s] -- Symlinking: /home/student/Git-projects/eye_in_hand_A5/install/my_ur/share/my_ur/environment/path.sh
[2.274s] -- Symlinking: /home/student/Git-projects/eye_in_hand_A5/install/my_ur/share/my_ur/environment/path.dsv
[2.295s] -- Symlinking: /home/student/Git-projects/eye_in_hand_A5/install/my_ur/share/my_ur/local_setup.bash
[2.311s] -- Symlinking: /home/student/Git-projects/eye_in_hand_A5/install/my_ur/share/my_ur/local_setup.sh
[2.329s] -- Symlinking: /home/student/Git-projects/eye_in_hand_A5/install/my_ur/share/my_ur/local_setup.zsh
[2.357s] -- Symlinking: /home/student/Git-projects/eye_in_hand_A5/install/my_ur/share/my_ur/local_setup.dsv
[2.382s] -- Symlinking: /home/student/Git-projects/eye_in_hand_A5/install/my_ur/share/my_ur/package.dsv
[2.403s] -- Symlinking: /home/student/Git-projects/eye_in_hand_A5/install/my_ur/share/ament_index/resource_index/packages/my_ur
[2.420s] -- Symlinking: /home/student/Git-projects/eye_in_hand_A5/install/my_ur/share/my_ur/cmake/my_urConfig.cmake
[2.438s] -- Symlinking: /home/student/Git-projects/eye_in_hand_A5/install/my_ur/share/my_ur/cmake/my_urConfig-version.cmake
[2.484s] -- Symlinking: /home/student/Git-projects/eye_in_hand_A5/install/my_ur/share/my_ur/package.xml
[2.562s] Invoked command in '/home/student/Git-projects/eye_in_hand_A5/build/my_ur' returned '0': CMAKE_PREFIX_PATH=${CMAKE_PREFIX_PATH}:/home/student/Git-projects/eye_in_hand_A5/install/robotiq_app:/home/student/Git-projects/install/robotiq_app:/home/student/ros2_industrial_ws/install/urdf_basics:/home/student/ros2_industrial_ws/install/transferframes:/home/student/ros2_industrial_ws/install/template_package_python:/home/student/ros2_industrial_ws/install/ros_industrial_utilities:/home/student/ros2_industrial_ws/install/ros_industrial_support:/home/student/ros2_industrial_ws/install/range_sensor:/home/student/ros2_industrial_ws/install/node_demo:/home/student/ros2_industrial_ws/install/manipulation:/home/student/ros2_industrial_ws/install/fanuc_robots:/home/student/my_ur_ws/install/my_ur_demo:/home/student/my_ur_ws/install/my_ur_bringup:/home/student/xarm_ws/install/uf_ros_lib:/opt/ros/jazzy DEBUGINFOD_URLS=https://debuginfod.ubuntu.com /usr/bin/cmake --install /home/student/Git-projects/eye_in_hand_A5/build/my_ur
