/home/student/Git-projects/eye_in_hand_A5/install/robotiq_app/lib/python3.12/site-packages/robotiq_app/gripper_gui_old.py
/home/student/Git-projects/eye_in_hand_A5/install/robotiq_app/lib/python3.12/site-packages/robotiq_app/__init__.py
/home/student/Git-projects/eye_in_hand_A5/install/robotiq_app/lib/python3.12/site-packages/robotiq_app/control_gripper_new.py
/home/student/Git-projects/eye_in_hand_A5/install/robotiq_app/lib/python3.12/site-packages/robotiq_app/control_gripper.py
/home/student/Git-projects/eye_in_hand_A5/install/robotiq_app/lib/python3.12/site-packages/robotiq_app/gripper_gui.py
/home/student/Git-projects/eye_in_hand_A5/install/robotiq_app/lib/python3.12/site-packages/robotiq_app/__pycache__/gripper_gui_old.cpython-312.pyc
/home/student/Git-projects/eye_in_hand_A5/install/robotiq_app/lib/python3.12/site-packages/robotiq_app/__pycache__/__init__.cpython-312.pyc
/home/student/Git-projects/eye_in_hand_A5/install/robotiq_app/lib/python3.12/site-packages/robotiq_app/__pycache__/control_gripper_new.cpython-312.pyc
/home/student/Git-projects/eye_in_hand_A5/install/robotiq_app/lib/python3.12/site-packages/robotiq_app/__pycache__/control_gripper.cpython-312.pyc
/home/student/Git-projects/eye_in_hand_A5/install/robotiq_app/lib/python3.12/site-packages/robotiq_app/__pycache__/gripper_gui.cpython-312.pyc
/home/student/Git-projects/eye_in_hand_A5/install/robotiq_app/share/ament_index/resource_index/packages/robotiq_app
/home/student/Git-projects/eye_in_hand_A5/install/robotiq_app/share/robotiq_app/package.xml
/home/student/Git-projects/eye_in_hand_A5/install/robotiq_app/lib/python3.12/site-packages/robotiq_app-0.0.0-py3.12.egg-info/zip-safe
/home/student/Git-projects/eye_in_hand_A5/install/robotiq_app/lib/python3.12/site-packages/robotiq_app-0.0.0-py3.12.egg-info/dependency_links.txt
/home/student/Git-projects/eye_in_hand_A5/install/robotiq_app/lib/python3.12/site-packages/robotiq_app-0.0.0-py3.12.egg-info/top_level.txt
/home/student/Git-projects/eye_in_hand_A5/install/robotiq_app/lib/python3.12/site-packages/robotiq_app-0.0.0-py3.12.egg-info/requires.txt
/home/student/Git-projects/eye_in_hand_A5/install/robotiq_app/lib/python3.12/site-packages/robotiq_app-0.0.0-py3.12.egg-info/SOURCES.txt
/home/student/Git-projects/eye_in_hand_A5/install/robotiq_app/lib/python3.12/site-packages/robotiq_app-0.0.0-py3.12.egg-info/PKG-INFO
/home/student/Git-projects/eye_in_hand_A5/install/robotiq_app/lib/python3.12/site-packages/robotiq_app-0.0.0-py3.12.egg-info/entry_points.txt
/home/student/Git-projects/eye_in_hand_A5/install/robotiq_app/lib/robotiq_app/control_gripper
/home/student/Git-projects/eye_in_hand_A5/install/robotiq_app/lib/robotiq_app/gripper_gui
