-- Found ament_cmake: 2.5.6 (/opt/ros/jazzy/share/ament_cmake/cmake)
-- Override CMake install command with custom implementation using symlinks instead of copying resources
-- Found rosidl_default_generators: 1.6.0 (/opt/ros/jazzy/share/rosidl_default_generators/cmake)
-- Using all available rosidl_typesupport_c: rosidl_typesupport_fastrtps_c;rosidl_typesupport_introspection_c
-- Using all available rosidl_typesupport_cpp: rosidl_typesupport_fastrtps_cpp;rosidl_typesupport_introspection_cpp
-- Found rosidl_adapter: 4.6.7 (/opt/ros/jazzy/share/rosidl_adapter/cmake)
-- Found action_msgs: 2.0.3 (/opt/ros/jazzy/share/action_msgs/cmake)
-- Found ament_cmake_ros: 0.12.0 (/opt/ros/jazzy/share/ament_cmake_ros/cmake)
-- Using all available rosidl_typesupport_c: rosidl_typesupport_fastrtps_c;rosidl_typesupport_introspection_c
-- Using all available rosidl_typesupport_cpp: rosidl_typesupport_fastrtps_cpp;rosidl_typesupport_introspection_cpp
-- Found python_cmake_module: 0.11.1 (/opt/ros/jazzy/share/python_cmake_module/cmake)
-- Found Python3: /usr/bin/python3 (found version "3.12.3") found components: Interpreter Development NumPy Development.Module Development.Embed 
-- Found Python3: /usr/bin/python3 (found version "3.12.3") found components: Interpreter 
-- Configuring done (2.3s)
-- Generating done (0.1s)
-- Build files have been written to: /home/student/Git-projects/eye_in_hand_A5/build/eye_in_hand_interfaces
failed to create symbolic link '/home/student/Git-projects/eye_in_hand_A5/build/eye_in_hand_interfaces/ament_cmake_python/eye_in_hand_interfaces/eye_in_hand_interfaces' because existing path cannot be removed: Is a directory
gmake[2]: *** [CMakeFiles/ament_cmake_python_symlink_eye_in_hand_interfaces.dir/build.make:70: CMakeFiles/ament_cmake_python_symlink_eye_in_hand_interfaces] Error 1
gmake[1]: *** [CMakeFiles/Makefile2:471: CMakeFiles/ament_cmake_python_symlink_eye_in_hand_interfaces.dir/all] Error 2
gmake[1]: *** Waiting for unfinished jobs....
[  2%] Built target eye_in_hand_interfaces__rosidl_generator_type_description
[  5%] Built target eye_in_hand_interfaces__rs
gmake: *** [Makefile:146: all] Error 2
