[0.064s] Invoking command in '/home/student/Git-projects/eye_in_hand_A5/build/eye_in_hand_interfaces': CMAKE_PREFIX_PATH=${CMAKE_PREFIX_PATH}:/home/student/Git-projects/eye_in_hand_A5/install/robotiq_app:/home/student/Git-projects/install/robotiq_app:/home/student/ros2_industrial_ws/install/urdf_basics:/home/student/ros2_industrial_ws/install/transferframes:/home/student/ros2_industrial_ws/install/template_package_python:/home/student/ros2_industrial_ws/install/ros_industrial_utilities:/home/student/ros2_industrial_ws/install/ros_industrial_support:/home/student/ros2_industrial_ws/install/range_sensor:/home/student/ros2_industrial_ws/install/node_demo:/home/student/ros2_industrial_ws/install/manipulation:/home/student/ros2_industrial_ws/install/fanuc_robots:/home/student/my_ur_ws/install/my_ur_demo:/home/student/my_ur_ws/install/my_ur_bringup:/home/student/xarm_ws/install/uf_ros_lib:/opt/ros/jazzy DEBUGINFOD_URLS=https://debuginfod.ubuntu.com /usr/bin/cmake /home/student/Git-projects/eye_in_hand_A5/src/eye_in_hand_interfaces -DAMENT_CMAKE_SYMLINK_INSTALL=1 -DCMAKE_INSTALL_PREFIX=/home/student/Git-projects/eye_in_hand_A5/install/eye_in_hand_interfaces
[0.102s] -- Found ament_cmake: 2.5.6 (/opt/ros/jazzy/share/ament_cmake/cmake)
[0.332s] -- Override CMake install command with custom implementation using symlinks instead of copying resources
[0.353s] -- Found rosidl_default_generators: 1.6.0 (/opt/ros/jazzy/share/rosidl_default_generators/cmake)
[0.375s] -- Using all available rosidl_typesupport_c: rosidl_typesupport_fastrtps_c;rosidl_typesupport_introspection_c
[0.433s] -- Using all available rosidl_typesupport_cpp: rosidl_typesupport_fastrtps_cpp;rosidl_typesupport_introspection_cpp
[0.483s] -- Found rosidl_adapter: 4.6.7 (/opt/ros/jazzy/share/rosidl_adapter/cmake)
[0.486s] -- Found action_msgs: 2.0.3 (/opt/ros/jazzy/share/action_msgs/cmake)
[1.259s] -- Found ament_cmake_ros: 0.12.0 (/opt/ros/jazzy/share/ament_cmake_ros/cmake)
[1.471s] -- Using all available rosidl_typesupport_c: rosidl_typesupport_fastrtps_c;rosidl_typesupport_introspection_c
[1.721s] -- Using all available rosidl_typesupport_cpp: rosidl_typesupport_fastrtps_cpp;rosidl_typesupport_introspection_cpp
[1.722s] -- Found python_cmake_module: 0.11.1 (/opt/ros/jazzy/share/python_cmake_module/cmake)
[2.225s] -- Found Python3: /usr/bin/python3 (found version "3.12.3") found components: Interpreter Development NumPy Development.Module Development.Embed 
[2.324s] -- Found Python3: /usr/bin/python3 (found version "3.12.3") found components: Interpreter 
[2.346s] -- Configuring done (2.3s)
[2.425s] -- Generating done (0.1s)
[2.441s] -- Build files have been written to: /home/student/Git-projects/eye_in_hand_A5/build/eye_in_hand_interfaces
[2.454s] Invoked command in '/home/student/Git-projects/eye_in_hand_A5/build/eye_in_hand_interfaces' returned '0': CMAKE_PREFIX_PATH=${CMAKE_PREFIX_PATH}:/home/student/Git-projects/eye_in_hand_A5/install/robotiq_app:/home/student/Git-projects/install/robotiq_app:/home/student/ros2_industrial_ws/install/urdf_basics:/home/student/ros2_industrial_ws/install/transferframes:/home/student/ros2_industrial_ws/install/template_package_python:/home/student/ros2_industrial_ws/install/ros_industrial_utilities:/home/student/ros2_industrial_ws/install/ros_industrial_support:/home/student/ros2_industrial_ws/install/range_sensor:/home/student/ros2_industrial_ws/install/node_demo:/home/student/ros2_industrial_ws/install/manipulation:/home/student/ros2_industrial_ws/install/fanuc_robots:/home/student/my_ur_ws/install/my_ur_demo:/home/student/my_ur_ws/install/my_ur_bringup:/home/student/xarm_ws/install/uf_ros_lib:/opt/ros/jazzy DEBUGINFOD_URLS=https://debuginfod.ubuntu.com /usr/bin/cmake /home/student/Git-projects/eye_in_hand_A5/src/eye_in_hand_interfaces -DAMENT_CMAKE_SYMLINK_INSTALL=1 -DCMAKE_INSTALL_PREFIX=/home/student/Git-projects/eye_in_hand_A5/install/eye_in_hand_interfaces
[2.457s] Invoking command in '/home/student/Git-projects/eye_in_hand_A5/build/eye_in_hand_interfaces': CMAKE_PREFIX_PATH=${CMAKE_PREFIX_PATH}:/home/student/Git-projects/eye_in_hand_A5/install/robotiq_app:/home/student/Git-projects/install/robotiq_app:/home/student/ros2_industrial_ws/install/urdf_basics:/home/student/ros2_industrial_ws/install/transferframes:/home/student/ros2_industrial_ws/install/template_package_python:/home/student/ros2_industrial_ws/install/ros_industrial_utilities:/home/student/ros2_industrial_ws/install/ros_industrial_support:/home/student/ros2_industrial_ws/install/range_sensor:/home/student/ros2_industrial_ws/install/node_demo:/home/student/ros2_industrial_ws/install/manipulation:/home/student/ros2_industrial_ws/install/fanuc_robots:/home/student/my_ur_ws/install/my_ur_demo:/home/student/my_ur_ws/install/my_ur_bringup:/home/student/xarm_ws/install/uf_ros_lib:/opt/ros/jazzy DEBUGINFOD_URLS=https://debuginfod.ubuntu.com /usr/bin/cmake --build /home/student/Git-projects/eye_in_hand_A5/build/eye_in_hand_interfaces -- -j4 -l4
[2.579s] failed to create symbolic link '/home/student/Git-projects/eye_in_hand_A5/build/eye_in_hand_interfaces/ament_cmake_python/eye_in_hand_interfaces/eye_in_hand_interfaces' because existing path cannot be removed: Is a directory
[2.579s] gmake[2]: *** [CMakeFiles/ament_cmake_python_symlink_eye_in_hand_interfaces.dir/build.make:70: CMakeFiles/ament_cmake_python_symlink_eye_in_hand_interfaces] Error 1
[2.580s] gmake[1]: *** [CMakeFiles/Makefile2:471: CMakeFiles/ament_cmake_python_symlink_eye_in_hand_interfaces.dir/all] Error 2
[2.583s] gmake[1]: *** Waiting for unfinished jobs....
[2.597s] [  2%] Built target eye_in_hand_interfaces__rosidl_generator_type_description
[2.601s] [  5%] Built target eye_in_hand_interfaces__rs
[2.603s] gmake: *** [Makefile:146: all] Error 2
[3.005s] Invoked command in '/home/student/Git-projects/eye_in_hand_A5/build/eye_in_hand_interfaces' returned '2': CMAKE_PREFIX_PATH=${CMAKE_PREFIX_PATH}:/home/student/Git-projects/eye_in_hand_A5/install/robotiq_app:/home/student/Git-projects/install/robotiq_app:/home/student/ros2_industrial_ws/install/urdf_basics:/home/student/ros2_industrial_ws/install/transferframes:/home/student/ros2_industrial_ws/install/template_package_python:/home/student/ros2_industrial_ws/install/ros_industrial_utilities:/home/student/ros2_industrial_ws/install/ros_industrial_support:/home/student/ros2_industrial_ws/install/range_sensor:/home/student/ros2_industrial_ws/install/node_demo:/home/student/ros2_industrial_ws/install/manipulation:/home/student/ros2_industrial_ws/install/fanuc_robots:/home/student/my_ur_ws/install/my_ur_demo:/home/student/my_ur_ws/install/my_ur_bringup:/home/student/xarm_ws/install/uf_ros_lib:/opt/ros/jazzy DEBUGINFOD_URLS=https://debuginfod.ubuntu.com /usr/bin/cmake --build /home/student/Git-projects/eye_in_hand_A5/build/eye_in_hand_interfaces -- -j4 -l4
