[0.121s] DEBUG:colcon:Command line arguments: ['/usr/bin/colcon', 'build', '--packages-select', 'eye_in_hand_pkg']
[0.121s] DEBUG:colcon:Parsed command line arguments: Namespace(log_base=None, log_level=None, verb_name='build', build_base='build', install_base='install', merge_install=False, symlink_install=False, test_result_base=None, continue_on_error=False, executor='parallel', parallel_workers=4, event_handlers=None, ignore_user_meta=False, metas=['./colcon.meta'], base_paths=['.'], packages_ignore=None, packages_ignore_regex=None, paths=None, packages_up_to=None, packages_up_to_regex=None, packages_above=None, packages_above_and_dependencies=None, packages_above_depth=None, packages_select_by_dep=None, packages_skip_by_dep=None, packages_skip_up_to=None, packages_select_build_failed=False, packages_skip_build_finished=False, packages_select_test_failures=False, packages_skip_test_passed=False, packages_select=['eye_in_hand_pkg'], packages_skip=None, packages_select_regex=None, packages_skip_regex=None, packages_start=None, packages_end=None, allow_overriding=[], cmake_args=None, cmake_target=None, cmake_target_skip_unavailable=False, cmake_clean_cache=False, cmake_clean_first=False, cmake_force_configure=False, ament_cmake_args=None, catkin_cmake_args=None, catkin_skip_building_tests=False, mixin_files=None, mixin=None, verb_parser=<colcon_mixin.mixin.mixin_argument.MixinArgumentDecorator object at 0x7d4adc5d53a0>, verb_extension=<colcon_core.verb.build.BuildVerb object at 0x7d4adc5d5100>, main=<bound method BuildVerb.main of <colcon_core.verb.build.BuildVerb object at 0x7d4adc5d5100>>, mixin_verb=('build',))
[0.163s] Level 1:colcon.colcon_core.package_discovery:discover_packages(colcon_meta) check parameters
[0.163s] Level 1:colcon.colcon_core.package_discovery:discover_packages(recursive) check parameters
[0.163s] Level 1:colcon.colcon_core.package_discovery:discover_packages(ignore) check parameters
[0.163s] Level 1:colcon.colcon_core.package_discovery:discover_packages(path) check parameters
[0.163s] Level 1:colcon.colcon_core.package_discovery:discover_packages(colcon_meta) discover
[0.163s] Level 1:colcon.colcon_core.package_discovery:discover_packages(recursive) discover
[0.163s] INFO:colcon.colcon_core.package_discovery:Crawling recursively for packages in '/home/student/Git-projects/eye_in_hand_A5'
[0.163s] Level 1:colcon.colcon_core.package_identification:_identify(.) by extensions ['ignore', 'ignore_ament_install']
[0.163s] Level 1:colcon.colcon_core.package_identification:_identify(.) by extension 'ignore'
[0.163s] Level 1:colcon.colcon_core.package_identification:_identify(.) by extension 'ignore_ament_install'
[0.163s] Level 1:colcon.colcon_core.package_identification:_identify(.) by extensions ['colcon_pkg']
[0.164s] Level 1:colcon.colcon_core.package_identification:_identify(.) by extension 'colcon_pkg'
[0.164s] Level 1:colcon.colcon_core.package_identification:_identify(.) by extensions ['colcon_meta']
[0.164s] Level 1:colcon.colcon_core.package_identification:_identify(.) by extension 'colcon_meta'
[0.164s] Level 1:colcon.colcon_core.package_identification:_identify(.) by extensions ['ros']
[0.164s] Level 1:colcon.colcon_core.package_identification:_identify(.) by extension 'ros'
[0.190s] Level 1:colcon.colcon_core.package_identification:_identify(.) by extensions ['cmake', 'python']
[0.190s] Level 1:colcon.colcon_core.package_identification:_identify(.) by extension 'cmake'
[0.191s] Level 1:colcon.colcon_core.package_identification:_identify(.) by extension 'python'
[0.191s] Level 1:colcon.colcon_core.package_identification:_identify(.) by extensions ['python_setup_py']
[0.191s] Level 1:colcon.colcon_core.package_identification:_identify(.) by extension 'python_setup_py'
[0.191s] Level 1:colcon.colcon_core.package_identification:_identify(build) by extensions ['ignore', 'ignore_ament_install']
[0.191s] Level 1:colcon.colcon_core.package_identification:_identify(build) by extension 'ignore'
[0.191s] Level 1:colcon.colcon_core.package_identification:_identify(build) ignored
[0.191s] Level 1:colcon.colcon_core.package_identification:_identify(eye_in_hand_pkg) by extensions ['ignore', 'ignore_ament_install']
[0.191s] Level 1:colcon.colcon_core.package_identification:_identify(eye_in_hand_pkg) by extension 'ignore'
[0.191s] Level 1:colcon.colcon_core.package_identification:_identify(eye_in_hand_pkg) by extension 'ignore_ament_install'
[0.191s] Level 1:colcon.colcon_core.package_identification:_identify(eye_in_hand_pkg) by extensions ['colcon_pkg']
[0.191s] Level 1:colcon.colcon_core.package_identification:_identify(eye_in_hand_pkg) by extension 'colcon_pkg'
[0.191s] Level 1:colcon.colcon_core.package_identification:_identify(eye_in_hand_pkg) by extensions ['colcon_meta']
[0.191s] Level 1:colcon.colcon_core.package_identification:_identify(eye_in_hand_pkg) by extension 'colcon_meta'
[0.192s] Level 1:colcon.colcon_core.package_identification:_identify(eye_in_hand_pkg) by extensions ['ros']
[0.192s] Level 1:colcon.colcon_core.package_identification:_identify(eye_in_hand_pkg) by extension 'ros'
[0.194s] DEBUG:colcon.colcon_core.package_identification:Package 'eye_in_hand_pkg' with type 'ros.ament_cmake' and name 'eye_in_hand_pkg'
[0.194s] Level 1:colcon.colcon_core.package_identification:_identify(install) by extensions ['ignore', 'ignore_ament_install']
[0.194s] Level 1:colcon.colcon_core.package_identification:_identify(install) by extension 'ignore'
[0.194s] Level 1:colcon.colcon_core.package_identification:_identify(install) ignored
[0.194s] Level 1:colcon.colcon_core.package_identification:_identify(log) by extensions ['ignore', 'ignore_ament_install']
[0.195s] Level 1:colcon.colcon_core.package_identification:_identify(log) by extension 'ignore'
[0.195s] Level 1:colcon.colcon_core.package_identification:_identify(log) ignored
[0.195s] Level 1:colcon.colcon_core.package_discovery:discover_packages(recursive) using defaults
[0.195s] Level 1:colcon.colcon_core.package_discovery:discover_packages(ignore) discover
[0.195s] Level 1:colcon.colcon_core.package_discovery:discover_packages(ignore) using defaults
[0.195s] Level 1:colcon.colcon_core.package_discovery:discover_packages(path) discover
[0.195s] Level 1:colcon.colcon_core.package_discovery:discover_packages(path) using defaults
[0.217s] Level 1:colcon.colcon_core.package_discovery:discover_packages(prefix_path) check parameters
[0.217s] Level 1:colcon.colcon_core.package_discovery:discover_packages(prefix_path) discover
[0.221s] DEBUG:colcon.colcon_installed_package_information.package_discovery:Found 6 installed packages in /home/student/my_ur_ws/install
[0.221s] DEBUG:colcon.colcon_installed_package_information.package_discovery:Found 1 installed packages in /home/student/microROS_agent_ws/install
[0.222s] DEBUG:colcon.colcon_installed_package_information.package_discovery:Found 20 installed packages in /home/student/ros2_industrial_ws/install
[0.223s] DEBUG:colcon.colcon_installed_package_information.package_discovery:Found 12 installed packages in /home/student/xarm_ws/install
[0.225s] DEBUG:colcon.colcon_installed_package_information.package_discovery:Found 420 installed packages in /opt/ros/jazzy
[0.226s] Level 1:colcon.colcon_core.package_discovery:discover_packages(prefix_path) using defaults
[0.297s] Level 5:colcon.colcon_core.verb:set package 'eye_in_hand_pkg' build argument 'cmake_args' from command line to 'None'
[0.297s] Level 5:colcon.colcon_core.verb:set package 'eye_in_hand_pkg' build argument 'cmake_target' from command line to 'None'
[0.297s] Level 5:colcon.colcon_core.verb:set package 'eye_in_hand_pkg' build argument 'cmake_target_skip_unavailable' from command line to 'False'
[0.297s] Level 5:colcon.colcon_core.verb:set package 'eye_in_hand_pkg' build argument 'cmake_clean_cache' from command line to 'False'
[0.297s] Level 5:colcon.colcon_core.verb:set package 'eye_in_hand_pkg' build argument 'cmake_clean_first' from command line to 'False'
[0.297s] Level 5:colcon.colcon_core.verb:set package 'eye_in_hand_pkg' build argument 'cmake_force_configure' from command line to 'False'
[0.297s] Level 5:colcon.colcon_core.verb:set package 'eye_in_hand_pkg' build argument 'ament_cmake_args' from command line to 'None'
[0.297s] Level 5:colcon.colcon_core.verb:set package 'eye_in_hand_pkg' build argument 'catkin_cmake_args' from command line to 'None'
[0.297s] Level 5:colcon.colcon_core.verb:set package 'eye_in_hand_pkg' build argument 'catkin_skip_building_tests' from command line to 'False'
[0.297s] DEBUG:colcon.colcon_core.verb:Building package 'eye_in_hand_pkg' with the following arguments: {'ament_cmake_args': None, 'build_base': '/home/student/Git-projects/eye_in_hand_A5/build/eye_in_hand_pkg', 'catkin_cmake_args': None, 'catkin_skip_building_tests': False, 'cmake_args': None, 'cmake_clean_cache': False, 'cmake_clean_first': False, 'cmake_force_configure': False, 'cmake_target': None, 'cmake_target_skip_unavailable': False, 'install_base': '/home/student/Git-projects/eye_in_hand_A5/install/eye_in_hand_pkg', 'merge_install': False, 'path': '/home/student/Git-projects/eye_in_hand_A5/eye_in_hand_pkg', 'symlink_install': False, 'test_result_base': None}
[0.297s] INFO:colcon.colcon_core.executor:Executing jobs using 'parallel' executor
[0.298s] DEBUG:colcon.colcon_parallel_executor.executor.parallel:run_until_complete
[0.299s] INFO:colcon.colcon_ros.task.ament_cmake.build:Building ROS package in '/home/student/Git-projects/eye_in_hand_A5/eye_in_hand_pkg' with build type 'ament_cmake'
[0.299s] INFO:colcon.colcon_cmake.task.cmake.build:Building CMake package in '/home/student/Git-projects/eye_in_hand_A5/eye_in_hand_pkg'
[0.302s] INFO:colcon.colcon_core.plugin_system:Skipping extension 'colcon_core.shell.bat': Not used on non-Windows systems
[0.302s] INFO:colcon.colcon_core.shell:Skip shell extension 'powershell' for command environment: Not usable outside of PowerShell
[0.303s] DEBUG:colcon.colcon_core.shell:Skip shell extension 'dsv' for command environment
[0.324s] DEBUG:colcon.colcon_core.event_handler.log_command:Invoking command in '/home/student/Git-projects/eye_in_hand_A5/build/eye_in_hand_pkg': CMAKE_PREFIX_PATH=${CMAKE_PREFIX_PATH}:/home/student/ros2_industrial_ws/install/urdf_basics:/home/student/ros2_industrial_ws/install/transferframes:/home/student/ros2_industrial_ws/install/template_package_python:/home/student/ros2_industrial_ws/install/ros_industrial_utilities:/home/student/ros2_industrial_ws/install/ros_industrial_support:/home/student/ros2_industrial_ws/install/range_sensor:/home/student/ros2_industrial_ws/install/node_demo:/home/student/ros2_industrial_ws/install/manipulation:/home/student/ros2_industrial_ws/install/fanuc_robots:/home/student/my_ur_ws/install/my_ur_demo:/home/student/my_ur_ws/install/my_ur_bringup:/home/student/xarm_ws/install/uf_ros_lib:/opt/ros/jazzy DEBUGINFOD_URLS=https://debuginfod.ubuntu.com /usr/bin/cmake --build /home/student/Git-projects/eye_in_hand_A5/build/eye_in_hand_pkg -- -j4 -l4
[1.772s] DEBUG:colcon.colcon_core.event_handler.log_command:Invoked command in '/home/student/Git-projects/eye_in_hand_A5/build/eye_in_hand_pkg' returned '0': CMAKE_PREFIX_PATH=${CMAKE_PREFIX_PATH}:/home/student/ros2_industrial_ws/install/urdf_basics:/home/student/ros2_industrial_ws/install/transferframes:/home/student/ros2_industrial_ws/install/template_package_python:/home/student/ros2_industrial_ws/install/ros_industrial_utilities:/home/student/ros2_industrial_ws/install/ros_industrial_support:/home/student/ros2_industrial_ws/install/range_sensor:/home/student/ros2_industrial_ws/install/node_demo:/home/student/ros2_industrial_ws/install/manipulation:/home/student/ros2_industrial_ws/install/fanuc_robots:/home/student/my_ur_ws/install/my_ur_demo:/home/student/my_ur_ws/install/my_ur_bringup:/home/student/xarm_ws/install/uf_ros_lib:/opt/ros/jazzy DEBUGINFOD_URLS=https://debuginfod.ubuntu.com /usr/bin/cmake --build /home/student/Git-projects/eye_in_hand_A5/build/eye_in_hand_pkg -- -j4 -l4
[1.793s] DEBUG:colcon.colcon_core.event_handler.log_command:Invoking command in '/home/student/Git-projects/eye_in_hand_A5/build/eye_in_hand_pkg': CMAKE_PREFIX_PATH=${CMAKE_PREFIX_PATH}:/home/student/ros2_industrial_ws/install/urdf_basics:/home/student/ros2_industrial_ws/install/transferframes:/home/student/ros2_industrial_ws/install/template_package_python:/home/student/ros2_industrial_ws/install/ros_industrial_utilities:/home/student/ros2_industrial_ws/install/ros_industrial_support:/home/student/ros2_industrial_ws/install/range_sensor:/home/student/ros2_industrial_ws/install/node_demo:/home/student/ros2_industrial_ws/install/manipulation:/home/student/ros2_industrial_ws/install/fanuc_robots:/home/student/my_ur_ws/install/my_ur_demo:/home/student/my_ur_ws/install/my_ur_bringup:/home/student/xarm_ws/install/uf_ros_lib:/opt/ros/jazzy DEBUGINFOD_URLS=https://debuginfod.ubuntu.com /usr/bin/cmake --install /home/student/Git-projects/eye_in_hand_A5/build/eye_in_hand_pkg
[1.812s] Level 1:colcon.colcon_core.environment:create_environment_scripts_only(eye_in_hand_pkg)
[1.825s] DEBUG:colcon.colcon_core.event_handler.log_command:Invoked command in '/home/student/Git-projects/eye_in_hand_A5/build/eye_in_hand_pkg' returned '0': CMAKE_PREFIX_PATH=${CMAKE_PREFIX_PATH}:/home/student/ros2_industrial_ws/install/urdf_basics:/home/student/ros2_industrial_ws/install/transferframes:/home/student/ros2_industrial_ws/install/template_package_python:/home/student/ros2_industrial_ws/install/ros_industrial_utilities:/home/student/ros2_industrial_ws/install/ros_industrial_support:/home/student/ros2_industrial_ws/install/range_sensor:/home/student/ros2_industrial_ws/install/node_demo:/home/student/ros2_industrial_ws/install/manipulation:/home/student/ros2_industrial_ws/install/fanuc_robots:/home/student/my_ur_ws/install/my_ur_demo:/home/student/my_ur_ws/install/my_ur_bringup:/home/student/xarm_ws/install/uf_ros_lib:/opt/ros/jazzy DEBUGINFOD_URLS=https://debuginfod.ubuntu.com /usr/bin/cmake --install /home/student/Git-projects/eye_in_hand_A5/build/eye_in_hand_pkg
[1.827s] Level 1:colcon.colcon_core.environment:checking '/home/student/Git-projects/eye_in_hand_A5/install/eye_in_hand_pkg' for CMake module files
[1.827s] Level 1:colcon.colcon_core.environment:checking '/home/student/Git-projects/eye_in_hand_A5/install/eye_in_hand_pkg' for CMake config files
[1.828s] Level 1:colcon.colcon_core.shell:create_environment_hook('eye_in_hand_pkg', 'cmake_prefix_path')
[1.828s] INFO:colcon.colcon_core.shell:Creating environment hook '/home/student/Git-projects/eye_in_hand_A5/install/eye_in_hand_pkg/share/eye_in_hand_pkg/hook/cmake_prefix_path.ps1'
[1.829s] INFO:colcon.colcon_core.shell:Creating environment descriptor '/home/student/Git-projects/eye_in_hand_A5/install/eye_in_hand_pkg/share/eye_in_hand_pkg/hook/cmake_prefix_path.dsv'
[1.830s] INFO:colcon.colcon_core.shell:Creating environment hook '/home/student/Git-projects/eye_in_hand_A5/install/eye_in_hand_pkg/share/eye_in_hand_pkg/hook/cmake_prefix_path.sh'
[1.833s] Level 1:colcon.colcon_core.environment:checking '/home/student/Git-projects/eye_in_hand_A5/install/eye_in_hand_pkg/lib'
[1.834s] Level 1:colcon.colcon_core.environment:checking '/home/student/Git-projects/eye_in_hand_A5/install/eye_in_hand_pkg/bin'
[1.834s] Level 1:colcon.colcon_core.environment:checking '/home/student/Git-projects/eye_in_hand_A5/install/eye_in_hand_pkg/lib/pkgconfig/eye_in_hand_pkg.pc'
[1.834s] Level 1:colcon.colcon_core.environment:checking '/home/student/Git-projects/eye_in_hand_A5/install/eye_in_hand_pkg/lib/python3.12/site-packages'
[1.834s] Level 1:colcon.colcon_core.shell:create_environment_hook('eye_in_hand_pkg', 'pythonpath')
[1.834s] INFO:colcon.colcon_core.shell:Creating environment hook '/home/student/Git-projects/eye_in_hand_A5/install/eye_in_hand_pkg/share/eye_in_hand_pkg/hook/pythonpath.ps1'
[1.835s] INFO:colcon.colcon_core.shell:Creating environment descriptor '/home/student/Git-projects/eye_in_hand_A5/install/eye_in_hand_pkg/share/eye_in_hand_pkg/hook/pythonpath.dsv'
[1.836s] INFO:colcon.colcon_core.shell:Creating environment hook '/home/student/Git-projects/eye_in_hand_A5/install/eye_in_hand_pkg/share/eye_in_hand_pkg/hook/pythonpath.sh'
[1.837s] Level 1:colcon.colcon_core.environment:checking '/home/student/Git-projects/eye_in_hand_A5/install/eye_in_hand_pkg/bin'
[1.837s] INFO:colcon.colcon_core.shell:Creating package script '/home/student/Git-projects/eye_in_hand_A5/install/eye_in_hand_pkg/share/eye_in_hand_pkg/package.ps1'
[1.838s] INFO:colcon.colcon_core.shell:Creating package descriptor '/home/student/Git-projects/eye_in_hand_A5/install/eye_in_hand_pkg/share/eye_in_hand_pkg/package.dsv'
[1.840s] INFO:colcon.colcon_core.shell:Creating package script '/home/student/Git-projects/eye_in_hand_A5/install/eye_in_hand_pkg/share/eye_in_hand_pkg/package.sh'
[1.842s] INFO:colcon.colcon_core.shell:Creating package script '/home/student/Git-projects/eye_in_hand_A5/install/eye_in_hand_pkg/share/eye_in_hand_pkg/package.bash'
[1.843s] INFO:colcon.colcon_core.shell:Creating package script '/home/student/Git-projects/eye_in_hand_A5/install/eye_in_hand_pkg/share/eye_in_hand_pkg/package.zsh'
[1.844s] Level 1:colcon.colcon_core.environment:create_file_with_runtime_dependencies(/home/student/Git-projects/eye_in_hand_A5/install/eye_in_hand_pkg/share/colcon-core/packages/eye_in_hand_pkg)
[1.845s] Level 1:colcon.colcon_core.environment:create_environment_scripts_only(eye_in_hand_pkg)
[1.845s] Level 1:colcon.colcon_core.environment:checking '/home/student/Git-projects/eye_in_hand_A5/install/eye_in_hand_pkg' for CMake module files
[1.846s] Level 1:colcon.colcon_core.environment:checking '/home/student/Git-projects/eye_in_hand_A5/install/eye_in_hand_pkg' for CMake config files
[1.847s] Level 1:colcon.colcon_core.shell:create_environment_hook('eye_in_hand_pkg', 'cmake_prefix_path')
[1.848s] INFO:colcon.colcon_core.shell:Creating environment hook '/home/student/Git-projects/eye_in_hand_A5/install/eye_in_hand_pkg/share/eye_in_hand_pkg/hook/cmake_prefix_path.ps1'
[1.849s] INFO:colcon.colcon_core.shell:Creating environment descriptor '/home/student/Git-projects/eye_in_hand_A5/install/eye_in_hand_pkg/share/eye_in_hand_pkg/hook/cmake_prefix_path.dsv'
[1.850s] INFO:colcon.colcon_core.shell:Creating environment hook '/home/student/Git-projects/eye_in_hand_A5/install/eye_in_hand_pkg/share/eye_in_hand_pkg/hook/cmake_prefix_path.sh'
[1.851s] Level 1:colcon.colcon_core.environment:checking '/home/student/Git-projects/eye_in_hand_A5/install/eye_in_hand_pkg/lib'
[1.851s] Level 1:colcon.colcon_core.environment:checking '/home/student/Git-projects/eye_in_hand_A5/install/eye_in_hand_pkg/bin'
[1.851s] Level 1:colcon.colcon_core.environment:checking '/home/student/Git-projects/eye_in_hand_A5/install/eye_in_hand_pkg/lib/pkgconfig/eye_in_hand_pkg.pc'
[1.851s] Level 1:colcon.colcon_core.environment:checking '/home/student/Git-projects/eye_in_hand_A5/install/eye_in_hand_pkg/lib/python3.12/site-packages'
[1.852s] Level 1:colcon.colcon_core.shell:create_environment_hook('eye_in_hand_pkg', 'pythonpath')
[1.852s] INFO:colcon.colcon_core.shell:Creating environment hook '/home/student/Git-projects/eye_in_hand_A5/install/eye_in_hand_pkg/share/eye_in_hand_pkg/hook/pythonpath.ps1'
[1.852s] INFO:colcon.colcon_core.shell:Creating environment descriptor '/home/student/Git-projects/eye_in_hand_A5/install/eye_in_hand_pkg/share/eye_in_hand_pkg/hook/pythonpath.dsv'
[1.853s] INFO:colcon.colcon_core.shell:Creating environment hook '/home/student/Git-projects/eye_in_hand_A5/install/eye_in_hand_pkg/share/eye_in_hand_pkg/hook/pythonpath.sh'
[1.853s] Level 1:colcon.colcon_core.environment:checking '/home/student/Git-projects/eye_in_hand_A5/install/eye_in_hand_pkg/bin'
[1.854s] INFO:colcon.colcon_core.shell:Creating package script '/home/student/Git-projects/eye_in_hand_A5/install/eye_in_hand_pkg/share/eye_in_hand_pkg/package.ps1'
[1.855s] INFO:colcon.colcon_core.shell:Creating package descriptor '/home/student/Git-projects/eye_in_hand_A5/install/eye_in_hand_pkg/share/eye_in_hand_pkg/package.dsv'
[1.855s] INFO:colcon.colcon_core.shell:Creating package script '/home/student/Git-projects/eye_in_hand_A5/install/eye_in_hand_pkg/share/eye_in_hand_pkg/package.sh'
[1.856s] INFO:colcon.colcon_core.shell:Creating package script '/home/student/Git-projects/eye_in_hand_A5/install/eye_in_hand_pkg/share/eye_in_hand_pkg/package.bash'
[1.857s] INFO:colcon.colcon_core.shell:Creating package script '/home/student/Git-projects/eye_in_hand_A5/install/eye_in_hand_pkg/share/eye_in_hand_pkg/package.zsh'
[1.858s] Level 1:colcon.colcon_core.environment:create_file_with_runtime_dependencies(/home/student/Git-projects/eye_in_hand_A5/install/eye_in_hand_pkg/share/colcon-core/packages/eye_in_hand_pkg)
[1.858s] DEBUG:colcon.colcon_parallel_executor.executor.parallel:closing loop
[1.859s] DEBUG:colcon.colcon_parallel_executor.executor.parallel:loop closed
[1.860s] DEBUG:colcon.colcon_parallel_executor.executor.parallel:run_until_complete finished with '0'
[1.861s] DEBUG:colcon.colcon_core.event_reactor:joining thread
[1.891s] INFO:colcon.colcon_core.plugin_system:Skipping extension 'colcon_notification.desktop_notification.terminal_notifier': Not used on non-Darwin systems
[1.892s] INFO:colcon.colcon_core.plugin_system:Skipping extension 'colcon_notification.desktop_notification.win32': Not used on non-Windows systems
[1.892s] INFO:colcon.colcon_notification.desktop_notification:Sending desktop notification using 'notify2'
[1.923s] DEBUG:colcon.colcon_core.event_reactor:joined thread
[1.923s] INFO:colcon.colcon_core.shell:Creating prefix script '/home/student/Git-projects/eye_in_hand_A5/install/local_setup.ps1'
[1.925s] INFO:colcon.colcon_core.shell:Creating prefix util module '/home/student/Git-projects/eye_in_hand_A5/install/_local_setup_util_ps1.py'
[1.927s] INFO:colcon.colcon_core.shell:Creating prefix chain script '/home/student/Git-projects/eye_in_hand_A5/install/setup.ps1'
[1.933s] INFO:colcon.colcon_core.shell:Creating prefix script '/home/student/Git-projects/eye_in_hand_A5/install/local_setup.sh'
[1.934s] INFO:colcon.colcon_core.shell:Creating prefix util module '/home/student/Git-projects/eye_in_hand_A5/install/_local_setup_util_sh.py'
[1.936s] INFO:colcon.colcon_core.shell:Creating prefix chain script '/home/student/Git-projects/eye_in_hand_A5/install/setup.sh'
[1.940s] INFO:colcon.colcon_core.shell:Creating prefix script '/home/student/Git-projects/eye_in_hand_A5/install/local_setup.bash'
[1.941s] INFO:colcon.colcon_core.shell:Creating prefix chain script '/home/student/Git-projects/eye_in_hand_A5/install/setup.bash'
[1.944s] INFO:colcon.colcon_core.shell:Creating prefix script '/home/student/Git-projects/eye_in_hand_A5/install/local_setup.zsh'
[1.945s] INFO:colcon.colcon_core.shell:Creating prefix chain script '/home/student/Git-projects/eye_in_hand_A5/install/setup.zsh'
