-- The C compiler identification is GNU 13.3.0
-- The CXX compiler identification is GNU 13.3.0
-- Detecting C compiler ABI info
-- Detecting C compiler ABI info - done
-- Check for working C compiler: /usr/bin/cc - skipped
-- Detecting C compile features
-- Detecting C compile features - done
-- Detecting CXX compiler ABI info
-- Detecting CXX compiler ABI info - done
-- Check for working CXX compiler: /usr/bin/c++ - skipped
-- Detecting CXX compile features
-- Detecting CXX compile features - done
-- Found ament_cmake: 2.5.6 (/opt/ros/jazzy/share/ament_cmake/cmake)
-- Found Python3: /usr/bin/python3 (found version "3.12.3") found components: Interpreter 
-- Found rclcpp: 28.1.18 (/opt/ros/jazzy/share/rclcpp/cmake)
-- Found rosidl_generator_c: 4.6.7 (/opt/ros/jazzy/share/rosidl_generator_c/cmake)
-- Found rosidl_generator_cpp: 4.6.7 (/opt/ros/jazzy/share/rosidl_generator_cpp/cmake)
-- Using all available rosidl_typesupport_c: rosidl_typesupport_fastrtps_c;rosidl_typesupport_introspection_c
-- Using all available rosidl_typesupport_cpp: rosidl_typesupport_fastrtps_cpp;rosidl_typesupport_introspection_cpp
-- Found rmw_implementation_cmake: 7.3.3 (/opt/ros/jazzy/share/rmw_implementation_cmake/cmake)
-- Found rmw_fastrtps_cpp: 8.4.3 (/opt/ros/jazzy/share/rmw_fastrtps_cpp/cmake)
-- Found OpenSSL: /usr/lib/x86_64-linux-gnu/libcrypto.so (found version "3.0.13")  
-- Found FastRTPS: /opt/ros/jazzy/include (Required is at least version "2.13") 
-- Using RMW implementation 'rmw_fastrtps_cpp' as default
-- Found rclcpp_action: 28.1.18 (/opt/ros/jazzy/share/rclcpp_action/cmake)
-- Found rosidl_default_generators: 1.6.0 (/opt/ros/jazzy/share/rosidl_default_generators/cmake)
-- Found rosidl_adapter: 4.6.7 (/opt/ros/jazzy/share/rosidl_adapter/cmake)
-- Found control_msgs: 5.9.0 (/opt/ros/jazzy/share/control_msgs/cmake)
-- Found robotiq_driver: 0.0.1 (/home/student/Git-projects/eye_in_hand_A5/install/robotiq_driver/share/robotiq_driver/cmake)
-- Found ament_cmake_ros: 0.12.0 (/opt/ros/jazzy/share/ament_cmake_ros/cmake)
-- Using all available rosidl_typesupport_c: rosidl_typesupport_fastrtps_c;rosidl_typesupport_introspection_c
-- Using all available rosidl_typesupport_cpp: rosidl_typesupport_fastrtps_cpp;rosidl_typesupport_introspection_cpp
-- Found python_cmake_module: 0.11.1 (/opt/ros/jazzy/share/python_cmake_module/cmake)
-- Found PythonExtra: /usr/bin/python3  
-- Found Python3: /usr/bin/python3 (found version "3.12.3") found components: Interpreter Development NumPy Development.Module Development.Embed 
-- Found Python3: /usr/bin/python3 (found version "3.12.3") found components: Interpreter 
-- Found ament_lint_auto: 0.17.5 (/opt/ros/jazzy/share/ament_lint_auto/cmake)
-- Added test 'cppcheck' to perform static code analysis on C / C++ code
-- Configured cppcheck include dirs: $<BUILD_INTERFACE:/home/student/Git-projects/eye_in_hand_A5/src/ros2_robotiq_gripper/my_robotiq_controller/include>
-- Configured cppcheck exclude dirs and/or files: 
-- Added test 'flake8' to check Python code syntax and style conventions
-- Configured 'flake8' exclude dirs and/or files: 
-- Added test 'lint_cmake' to check CMake code style
-- Added test 'pep257' to check Python code against some of the docstring style conventions in PEP 257
-- Added test 'uncrustify' to check C / C++ code style
-- Configured uncrustify additional arguments: 
-- Added test 'xmllint' to check XML markup files
-- Configuring done (8.9s)
-- Generating done (0.1s)
-- Build files have been written to: /home/student/Git-projects/eye_in_hand_A5/build/my_robotiq_controller
[  2%] [34m[1mGenerating Rust code for ROS interfaces[0m
[  4%] [34m[1mGenerating type hashes for ROS interfaces[0m
[  4%] Built target ament_cmake_python_copy_my_robotiq_controller
[  4%] Built target my_robotiq_controller__rosidl_generator_type_description
[  6%] [34m[1mGenerating C code for ROS interfaces[0m
[  6%] Built target my_robotiq_controller__rs
running egg_info
[  8%] [34m[1mGenerating C++ code for ROS interfaces[0m
creating my_robotiq_controller.egg-info
writing my_robotiq_controller.egg-info/PKG-INFO
writing dependency_links to my_robotiq_controller.egg-info/dependency_links.txt
writing top-level names to my_robotiq_controller.egg-info/top_level.txt
writing manifest file 'my_robotiq_controller.egg-info/SOURCES.txt'
reading manifest file 'my_robotiq_controller.egg-info/SOURCES.txt'
writing manifest file 'my_robotiq_controller.egg-info/SOURCES.txt'
[  8%] Built target ament_cmake_python_build_my_robotiq_controller_egg
[  8%] Built target my_robotiq_controller__cpp
[ 12%] [32mBuilding C object CMakeFiles/my_robotiq_controller__rosidl_generator_c.dir/rosidl_generator_c/my_robotiq_controller/srv/detail/set_force__description.c.o[0m
[ 12%] [32mBuilding C object CMakeFiles/my_robotiq_controller__rosidl_generator_c.dir/rosidl_generator_c/my_robotiq_controller/srv/detail/set_speed__description.c.o[0m
[ 17%] [32mBuilding C object CMakeFiles/my_robotiq_controller__rosidl_generator_c.dir/rosidl_generator_c/my_robotiq_controller/srv/detail/set_force__functions.c.o[0m
[ 17%] [32mBuilding C object CMakeFiles/my_robotiq_controller__rosidl_generator_c.dir/rosidl_generator_c/my_robotiq_controller/srv/detail/set_force__type_support.c.o[0m
[ 19%] [32mBuilding C object CMakeFiles/my_robotiq_controller__rosidl_generator_c.dir/rosidl_generator_c/my_robotiq_controller/srv/detail/set_speed__functions.c.o[0m
[ 21%] [32mBuilding C object CMakeFiles/my_robotiq_controller__rosidl_generator_c.dir/rosidl_generator_c/my_robotiq_controller/srv/detail/set_speed__type_support.c.o[0m
[ 23%] [32m[1mLinking C shared library libmy_robotiq_controller__rosidl_generator_c.so[0m
[ 23%] Built target my_robotiq_controller__rosidl_generator_c
[ 25%] [34m[1mGenerating C type support for eProsima Fast-RTPS[0m
[ 27%] [34m[1mGenerating C++ type support for eProsima Fast-RTPS[0m
[ 31%] [34m[1mGenerating C introspection for ROS interfaces[0m
[ 31%] [34m[1mGenerating C type support dispatch for ROS interfaces[0m
[ 34%] [32mBuilding CXX object CMakeFiles/my_robotiq_controller__rosidl_typesupport_c.dir/rosidl_typesupport_c/my_robotiq_controller/srv/set_force__type_support.cpp.o[0m
[ 36%] [32mBuilding CXX object CMakeFiles/my_robotiq_controller__rosidl_typesupport_c.dir/rosidl_typesupport_c/my_robotiq_controller/srv/set_speed__type_support.cpp.o[0m
[ 38%] [32mBuilding C object CMakeFiles/my_robotiq_controller__rosidl_typesupport_introspection_c.dir/rosidl_typesupport_introspection_c/my_robotiq_controller/srv/detail/set_force__type_support.c.o[0m
[ 40%] [32m[1mLinking CXX shared library libmy_robotiq_controller__rosidl_typesupport_c.so[0m
[ 42%] [32mBuilding C object CMakeFiles/my_robotiq_controller__rosidl_typesupport_introspection_c.dir/rosidl_typesupport_introspection_c/my_robotiq_controller/srv/detail/set_speed__type_support.c.o[0m
[ 42%] Built target my_robotiq_controller__rosidl_typesupport_c
[ 44%] [34m[1mGenerating C++ introspection for ROS interfaces[0m
[ 46%] [32mBuilding CXX object CMakeFiles/my_robotiq_controller__rosidl_typesupport_fastrtps_c.dir/rosidl_typesupport_fastrtps_c/my_robotiq_controller/srv/detail/set_force__type_support_c.cpp.o[0m
[ 48%] [32mBuilding CXX object CMakeFiles/my_robotiq_controller__rosidl_typesupport_fastrtps_cpp.dir/rosidl_typesupport_fastrtps_cpp/my_robotiq_controller/srv/detail/dds_fastrtps/set_force__type_support.cpp.o[0m
[ 51%] [32m[1mLinking C shared library libmy_robotiq_controller__rosidl_typesupport_introspection_c.so[0m
[ 51%] Built target my_robotiq_controller__rosidl_typesupport_introspection_c
[ 53%] [32mBuilding CXX object CMakeFiles/my_robotiq_controller__rosidl_typesupport_fastrtps_c.dir/rosidl_typesupport_fastrtps_c/my_robotiq_controller/srv/detail/set_speed__type_support_c.cpp.o[0m
[ 55%] [32mBuilding CXX object CMakeFiles/my_robotiq_controller__rosidl_typesupport_introspection_cpp.dir/rosidl_typesupport_introspection_cpp/my_robotiq_controller/srv/detail/set_force__type_support.cpp.o[0m
[ 57%] [32mBuilding CXX object CMakeFiles/my_robotiq_controller__rosidl_typesupport_fastrtps_cpp.dir/rosidl_typesupport_fastrtps_cpp/my_robotiq_controller/srv/detail/dds_fastrtps/set_speed__type_support.cpp.o[0m
[ 59%] [32m[1mLinking CXX shared library libmy_robotiq_controller__rosidl_typesupport_fastrtps_c.so[0m
[ 61%] [34m[1mGenerating C++ type support dispatch for ROS interfaces[0m
[ 61%] Built target my_robotiq_controller__rosidl_typesupport_fastrtps_c
[ 63%] [32mBuilding CXX object CMakeFiles/my_robotiq_controller__rosidl_typesupport_introspection_cpp.dir/rosidl_typesupport_introspection_cpp/my_robotiq_controller/srv/detail/set_speed__type_support.cpp.o[0m
[ 65%] [32mBuilding CXX object CMakeFiles/my_robotiq_controller__rosidl_typesupport_cpp.dir/rosidl_typesupport_cpp/my_robotiq_controller/srv/set_speed__type_support.cpp.o[0m
[ 68%] [32mBuilding CXX object CMakeFiles/my_robotiq_controller__rosidl_typesupport_cpp.dir/rosidl_typesupport_cpp/my_robotiq_controller/srv/set_force__type_support.cpp.o[0m
[ 70%] [32m[1mLinking CXX shared library libmy_robotiq_controller__rosidl_typesupport_introspection_cpp.so[0m
[ 72%] [32m[1mLinking CXX shared library libmy_robotiq_controller__rosidl_typesupport_fastrtps_cpp.so[0m
[ 72%] Built target my_robotiq_controller__rosidl_typesupport_introspection_cpp
[ 72%] Built target my_robotiq_controller__rosidl_typesupport_fastrtps_cpp
[ 74%] [32m[1mLinking CXX shared library libmy_robotiq_controller__rosidl_typesupport_cpp.so[0m
[ 74%] Built target my_robotiq_controller__rosidl_typesupport_cpp
[ 74%] Built target my_robotiq_controller
[ 76%] [32mBuilding CXX object CMakeFiles/robotiq_controller.dir/src/robotiq_controller.cpp.o[0m
[ 78%] [34m[1mGenerating Python code for ROS interfaces[0m
[ 78%] Built target my_robotiq_controller__py
[ 80%] [32mBuilding C object CMakeFiles/my_robotiq_controller__rosidl_generator_py.dir/rosidl_generator_py/my_robotiq_controller/srv/_set_force_s.c.o[0m
[ 82%] [32mBuilding C object CMakeFiles/my_robotiq_controller__rosidl_generator_py.dir/rosidl_generator_py/my_robotiq_controller/srv/_set_speed_s.c.o[0m
[ 85%] [32m[1mLinking C shared library libmy_robotiq_controller__rosidl_generator_py.so[0m
[ 85%] Built target my_robotiq_controller__rosidl_generator_py
[ 87%] [32mBuilding C object CMakeFiles/my_robotiq_controller_s__rosidl_typesupport_c.dir/rosidl_generator_py/my_robotiq_controller/_my_robotiq_controller_s.ep.rosidl_typesupport_c.c.o[0m
[ 89%] [32mBuilding C object CMakeFiles/my_robotiq_controller_s__rosidl_typesupport_fastrtps_c.dir/rosidl_generator_py/my_robotiq_controller/_my_robotiq_controller_s.ep.rosidl_typesupport_fastrtps_c.c.o[0m
[ 91%] [32mBuilding C object CMakeFiles/my_robotiq_controller_s__rosidl_typesupport_introspection_c.dir/rosidl_generator_py/my_robotiq_controller/_my_robotiq_controller_s.ep.rosidl_typesupport_introspection_c.c.o[0m
[ 93%] [32m[1mLinking C shared module rosidl_generator_py/my_robotiq_controller/my_robotiq_controller_s__rosidl_typesupport_fastrtps_c.so[0m
[ 95%] [32m[1mLinking C shared module rosidl_generator_py/my_robotiq_controller/my_robotiq_controller_s__rosidl_typesupport_c.so[0m
[ 97%] [32m[1mLinking C shared module rosidl_generator_py/my_robotiq_controller/my_robotiq_controller_s__rosidl_typesupport_introspection_c.so[0m
[ 97%] Built target my_robotiq_controller_s__rosidl_typesupport_fastrtps_c
[ 97%] Built target my_robotiq_controller_s__rosidl_typesupport_introspection_c
[ 97%] Built target my_robotiq_controller_s__rosidl_typesupport_c
[100%] [32m[1mLinking CXX executable robotiq_controller[0m
[100%] Built target robotiq_controller
-- Install configuration: ""
-- Installing: /home/student/Git-projects/eye_in_hand_A5/install/my_robotiq_controller/share/ament_index/resource_index/rosidl_interfaces/my_robotiq_controller
-- Installing: /home/student/Git-projects/eye_in_hand_A5/install/my_robotiq_controller/share/my_robotiq_controller/srv/SetForce.json
-- Installing: /home/student/Git-projects/eye_in_hand_A5/install/my_robotiq_controller/share/my_robotiq_controller/srv/SetSpeed.json
-- Installing: /home/student/Git-projects/eye_in_hand_A5/install/my_robotiq_controller/include/my_robotiq_controller/my_robotiq_controller
-- Installing: /home/student/Git-projects/eye_in_hand_A5/install/my_robotiq_controller/include/my_robotiq_controller/my_robotiq_controller/srv
-- Installing: /home/student/Git-projects/eye_in_hand_A5/install/my_robotiq_controller/include/my_robotiq_controller/my_robotiq_controller/srv/detail
-- Installing: /home/student/Git-projects/eye_in_hand_A5/install/my_robotiq_controller/include/my_robotiq_controller/my_robotiq_controller/srv/detail/set_speed__functions.h
-- Installing: /home/student/Git-projects/eye_in_hand_A5/install/my_robotiq_controller/include/my_robotiq_controller/my_robotiq_controller/srv/detail/set_speed__functions.c
-- Installing: /home/student/Git-projects/eye_in_hand_A5/install/my_robotiq_controller/include/my_robotiq_controller/my_robotiq_controller/srv/detail/set_force__struct.h
-- Installing: /home/student/Git-projects/eye_in_hand_A5/install/my_robotiq_controller/include/my_robotiq_controller/my_robotiq_controller/srv/detail/set_speed__type_support.c
-- Installing: /home/student/Git-projects/eye_in_hand_A5/install/my_robotiq_controller/include/my_robotiq_controller/my_robotiq_controller/srv/detail/set_force__type_support.h
-- Installing: /home/student/Git-projects/eye_in_hand_A5/install/my_robotiq_controller/include/my_robotiq_controller/my_robotiq_controller/srv/detail/set_force__type_support.c
-- Installing: /home/student/Git-projects/eye_in_hand_A5/install/my_robotiq_controller/include/my_robotiq_controller/my_robotiq_controller/srv/detail/set_force__functions.h
-- Installing: /home/student/Git-projects/eye_in_hand_A5/install/my_robotiq_controller/include/my_robotiq_controller/my_robotiq_controller/srv/detail/set_force__description.c
-- Installing: /home/student/Git-projects/eye_in_hand_A5/install/my_robotiq_controller/include/my_robotiq_controller/my_robotiq_controller/srv/detail/set_force__functions.c
-- Installing: /home/student/Git-projects/eye_in_hand_A5/install/my_robotiq_controller/include/my_robotiq_controller/my_robotiq_controller/srv/detail/set_speed__type_support.h
-- Installing: /home/student/Git-projects/eye_in_hand_A5/install/my_robotiq_controller/include/my_robotiq_controller/my_robotiq_controller/srv/detail/set_speed__struct.h
-- Installing: /home/student/Git-projects/eye_in_hand_A5/install/my_robotiq_controller/include/my_robotiq_controller/my_robotiq_controller/srv/detail/set_speed__description.c
-- Installing: /home/student/Git-projects/eye_in_hand_A5/install/my_robotiq_controller/include/my_robotiq_controller/my_robotiq_controller/srv/set_force.h
-- Installing: /home/student/Git-projects/eye_in_hand_A5/install/my_robotiq_controller/include/my_robotiq_controller/my_robotiq_controller/srv/set_speed.h
-- Installing: /home/student/Git-projects/eye_in_hand_A5/install/my_robotiq_controller/include/my_robotiq_controller/my_robotiq_controller/msg
-- Installing: /home/student/Git-projects/eye_in_hand_A5/install/my_robotiq_controller/include/my_robotiq_controller/my_robotiq_controller/msg/rosidl_generator_c__visibility_control.h
-- Installing: /home/student/Git-projects/eye_in_hand_A5/install/my_robotiq_controller/share/my_robotiq_controller/environment/library_path.sh
-- Installing: /home/student/Git-projects/eye_in_hand_A5/install/my_robotiq_controller/share/my_robotiq_controller/environment/library_path.dsv
-- Installing: /home/student/Git-projects/eye_in_hand_A5/install/my_robotiq_controller/lib/libmy_robotiq_controller__rosidl_generator_c.so
-- Set non-toolchain portion of runtime path of "/home/student/Git-projects/eye_in_hand_A5/install/my_robotiq_controller/lib/libmy_robotiq_controller__rosidl_generator_c.so" to ""
-- Up-to-date: /home/student/Git-projects/eye_in_hand_A5/install/my_robotiq_controller/include/my_robotiq_controller/my_robotiq_controller
-- Up-to-date: /home/student/Git-projects/eye_in_hand_A5/install/my_robotiq_controller/include/my_robotiq_controller/my_robotiq_controller/srv
-- Up-to-date: /home/student/Git-projects/eye_in_hand_A5/install/my_robotiq_controller/include/my_robotiq_controller/my_robotiq_controller/srv/detail
-- Installing: /home/student/Git-projects/eye_in_hand_A5/install/my_robotiq_controller/include/my_robotiq_controller/my_robotiq_controller/srv/detail/set_force__rosidl_typesupport_fastrtps_c.h
-- Installing: /home/student/Git-projects/eye_in_hand_A5/install/my_robotiq_controller/include/my_robotiq_controller/my_robotiq_controller/srv/detail/set_speed__rosidl_typesupport_fastrtps_c.h
-- Up-to-date: /home/student/Git-projects/eye_in_hand_A5/install/my_robotiq_controller/include/my_robotiq_controller/my_robotiq_controller/msg
-- Installing: /home/student/Git-projects/eye_in_hand_A5/install/my_robotiq_controller/include/my_robotiq_controller/my_robotiq_controller/msg/rosidl_typesupport_fastrtps_c__visibility_control.h
-- Installing: /home/student/Git-projects/eye_in_hand_A5/install/my_robotiq_controller/lib/libmy_robotiq_controller__rosidl_typesupport_fastrtps_c.so
-- Set non-toolchain portion of runtime path of "/home/student/Git-projects/eye_in_hand_A5/install/my_robotiq_controller/lib/libmy_robotiq_controller__rosidl_typesupport_fastrtps_c.so" to ""
-- Up-to-date: /home/student/Git-projects/eye_in_hand_A5/install/my_robotiq_controller/include/my_robotiq_controller/my_robotiq_controller
-- Up-to-date: /home/student/Git-projects/eye_in_hand_A5/install/my_robotiq_controller/include/my_robotiq_controller/my_robotiq_controller/srv
-- Up-to-date: /home/student/Git-projects/eye_in_hand_A5/install/my_robotiq_controller/include/my_robotiq_controller/my_robotiq_controller/srv/detail
-- Installing: /home/student/Git-projects/eye_in_hand_A5/install/my_robotiq_controller/include/my_robotiq_controller/my_robotiq_controller/srv/detail/set_force__type_support.hpp
-- Installing: /home/student/Git-projects/eye_in_hand_A5/install/my_robotiq_controller/include/my_robotiq_controller/my_robotiq_controller/srv/detail/set_force__builder.hpp
-- Installing: /home/student/Git-projects/eye_in_hand_A5/install/my_robotiq_controller/include/my_robotiq_controller/my_robotiq_controller/srv/detail/set_force__traits.hpp
-- Installing: /home/student/Git-projects/eye_in_hand_A5/install/my_robotiq_controller/include/my_robotiq_controller/my_robotiq_controller/srv/detail/set_speed__builder.hpp
-- Installing: /home/student/Git-projects/eye_in_hand_A5/install/my_robotiq_controller/include/my_robotiq_controller/my_robotiq_controller/srv/detail/set_speed__type_support.hpp
-- Installing: /home/student/Git-projects/eye_in_hand_A5/install/my_robotiq_controller/include/my_robotiq_controller/my_robotiq_controller/srv/detail/set_speed__traits.hpp
-- Installing: /home/student/Git-projects/eye_in_hand_A5/install/my_robotiq_controller/include/my_robotiq_controller/my_robotiq_controller/srv/detail/set_force__struct.hpp
-- Installing: /home/student/Git-projects/eye_in_hand_A5/install/my_robotiq_controller/include/my_robotiq_controller/my_robotiq_controller/srv/detail/set_speed__struct.hpp
-- Installing: /home/student/Git-projects/eye_in_hand_A5/install/my_robotiq_controller/include/my_robotiq_controller/my_robotiq_controller/srv/set_speed.hpp
-- Installing: /home/student/Git-projects/eye_in_hand_A5/install/my_robotiq_controller/include/my_robotiq_controller/my_robotiq_controller/srv/set_force.hpp
-- Up-to-date: /home/student/Git-projects/eye_in_hand_A5/install/my_robotiq_controller/include/my_robotiq_controller/my_robotiq_controller/msg
-- Installing: /home/student/Git-projects/eye_in_hand_A5/install/my_robotiq_controller/include/my_robotiq_controller/my_robotiq_controller/msg/rosidl_generator_cpp__visibility_control.hpp
-- Up-to-date: /home/student/Git-projects/eye_in_hand_A5/install/my_robotiq_controller/include/my_robotiq_controller/my_robotiq_controller
-- Up-to-date: /home/student/Git-projects/eye_in_hand_A5/install/my_robotiq_controller/include/my_robotiq_controller/my_robotiq_controller/srv
-- Up-to-date: /home/student/Git-projects/eye_in_hand_A5/install/my_robotiq_controller/include/my_robotiq_controller/my_robotiq_controller/srv/detail
-- Installing: /home/student/Git-projects/eye_in_hand_A5/install/my_robotiq_controller/include/my_robotiq_controller/my_robotiq_controller/srv/detail/set_speed__rosidl_typesupport_fastrtps_cpp.hpp
-- Installing: /home/student/Git-projects/eye_in_hand_A5/install/my_robotiq_controller/include/my_robotiq_controller/my_robotiq_controller/srv/detail/dds_fastrtps
-- Installing: /home/student/Git-projects/eye_in_hand_A5/install/my_robotiq_controller/include/my_robotiq_controller/my_robotiq_controller/srv/detail/set_force__rosidl_typesupport_fastrtps_cpp.hpp
-- Up-to-date: /home/student/Git-projects/eye_in_hand_A5/install/my_robotiq_controller/include/my_robotiq_controller/my_robotiq_controller/msg
-- Installing: /home/student/Git-projects/eye_in_hand_A5/install/my_robotiq_controller/include/my_robotiq_controller/my_robotiq_controller/msg/rosidl_typesupport_fastrtps_cpp__visibility_control.h
-- Installing: /home/student/Git-projects/eye_in_hand_A5/install/my_robotiq_controller/lib/libmy_robotiq_controller__rosidl_typesupport_fastrtps_cpp.so
-- Set non-toolchain portion of runtime path of "/home/student/Git-projects/eye_in_hand_A5/install/my_robotiq_controller/lib/libmy_robotiq_controller__rosidl_typesupport_fastrtps_cpp.so" to ""
-- Up-to-date: /home/student/Git-projects/eye_in_hand_A5/install/my_robotiq_controller/include/my_robotiq_controller/my_robotiq_controller
-- Up-to-date: /home/student/Git-projects/eye_in_hand_A5/install/my_robotiq_controller/include/my_robotiq_controller/my_robotiq_controller/srv
-- Up-to-date: /home/student/Git-projects/eye_in_hand_A5/install/my_robotiq_controller/include/my_robotiq_controller/my_robotiq_controller/srv/detail
-- Installing: /home/student/Git-projects/eye_in_hand_A5/install/my_robotiq_controller/include/my_robotiq_controller/my_robotiq_controller/srv/detail/set_force__rosidl_typesupport_introspection_c.h
-- Installing: /home/student/Git-projects/eye_in_hand_A5/install/my_robotiq_controller/include/my_robotiq_controller/my_robotiq_controller/srv/detail/set_speed__type_support.c
-- Installing: /home/student/Git-projects/eye_in_hand_A5/install/my_robotiq_controller/include/my_robotiq_controller/my_robotiq_controller/srv/detail/set_force__type_support.c
-- Installing: /home/student/Git-projects/eye_in_hand_A5/install/my_robotiq_controller/include/my_robotiq_controller/my_robotiq_controller/srv/detail/set_speed__rosidl_typesupport_introspection_c.h
-- Up-to-date: /home/student/Git-projects/eye_in_hand_A5/install/my_robotiq_controller/include/my_robotiq_controller/my_robotiq_controller/msg
-- Installing: /home/student/Git-projects/eye_in_hand_A5/install/my_robotiq_controller/include/my_robotiq_controller/my_robotiq_controller/msg/rosidl_typesupport_introspection_c__visibility_control.h
-- Installing: /home/student/Git-projects/eye_in_hand_A5/install/my_robotiq_controller/lib/libmy_robotiq_controller__rosidl_typesupport_introspection_c.so
-- Set non-toolchain portion of runtime path of "/home/student/Git-projects/eye_in_hand_A5/install/my_robotiq_controller/lib/libmy_robotiq_controller__rosidl_typesupport_introspection_c.so" to ""
-- Installing: /home/student/Git-projects/eye_in_hand_A5/install/my_robotiq_controller/lib/libmy_robotiq_controller__rosidl_typesupport_c.so
-- Set non-toolchain portion of runtime path of "/home/student/Git-projects/eye_in_hand_A5/install/my_robotiq_controller/lib/libmy_robotiq_controller__rosidl_typesupport_c.so" to ""
-- Up-to-date: /home/student/Git-projects/eye_in_hand_A5/install/my_robotiq_controller/include/my_robotiq_controller/my_robotiq_controller
-- Up-to-date: /home/student/Git-projects/eye_in_hand_A5/install/my_robotiq_controller/include/my_robotiq_controller/my_robotiq_controller/srv
-- Up-to-date: /home/student/Git-projects/eye_in_hand_A5/install/my_robotiq_controller/include/my_robotiq_controller/my_robotiq_controller/srv/detail
-- Installing: /home/student/Git-projects/eye_in_hand_A5/install/my_robotiq_controller/include/my_robotiq_controller/my_robotiq_controller/srv/detail/set_force__rosidl_typesupport_introspection_cpp.hpp
-- Installing: /home/student/Git-projects/eye_in_hand_A5/install/my_robotiq_controller/include/my_robotiq_controller/my_robotiq_controller/srv/detail/set_speed__type_support.cpp
-- Installing: /home/student/Git-projects/eye_in_hand_A5/install/my_robotiq_controller/include/my_robotiq_controller/my_robotiq_controller/srv/detail/set_speed__rosidl_typesupport_introspection_cpp.hpp
-- Installing: /home/student/Git-projects/eye_in_hand_A5/install/my_robotiq_controller/include/my_robotiq_controller/my_robotiq_controller/srv/detail/set_force__type_support.cpp
-- Installing: /home/student/Git-projects/eye_in_hand_A5/install/my_robotiq_controller/lib/libmy_robotiq_controller__rosidl_typesupport_introspection_cpp.so
-- Set non-toolchain portion of runtime path of "/home/student/Git-projects/eye_in_hand_A5/install/my_robotiq_controller/lib/libmy_robotiq_controller__rosidl_typesupport_introspection_cpp.so" to ""
-- Installing: /home/student/Git-projects/eye_in_hand_A5/install/my_robotiq_controller/lib/libmy_robotiq_controller__rosidl_typesupport_cpp.so
-- Set non-toolchain portion of runtime path of "/home/student/Git-projects/eye_in_hand_A5/install/my_robotiq_controller/lib/libmy_robotiq_controller__rosidl_typesupport_cpp.so" to ""
-- Installing: /home/student/Git-projects/eye_in_hand_A5/install/my_robotiq_controller/share/my_robotiq_controller/environment/pythonpath.sh
-- Installing: /home/student/Git-projects/eye_in_hand_A5/install/my_robotiq_controller/share/my_robotiq_controller/environment/pythonpath.dsv
-- Installing: /home/student/Git-projects/eye_in_hand_A5/install/my_robotiq_controller/lib/python3.12/site-packages/my_robotiq_controller-0.0.0-py3.12.egg-info
-- Installing: /home/student/Git-projects/eye_in_hand_A5/install/my_robotiq_controller/lib/python3.12/site-packages/my_robotiq_controller-0.0.0-py3.12.egg-info/dependency_links.txt
-- Installing: /home/student/Git-projects/eye_in_hand_A5/install/my_robotiq_controller/lib/python3.12/site-packages/my_robotiq_controller-0.0.0-py3.12.egg-info/top_level.txt
-- Installing: /home/student/Git-projects/eye_in_hand_A5/install/my_robotiq_controller/lib/python3.12/site-packages/my_robotiq_controller-0.0.0-py3.12.egg-info/SOURCES.txt
-- Installing: /home/student/Git-projects/eye_in_hand_A5/install/my_robotiq_controller/lib/python3.12/site-packages/my_robotiq_controller-0.0.0-py3.12.egg-info/PKG-INFO
-- Installing: /home/student/Git-projects/eye_in_hand_A5/install/my_robotiq_controller/lib/python3.12/site-packages/my_robotiq_controller
-- Installing: /home/student/Git-projects/eye_in_hand_A5/install/my_robotiq_controller/lib/python3.12/site-packages/my_robotiq_controller/my_robotiq_controller_s__rosidl_typesupport_fastrtps_c.so
-- Installing: /home/student/Git-projects/eye_in_hand_A5/install/my_robotiq_controller/lib/python3.12/site-packages/my_robotiq_controller/my_robotiq_controller_s__rosidl_typesupport_c.so
-- Installing: /home/student/Git-projects/eye_in_hand_A5/install/my_robotiq_controller/lib/python3.12/site-packages/my_robotiq_controller/my_robotiq_controller_s__rosidl_typesupport_introspection_c.so
-- Installing: /home/student/Git-projects/eye_in_hand_A5/install/my_robotiq_controller/lib/python3.12/site-packages/my_robotiq_controller/_my_robotiq_controller_s.ep.rosidl_typesupport_fastrtps_c.c
-- Installing: /home/student/Git-projects/eye_in_hand_A5/install/my_robotiq_controller/lib/python3.12/site-packages/my_robotiq_controller/_my_robotiq_controller_s.ep.rosidl_typesupport_introspection_c.c
-- Installing: /home/student/Git-projects/eye_in_hand_A5/install/my_robotiq_controller/lib/python3.12/site-packages/my_robotiq_controller/_my_robotiq_controller_s.ep.rosidl_typesupport_c.c
-- Installing: /home/student/Git-projects/eye_in_hand_A5/install/my_robotiq_controller/lib/python3.12/site-packages/my_robotiq_controller/__init__.py
-- Installing: /home/student/Git-projects/eye_in_hand_A5/install/my_robotiq_controller/lib/python3.12/site-packages/my_robotiq_controller/srv
-- Installing: /home/student/Git-projects/eye_in_hand_A5/install/my_robotiq_controller/lib/python3.12/site-packages/my_robotiq_controller/srv/_set_force_s.c
-- Installing: /home/student/Git-projects/eye_in_hand_A5/install/my_robotiq_controller/lib/python3.12/site-packages/my_robotiq_controller/srv/_set_speed_s.c
-- Installing: /home/student/Git-projects/eye_in_hand_A5/install/my_robotiq_controller/lib/python3.12/site-packages/my_robotiq_controller/srv/__init__.py
-- Installing: /home/student/Git-projects/eye_in_hand_A5/install/my_robotiq_controller/lib/python3.12/site-packages/my_robotiq_controller/srv/_set_speed.py
-- Installing: /home/student/Git-projects/eye_in_hand_A5/install/my_robotiq_controller/lib/python3.12/site-packages/my_robotiq_controller/srv/_set_force.py
Listing '/home/student/Git-projects/eye_in_hand_A5/install/my_robotiq_controller/lib/python3.12/site-packages/my_robotiq_controller'...
Compiling '/home/student/Git-projects/eye_in_hand_A5/install/my_robotiq_controller/lib/python3.12/site-packages/my_robotiq_controller/__init__.py'...
Listing '/home/student/Git-projects/eye_in_hand_A5/install/my_robotiq_controller/lib/python3.12/site-packages/my_robotiq_controller/srv'...
Compiling '/home/student/Git-projects/eye_in_hand_A5/install/my_robotiq_controller/lib/python3.12/site-packages/my_robotiq_controller/srv/__init__.py'...
Compiling '/home/student/Git-projects/eye_in_hand_A5/install/my_robotiq_controller/lib/python3.12/site-packages/my_robotiq_controller/srv/_set_force.py'...
Compiling '/home/student/Git-projects/eye_in_hand_A5/install/my_robotiq_controller/lib/python3.12/site-packages/my_robotiq_controller/srv/_set_speed.py'...
-- Installing: /home/student/Git-projects/eye_in_hand_A5/install/my_robotiq_controller/lib/python3.12/site-packages/my_robotiq_controller/my_robotiq_controller_s__rosidl_typesupport_fastrtps_c.so
-- Set non-toolchain portion of runtime path of "/home/student/Git-projects/eye_in_hand_A5/install/my_robotiq_controller/lib/python3.12/site-packages/my_robotiq_controller/my_robotiq_controller_s__rosidl_typesupport_fastrtps_c.so" to ""
-- Installing: /home/student/Git-projects/eye_in_hand_A5/install/my_robotiq_controller/lib/python3.12/site-packages/my_robotiq_controller/my_robotiq_controller_s__rosidl_typesupport_introspection_c.so
-- Set non-toolchain portion of runtime path of "/home/student/Git-projects/eye_in_hand_A5/install/my_robotiq_controller/lib/python3.12/site-packages/my_robotiq_controller/my_robotiq_controller_s__rosidl_typesupport_introspection_c.so" to ""
-- Installing: /home/student/Git-projects/eye_in_hand_A5/install/my_robotiq_controller/lib/python3.12/site-packages/my_robotiq_controller/my_robotiq_controller_s__rosidl_typesupport_c.so
-- Set non-toolchain portion of runtime path of "/home/student/Git-projects/eye_in_hand_A5/install/my_robotiq_controller/lib/python3.12/site-packages/my_robotiq_controller/my_robotiq_controller_s__rosidl_typesupport_c.so" to ""
-- Installing: /home/student/Git-projects/eye_in_hand_A5/install/my_robotiq_controller/lib/libmy_robotiq_controller__rosidl_generator_py.so
-- Set non-toolchain portion of runtime path of "/home/student/Git-projects/eye_in_hand_A5/install/my_robotiq_controller/lib/libmy_robotiq_controller__rosidl_generator_py.so" to ""
-- Installing: /home/student/Git-projects/eye_in_hand_A5/install/my_robotiq_controller/share/ament_index/resource_index/rust_packages/my_robotiq_controller
-- Installing: /home/student/Git-projects/eye_in_hand_A5/install/my_robotiq_controller/share/my_robotiq_controller/rust
-- Installing: /home/student/Git-projects/eye_in_hand_A5/install/my_robotiq_controller/share/my_robotiq_controller/rust/build.rs
-- Installing: /home/student/Git-projects/eye_in_hand_A5/install/my_robotiq_controller/share/my_robotiq_controller/rust/Cargo.toml
-- Installing: /home/student/Git-projects/eye_in_hand_A5/install/my_robotiq_controller/share/my_robotiq_controller/rust/src
-- Installing: /home/student/Git-projects/eye_in_hand_A5/install/my_robotiq_controller/share/my_robotiq_controller/rust/src/srv
-- Installing: /home/student/Git-projects/eye_in_hand_A5/install/my_robotiq_controller/share/my_robotiq_controller/rust/src/srv/rmw.rs
-- Installing: /home/student/Git-projects/eye_in_hand_A5/install/my_robotiq_controller/share/my_robotiq_controller/rust/src/lib.rs
-- Installing: /home/student/Git-projects/eye_in_hand_A5/install/my_robotiq_controller/share/my_robotiq_controller/rust/src/srv.rs
-- Installing: /home/student/Git-projects/eye_in_hand_A5/install/my_robotiq_controller/share/my_robotiq_controller/srv/SetForce.idl
-- Installing: /home/student/Git-projects/eye_in_hand_A5/install/my_robotiq_controller/share/my_robotiq_controller/srv/SetSpeed.idl
-- Installing: /home/student/Git-projects/eye_in_hand_A5/install/my_robotiq_controller/share/my_robotiq_controller/srv/SetForce.srv
-- Installing: /home/student/Git-projects/eye_in_hand_A5/install/my_robotiq_controller/share/my_robotiq_controller/srv/SetSpeed.srv
-- Installing: /home/student/Git-projects/eye_in_hand_A5/install/my_robotiq_controller/lib/my_robotiq_controller/robotiq_controller
-- Set non-toolchain portion of runtime path of "/home/student/Git-projects/eye_in_hand_A5/install/my_robotiq_controller/lib/my_robotiq_controller/robotiq_controller" to ""
-- Up-to-date: /home/student/Git-projects/eye_in_hand_A5/install/my_robotiq_controller/include
-- Up-to-date: /home/student/Git-projects/eye_in_hand_A5/install/my_robotiq_controller/include/my_robotiq_controller
-- Installing: /home/student/Git-projects/eye_in_hand_A5/install/my_robotiq_controller/include/my_robotiq_controller/robotiq_controller.hpp
-- Installing: /home/student/Git-projects/eye_in_hand_A5/install/my_robotiq_controller/share/my_robotiq_controller/launch
-- Installing: /home/student/Git-projects/eye_in_hand_A5/install/my_robotiq_controller/share/my_robotiq_controller/launch/robotiq_controller.launch.py
-- Installing: /home/student/Git-projects/eye_in_hand_A5/install/my_robotiq_controller/share/ament_index/resource_index/package_run_dependencies/my_robotiq_controller
-- Installing: /home/student/Git-projects/eye_in_hand_A5/install/my_robotiq_controller/share/ament_index/resource_index/parent_prefix_path/my_robotiq_controller
-- Installing: /home/student/Git-projects/eye_in_hand_A5/install/my_robotiq_controller/share/my_robotiq_controller/environment/ament_prefix_path.sh
-- Installing: /home/student/Git-projects/eye_in_hand_A5/install/my_robotiq_controller/share/my_robotiq_controller/environment/ament_prefix_path.dsv
-- Installing: /home/student/Git-projects/eye_in_hand_A5/install/my_robotiq_controller/share/my_robotiq_controller/environment/path.sh
-- Installing: /home/student/Git-projects/eye_in_hand_A5/install/my_robotiq_controller/share/my_robotiq_controller/environment/path.dsv
-- Installing: /home/student/Git-projects/eye_in_hand_A5/install/my_robotiq_controller/share/my_robotiq_controller/local_setup.bash
-- Installing: /home/student/Git-projects/eye_in_hand_A5/install/my_robotiq_controller/share/my_robotiq_controller/local_setup.sh
-- Installing: /home/student/Git-projects/eye_in_hand_A5/install/my_robotiq_controller/share/my_robotiq_controller/local_setup.zsh
-- Installing: /home/student/Git-projects/eye_in_hand_A5/install/my_robotiq_controller/share/my_robotiq_controller/local_setup.dsv
-- Installing: /home/student/Git-projects/eye_in_hand_A5/install/my_robotiq_controller/share/my_robotiq_controller/package.dsv
-- Installing: /home/student/Git-projects/eye_in_hand_A5/install/my_robotiq_controller/share/ament_index/resource_index/packages/my_robotiq_controller
-- Installing: /home/student/Git-projects/eye_in_hand_A5/install/my_robotiq_controller/share/my_robotiq_controller/cmake/export_my_robotiq_controller__rosidl_generator_cExport.cmake
-- Installing: /home/student/Git-projects/eye_in_hand_A5/install/my_robotiq_controller/share/my_robotiq_controller/cmake/export_my_robotiq_controller__rosidl_generator_cExport-noconfig.cmake
-- Installing: /home/student/Git-projects/eye_in_hand_A5/install/my_robotiq_controller/share/my_robotiq_controller/cmake/export_my_robotiq_controller__rosidl_typesupport_fastrtps_cExport.cmake
-- Installing: /home/student/Git-projects/eye_in_hand_A5/install/my_robotiq_controller/share/my_robotiq_controller/cmake/export_my_robotiq_controller__rosidl_typesupport_fastrtps_cExport-noconfig.cmake
-- Installing: /home/student/Git-projects/eye_in_hand_A5/install/my_robotiq_controller/share/my_robotiq_controller/cmake/export_my_robotiq_controller__rosidl_generator_cppExport.cmake
-- Installing: /home/student/Git-projects/eye_in_hand_A5/install/my_robotiq_controller/share/my_robotiq_controller/cmake/export_my_robotiq_controller__rosidl_typesupport_fastrtps_cppExport.cmake
-- Installing: /home/student/Git-projects/eye_in_hand_A5/install/my_robotiq_controller/share/my_robotiq_controller/cmake/export_my_robotiq_controller__rosidl_typesupport_fastrtps_cppExport-noconfig.cmake
-- Installing: /home/student/Git-projects/eye_in_hand_A5/install/my_robotiq_controller/share/my_robotiq_controller/cmake/my_robotiq_controller__rosidl_typesupport_introspection_cExport.cmake
-- Installing: /home/student/Git-projects/eye_in_hand_A5/install/my_robotiq_controller/share/my_robotiq_controller/cmake/my_robotiq_controller__rosidl_typesupport_introspection_cExport-noconfig.cmake
-- Installing: /home/student/Git-projects/eye_in_hand_A5/install/my_robotiq_controller/share/my_robotiq_controller/cmake/my_robotiq_controller__rosidl_typesupport_cExport.cmake
-- Installing: /home/student/Git-projects/eye_in_hand_A5/install/my_robotiq_controller/share/my_robotiq_controller/cmake/my_robotiq_controller__rosidl_typesupport_cExport-noconfig.cmake
-- Installing: /home/student/Git-projects/eye_in_hand_A5/install/my_robotiq_controller/share/my_robotiq_controller/cmake/my_robotiq_controller__rosidl_typesupport_introspection_cppExport.cmake
-- Installing: /home/student/Git-projects/eye_in_hand_A5/install/my_robotiq_controller/share/my_robotiq_controller/cmake/my_robotiq_controller__rosidl_typesupport_introspection_cppExport-noconfig.cmake
-- Installing: /home/student/Git-projects/eye_in_hand_A5/install/my_robotiq_controller/share/my_robotiq_controller/cmake/my_robotiq_controller__rosidl_typesupport_cppExport.cmake
-- Installing: /home/student/Git-projects/eye_in_hand_A5/install/my_robotiq_controller/share/my_robotiq_controller/cmake/my_robotiq_controller__rosidl_typesupport_cppExport-noconfig.cmake
-- Installing: /home/student/Git-projects/eye_in_hand_A5/install/my_robotiq_controller/share/my_robotiq_controller/cmake/export_my_robotiq_controller__rosidl_generator_pyExport.cmake
-- Installing: /home/student/Git-projects/eye_in_hand_A5/install/my_robotiq_controller/share/my_robotiq_controller/cmake/export_my_robotiq_controller__rosidl_generator_pyExport-noconfig.cmake
-- Installing: /home/student/Git-projects/eye_in_hand_A5/install/my_robotiq_controller/share/my_robotiq_controller/cmake/rosidl_cmake-extras.cmake
-- Installing: /home/student/Git-projects/eye_in_hand_A5/install/my_robotiq_controller/share/my_robotiq_controller/cmake/ament_cmake_export_dependencies-extras.cmake
-- Installing: /home/student/Git-projects/eye_in_hand_A5/install/my_robotiq_controller/share/my_robotiq_controller/cmake/ament_cmake_export_include_directories-extras.cmake
-- Installing: /home/student/Git-projects/eye_in_hand_A5/install/my_robotiq_controller/share/my_robotiq_controller/cmake/ament_cmake_export_libraries-extras.cmake
-- Installing: /home/student/Git-projects/eye_in_hand_A5/install/my_robotiq_controller/share/my_robotiq_controller/cmake/ament_cmake_export_targets-extras.cmake
-- Installing: /home/student/Git-projects/eye_in_hand_A5/install/my_robotiq_controller/share/my_robotiq_controller/cmake/rosidl_cmake_export_typesupport_targets-extras.cmake
-- Installing: /home/student/Git-projects/eye_in_hand_A5/install/my_robotiq_controller/share/my_robotiq_controller/cmake/rosidl_cmake_export_typesupport_libraries-extras.cmake
-- Installing: /home/student/Git-projects/eye_in_hand_A5/install/my_robotiq_controller/share/my_robotiq_controller/cmake/my_robotiq_controllerConfig.cmake
-- Installing: /home/student/Git-projects/eye_in_hand_A5/install/my_robotiq_controller/share/my_robotiq_controller/cmake/my_robotiq_controllerConfig-version.cmake
-- Installing: /home/student/Git-projects/eye_in_hand_A5/install/my_robotiq_controller/share/my_robotiq_controller/package.xml
