[0.052s] Invoking command in '/home/student/Git-projects/eye_in_hand_A5/build/my_robotiq_controller': AMENT_PREFIX_PATH=/home/student/Git-projects/eye_in_hand_A5/install/robotiq_driver:/home/student/Git-projects/eye_in_hand_A5/install/serial:${AMENT_PREFIX_PATH} CMAKE_PREFIX_PATH=/home/student/Git-projects/eye_in_hand_A5/install/robotiq_driver:/home/student/Git-projects/eye_in_hand_A5/install/serial:/home/student/Git-projects/install/robotiq_hardware_tests:/home/student/Git-projects/install/my_robotiq_controller:/home/student/Git-projects/install/robotiq_driver:/home/student/Git-projects/install/serial:/home/student/Git-projects/install/robotiq_description:/home/student/Git-projects/install/robotiq_controllers:/home/student/Git-projects/install/eye_in_hand_pkg:/home/student/Git-projects/install/eye_in_hand_interfaces:/home/student/ros2_industrial_ws/install/transferframes_moveit_config:/home/student/ros2_industrial_ws/install/template_interfaces:/home/student/ros2_industrial_ws/install/ros_industrial_sensors:/home/student/ros2_industrial_ws/install/ros_industrial_actuators:/home/student/ros2_industrial_ws/install/ros_industrial_msgs:/home/student/ros2_industrial_ws/install/ros_industrial_install:/home/student/ros2_industrial_ws/install/range_sensor_cpp:/home/student/ros2_industrial_ws/install/range_sensors_interfaces:/home/student/ros2_industrial_ws/install/pymoveit2:/home/student/ros2_industrial_ws/install/my_moveit_python:/home/student/ros2_industrial_ws/install/manipulation_moveit_config:/home/student/my_ur_ws/install/my_ur_moveit_config:/home/student/my_ur_ws/install/my_ur_description:/home/student/my_ur_ws/install/my_ur_demo_cpp:/home/student/my_ur_ws/install/my_ur:/home/student/microROS_agent_ws/install/micro_ros_agent:/home/student/xarm_ws/install/xarm_planner:/home/student/xarm_ws/install/xarm_moveit_servo:/home/student/xarm_ws/install/xarm_moveit_config:/home/student/xarm_ws/install/xarm_gazebo:/home/student/xarm_ws/install/xarm_controller:/home/student/xarm_ws/install/xarm_api:/home/student/xarm_ws/install/xarm_sdk:/home/student/xarm_ws/install/xarm_msgs:/home/student/xarm_ws/install/xarm_description:/home/student/xarm_ws/install/mbot_demo:/home/student/xarm_ws/install/realsense_gazebo_plugin:/opt/ros/jazzy/opt/gz_sim_vendor:/opt/ros/jazzy/opt/gz_sensors_vendor:/opt/ros/jazzy/opt/gz_physics_vendor:/opt/ros/jazzy/opt/sdformat_vendor:/opt/ros/jazzy/opt/gz_gui_vendor:/opt/ros/jazzy/opt/gz_transport_vendor:/opt/ros/jazzy/opt/gz_rendering_vendor:/opt/ros/jazzy/opt/gz_plugin_vendor:/opt/ros/jazzy/opt/gz_fuel_tools_vendor:/opt/ros/jazzy/opt/gz_msgs_vendor:/opt/ros/jazzy/opt/gz_common_vendor:/opt/ros/jazzy/opt/gz_math_vendor:/opt/ros/jazzy/opt/gz_utils_vendor:/opt/ros/jazzy/opt/gz_tools_vendor:/opt/ros/jazzy/opt/gz_ogre_next_vendor:/opt/ros/jazzy/opt/gz_dartsim_vendor:/opt/ros/jazzy/opt/gz_cmake_vendor:/home/student/Git-projects/install/robotiq_app:/home/student/ros2_industrial_ws/install/urdf_basics:/home/student/ros2_industrial_ws/install/transferframes:/home/student/ros2_industrial_ws/install/template_package_python:/home/student/ros2_industrial_ws/install/ros_industrial_utilities:/home/student/ros2_industrial_ws/install/ros_industrial_support:/home/student/ros2_industrial_ws/install/range_sensor:/home/student/ros2_industrial_ws/install/node_demo:/home/student/ros2_industrial_ws/install/manipulation:/home/student/ros2_industrial_ws/install/fanuc_robots:/home/student/my_ur_ws/install/my_ur_demo:/home/student/my_ur_ws/install/my_ur_bringup:/home/student/xarm_ws/install/uf_ros_lib:/opt/ros/jazzy DEBUGINFOD_URLS=https://debuginfod.ubuntu.com LD_LIBRARY_PATH=/home/student/Git-projects/eye_in_hand_A5/install/robotiq_driver/lib:/home/student/Git-projects/eye_in_hand_A5/install/serial/lib:${LD_LIBRARY_PATH} /usr/bin/cmake /home/student/Git-projects/eye_in_hand_A5/src/ros2_robotiq_gripper/my_robotiq_controller -DCMAKE_INSTALL_PREFIX=/home/student/Git-projects/eye_in_hand_A5/install/my_robotiq_controller
[0.182s] -- The C compiler identification is GNU 13.3.0
[0.283s] -- The CXX compiler identification is GNU 13.3.0
[0.317s] -- Detecting C compiler ABI info
[0.515s] -- Detecting C compiler ABI info - done
[0.524s] -- Check for working C compiler: /usr/bin/cc - skipped
[0.525s] -- Detecting C compile features
[0.528s] -- Detecting C compile features - done
[0.547s] -- Detecting CXX compiler ABI info
[0.743s] -- Detecting CXX compiler ABI info - done
[0.756s] -- Check for working CXX compiler: /usr/bin/c++ - skipped
[0.757s] -- Detecting CXX compile features
[0.758s] -- Detecting CXX compile features - done
[0.773s] -- Found ament_cmake: 2.5.6 (/opt/ros/jazzy/share/ament_cmake/cmake)
[1.211s] -- Found Python3: /usr/bin/python3 (found version "3.12.3") found components: Interpreter 
[1.570s] -- Found rclcpp: 28.1.18 (/opt/ros/jazzy/share/rclcpp/cmake)
[1.724s] -- Found rosidl_generator_c: 4.6.7 (/opt/ros/jazzy/share/rosidl_generator_c/cmake)
[1.777s] -- Found rosidl_generator_cpp: 4.6.7 (/opt/ros/jazzy/share/rosidl_generator_cpp/cmake)
[1.836s] -- Using all available rosidl_typesupport_c: rosidl_typesupport_fastrtps_c;rosidl_typesupport_introspection_c
[1.909s] -- Using all available rosidl_typesupport_cpp: rosidl_typesupport_fastrtps_cpp;rosidl_typesupport_introspection_cpp
[2.145s] -- Found rmw_implementation_cmake: 7.3.3 (/opt/ros/jazzy/share/rmw_implementation_cmake/cmake)
[2.166s] -- Found rmw_fastrtps_cpp: 8.4.3 (/opt/ros/jazzy/share/rmw_fastrtps_cpp/cmake)
[2.419s] -- Found OpenSSL: /usr/lib/x86_64-linux-gnu/libcrypto.so (found version "3.0.13")  
[2.463s] -- Found FastRTPS: /opt/ros/jazzy/include (Required is at least version "2.13") 
[2.515s] -- Using RMW implementation 'rmw_fastrtps_cpp' as default
[2.721s] -- Found rclcpp_action: 28.1.18 (/opt/ros/jazzy/share/rclcpp_action/cmake)
[2.855s] -- Found rosidl_default_generators: 1.6.0 (/opt/ros/jazzy/share/rosidl_default_generators/cmake)
[2.957s] -- Found rosidl_adapter: 4.6.7 (/opt/ros/jazzy/share/rosidl_adapter/cmake)
[2.975s] -- Found control_msgs: 5.9.0 (/opt/ros/jazzy/share/control_msgs/cmake)
[3.221s] -- Found robotiq_driver: 0.0.1 (/home/student/Git-projects/eye_in_hand_A5/install/robotiq_driver/share/robotiq_driver/cmake)
[5.314s] -- Found ament_cmake_ros: 0.12.0 (/opt/ros/jazzy/share/ament_cmake_ros/cmake)
[6.875s] -- Using all available rosidl_typesupport_c: rosidl_typesupport_fastrtps_c;rosidl_typesupport_introspection_c
[7.465s] -- Using all available rosidl_typesupport_cpp: rosidl_typesupport_fastrtps_cpp;rosidl_typesupport_introspection_cpp
[7.481s] -- Found python_cmake_module: 0.11.1 (/opt/ros/jazzy/share/python_cmake_module/cmake)
[7.755s] -- Found PythonExtra: /usr/bin/python3  
[8.665s] -- Found Python3: /usr/bin/python3 (found version "3.12.3") found components: Interpreter Development NumPy Development.Module Development.Embed 
[8.790s] -- Found Python3: /usr/bin/python3 (found version "3.12.3") found components: Interpreter 
[8.818s] -- Found ament_lint_auto: 0.17.5 (/opt/ros/jazzy/share/ament_lint_auto/cmake)
[8.926s] -- Added test 'cppcheck' to perform static code analysis on C / C++ code
[8.927s] -- Configured cppcheck include dirs: $<BUILD_INTERFACE:/home/student/Git-projects/eye_in_hand_A5/src/ros2_robotiq_gripper/my_robotiq_controller/include>
[8.927s] -- Configured cppcheck exclude dirs and/or files: 
[8.930s] -- Added test 'flake8' to check Python code syntax and style conventions
[8.930s] -- Configured 'flake8' exclude dirs and/or files: 
[8.933s] -- Added test 'lint_cmake' to check CMake code style
[8.936s] -- Added test 'pep257' to check Python code against some of the docstring style conventions in PEP 257
[8.940s] -- Added test 'uncrustify' to check C / C++ code style
[8.940s] -- Configured uncrustify additional arguments: 
[8.943s] -- Added test 'xmllint' to check XML markup files
[8.952s] -- Configuring done (8.9s)
[9.057s] -- Generating done (0.1s)
[9.084s] -- Build files have been written to: /home/student/Git-projects/eye_in_hand_A5/build/my_robotiq_controller
[9.117s] Invoked command in '/home/student/Git-projects/eye_in_hand_A5/build/my_robotiq_controller' returned '0': AMENT_PREFIX_PATH=/home/student/Git-projects/eye_in_hand_A5/install/robotiq_driver:/home/student/Git-projects/eye_in_hand_A5/install/serial:${AMENT_PREFIX_PATH} CMAKE_PREFIX_PATH=/home/student/Git-projects/eye_in_hand_A5/install/robotiq_driver:/home/student/Git-projects/eye_in_hand_A5/install/serial:/home/student/Git-projects/install/robotiq_hardware_tests:/home/student/Git-projects/install/my_robotiq_controller:/home/student/Git-projects/install/robotiq_driver:/home/student/Git-projects/install/serial:/home/student/Git-projects/install/robotiq_description:/home/student/Git-projects/install/robotiq_controllers:/home/student/Git-projects/install/eye_in_hand_pkg:/home/student/Git-projects/install/eye_in_hand_interfaces:/home/student/ros2_industrial_ws/install/transferframes_moveit_config:/home/student/ros2_industrial_ws/install/template_interfaces:/home/student/ros2_industrial_ws/install/ros_industrial_sensors:/home/student/ros2_industrial_ws/install/ros_industrial_actuators:/home/student/ros2_industrial_ws/install/ros_industrial_msgs:/home/student/ros2_industrial_ws/install/ros_industrial_install:/home/student/ros2_industrial_ws/install/range_sensor_cpp:/home/student/ros2_industrial_ws/install/range_sensors_interfaces:/home/student/ros2_industrial_ws/install/pymoveit2:/home/student/ros2_industrial_ws/install/my_moveit_python:/home/student/ros2_industrial_ws/install/manipulation_moveit_config:/home/student/my_ur_ws/install/my_ur_moveit_config:/home/student/my_ur_ws/install/my_ur_description:/home/student/my_ur_ws/install/my_ur_demo_cpp:/home/student/my_ur_ws/install/my_ur:/home/student/microROS_agent_ws/install/micro_ros_agent:/home/student/xarm_ws/install/xarm_planner:/home/student/xarm_ws/install/xarm_moveit_servo:/home/student/xarm_ws/install/xarm_moveit_config:/home/student/xarm_ws/install/xarm_gazebo:/home/student/xarm_ws/install/xarm_controller:/home/student/xarm_ws/install/xarm_api:/home/student/xarm_ws/install/xarm_sdk:/home/student/xarm_ws/install/xarm_msgs:/home/student/xarm_ws/install/xarm_description:/home/student/xarm_ws/install/mbot_demo:/home/student/xarm_ws/install/realsense_gazebo_plugin:/opt/ros/jazzy/opt/gz_sim_vendor:/opt/ros/jazzy/opt/gz_sensors_vendor:/opt/ros/jazzy/opt/gz_physics_vendor:/opt/ros/jazzy/opt/sdformat_vendor:/opt/ros/jazzy/opt/gz_gui_vendor:/opt/ros/jazzy/opt/gz_transport_vendor:/opt/ros/jazzy/opt/gz_rendering_vendor:/opt/ros/jazzy/opt/gz_plugin_vendor:/opt/ros/jazzy/opt/gz_fuel_tools_vendor:/opt/ros/jazzy/opt/gz_msgs_vendor:/opt/ros/jazzy/opt/gz_common_vendor:/opt/ros/jazzy/opt/gz_math_vendor:/opt/ros/jazzy/opt/gz_utils_vendor:/opt/ros/jazzy/opt/gz_tools_vendor:/opt/ros/jazzy/opt/gz_ogre_next_vendor:/opt/ros/jazzy/opt/gz_dartsim_vendor:/opt/ros/jazzy/opt/gz_cmake_vendor:/home/student/Git-projects/install/robotiq_app:/home/student/ros2_industrial_ws/install/urdf_basics:/home/student/ros2_industrial_ws/install/transferframes:/home/student/ros2_industrial_ws/install/template_package_python:/home/student/ros2_industrial_ws/install/ros_industrial_utilities:/home/student/ros2_industrial_ws/install/ros_industrial_support:/home/student/ros2_industrial_ws/install/range_sensor:/home/student/ros2_industrial_ws/install/node_demo:/home/student/ros2_industrial_ws/install/manipulation:/home/student/ros2_industrial_ws/install/fanuc_robots:/home/student/my_ur_ws/install/my_ur_demo:/home/student/my_ur_ws/install/my_ur_bringup:/home/student/xarm_ws/install/uf_ros_lib:/opt/ros/jazzy DEBUGINFOD_URLS=https://debuginfod.ubuntu.com LD_LIBRARY_PATH=/home/student/Git-projects/eye_in_hand_A5/install/robotiq_driver/lib:/home/student/Git-projects/eye_in_hand_A5/install/serial/lib:${LD_LIBRARY_PATH} /usr/bin/cmake /home/student/Git-projects/eye_in_hand_A5/src/ros2_robotiq_gripper/my_robotiq_controller -DCMAKE_INSTALL_PREFIX=/home/student/Git-projects/eye_in_hand_A5/install/my_robotiq_controller
[9.120s] Invoking command in '/home/student/Git-projects/eye_in_hand_A5/build/my_robotiq_controller': AMENT_PREFIX_PATH=/home/student/Git-projects/eye_in_hand_A5/install/robotiq_driver:/home/student/Git-projects/eye_in_hand_A5/install/serial:${AMENT_PREFIX_PATH} CMAKE_PREFIX_PATH=/home/student/Git-projects/eye_in_hand_A5/install/robotiq_driver:/home/student/Git-projects/eye_in_hand_A5/install/serial:/home/student/Git-projects/install/robotiq_hardware_tests:/home/student/Git-projects/install/my_robotiq_controller:/home/student/Git-projects/install/robotiq_driver:/home/student/Git-projects/install/serial:/home/student/Git-projects/install/robotiq_description:/home/student/Git-projects/install/robotiq_controllers:/home/student/Git-projects/install/eye_in_hand_pkg:/home/student/Git-projects/install/eye_in_hand_interfaces:/home/student/ros2_industrial_ws/install/transferframes_moveit_config:/home/student/ros2_industrial_ws/install/template_interfaces:/home/student/ros2_industrial_ws/install/ros_industrial_sensors:/home/student/ros2_industrial_ws/install/ros_industrial_actuators:/home/student/ros2_industrial_ws/install/ros_industrial_msgs:/home/student/ros2_industrial_ws/install/ros_industrial_install:/home/student/ros2_industrial_ws/install/range_sensor_cpp:/home/student/ros2_industrial_ws/install/range_sensors_interfaces:/home/student/ros2_industrial_ws/install/pymoveit2:/home/student/ros2_industrial_ws/install/my_moveit_python:/home/student/ros2_industrial_ws/install/manipulation_moveit_config:/home/student/my_ur_ws/install/my_ur_moveit_config:/home/student/my_ur_ws/install/my_ur_description:/home/student/my_ur_ws/install/my_ur_demo_cpp:/home/student/my_ur_ws/install/my_ur:/home/student/microROS_agent_ws/install/micro_ros_agent:/home/student/xarm_ws/install/xarm_planner:/home/student/xarm_ws/install/xarm_moveit_servo:/home/student/xarm_ws/install/xarm_moveit_config:/home/student/xarm_ws/install/xarm_gazebo:/home/student/xarm_ws/install/xarm_controller:/home/student/xarm_ws/install/xarm_api:/home/student/xarm_ws/install/xarm_sdk:/home/student/xarm_ws/install/xarm_msgs:/home/student/xarm_ws/install/xarm_description:/home/student/xarm_ws/install/mbot_demo:/home/student/xarm_ws/install/realsense_gazebo_plugin:/opt/ros/jazzy/opt/gz_sim_vendor:/opt/ros/jazzy/opt/gz_sensors_vendor:/opt/ros/jazzy/opt/gz_physics_vendor:/opt/ros/jazzy/opt/sdformat_vendor:/opt/ros/jazzy/opt/gz_gui_vendor:/opt/ros/jazzy/opt/gz_transport_vendor:/opt/ros/jazzy/opt/gz_rendering_vendor:/opt/ros/jazzy/opt/gz_plugin_vendor:/opt/ros/jazzy/opt/gz_fuel_tools_vendor:/opt/ros/jazzy/opt/gz_msgs_vendor:/opt/ros/jazzy/opt/gz_common_vendor:/opt/ros/jazzy/opt/gz_math_vendor:/opt/ros/jazzy/opt/gz_utils_vendor:/opt/ros/jazzy/opt/gz_tools_vendor:/opt/ros/jazzy/opt/gz_ogre_next_vendor:/opt/ros/jazzy/opt/gz_dartsim_vendor:/opt/ros/jazzy/opt/gz_cmake_vendor:/home/student/Git-projects/install/robotiq_app:/home/student/ros2_industrial_ws/install/urdf_basics:/home/student/ros2_industrial_ws/install/transferframes:/home/student/ros2_industrial_ws/install/template_package_python:/home/student/ros2_industrial_ws/install/ros_industrial_utilities:/home/student/ros2_industrial_ws/install/ros_industrial_support:/home/student/ros2_industrial_ws/install/range_sensor:/home/student/ros2_industrial_ws/install/node_demo:/home/student/ros2_industrial_ws/install/manipulation:/home/student/ros2_industrial_ws/install/fanuc_robots:/home/student/my_ur_ws/install/my_ur_demo:/home/student/my_ur_ws/install/my_ur_bringup:/home/student/xarm_ws/install/uf_ros_lib:/opt/ros/jazzy DEBUGINFOD_URLS=https://debuginfod.ubuntu.com LD_LIBRARY_PATH=/home/student/Git-projects/eye_in_hand_A5/install/robotiq_driver/lib:/home/student/Git-projects/eye_in_hand_A5/install/serial/lib:${LD_LIBRARY_PATH} /usr/bin/cmake --build /home/student/Git-projects/eye_in_hand_A5/build/my_robotiq_controller -- -j4 -l4
[9.231s] [  2%] [34m[1mGenerating Rust code for ROS interfaces[0m
[9.237s] [  4%] [34m[1mGenerating type hashes for ROS interfaces[0m
[9.254s] [  4%] Built target ament_cmake_python_copy_my_robotiq_controller
[9.688s] [  4%] Built target my_robotiq_controller__rosidl_generator_type_description
[9.732s] [  6%] [34m[1mGenerating C code for ROS interfaces[0m
[9.748s] [  6%] Built target my_robotiq_controller__rs
[9.748s] running egg_info
[9.749s] [  8%] [34m[1mGenerating C++ code for ROS interfaces[0m
[9.750s] creating my_robotiq_controller.egg-info
[9.780s] writing my_robotiq_controller.egg-info/PKG-INFO
[9.781s] writing dependency_links to my_robotiq_controller.egg-info/dependency_links.txt
[9.781s] writing top-level names to my_robotiq_controller.egg-info/top_level.txt
[9.781s] writing manifest file 'my_robotiq_controller.egg-info/SOURCES.txt'
[9.896s] reading manifest file 'my_robotiq_controller.egg-info/SOURCES.txt'
[9.896s] writing manifest file 'my_robotiq_controller.egg-info/SOURCES.txt'
[9.953s] [  8%] Built target ament_cmake_python_build_my_robotiq_controller_egg
[10.391s] [  8%] Built target my_robotiq_controller__cpp
[10.463s] [ 12%] [32mBuilding C object CMakeFiles/my_robotiq_controller__rosidl_generator_c.dir/rosidl_generator_c/my_robotiq_controller/srv/detail/set_force__description.c.o[0m
[10.465s] [ 12%] [32mBuilding C object CMakeFiles/my_robotiq_controller__rosidl_generator_c.dir/rosidl_generator_c/my_robotiq_controller/srv/detail/set_speed__description.c.o[0m
[10.465s] [ 17%] [32mBuilding C object CMakeFiles/my_robotiq_controller__rosidl_generator_c.dir/rosidl_generator_c/my_robotiq_controller/srv/detail/set_force__functions.c.o[0m
[10.465s] [ 17%] [32mBuilding C object CMakeFiles/my_robotiq_controller__rosidl_generator_c.dir/rosidl_generator_c/my_robotiq_controller/srv/detail/set_force__type_support.c.o[0m
[10.548s] [ 19%] [32mBuilding C object CMakeFiles/my_robotiq_controller__rosidl_generator_c.dir/rosidl_generator_c/my_robotiq_controller/srv/detail/set_speed__functions.c.o[0m
[10.554s] [ 21%] [32mBuilding C object CMakeFiles/my_robotiq_controller__rosidl_generator_c.dir/rosidl_generator_c/my_robotiq_controller/srv/detail/set_speed__type_support.c.o[0m
[10.665s] [ 23%] [32m[1mLinking C shared library libmy_robotiq_controller__rosidl_generator_c.so[0m
[10.758s] [ 23%] Built target my_robotiq_controller__rosidl_generator_c
[10.785s] [ 25%] [34m[1mGenerating C type support for eProsima Fast-RTPS[0m
[10.786s] [ 27%] [34m[1mGenerating C++ type support for eProsima Fast-RTPS[0m
[10.786s] [ 31%] [34m[1mGenerating C introspection for ROS interfaces[0m
[10.787s] [ 31%] [34m[1mGenerating C type support dispatch for ROS interfaces[0m
[11.311s] [ 34%] [32mBuilding CXX object CMakeFiles/my_robotiq_controller__rosidl_typesupport_c.dir/rosidl_typesupport_c/my_robotiq_controller/srv/set_force__type_support.cpp.o[0m
[11.399s] [ 36%] [32mBuilding CXX object CMakeFiles/my_robotiq_controller__rosidl_typesupport_c.dir/rosidl_typesupport_c/my_robotiq_controller/srv/set_speed__type_support.cpp.o[0m
[11.426s] [ 38%] [32mBuilding C object CMakeFiles/my_robotiq_controller__rosidl_typesupport_introspection_c.dir/rosidl_typesupport_introspection_c/my_robotiq_controller/srv/detail/set_force__type_support.c.o[0m
[11.487s] [ 40%] [32m[1mLinking CXX shared library libmy_robotiq_controller__rosidl_typesupport_c.so[0m
[11.516s] [ 42%] [32mBuilding C object CMakeFiles/my_robotiq_controller__rosidl_typesupport_introspection_c.dir/rosidl_typesupport_introspection_c/my_robotiq_controller/srv/detail/set_speed__type_support.c.o[0m
[11.555s] [ 42%] Built target my_robotiq_controller__rosidl_typesupport_c
[11.583s] [ 44%] [34m[1mGenerating C++ introspection for ROS interfaces[0m
[11.591s] [ 46%] [32mBuilding CXX object CMakeFiles/my_robotiq_controller__rosidl_typesupport_fastrtps_c.dir/rosidl_typesupport_fastrtps_c/my_robotiq_controller/srv/detail/set_force__type_support_c.cpp.o[0m
[11.595s] [ 48%] [32mBuilding CXX object CMakeFiles/my_robotiq_controller__rosidl_typesupport_fastrtps_cpp.dir/rosidl_typesupport_fastrtps_cpp/my_robotiq_controller/srv/detail/dds_fastrtps/set_force__type_support.cpp.o[0m
[11.601s] [ 51%] [32m[1mLinking C shared library libmy_robotiq_controller__rosidl_typesupport_introspection_c.so[0m
[11.671s] [ 51%] Built target my_robotiq_controller__rosidl_typesupport_introspection_c
[11.693s] [ 53%] [32mBuilding CXX object CMakeFiles/my_robotiq_controller__rosidl_typesupport_fastrtps_c.dir/rosidl_typesupport_fastrtps_c/my_robotiq_controller/srv/detail/set_speed__type_support_c.cpp.o[0m
[12.126s] [ 55%] [32mBuilding CXX object CMakeFiles/my_robotiq_controller__rosidl_typesupport_introspection_cpp.dir/rosidl_typesupport_introspection_cpp/my_robotiq_controller/srv/detail/set_force__type_support.cpp.o[0m
[12.448s] [ 57%] [32mBuilding CXX object CMakeFiles/my_robotiq_controller__rosidl_typesupport_fastrtps_cpp.dir/rosidl_typesupport_fastrtps_cpp/my_robotiq_controller/srv/detail/dds_fastrtps/set_speed__type_support.cpp.o[0m
[12.529s] [ 59%] [32m[1mLinking CXX shared library libmy_robotiq_controller__rosidl_typesupport_fastrtps_c.so[0m
[12.658s] [ 61%] [34m[1mGenerating C++ type support dispatch for ROS interfaces[0m
[12.688s] [ 61%] Built target my_robotiq_controller__rosidl_typesupport_fastrtps_c
[12.712s] [ 63%] [32mBuilding CXX object CMakeFiles/my_robotiq_controller__rosidl_typesupport_introspection_cpp.dir/rosidl_typesupport_introspection_cpp/my_robotiq_controller/srv/detail/set_speed__type_support.cpp.o[0m
[13.120s] [ 65%] [32mBuilding CXX object CMakeFiles/my_robotiq_controller__rosidl_typesupport_cpp.dir/rosidl_typesupport_cpp/my_robotiq_controller/srv/set_speed__type_support.cpp.o[0m
[13.121s] [ 68%] [32mBuilding CXX object CMakeFiles/my_robotiq_controller__rosidl_typesupport_cpp.dir/rosidl_typesupport_cpp/my_robotiq_controller/srv/set_force__type_support.cpp.o[0m
[13.366s] [ 70%] [32m[1mLinking CXX shared library libmy_robotiq_controller__rosidl_typesupport_introspection_cpp.so[0m
[13.469s] [ 72%] [32m[1mLinking CXX shared library libmy_robotiq_controller__rosidl_typesupport_fastrtps_cpp.so[0m
[13.521s] [ 72%] Built target my_robotiq_controller__rosidl_typesupport_introspection_cpp
[13.626s] [ 72%] Built target my_robotiq_controller__rosidl_typesupport_fastrtps_cpp
[13.770s] [ 74%] [32m[1mLinking CXX shared library libmy_robotiq_controller__rosidl_typesupport_cpp.so[0m
[13.908s] [ 74%] Built target my_robotiq_controller__rosidl_typesupport_cpp
[13.955s] [ 74%] Built target my_robotiq_controller
[13.961s] [ 76%] [32mBuilding CXX object CMakeFiles/robotiq_controller.dir/src/robotiq_controller.cpp.o[0m
[14.015s] [ 78%] [34m[1mGenerating Python code for ROS interfaces[0m
[14.780s] [ 78%] Built target my_robotiq_controller__py
[14.827s] [ 80%] [32mBuilding C object CMakeFiles/my_robotiq_controller__rosidl_generator_py.dir/rosidl_generator_py/my_robotiq_controller/srv/_set_force_s.c.o[0m
[14.831s] [ 82%] [32mBuilding C object CMakeFiles/my_robotiq_controller__rosidl_generator_py.dir/rosidl_generator_py/my_robotiq_controller/srv/_set_speed_s.c.o[0m
[15.086s] [ 85%] [32m[1mLinking C shared library libmy_robotiq_controller__rosidl_generator_py.so[0m
[15.173s] [ 85%] Built target my_robotiq_controller__rosidl_generator_py
[15.229s] [ 87%] [32mBuilding C object CMakeFiles/my_robotiq_controller_s__rosidl_typesupport_c.dir/rosidl_generator_py/my_robotiq_controller/_my_robotiq_controller_s.ep.rosidl_typesupport_c.c.o[0m
[15.238s] [ 89%] [32mBuilding C object CMakeFiles/my_robotiq_controller_s__rosidl_typesupport_fastrtps_c.dir/rosidl_generator_py/my_robotiq_controller/_my_robotiq_controller_s.ep.rosidl_typesupport_fastrtps_c.c.o[0m
[15.245s] [ 91%] [32mBuilding C object CMakeFiles/my_robotiq_controller_s__rosidl_typesupport_introspection_c.dir/rosidl_generator_py/my_robotiq_controller/_my_robotiq_controller_s.ep.rosidl_typesupport_introspection_c.c.o[0m
[15.424s] [ 93%] [32m[1mLinking C shared module rosidl_generator_py/my_robotiq_controller/my_robotiq_controller_s__rosidl_typesupport_fastrtps_c.so[0m
[15.472s] [ 95%] [32m[1mLinking C shared module rosidl_generator_py/my_robotiq_controller/my_robotiq_controller_s__rosidl_typesupport_c.so[0m
[15.484s] [ 97%] [32m[1mLinking C shared module rosidl_generator_py/my_robotiq_controller/my_robotiq_controller_s__rosidl_typesupport_introspection_c.so[0m
[15.508s] [ 97%] Built target my_robotiq_controller_s__rosidl_typesupport_fastrtps_c
[15.547s] [ 97%] Built target my_robotiq_controller_s__rosidl_typesupport_introspection_c
[15.547s] [ 97%] Built target my_robotiq_controller_s__rosidl_typesupport_c
[30.179s] [100%] [32m[1mLinking CXX executable robotiq_controller[0m
[31.040s] [100%] Built target robotiq_controller
[31.063s] Invoked command in '/home/student/Git-projects/eye_in_hand_A5/build/my_robotiq_controller' returned '0': AMENT_PREFIX_PATH=/home/student/Git-projects/eye_in_hand_A5/install/robotiq_driver:/home/student/Git-projects/eye_in_hand_A5/install/serial:${AMENT_PREFIX_PATH} CMAKE_PREFIX_PATH=/home/student/Git-projects/eye_in_hand_A5/install/robotiq_driver:/home/student/Git-projects/eye_in_hand_A5/install/serial:/home/student/Git-projects/install/robotiq_hardware_tests:/home/student/Git-projects/install/my_robotiq_controller:/home/student/Git-projects/install/robotiq_driver:/home/student/Git-projects/install/serial:/home/student/Git-projects/install/robotiq_description:/home/student/Git-projects/install/robotiq_controllers:/home/student/Git-projects/install/eye_in_hand_pkg:/home/student/Git-projects/install/eye_in_hand_interfaces:/home/student/ros2_industrial_ws/install/transferframes_moveit_config:/home/student/ros2_industrial_ws/install/template_interfaces:/home/student/ros2_industrial_ws/install/ros_industrial_sensors:/home/student/ros2_industrial_ws/install/ros_industrial_actuators:/home/student/ros2_industrial_ws/install/ros_industrial_msgs:/home/student/ros2_industrial_ws/install/ros_industrial_install:/home/student/ros2_industrial_ws/install/range_sensor_cpp:/home/student/ros2_industrial_ws/install/range_sensors_interfaces:/home/student/ros2_industrial_ws/install/pymoveit2:/home/student/ros2_industrial_ws/install/my_moveit_python:/home/student/ros2_industrial_ws/install/manipulation_moveit_config:/home/student/my_ur_ws/install/my_ur_moveit_config:/home/student/my_ur_ws/install/my_ur_description:/home/student/my_ur_ws/install/my_ur_demo_cpp:/home/student/my_ur_ws/install/my_ur:/home/student/microROS_agent_ws/install/micro_ros_agent:/home/student/xarm_ws/install/xarm_planner:/home/student/xarm_ws/install/xarm_moveit_servo:/home/student/xarm_ws/install/xarm_moveit_config:/home/student/xarm_ws/install/xarm_gazebo:/home/student/xarm_ws/install/xarm_controller:/home/student/xarm_ws/install/xarm_api:/home/student/xarm_ws/install/xarm_sdk:/home/student/xarm_ws/install/xarm_msgs:/home/student/xarm_ws/install/xarm_description:/home/student/xarm_ws/install/mbot_demo:/home/student/xarm_ws/install/realsense_gazebo_plugin:/opt/ros/jazzy/opt/gz_sim_vendor:/opt/ros/jazzy/opt/gz_sensors_vendor:/opt/ros/jazzy/opt/gz_physics_vendor:/opt/ros/jazzy/opt/sdformat_vendor:/opt/ros/jazzy/opt/gz_gui_vendor:/opt/ros/jazzy/opt/gz_transport_vendor:/opt/ros/jazzy/opt/gz_rendering_vendor:/opt/ros/jazzy/opt/gz_plugin_vendor:/opt/ros/jazzy/opt/gz_fuel_tools_vendor:/opt/ros/jazzy/opt/gz_msgs_vendor:/opt/ros/jazzy/opt/gz_common_vendor:/opt/ros/jazzy/opt/gz_math_vendor:/opt/ros/jazzy/opt/gz_utils_vendor:/opt/ros/jazzy/opt/gz_tools_vendor:/opt/ros/jazzy/opt/gz_ogre_next_vendor:/opt/ros/jazzy/opt/gz_dartsim_vendor:/opt/ros/jazzy/opt/gz_cmake_vendor:/home/student/Git-projects/install/robotiq_app:/home/student/ros2_industrial_ws/install/urdf_basics:/home/student/ros2_industrial_ws/install/transferframes:/home/student/ros2_industrial_ws/install/template_package_python:/home/student/ros2_industrial_ws/install/ros_industrial_utilities:/home/student/ros2_industrial_ws/install/ros_industrial_support:/home/student/ros2_industrial_ws/install/range_sensor:/home/student/ros2_industrial_ws/install/node_demo:/home/student/ros2_industrial_ws/install/manipulation:/home/student/ros2_industrial_ws/install/fanuc_robots:/home/student/my_ur_ws/install/my_ur_demo:/home/student/my_ur_ws/install/my_ur_bringup:/home/student/xarm_ws/install/uf_ros_lib:/opt/ros/jazzy DEBUGINFOD_URLS=https://debuginfod.ubuntu.com LD_LIBRARY_PATH=/home/student/Git-projects/eye_in_hand_A5/install/robotiq_driver/lib:/home/student/Git-projects/eye_in_hand_A5/install/serial/lib:${LD_LIBRARY_PATH} /usr/bin/cmake --build /home/student/Git-projects/eye_in_hand_A5/build/my_robotiq_controller -- -j4 -l4
[31.065s] Invoking command in '/home/student/Git-projects/eye_in_hand_A5/build/my_robotiq_controller': AMENT_PREFIX_PATH=/home/student/Git-projects/eye_in_hand_A5/install/robotiq_driver:/home/student/Git-projects/eye_in_hand_A5/install/serial:${AMENT_PREFIX_PATH} CMAKE_PREFIX_PATH=/home/student/Git-projects/eye_in_hand_A5/install/robotiq_driver:/home/student/Git-projects/eye_in_hand_A5/install/serial:/home/student/Git-projects/install/robotiq_hardware_tests:/home/student/Git-projects/install/my_robotiq_controller:/home/student/Git-projects/install/robotiq_driver:/home/student/Git-projects/install/serial:/home/student/Git-projects/install/robotiq_description:/home/student/Git-projects/install/robotiq_controllers:/home/student/Git-projects/install/eye_in_hand_pkg:/home/student/Git-projects/install/eye_in_hand_interfaces:/home/student/ros2_industrial_ws/install/transferframes_moveit_config:/home/student/ros2_industrial_ws/install/template_interfaces:/home/student/ros2_industrial_ws/install/ros_industrial_sensors:/home/student/ros2_industrial_ws/install/ros_industrial_actuators:/home/student/ros2_industrial_ws/install/ros_industrial_msgs:/home/student/ros2_industrial_ws/install/ros_industrial_install:/home/student/ros2_industrial_ws/install/range_sensor_cpp:/home/student/ros2_industrial_ws/install/range_sensors_interfaces:/home/student/ros2_industrial_ws/install/pymoveit2:/home/student/ros2_industrial_ws/install/my_moveit_python:/home/student/ros2_industrial_ws/install/manipulation_moveit_config:/home/student/my_ur_ws/install/my_ur_moveit_config:/home/student/my_ur_ws/install/my_ur_description:/home/student/my_ur_ws/install/my_ur_demo_cpp:/home/student/my_ur_ws/install/my_ur:/home/student/microROS_agent_ws/install/micro_ros_agent:/home/student/xarm_ws/install/xarm_planner:/home/student/xarm_ws/install/xarm_moveit_servo:/home/student/xarm_ws/install/xarm_moveit_config:/home/student/xarm_ws/install/xarm_gazebo:/home/student/xarm_ws/install/xarm_controller:/home/student/xarm_ws/install/xarm_api:/home/student/xarm_ws/install/xarm_sdk:/home/student/xarm_ws/install/xarm_msgs:/home/student/xarm_ws/install/xarm_description:/home/student/xarm_ws/install/mbot_demo:/home/student/xarm_ws/install/realsense_gazebo_plugin:/opt/ros/jazzy/opt/gz_sim_vendor:/opt/ros/jazzy/opt/gz_sensors_vendor:/opt/ros/jazzy/opt/gz_physics_vendor:/opt/ros/jazzy/opt/sdformat_vendor:/opt/ros/jazzy/opt/gz_gui_vendor:/opt/ros/jazzy/opt/gz_transport_vendor:/opt/ros/jazzy/opt/gz_rendering_vendor:/opt/ros/jazzy/opt/gz_plugin_vendor:/opt/ros/jazzy/opt/gz_fuel_tools_vendor:/opt/ros/jazzy/opt/gz_msgs_vendor:/opt/ros/jazzy/opt/gz_common_vendor:/opt/ros/jazzy/opt/gz_math_vendor:/opt/ros/jazzy/opt/gz_utils_vendor:/opt/ros/jazzy/opt/gz_tools_vendor:/opt/ros/jazzy/opt/gz_ogre_next_vendor:/opt/ros/jazzy/opt/gz_dartsim_vendor:/opt/ros/jazzy/opt/gz_cmake_vendor:/home/student/Git-projects/install/robotiq_app:/home/student/ros2_industrial_ws/install/urdf_basics:/home/student/ros2_industrial_ws/install/transferframes:/home/student/ros2_industrial_ws/install/template_package_python:/home/student/ros2_industrial_ws/install/ros_industrial_utilities:/home/student/ros2_industrial_ws/install/ros_industrial_support:/home/student/ros2_industrial_ws/install/range_sensor:/home/student/ros2_industrial_ws/install/node_demo:/home/student/ros2_industrial_ws/install/manipulation:/home/student/ros2_industrial_ws/install/fanuc_robots:/home/student/my_ur_ws/install/my_ur_demo:/home/student/my_ur_ws/install/my_ur_bringup:/home/student/xarm_ws/install/uf_ros_lib:/opt/ros/jazzy DEBUGINFOD_URLS=https://debuginfod.ubuntu.com LD_LIBRARY_PATH=/home/student/Git-projects/eye_in_hand_A5/install/robotiq_driver/lib:/home/student/Git-projects/eye_in_hand_A5/install/serial/lib:${LD_LIBRARY_PATH} /usr/bin/cmake --install /home/student/Git-projects/eye_in_hand_A5/build/my_robotiq_controller
[31.082s] -- Install configuration: ""
[31.083s] -- Installing: /home/student/Git-projects/eye_in_hand_A5/install/my_robotiq_controller/share/ament_index/resource_index/rosidl_interfaces/my_robotiq_controller
[31.083s] -- Installing: /home/student/Git-projects/eye_in_hand_A5/install/my_robotiq_controller/share/my_robotiq_controller/srv/SetForce.json
[31.084s] -- Installing: /home/student/Git-projects/eye_in_hand_A5/install/my_robotiq_controller/share/my_robotiq_controller/srv/SetSpeed.json
[31.084s] -- Installing: /home/student/Git-projects/eye_in_hand_A5/install/my_robotiq_controller/include/my_robotiq_controller/my_robotiq_controller
[31.084s] -- Installing: /home/student/Git-projects/eye_in_hand_A5/install/my_robotiq_controller/include/my_robotiq_controller/my_robotiq_controller/srv
[31.085s] -- Installing: /home/student/Git-projects/eye_in_hand_A5/install/my_robotiq_controller/include/my_robotiq_controller/my_robotiq_controller/srv/detail
[31.085s] -- Installing: /home/student/Git-projects/eye_in_hand_A5/install/my_robotiq_controller/include/my_robotiq_controller/my_robotiq_controller/srv/detail/set_speed__functions.h
[31.085s] -- Installing: /home/student/Git-projects/eye_in_hand_A5/install/my_robotiq_controller/include/my_robotiq_controller/my_robotiq_controller/srv/detail/set_speed__functions.c
[31.086s] -- Installing: /home/student/Git-projects/eye_in_hand_A5/install/my_robotiq_controller/include/my_robotiq_controller/my_robotiq_controller/srv/detail/set_force__struct.h
[31.086s] -- Installing: /home/student/Git-projects/eye_in_hand_A5/install/my_robotiq_controller/include/my_robotiq_controller/my_robotiq_controller/srv/detail/set_speed__type_support.c
[31.086s] -- Installing: /home/student/Git-projects/eye_in_hand_A5/install/my_robotiq_controller/include/my_robotiq_controller/my_robotiq_controller/srv/detail/set_force__type_support.h
[31.086s] -- Installing: /home/student/Git-projects/eye_in_hand_A5/install/my_robotiq_controller/include/my_robotiq_controller/my_robotiq_controller/srv/detail/set_force__type_support.c
[31.087s] -- Installing: /home/student/Git-projects/eye_in_hand_A5/install/my_robotiq_controller/include/my_robotiq_controller/my_robotiq_controller/srv/detail/set_force__functions.h
[31.087s] -- Installing: /home/student/Git-projects/eye_in_hand_A5/install/my_robotiq_controller/include/my_robotiq_controller/my_robotiq_controller/srv/detail/set_force__description.c
[31.087s] -- Installing: /home/student/Git-projects/eye_in_hand_A5/install/my_robotiq_controller/include/my_robotiq_controller/my_robotiq_controller/srv/detail/set_force__functions.c
[31.088s] -- Installing: /home/student/Git-projects/eye_in_hand_A5/install/my_robotiq_controller/include/my_robotiq_controller/my_robotiq_controller/srv/detail/set_speed__type_support.h
[31.088s] -- Installing: /home/student/Git-projects/eye_in_hand_A5/install/my_robotiq_controller/include/my_robotiq_controller/my_robotiq_controller/srv/detail/set_speed__struct.h
[31.088s] -- Installing: /home/student/Git-projects/eye_in_hand_A5/install/my_robotiq_controller/include/my_robotiq_controller/my_robotiq_controller/srv/detail/set_speed__description.c
[31.089s] -- Installing: /home/student/Git-projects/eye_in_hand_A5/install/my_robotiq_controller/include/my_robotiq_controller/my_robotiq_controller/srv/set_force.h
[31.089s] -- Installing: /home/student/Git-projects/eye_in_hand_A5/install/my_robotiq_controller/include/my_robotiq_controller/my_robotiq_controller/srv/set_speed.h
[31.089s] -- Installing: /home/student/Git-projects/eye_in_hand_A5/install/my_robotiq_controller/include/my_robotiq_controller/my_robotiq_controller/msg
[31.090s] -- Installing: /home/student/Git-projects/eye_in_hand_A5/install/my_robotiq_controller/include/my_robotiq_controller/my_robotiq_controller/msg/rosidl_generator_c__visibility_control.h
[31.090s] -- Installing: /home/student/Git-projects/eye_in_hand_A5/install/my_robotiq_controller/share/my_robotiq_controller/environment/library_path.sh
[31.091s] -- Installing: /home/student/Git-projects/eye_in_hand_A5/install/my_robotiq_controller/share/my_robotiq_controller/environment/library_path.dsv
[31.091s] -- Installing: /home/student/Git-projects/eye_in_hand_A5/install/my_robotiq_controller/lib/libmy_robotiq_controller__rosidl_generator_c.so
[31.091s] -- Set non-toolchain portion of runtime path of "/home/student/Git-projects/eye_in_hand_A5/install/my_robotiq_controller/lib/libmy_robotiq_controller__rosidl_generator_c.so" to ""
[31.091s] -- Up-to-date: /home/student/Git-projects/eye_in_hand_A5/install/my_robotiq_controller/include/my_robotiq_controller/my_robotiq_controller
[31.091s] -- Up-to-date: /home/student/Git-projects/eye_in_hand_A5/install/my_robotiq_controller/include/my_robotiq_controller/my_robotiq_controller/srv
[31.091s] -- Up-to-date: /home/student/Git-projects/eye_in_hand_A5/install/my_robotiq_controller/include/my_robotiq_controller/my_robotiq_controller/srv/detail
[31.091s] -- Installing: /home/student/Git-projects/eye_in_hand_A5/install/my_robotiq_controller/include/my_robotiq_controller/my_robotiq_controller/srv/detail/set_force__rosidl_typesupport_fastrtps_c.h
[31.092s] -- Installing: /home/student/Git-projects/eye_in_hand_A5/install/my_robotiq_controller/include/my_robotiq_controller/my_robotiq_controller/srv/detail/set_speed__rosidl_typesupport_fastrtps_c.h
[31.092s] -- Up-to-date: /home/student/Git-projects/eye_in_hand_A5/install/my_robotiq_controller/include/my_robotiq_controller/my_robotiq_controller/msg
[31.092s] -- Installing: /home/student/Git-projects/eye_in_hand_A5/install/my_robotiq_controller/include/my_robotiq_controller/my_robotiq_controller/msg/rosidl_typesupport_fastrtps_c__visibility_control.h
[31.092s] -- Installing: /home/student/Git-projects/eye_in_hand_A5/install/my_robotiq_controller/lib/libmy_robotiq_controller__rosidl_typesupport_fastrtps_c.so
[31.092s] -- Set non-toolchain portion of runtime path of "/home/student/Git-projects/eye_in_hand_A5/install/my_robotiq_controller/lib/libmy_robotiq_controller__rosidl_typesupport_fastrtps_c.so" to ""
[31.092s] -- Up-to-date: /home/student/Git-projects/eye_in_hand_A5/install/my_robotiq_controller/include/my_robotiq_controller/my_robotiq_controller
[31.092s] -- Up-to-date: /home/student/Git-projects/eye_in_hand_A5/install/my_robotiq_controller/include/my_robotiq_controller/my_robotiq_controller/srv
[31.092s] -- Up-to-date: /home/student/Git-projects/eye_in_hand_A5/install/my_robotiq_controller/include/my_robotiq_controller/my_robotiq_controller/srv/detail
[31.093s] -- Installing: /home/student/Git-projects/eye_in_hand_A5/install/my_robotiq_controller/include/my_robotiq_controller/my_robotiq_controller/srv/detail/set_force__type_support.hpp
[31.093s] -- Installing: /home/student/Git-projects/eye_in_hand_A5/install/my_robotiq_controller/include/my_robotiq_controller/my_robotiq_controller/srv/detail/set_force__builder.hpp
[31.093s] -- Installing: /home/student/Git-projects/eye_in_hand_A5/install/my_robotiq_controller/include/my_robotiq_controller/my_robotiq_controller/srv/detail/set_force__traits.hpp
[31.093s] -- Installing: /home/student/Git-projects/eye_in_hand_A5/install/my_robotiq_controller/include/my_robotiq_controller/my_robotiq_controller/srv/detail/set_speed__builder.hpp
[31.093s] -- Installing: /home/student/Git-projects/eye_in_hand_A5/install/my_robotiq_controller/include/my_robotiq_controller/my_robotiq_controller/srv/detail/set_speed__type_support.hpp
[31.093s] -- Installing: /home/student/Git-projects/eye_in_hand_A5/install/my_robotiq_controller/include/my_robotiq_controller/my_robotiq_controller/srv/detail/set_speed__traits.hpp
[31.093s] -- Installing: /home/student/Git-projects/eye_in_hand_A5/install/my_robotiq_controller/include/my_robotiq_controller/my_robotiq_controller/srv/detail/set_force__struct.hpp
[31.093s] -- Installing: /home/student/Git-projects/eye_in_hand_A5/install/my_robotiq_controller/include/my_robotiq_controller/my_robotiq_controller/srv/detail/set_speed__struct.hpp
[31.094s] -- Installing: /home/student/Git-projects/eye_in_hand_A5/install/my_robotiq_controller/include/my_robotiq_controller/my_robotiq_controller/srv/set_speed.hpp
[31.094s] -- Installing: /home/student/Git-projects/eye_in_hand_A5/install/my_robotiq_controller/include/my_robotiq_controller/my_robotiq_controller/srv/set_force.hpp
[31.094s] -- Up-to-date: /home/student/Git-projects/eye_in_hand_A5/install/my_robotiq_controller/include/my_robotiq_controller/my_robotiq_controller/msg
[31.095s] -- Installing: /home/student/Git-projects/eye_in_hand_A5/install/my_robotiq_controller/include/my_robotiq_controller/my_robotiq_controller/msg/rosidl_generator_cpp__visibility_control.hpp
[31.095s] -- Up-to-date: /home/student/Git-projects/eye_in_hand_A5/install/my_robotiq_controller/include/my_robotiq_controller/my_robotiq_controller
[31.095s] -- Up-to-date: /home/student/Git-projects/eye_in_hand_A5/install/my_robotiq_controller/include/my_robotiq_controller/my_robotiq_controller/srv
[31.095s] -- Up-to-date: /home/student/Git-projects/eye_in_hand_A5/install/my_robotiq_controller/include/my_robotiq_controller/my_robotiq_controller/srv/detail
[31.095s] -- Installing: /home/student/Git-projects/eye_in_hand_A5/install/my_robotiq_controller/include/my_robotiq_controller/my_robotiq_controller/srv/detail/set_speed__rosidl_typesupport_fastrtps_cpp.hpp
[31.095s] -- Installing: /home/student/Git-projects/eye_in_hand_A5/install/my_robotiq_controller/include/my_robotiq_controller/my_robotiq_controller/srv/detail/dds_fastrtps
[31.095s] -- Installing: /home/student/Git-projects/eye_in_hand_A5/install/my_robotiq_controller/include/my_robotiq_controller/my_robotiq_controller/srv/detail/set_force__rosidl_typesupport_fastrtps_cpp.hpp
[31.095s] -- Up-to-date: /home/student/Git-projects/eye_in_hand_A5/install/my_robotiq_controller/include/my_robotiq_controller/my_robotiq_controller/msg
[31.095s] -- Installing: /home/student/Git-projects/eye_in_hand_A5/install/my_robotiq_controller/include/my_robotiq_controller/my_robotiq_controller/msg/rosidl_typesupport_fastrtps_cpp__visibility_control.h
[31.095s] -- Installing: /home/student/Git-projects/eye_in_hand_A5/install/my_robotiq_controller/lib/libmy_robotiq_controller__rosidl_typesupport_fastrtps_cpp.so
[31.095s] -- Set non-toolchain portion of runtime path of "/home/student/Git-projects/eye_in_hand_A5/install/my_robotiq_controller/lib/libmy_robotiq_controller__rosidl_typesupport_fastrtps_cpp.so" to ""
[31.096s] -- Up-to-date: /home/student/Git-projects/eye_in_hand_A5/install/my_robotiq_controller/include/my_robotiq_controller/my_robotiq_controller
[31.096s] -- Up-to-date: /home/student/Git-projects/eye_in_hand_A5/install/my_robotiq_controller/include/my_robotiq_controller/my_robotiq_controller/srv
[31.096s] -- Up-to-date: /home/student/Git-projects/eye_in_hand_A5/install/my_robotiq_controller/include/my_robotiq_controller/my_robotiq_controller/srv/detail
[31.096s] -- Installing: /home/student/Git-projects/eye_in_hand_A5/install/my_robotiq_controller/include/my_robotiq_controller/my_robotiq_controller/srv/detail/set_force__rosidl_typesupport_introspection_c.h
[31.096s] -- Installing: /home/student/Git-projects/eye_in_hand_A5/install/my_robotiq_controller/include/my_robotiq_controller/my_robotiq_controller/srv/detail/set_speed__type_support.c
[31.096s] -- Installing: /home/student/Git-projects/eye_in_hand_A5/install/my_robotiq_controller/include/my_robotiq_controller/my_robotiq_controller/srv/detail/set_force__type_support.c
[31.096s] -- Installing: /home/student/Git-projects/eye_in_hand_A5/install/my_robotiq_controller/include/my_robotiq_controller/my_robotiq_controller/srv/detail/set_speed__rosidl_typesupport_introspection_c.h
[31.096s] -- Up-to-date: /home/student/Git-projects/eye_in_hand_A5/install/my_robotiq_controller/include/my_robotiq_controller/my_robotiq_controller/msg
[31.097s] -- Installing: /home/student/Git-projects/eye_in_hand_A5/install/my_robotiq_controller/include/my_robotiq_controller/my_robotiq_controller/msg/rosidl_typesupport_introspection_c__visibility_control.h
[31.097s] -- Installing: /home/student/Git-projects/eye_in_hand_A5/install/my_robotiq_controller/lib/libmy_robotiq_controller__rosidl_typesupport_introspection_c.so
[31.097s] -- Set non-toolchain portion of runtime path of "/home/student/Git-projects/eye_in_hand_A5/install/my_robotiq_controller/lib/libmy_robotiq_controller__rosidl_typesupport_introspection_c.so" to ""
[31.097s] -- Installing: /home/student/Git-projects/eye_in_hand_A5/install/my_robotiq_controller/lib/libmy_robotiq_controller__rosidl_typesupport_c.so
[31.097s] -- Set non-toolchain portion of runtime path of "/home/student/Git-projects/eye_in_hand_A5/install/my_robotiq_controller/lib/libmy_robotiq_controller__rosidl_typesupport_c.so" to ""
[31.097s] -- Up-to-date: /home/student/Git-projects/eye_in_hand_A5/install/my_robotiq_controller/include/my_robotiq_controller/my_robotiq_controller
[31.097s] -- Up-to-date: /home/student/Git-projects/eye_in_hand_A5/install/my_robotiq_controller/include/my_robotiq_controller/my_robotiq_controller/srv
[31.097s] -- Up-to-date: /home/student/Git-projects/eye_in_hand_A5/install/my_robotiq_controller/include/my_robotiq_controller/my_robotiq_controller/srv/detail
[31.097s] -- Installing: /home/student/Git-projects/eye_in_hand_A5/install/my_robotiq_controller/include/my_robotiq_controller/my_robotiq_controller/srv/detail/set_force__rosidl_typesupport_introspection_cpp.hpp
[31.097s] -- Installing: /home/student/Git-projects/eye_in_hand_A5/install/my_robotiq_controller/include/my_robotiq_controller/my_robotiq_controller/srv/detail/set_speed__type_support.cpp
[31.097s] -- Installing: /home/student/Git-projects/eye_in_hand_A5/install/my_robotiq_controller/include/my_robotiq_controller/my_robotiq_controller/srv/detail/set_speed__rosidl_typesupport_introspection_cpp.hpp
[31.098s] -- Installing: /home/student/Git-projects/eye_in_hand_A5/install/my_robotiq_controller/include/my_robotiq_controller/my_robotiq_controller/srv/detail/set_force__type_support.cpp
[31.098s] -- Installing: /home/student/Git-projects/eye_in_hand_A5/install/my_robotiq_controller/lib/libmy_robotiq_controller__rosidl_typesupport_introspection_cpp.so
[31.098s] -- Set non-toolchain portion of runtime path of "/home/student/Git-projects/eye_in_hand_A5/install/my_robotiq_controller/lib/libmy_robotiq_controller__rosidl_typesupport_introspection_cpp.so" to ""
[31.098s] -- Installing: /home/student/Git-projects/eye_in_hand_A5/install/my_robotiq_controller/lib/libmy_robotiq_controller__rosidl_typesupport_cpp.so
[31.098s] -- Set non-toolchain portion of runtime path of "/home/student/Git-projects/eye_in_hand_A5/install/my_robotiq_controller/lib/libmy_robotiq_controller__rosidl_typesupport_cpp.so" to ""
[31.098s] -- Installing: /home/student/Git-projects/eye_in_hand_A5/install/my_robotiq_controller/share/my_robotiq_controller/environment/pythonpath.sh
[31.098s] -- Installing: /home/student/Git-projects/eye_in_hand_A5/install/my_robotiq_controller/share/my_robotiq_controller/environment/pythonpath.dsv
[31.098s] -- Installing: /home/student/Git-projects/eye_in_hand_A5/install/my_robotiq_controller/lib/python3.12/site-packages/my_robotiq_controller-0.0.0-py3.12.egg-info
[31.098s] -- Installing: /home/student/Git-projects/eye_in_hand_A5/install/my_robotiq_controller/lib/python3.12/site-packages/my_robotiq_controller-0.0.0-py3.12.egg-info/dependency_links.txt
[31.099s] -- Installing: /home/student/Git-projects/eye_in_hand_A5/install/my_robotiq_controller/lib/python3.12/site-packages/my_robotiq_controller-0.0.0-py3.12.egg-info/top_level.txt
[31.099s] -- Installing: /home/student/Git-projects/eye_in_hand_A5/install/my_robotiq_controller/lib/python3.12/site-packages/my_robotiq_controller-0.0.0-py3.12.egg-info/SOURCES.txt
[31.099s] -- Installing: /home/student/Git-projects/eye_in_hand_A5/install/my_robotiq_controller/lib/python3.12/site-packages/my_robotiq_controller-0.0.0-py3.12.egg-info/PKG-INFO
[31.099s] -- Installing: /home/student/Git-projects/eye_in_hand_A5/install/my_robotiq_controller/lib/python3.12/site-packages/my_robotiq_controller
[31.099s] -- Installing: /home/student/Git-projects/eye_in_hand_A5/install/my_robotiq_controller/lib/python3.12/site-packages/my_robotiq_controller/my_robotiq_controller_s__rosidl_typesupport_fastrtps_c.so
[31.099s] -- Installing: /home/student/Git-projects/eye_in_hand_A5/install/my_robotiq_controller/lib/python3.12/site-packages/my_robotiq_controller/my_robotiq_controller_s__rosidl_typesupport_c.so
[31.099s] -- Installing: /home/student/Git-projects/eye_in_hand_A5/install/my_robotiq_controller/lib/python3.12/site-packages/my_robotiq_controller/my_robotiq_controller_s__rosidl_typesupport_introspection_c.so
[31.099s] -- Installing: /home/student/Git-projects/eye_in_hand_A5/install/my_robotiq_controller/lib/python3.12/site-packages/my_robotiq_controller/_my_robotiq_controller_s.ep.rosidl_typesupport_fastrtps_c.c
[31.100s] -- Installing: /home/student/Git-projects/eye_in_hand_A5/install/my_robotiq_controller/lib/python3.12/site-packages/my_robotiq_controller/_my_robotiq_controller_s.ep.rosidl_typesupport_introspection_c.c
[31.100s] -- Installing: /home/student/Git-projects/eye_in_hand_A5/install/my_robotiq_controller/lib/python3.12/site-packages/my_robotiq_controller/_my_robotiq_controller_s.ep.rosidl_typesupport_c.c
[31.100s] -- Installing: /home/student/Git-projects/eye_in_hand_A5/install/my_robotiq_controller/lib/python3.12/site-packages/my_robotiq_controller/__init__.py
[31.100s] -- Installing: /home/student/Git-projects/eye_in_hand_A5/install/my_robotiq_controller/lib/python3.12/site-packages/my_robotiq_controller/srv
[31.100s] -- Installing: /home/student/Git-projects/eye_in_hand_A5/install/my_robotiq_controller/lib/python3.12/site-packages/my_robotiq_controller/srv/_set_force_s.c
[31.101s] -- Installing: /home/student/Git-projects/eye_in_hand_A5/install/my_robotiq_controller/lib/python3.12/site-packages/my_robotiq_controller/srv/_set_speed_s.c
[31.101s] -- Installing: /home/student/Git-projects/eye_in_hand_A5/install/my_robotiq_controller/lib/python3.12/site-packages/my_robotiq_controller/srv/__init__.py
[31.101s] -- Installing: /home/student/Git-projects/eye_in_hand_A5/install/my_robotiq_controller/lib/python3.12/site-packages/my_robotiq_controller/srv/_set_speed.py
[31.102s] -- Installing: /home/student/Git-projects/eye_in_hand_A5/install/my_robotiq_controller/lib/python3.12/site-packages/my_robotiq_controller/srv/_set_force.py
[31.193s] Listing '/home/student/Git-projects/eye_in_hand_A5/install/my_robotiq_controller/lib/python3.12/site-packages/my_robotiq_controller'...
[31.193s] Compiling '/home/student/Git-projects/eye_in_hand_A5/install/my_robotiq_controller/lib/python3.12/site-packages/my_robotiq_controller/__init__.py'...
[31.193s] Listing '/home/student/Git-projects/eye_in_hand_A5/install/my_robotiq_controller/lib/python3.12/site-packages/my_robotiq_controller/srv'...
[31.193s] Compiling '/home/student/Git-projects/eye_in_hand_A5/install/my_robotiq_controller/lib/python3.12/site-packages/my_robotiq_controller/srv/__init__.py'...
[31.194s] Compiling '/home/student/Git-projects/eye_in_hand_A5/install/my_robotiq_controller/lib/python3.12/site-packages/my_robotiq_controller/srv/_set_force.py'...
[31.194s] Compiling '/home/student/Git-projects/eye_in_hand_A5/install/my_robotiq_controller/lib/python3.12/site-packages/my_robotiq_controller/srv/_set_speed.py'...
[31.201s] -- Installing: /home/student/Git-projects/eye_in_hand_A5/install/my_robotiq_controller/lib/python3.12/site-packages/my_robotiq_controller/my_robotiq_controller_s__rosidl_typesupport_fastrtps_c.so
[31.202s] -- Set non-toolchain portion of runtime path of "/home/student/Git-projects/eye_in_hand_A5/install/my_robotiq_controller/lib/python3.12/site-packages/my_robotiq_controller/my_robotiq_controller_s__rosidl_typesupport_fastrtps_c.so" to ""
[31.202s] -- Installing: /home/student/Git-projects/eye_in_hand_A5/install/my_robotiq_controller/lib/python3.12/site-packages/my_robotiq_controller/my_robotiq_controller_s__rosidl_typesupport_introspection_c.so
[31.203s] -- Set non-toolchain portion of runtime path of "/home/student/Git-projects/eye_in_hand_A5/install/my_robotiq_controller/lib/python3.12/site-packages/my_robotiq_controller/my_robotiq_controller_s__rosidl_typesupport_introspection_c.so" to ""
[31.203s] -- Installing: /home/student/Git-projects/eye_in_hand_A5/install/my_robotiq_controller/lib/python3.12/site-packages/my_robotiq_controller/my_robotiq_controller_s__rosidl_typesupport_c.so
[31.204s] -- Set non-toolchain portion of runtime path of "/home/student/Git-projects/eye_in_hand_A5/install/my_robotiq_controller/lib/python3.12/site-packages/my_robotiq_controller/my_robotiq_controller_s__rosidl_typesupport_c.so" to ""
[31.205s] -- Installing: /home/student/Git-projects/eye_in_hand_A5/install/my_robotiq_controller/lib/libmy_robotiq_controller__rosidl_generator_py.so
[31.205s] -- Set non-toolchain portion of runtime path of "/home/student/Git-projects/eye_in_hand_A5/install/my_robotiq_controller/lib/libmy_robotiq_controller__rosidl_generator_py.so" to ""
[31.207s] -- Installing: /home/student/Git-projects/eye_in_hand_A5/install/my_robotiq_controller/share/ament_index/resource_index/rust_packages/my_robotiq_controller
[31.207s] -- Installing: /home/student/Git-projects/eye_in_hand_A5/install/my_robotiq_controller/share/my_robotiq_controller/rust
[31.207s] -- Installing: /home/student/Git-projects/eye_in_hand_A5/install/my_robotiq_controller/share/my_robotiq_controller/rust/build.rs
[31.207s] -- Installing: /home/student/Git-projects/eye_in_hand_A5/install/my_robotiq_controller/share/my_robotiq_controller/rust/Cargo.toml
[31.207s] -- Installing: /home/student/Git-projects/eye_in_hand_A5/install/my_robotiq_controller/share/my_robotiq_controller/rust/src
[31.207s] -- Installing: /home/student/Git-projects/eye_in_hand_A5/install/my_robotiq_controller/share/my_robotiq_controller/rust/src/srv
[31.207s] -- Installing: /home/student/Git-projects/eye_in_hand_A5/install/my_robotiq_controller/share/my_robotiq_controller/rust/src/srv/rmw.rs
[31.208s] -- Installing: /home/student/Git-projects/eye_in_hand_A5/install/my_robotiq_controller/share/my_robotiq_controller/rust/src/lib.rs
[31.208s] -- Installing: /home/student/Git-projects/eye_in_hand_A5/install/my_robotiq_controller/share/my_robotiq_controller/rust/src/srv.rs
[31.208s] -- Installing: /home/student/Git-projects/eye_in_hand_A5/install/my_robotiq_controller/share/my_robotiq_controller/srv/SetForce.idl
[31.208s] -- Installing: /home/student/Git-projects/eye_in_hand_A5/install/my_robotiq_controller/share/my_robotiq_controller/srv/SetSpeed.idl
[31.210s] -- Installing: /home/student/Git-projects/eye_in_hand_A5/install/my_robotiq_controller/share/my_robotiq_controller/srv/SetForce.srv
[31.210s] -- Installing: /home/student/Git-projects/eye_in_hand_A5/install/my_robotiq_controller/share/my_robotiq_controller/srv/SetSpeed.srv
[31.210s] -- Installing: /home/student/Git-projects/eye_in_hand_A5/install/my_robotiq_controller/lib/my_robotiq_controller/robotiq_controller
[31.220s] -- Set non-toolchain portion of runtime path of "/home/student/Git-projects/eye_in_hand_A5/install/my_robotiq_controller/lib/my_robotiq_controller/robotiq_controller" to ""
[31.220s] -- Up-to-date: /home/student/Git-projects/eye_in_hand_A5/install/my_robotiq_controller/include
[31.221s] -- Up-to-date: /home/student/Git-projects/eye_in_hand_A5/install/my_robotiq_controller/include/my_robotiq_controller
[31.221s] -- Installing: /home/student/Git-projects/eye_in_hand_A5/install/my_robotiq_controller/include/my_robotiq_controller/robotiq_controller.hpp
[31.221s] -- Installing: /home/student/Git-projects/eye_in_hand_A5/install/my_robotiq_controller/share/my_robotiq_controller/launch
[31.222s] -- Installing: /home/student/Git-projects/eye_in_hand_A5/install/my_robotiq_controller/share/my_robotiq_controller/launch/robotiq_controller.launch.py
[31.222s] -- Installing: /home/student/Git-projects/eye_in_hand_A5/install/my_robotiq_controller/share/ament_index/resource_index/package_run_dependencies/my_robotiq_controller
[31.222s] -- Installing: /home/student/Git-projects/eye_in_hand_A5/install/my_robotiq_controller/share/ament_index/resource_index/parent_prefix_path/my_robotiq_controller
[31.223s] -- Installing: /home/student/Git-projects/eye_in_hand_A5/install/my_robotiq_controller/share/my_robotiq_controller/environment/ament_prefix_path.sh
[31.223s] -- Installing: /home/student/Git-projects/eye_in_hand_A5/install/my_robotiq_controller/share/my_robotiq_controller/environment/ament_prefix_path.dsv
[31.223s] -- Installing: /home/student/Git-projects/eye_in_hand_A5/install/my_robotiq_controller/share/my_robotiq_controller/environment/path.sh
[31.223s] -- Installing: /home/student/Git-projects/eye_in_hand_A5/install/my_robotiq_controller/share/my_robotiq_controller/environment/path.dsv
[31.223s] -- Installing: /home/student/Git-projects/eye_in_hand_A5/install/my_robotiq_controller/share/my_robotiq_controller/local_setup.bash
[31.224s] -- Installing: /home/student/Git-projects/eye_in_hand_A5/install/my_robotiq_controller/share/my_robotiq_controller/local_setup.sh
[31.224s] -- Installing: /home/student/Git-projects/eye_in_hand_A5/install/my_robotiq_controller/share/my_robotiq_controller/local_setup.zsh
[31.224s] -- Installing: /home/student/Git-projects/eye_in_hand_A5/install/my_robotiq_controller/share/my_robotiq_controller/local_setup.dsv
[31.225s] -- Installing: /home/student/Git-projects/eye_in_hand_A5/install/my_robotiq_controller/share/my_robotiq_controller/package.dsv
[31.225s] -- Installing: /home/student/Git-projects/eye_in_hand_A5/install/my_robotiq_controller/share/ament_index/resource_index/packages/my_robotiq_controller
[31.226s] -- Installing: /home/student/Git-projects/eye_in_hand_A5/install/my_robotiq_controller/share/my_robotiq_controller/cmake/export_my_robotiq_controller__rosidl_generator_cExport.cmake
[31.226s] -- Installing: /home/student/Git-projects/eye_in_hand_A5/install/my_robotiq_controller/share/my_robotiq_controller/cmake/export_my_robotiq_controller__rosidl_generator_cExport-noconfig.cmake
[31.226s] -- Installing: /home/student/Git-projects/eye_in_hand_A5/install/my_robotiq_controller/share/my_robotiq_controller/cmake/export_my_robotiq_controller__rosidl_typesupport_fastrtps_cExport.cmake
[31.226s] -- Installing: /home/student/Git-projects/eye_in_hand_A5/install/my_robotiq_controller/share/my_robotiq_controller/cmake/export_my_robotiq_controller__rosidl_typesupport_fastrtps_cExport-noconfig.cmake
[31.227s] -- Installing: /home/student/Git-projects/eye_in_hand_A5/install/my_robotiq_controller/share/my_robotiq_controller/cmake/export_my_robotiq_controller__rosidl_generator_cppExport.cmake
[31.227s] -- Installing: /home/student/Git-projects/eye_in_hand_A5/install/my_robotiq_controller/share/my_robotiq_controller/cmake/export_my_robotiq_controller__rosidl_typesupport_fastrtps_cppExport.cmake
[31.227s] -- Installing: /home/student/Git-projects/eye_in_hand_A5/install/my_robotiq_controller/share/my_robotiq_controller/cmake/export_my_robotiq_controller__rosidl_typesupport_fastrtps_cppExport-noconfig.cmake
[31.228s] -- Installing: /home/student/Git-projects/eye_in_hand_A5/install/my_robotiq_controller/share/my_robotiq_controller/cmake/my_robotiq_controller__rosidl_typesupport_introspection_cExport.cmake
[31.228s] -- Installing: /home/student/Git-projects/eye_in_hand_A5/install/my_robotiq_controller/share/my_robotiq_controller/cmake/my_robotiq_controller__rosidl_typesupport_introspection_cExport-noconfig.cmake
[31.228s] -- Installing: /home/student/Git-projects/eye_in_hand_A5/install/my_robotiq_controller/share/my_robotiq_controller/cmake/my_robotiq_controller__rosidl_typesupport_cExport.cmake
[31.228s] -- Installing: /home/student/Git-projects/eye_in_hand_A5/install/my_robotiq_controller/share/my_robotiq_controller/cmake/my_robotiq_controller__rosidl_typesupport_cExport-noconfig.cmake
[31.229s] -- Installing: /home/student/Git-projects/eye_in_hand_A5/install/my_robotiq_controller/share/my_robotiq_controller/cmake/my_robotiq_controller__rosidl_typesupport_introspection_cppExport.cmake
[31.229s] -- Installing: /home/student/Git-projects/eye_in_hand_A5/install/my_robotiq_controller/share/my_robotiq_controller/cmake/my_robotiq_controller__rosidl_typesupport_introspection_cppExport-noconfig.cmake
[31.229s] -- Installing: /home/student/Git-projects/eye_in_hand_A5/install/my_robotiq_controller/share/my_robotiq_controller/cmake/my_robotiq_controller__rosidl_typesupport_cppExport.cmake
[31.230s] -- Installing: /home/student/Git-projects/eye_in_hand_A5/install/my_robotiq_controller/share/my_robotiq_controller/cmake/my_robotiq_controller__rosidl_typesupport_cppExport-noconfig.cmake
[31.230s] -- Installing: /home/student/Git-projects/eye_in_hand_A5/install/my_robotiq_controller/share/my_robotiq_controller/cmake/export_my_robotiq_controller__rosidl_generator_pyExport.cmake
[31.230s] -- Installing: /home/student/Git-projects/eye_in_hand_A5/install/my_robotiq_controller/share/my_robotiq_controller/cmake/export_my_robotiq_controller__rosidl_generator_pyExport-noconfig.cmake
[31.230s] -- Installing: /home/student/Git-projects/eye_in_hand_A5/install/my_robotiq_controller/share/my_robotiq_controller/cmake/rosidl_cmake-extras.cmake
[31.231s] -- Installing: /home/student/Git-projects/eye_in_hand_A5/install/my_robotiq_controller/share/my_robotiq_controller/cmake/ament_cmake_export_dependencies-extras.cmake
[31.231s] -- Installing: /home/student/Git-projects/eye_in_hand_A5/install/my_robotiq_controller/share/my_robotiq_controller/cmake/ament_cmake_export_include_directories-extras.cmake
[31.231s] -- Installing: /home/student/Git-projects/eye_in_hand_A5/install/my_robotiq_controller/share/my_robotiq_controller/cmake/ament_cmake_export_libraries-extras.cmake
[31.232s] -- Installing: /home/student/Git-projects/eye_in_hand_A5/install/my_robotiq_controller/share/my_robotiq_controller/cmake/ament_cmake_export_targets-extras.cmake
[31.232s] -- Installing: /home/student/Git-projects/eye_in_hand_A5/install/my_robotiq_controller/share/my_robotiq_controller/cmake/rosidl_cmake_export_typesupport_targets-extras.cmake
[31.232s] -- Installing: /home/student/Git-projects/eye_in_hand_A5/install/my_robotiq_controller/share/my_robotiq_controller/cmake/rosidl_cmake_export_typesupport_libraries-extras.cmake
[31.232s] -- Installing: /home/student/Git-projects/eye_in_hand_A5/install/my_robotiq_controller/share/my_robotiq_controller/cmake/my_robotiq_controllerConfig.cmake
[31.233s] -- Installing: /home/student/Git-projects/eye_in_hand_A5/install/my_robotiq_controller/share/my_robotiq_controller/cmake/my_robotiq_controllerConfig-version.cmake
[31.233s] -- Installing: /home/student/Git-projects/eye_in_hand_A5/install/my_robotiq_controller/share/my_robotiq_controller/package.xml
[31.236s] Invoked command in '/home/student/Git-projects/eye_in_hand_A5/build/my_robotiq_controller' returned '0': AMENT_PREFIX_PATH=/home/student/Git-projects/eye_in_hand_A5/install/robotiq_driver:/home/student/Git-projects/eye_in_hand_A5/install/serial:${AMENT_PREFIX_PATH} CMAKE_PREFIX_PATH=/home/student/Git-projects/eye_in_hand_A5/install/robotiq_driver:/home/student/Git-projects/eye_in_hand_A5/install/serial:/home/student/Git-projects/install/robotiq_hardware_tests:/home/student/Git-projects/install/my_robotiq_controller:/home/student/Git-projects/install/robotiq_driver:/home/student/Git-projects/install/serial:/home/student/Git-projects/install/robotiq_description:/home/student/Git-projects/install/robotiq_controllers:/home/student/Git-projects/install/eye_in_hand_pkg:/home/student/Git-projects/install/eye_in_hand_interfaces:/home/student/ros2_industrial_ws/install/transferframes_moveit_config:/home/student/ros2_industrial_ws/install/template_interfaces:/home/student/ros2_industrial_ws/install/ros_industrial_sensors:/home/student/ros2_industrial_ws/install/ros_industrial_actuators:/home/student/ros2_industrial_ws/install/ros_industrial_msgs:/home/student/ros2_industrial_ws/install/ros_industrial_install:/home/student/ros2_industrial_ws/install/range_sensor_cpp:/home/student/ros2_industrial_ws/install/range_sensors_interfaces:/home/student/ros2_industrial_ws/install/pymoveit2:/home/student/ros2_industrial_ws/install/my_moveit_python:/home/student/ros2_industrial_ws/install/manipulation_moveit_config:/home/student/my_ur_ws/install/my_ur_moveit_config:/home/student/my_ur_ws/install/my_ur_description:/home/student/my_ur_ws/install/my_ur_demo_cpp:/home/student/my_ur_ws/install/my_ur:/home/student/microROS_agent_ws/install/micro_ros_agent:/home/student/xarm_ws/install/xarm_planner:/home/student/xarm_ws/install/xarm_moveit_servo:/home/student/xarm_ws/install/xarm_moveit_config:/home/student/xarm_ws/install/xarm_gazebo:/home/student/xarm_ws/install/xarm_controller:/home/student/xarm_ws/install/xarm_api:/home/student/xarm_ws/install/xarm_sdk:/home/student/xarm_ws/install/xarm_msgs:/home/student/xarm_ws/install/xarm_description:/home/student/xarm_ws/install/mbot_demo:/home/student/xarm_ws/install/realsense_gazebo_plugin:/opt/ros/jazzy/opt/gz_sim_vendor:/opt/ros/jazzy/opt/gz_sensors_vendor:/opt/ros/jazzy/opt/gz_physics_vendor:/opt/ros/jazzy/opt/sdformat_vendor:/opt/ros/jazzy/opt/gz_gui_vendor:/opt/ros/jazzy/opt/gz_transport_vendor:/opt/ros/jazzy/opt/gz_rendering_vendor:/opt/ros/jazzy/opt/gz_plugin_vendor:/opt/ros/jazzy/opt/gz_fuel_tools_vendor:/opt/ros/jazzy/opt/gz_msgs_vendor:/opt/ros/jazzy/opt/gz_common_vendor:/opt/ros/jazzy/opt/gz_math_vendor:/opt/ros/jazzy/opt/gz_utils_vendor:/opt/ros/jazzy/opt/gz_tools_vendor:/opt/ros/jazzy/opt/gz_ogre_next_vendor:/opt/ros/jazzy/opt/gz_dartsim_vendor:/opt/ros/jazzy/opt/gz_cmake_vendor:/home/student/Git-projects/install/robotiq_app:/home/student/ros2_industrial_ws/install/urdf_basics:/home/student/ros2_industrial_ws/install/transferframes:/home/student/ros2_industrial_ws/install/template_package_python:/home/student/ros2_industrial_ws/install/ros_industrial_utilities:/home/student/ros2_industrial_ws/install/ros_industrial_support:/home/student/ros2_industrial_ws/install/range_sensor:/home/student/ros2_industrial_ws/install/node_demo:/home/student/ros2_industrial_ws/install/manipulation:/home/student/ros2_industrial_ws/install/fanuc_robots:/home/student/my_ur_ws/install/my_ur_demo:/home/student/my_ur_ws/install/my_ur_bringup:/home/student/xarm_ws/install/uf_ros_lib:/opt/ros/jazzy DEBUGINFOD_URLS=https://debuginfod.ubuntu.com LD_LIBRARY_PATH=/home/student/Git-projects/eye_in_hand_A5/install/robotiq_driver/lib:/home/student/Git-projects/eye_in_hand_A5/install/serial/lib:${LD_LIBRARY_PATH} /usr/bin/cmake --install /home/student/Git-projects/eye_in_hand_A5/build/my_robotiq_controller
