[0.590s] Invoking command in '/home/student/Git-projects/eye_in_hand_A5/build/robotiq_controllers': CMAKE_PREFIX_PATH=${CMAKE_PREFIX_PATH}:/home/student/Git-projects/install/robotiq_app:/home/student/ros2_industrial_ws/install/urdf_basics:/home/student/ros2_industrial_ws/install/transferframes:/home/student/ros2_industrial_ws/install/template_package_python:/home/student/ros2_industrial_ws/install/ros_industrial_utilities:/home/student/ros2_industrial_ws/install/ros_industrial_support:/home/student/ros2_industrial_ws/install/range_sensor:/home/student/ros2_industrial_ws/install/node_demo:/home/student/ros2_industrial_ws/install/manipulation:/home/student/ros2_industrial_ws/install/fanuc_robots:/home/student/my_ur_ws/install/my_ur_demo:/home/student/my_ur_ws/install/my_ur_bringup:/home/student/xarm_ws/install/uf_ros_lib:/opt/ros/jazzy DEBUGINFOD_URLS=https://debuginfod.ubuntu.com /usr/bin/cmake /home/student/Git-projects/eye_in_hand_A5/src/ros2_robotiq_gripper/robotiq_controllers -DCMAKE_INSTALL_PREFIX=/home/student/Git-projects/eye_in_hand_A5/install/robotiq_controllers
[0.727s] -- The C compiler identification is GNU 13.3.0
[0.815s] -- The CXX compiler identification is GNU 13.3.0
[0.849s] -- Detecting C compiler ABI info
[1.089s] -- Detecting C compiler ABI info - done
[1.110s] -- Check for working C compiler: /usr/bin/cc - skipped
[1.111s] -- Detecting C compile features
[1.113s] -- Detecting C compile features - done
[1.133s] -- Detecting CXX compiler ABI info
[1.379s] -- Detecting CXX compiler ABI info - done
[1.400s] -- Check for working CXX compiler: /usr/bin/c++ - skipped
[1.400s] -- Detecting CXX compile features
[1.400s] -- Detecting CXX compile features - done
[1.419s] -- Found ament_cmake: 2.5.6 (/opt/ros/jazzy/share/ament_cmake/cmake)
[1.836s] -- Found Python3: /usr/bin/python3 (found version "3.12.3") found components: Interpreter 
[2.199s] -- Found controller_interface: 4.44.0 (/opt/ros/jazzy/share/controller_interface/cmake)
[2.701s] -- Found rosidl_generator_c: 4.6.7 (/opt/ros/jazzy/share/rosidl_generator_c/cmake)
[2.832s] -- Found rosidl_generator_cpp: 4.6.7 (/opt/ros/jazzy/share/rosidl_generator_cpp/cmake)
[2.956s] -- Using all available rosidl_typesupport_c: rosidl_typesupport_fastrtps_c;rosidl_typesupport_introspection_c
[3.093s] -- Using all available rosidl_typesupport_cpp: rosidl_typesupport_fastrtps_cpp;rosidl_typesupport_introspection_cpp
[4.158s] -- Found TinyXML2 via Config file: /usr/lib/x86_64-linux-gnu/cmake/tinyxml2
[4.371s] -- Found rmw_implementation_cmake: 7.3.3 (/opt/ros/jazzy/share/rmw_implementation_cmake/cmake)
[4.386s] -- Found rmw_fastrtps_cpp: 8.4.3 (/opt/ros/jazzy/share/rmw_fastrtps_cpp/cmake)
[4.478s] -- Found TinyXML2 via Config file: /usr/lib/x86_64-linux-gnu/cmake/tinyxml2
[4.756s] -- Found OpenSSL: /usr/lib/x86_64-linux-gnu/libcrypto.so (found version "3.0.13")  
[4.767s] -- Found TinyXML2 via Config file: /usr/lib/x86_64-linux-gnu/cmake/tinyxml2
[4.852s] -- Found FastRTPS: /opt/ros/jazzy/include (Required is at least version "2.13") 
[4.865s] -- Found TinyXML2 via Config file: /usr/lib/x86_64-linux-gnu/cmake/tinyxml2
[4.898s] -- Found TinyXML2 via Config file: /usr/lib/x86_64-linux-gnu/cmake/tinyxml2
[4.953s] -- Using RMW implementation 'rmw_fastrtps_cpp' as default
[6.669s] -- Found std_srvs: 5.3.7 (/opt/ros/jazzy/share/std_srvs/cmake)
[6.733s] -- Found ament_lint_auto: 0.17.5 (/opt/ros/jazzy/share/ament_lint_auto/cmake)
[7.083s] -- Added test 'cppcheck' to perform static code analysis on C / C++ code
[7.085s] -- Configured cppcheck include dirs: /home/student/Git-projects/eye_in_hand_A5/src/ros2_robotiq_gripper/robotiq_controllers/include
[7.086s] -- Configured cppcheck exclude dirs and/or files: 
[7.088s] -- Added test 'lint_cmake' to check CMake code style
[7.097s] -- Configuring done (6.5s)
[7.180s] -- Generating done (0.1s)
[7.195s] -- Build files have been written to: /home/student/Git-projects/eye_in_hand_A5/build/robotiq_controllers
[7.275s] Invoked command in '/home/student/Git-projects/eye_in_hand_A5/build/robotiq_controllers' returned '0': CMAKE_PREFIX_PATH=${CMAKE_PREFIX_PATH}:/home/student/Git-projects/install/robotiq_app:/home/student/ros2_industrial_ws/install/urdf_basics:/home/student/ros2_industrial_ws/install/transferframes:/home/student/ros2_industrial_ws/install/template_package_python:/home/student/ros2_industrial_ws/install/ros_industrial_utilities:/home/student/ros2_industrial_ws/install/ros_industrial_support:/home/student/ros2_industrial_ws/install/range_sensor:/home/student/ros2_industrial_ws/install/node_demo:/home/student/ros2_industrial_ws/install/manipulation:/home/student/ros2_industrial_ws/install/fanuc_robots:/home/student/my_ur_ws/install/my_ur_demo:/home/student/my_ur_ws/install/my_ur_bringup:/home/student/xarm_ws/install/uf_ros_lib:/opt/ros/jazzy DEBUGINFOD_URLS=https://debuginfod.ubuntu.com /usr/bin/cmake /home/student/Git-projects/eye_in_hand_A5/src/ros2_robotiq_gripper/robotiq_controllers -DCMAKE_INSTALL_PREFIX=/home/student/Git-projects/eye_in_hand_A5/install/robotiq_controllers
[7.276s] Invoking command in '/home/student/Git-projects/eye_in_hand_A5/build/robotiq_controllers': CMAKE_PREFIX_PATH=${CMAKE_PREFIX_PATH}:/home/student/Git-projects/install/robotiq_app:/home/student/ros2_industrial_ws/install/urdf_basics:/home/student/ros2_industrial_ws/install/transferframes:/home/student/ros2_industrial_ws/install/template_package_python:/home/student/ros2_industrial_ws/install/ros_industrial_utilities:/home/student/ros2_industrial_ws/install/ros_industrial_support:/home/student/ros2_industrial_ws/install/range_sensor:/home/student/ros2_industrial_ws/install/node_demo:/home/student/ros2_industrial_ws/install/manipulation:/home/student/ros2_industrial_ws/install/fanuc_robots:/home/student/my_ur_ws/install/my_ur_demo:/home/student/my_ur_ws/install/my_ur_bringup:/home/student/xarm_ws/install/uf_ros_lib:/opt/ros/jazzy DEBUGINFOD_URLS=https://debuginfod.ubuntu.com /usr/bin/cmake --build /home/student/Git-projects/eye_in_hand_A5/build/robotiq_controllers -- -j4 -l4
[7.452s] [ 50%] [32mBuilding CXX object CMakeFiles/robotiq_controllers.dir/src/robotiq_activation_controller.cpp.o[0m
[17.459s] [100%] [32m[1mLinking CXX shared library librobotiq_controllers.so[0m
[18.033s] [100%] Built target robotiq_controllers
[18.083s] Invoked command in '/home/student/Git-projects/eye_in_hand_A5/build/robotiq_controllers' returned '0': CMAKE_PREFIX_PATH=${CMAKE_PREFIX_PATH}:/home/student/Git-projects/install/robotiq_app:/home/student/ros2_industrial_ws/install/urdf_basics:/home/student/ros2_industrial_ws/install/transferframes:/home/student/ros2_industrial_ws/install/template_package_python:/home/student/ros2_industrial_ws/install/ros_industrial_utilities:/home/student/ros2_industrial_ws/install/ros_industrial_support:/home/student/ros2_industrial_ws/install/range_sensor:/home/student/ros2_industrial_ws/install/node_demo:/home/student/ros2_industrial_ws/install/manipulation:/home/student/ros2_industrial_ws/install/fanuc_robots:/home/student/my_ur_ws/install/my_ur_demo:/home/student/my_ur_ws/install/my_ur_bringup:/home/student/xarm_ws/install/uf_ros_lib:/opt/ros/jazzy DEBUGINFOD_URLS=https://debuginfod.ubuntu.com /usr/bin/cmake --build /home/student/Git-projects/eye_in_hand_A5/build/robotiq_controllers -- -j4 -l4
[18.084s] Invoking command in '/home/student/Git-projects/eye_in_hand_A5/build/robotiq_controllers': CMAKE_PREFIX_PATH=${CMAKE_PREFIX_PATH}:/home/student/Git-projects/install/robotiq_app:/home/student/ros2_industrial_ws/install/urdf_basics:/home/student/ros2_industrial_ws/install/transferframes:/home/student/ros2_industrial_ws/install/template_package_python:/home/student/ros2_industrial_ws/install/ros_industrial_utilities:/home/student/ros2_industrial_ws/install/ros_industrial_support:/home/student/ros2_industrial_ws/install/range_sensor:/home/student/ros2_industrial_ws/install/node_demo:/home/student/ros2_industrial_ws/install/manipulation:/home/student/ros2_industrial_ws/install/fanuc_robots:/home/student/my_ur_ws/install/my_ur_demo:/home/student/my_ur_ws/install/my_ur_bringup:/home/student/xarm_ws/install/uf_ros_lib:/opt/ros/jazzy DEBUGINFOD_URLS=https://debuginfod.ubuntu.com /usr/bin/cmake --install /home/student/Git-projects/eye_in_hand_A5/build/robotiq_controllers
[18.117s] -- Install configuration: ""
[18.117s] -- Installing: /home/student/Git-projects/eye_in_hand_A5/install/robotiq_controllers/share/robotiq_controllers/controller_plugins.xml
[18.119s] -- Installing: /home/student/Git-projects/eye_in_hand_A5/install/robotiq_controllers/lib/librobotiq_controllers.so
[18.123s] -- Set non-toolchain portion of runtime path of "/home/student/Git-projects/eye_in_hand_A5/install/robotiq_controllers/lib/librobotiq_controllers.so" to ""
[18.124s] -- Installing: /home/student/Git-projects/eye_in_hand_A5/install/robotiq_controllers/include
[18.124s] -- Installing: /home/student/Git-projects/eye_in_hand_A5/install/robotiq_controllers/include/robotiq_controllers
[18.124s] -- Installing: /home/student/Git-projects/eye_in_hand_A5/install/robotiq_controllers/include/robotiq_controllers/robotiq_activation_controller.hpp
[18.125s] -- Installing: /home/student/Git-projects/eye_in_hand_A5/install/robotiq_controllers/share/robotiq_controllers/environment/library_path.sh
[18.125s] -- Installing: /home/student/Git-projects/eye_in_hand_A5/install/robotiq_controllers/share/robotiq_controllers/environment/library_path.dsv
[18.125s] -- Installing: /home/student/Git-projects/eye_in_hand_A5/install/robotiq_controllers/share/ament_index/resource_index/package_run_dependencies/robotiq_controllers
[18.126s] -- Installing: /home/student/Git-projects/eye_in_hand_A5/install/robotiq_controllers/share/ament_index/resource_index/parent_prefix_path/robotiq_controllers
[18.128s] -- Installing: /home/student/Git-projects/eye_in_hand_A5/install/robotiq_controllers/share/robotiq_controllers/environment/ament_prefix_path.sh
[18.129s] -- Installing: /home/student/Git-projects/eye_in_hand_A5/install/robotiq_controllers/share/robotiq_controllers/environment/ament_prefix_path.dsv
[18.129s] -- Installing: /home/student/Git-projects/eye_in_hand_A5/install/robotiq_controllers/share/robotiq_controllers/environment/path.sh
[18.129s] -- Installing: /home/student/Git-projects/eye_in_hand_A5/install/robotiq_controllers/share/robotiq_controllers/environment/path.dsv
[18.130s] -- Installing: /home/student/Git-projects/eye_in_hand_A5/install/robotiq_controllers/share/robotiq_controllers/local_setup.bash
[18.130s] -- Installing: /home/student/Git-projects/eye_in_hand_A5/install/robotiq_controllers/share/robotiq_controllers/local_setup.sh
[18.131s] -- Installing: /home/student/Git-projects/eye_in_hand_A5/install/robotiq_controllers/share/robotiq_controllers/local_setup.zsh
[18.133s] -- Installing: /home/student/Git-projects/eye_in_hand_A5/install/robotiq_controllers/share/robotiq_controllers/local_setup.dsv
[18.134s] -- Installing: /home/student/Git-projects/eye_in_hand_A5/install/robotiq_controllers/share/robotiq_controllers/package.dsv
[18.134s] -- Installing: /home/student/Git-projects/eye_in_hand_A5/install/robotiq_controllers/share/ament_index/resource_index/packages/robotiq_controllers
[18.134s] -- Installing: /home/student/Git-projects/eye_in_hand_A5/install/robotiq_controllers/share/ament_index/resource_index/controller_interface__pluginlib__plugin/robotiq_controllers
[18.134s] -- Installing: /home/student/Git-projects/eye_in_hand_A5/install/robotiq_controllers/share/robotiq_controllers/cmake/export_robotiq_controllersExport.cmake
[18.134s] -- Installing: /home/student/Git-projects/eye_in_hand_A5/install/robotiq_controllers/share/robotiq_controllers/cmake/export_robotiq_controllersExport-noconfig.cmake
[18.134s] -- Installing: /home/student/Git-projects/eye_in_hand_A5/install/robotiq_controllers/share/robotiq_controllers/cmake/ament_cmake_export_include_directories-extras.cmake
[18.135s] -- Installing: /home/student/Git-projects/eye_in_hand_A5/install/robotiq_controllers/share/robotiq_controllers/cmake/ament_cmake_export_libraries-extras.cmake
[18.135s] -- Installing: /home/student/Git-projects/eye_in_hand_A5/install/robotiq_controllers/share/robotiq_controllers/cmake/ament_cmake_export_targets-extras.cmake
[18.135s] -- Installing: /home/student/Git-projects/eye_in_hand_A5/install/robotiq_controllers/share/robotiq_controllers/cmake/ament_cmake_export_dependencies-extras.cmake
[18.135s] -- Installing: /home/student/Git-projects/eye_in_hand_A5/install/robotiq_controllers/share/robotiq_controllers/cmake/robotiq_controllersConfig.cmake
[18.135s] -- Installing: /home/student/Git-projects/eye_in_hand_A5/install/robotiq_controllers/share/robotiq_controllers/cmake/robotiq_controllersConfig-version.cmake
[18.138s] -- Installing: /home/student/Git-projects/eye_in_hand_A5/install/robotiq_controllers/share/robotiq_controllers/package.xml
[18.142s] Invoked command in '/home/student/Git-projects/eye_in_hand_A5/build/robotiq_controllers' returned '0': CMAKE_PREFIX_PATH=${CMAKE_PREFIX_PATH}:/home/student/Git-projects/install/robotiq_app:/home/student/ros2_industrial_ws/install/urdf_basics:/home/student/ros2_industrial_ws/install/transferframes:/home/student/ros2_industrial_ws/install/template_package_python:/home/student/ros2_industrial_ws/install/ros_industrial_utilities:/home/student/ros2_industrial_ws/install/ros_industrial_support:/home/student/ros2_industrial_ws/install/range_sensor:/home/student/ros2_industrial_ws/install/node_demo:/home/student/ros2_industrial_ws/install/manipulation:/home/student/ros2_industrial_ws/install/fanuc_robots:/home/student/my_ur_ws/install/my_ur_demo:/home/student/my_ur_ws/install/my_ur_bringup:/home/student/xarm_ws/install/uf_ros_lib:/opt/ros/jazzy DEBUGINFOD_URLS=https://debuginfod.ubuntu.com /usr/bin/cmake --install /home/student/Git-projects/eye_in_hand_A5/build/robotiq_controllers
