[0.008s] Invoking command in '/home/student/Git-projects/eye_in_hand_A5/build/eye_in_hand_pkg': AMENT_PREFIX_PATH=/home/student/Git-projects/eye_in_hand_A5/install/eye_in_hand_interfaces:${AMENT_PREFIX_PATH} CMAKE_PREFIX_PATH=/home/student/Git-projects/eye_in_hand_A5/install/eye_in_hand_interfaces:/home/student/my_ur_ws/install/robotiq_hardware_tests:/home/student/my_ur_ws/install/my_robotiq_controller:/home/student/my_ur_ws/install/robotiq_driver:/home/student/my_ur_ws/install/serial:/home/student/my_ur_ws/install/robotiq_description:/home/student/my_ur_ws/install/robotiq_controllers:/home/student/my_ur_ws/install/my_ur_moveit_config:/home/student/my_ur_ws/install/my_ur_description:/home/student/my_ur_ws/install/my_ur_demo_cpp:/home/student/my_ur_ws/install/my_ur:/opt/ros/jazzy/opt/gz_sim_vendor:/opt/ros/jazzy/opt/gz_sensors_vendor:/opt/ros/jazzy/opt/gz_physics_vendor:/opt/ros/jazzy/opt/sdformat_vendor:/opt/ros/jazzy/opt/gz_gui_vendor:/opt/ros/jazzy/opt/gz_transport_vendor:/opt/ros/jazzy/opt/gz_rendering_vendor:/opt/ros/jazzy/opt/gz_plugin_vendor:/opt/ros/jazzy/opt/gz_fuel_tools_vendor:/opt/ros/jazzy/opt/gz_msgs_vendor:/opt/ros/jazzy/opt/gz_common_vendor:/opt/ros/jazzy/opt/gz_math_vendor:/opt/ros/jazzy/opt/gz_utils_vendor:/opt/ros/jazzy/opt/gz_tools_vendor:/opt/ros/jazzy/opt/gz_ogre_next_vendor:/opt/ros/jazzy/opt/gz_dartsim_vendor:/opt/ros/jazzy/opt/gz_cmake_vendor:/home/student/my_ur_ws/install/robotiq_app:/home/student/my_ur_ws/install/my_ur_demo:/home/student/my_ur_ws/install/my_ur_bringup:/opt/ros/jazzy DEBUGINFOD_URLS=https://debuginfod.ubuntu.com LD_LIBRARY_PATH=/home/student/Git-projects/eye_in_hand_A5/install/eye_in_hand_interfaces/lib:${LD_LIBRARY_PATH} PYTHONPATH=/home/student/Git-projects/eye_in_hand_A5/install/eye_in_hand_interfaces/lib/python3.12/site-packages:${PYTHONPATH} /usr/bin/cmake /home/student/Git-projects/eye_in_hand_A5/src/eye_in_hand_pkg -DCMAKE_INSTALL_PREFIX=/home/student/Git-projects/eye_in_hand_A5/install/eye_in_hand_pkg
[0.053s] -- The C compiler identification is GNU 13.3.0
[0.096s] -- The CXX compiler identification is GNU 13.3.0
[0.109s] -- Detecting C compiler ABI info
[0.176s] -- Detecting C compiler ABI info - done
[0.184s] -- Check for working C compiler: /usr/bin/cc - skipped
[0.184s] -- Detecting C compile features
[0.185s] -- Detecting C compile features - done
[0.192s] -- Detecting CXX compiler ABI info
[0.266s] -- Detecting CXX compiler ABI info - done
[0.274s] -- Check for working CXX compiler: /usr/bin/c++ - skipped
[0.274s] -- Detecting CXX compile features
[0.274s] -- Detecting CXX compile features - done
[0.278s] -- Found ament_cmake: 2.5.6 (/opt/ros/jazzy/share/ament_cmake/cmake)
[0.417s] -- Found Python3: /usr/bin/python3 (found version "3.12.3") found components: Interpreter 
[0.528s] -- Found rclcpp: 28.1.18 (/opt/ros/jazzy/share/rclcpp/cmake)
[0.576s] -- Found rosidl_generator_c: 4.6.7 (/opt/ros/jazzy/share/rosidl_generator_c/cmake)
[0.592s] -- Found rosidl_generator_cpp: 4.6.7 (/opt/ros/jazzy/share/rosidl_generator_cpp/cmake)
[0.610s] -- Using all available rosidl_typesupport_c: rosidl_typesupport_fastrtps_c;rosidl_typesupport_introspection_c
[0.630s] -- Using all available rosidl_typesupport_cpp: rosidl_typesupport_fastrtps_cpp;rosidl_typesupport_introspection_cpp
[0.707s] -- Found rmw_implementation_cmake: 7.3.3 (/opt/ros/jazzy/share/rmw_implementation_cmake/cmake)
[0.711s] -- Found rmw_fastrtps_cpp: 8.4.3 (/opt/ros/jazzy/share/rmw_fastrtps_cpp/cmake)
[0.806s] -- Found OpenSSL: /usr/lib/x86_64-linux-gnu/libcrypto.so (found version "3.0.13")  
[0.824s] -- Found FastRTPS: /opt/ros/jazzy/include (Required is at least version "2.13") 
[0.844s] -- Using RMW implementation 'rmw_fastrtps_cpp' as default
[0.916s] -- Found rclpy: 7.1.11 (/opt/ros/jazzy/share/rclpy/cmake)
[0.920s] -- Found std_msgs: 5.3.7 (/opt/ros/jazzy/share/std_msgs/cmake)
[0.933s] -- Found sensor_msgs: 5.3.7 (/opt/ros/jazzy/share/sensor_msgs/cmake)
[0.972s] -- Found std_srvs: 5.3.7 (/opt/ros/jazzy/share/std_srvs/cmake)
[0.989s] -- Found cv_bridge: 4.1.0 (/opt/ros/jazzy/share/cv_bridge/cmake)
[1.003s] -- Found ament_lint_auto: 0.17.5 (/opt/ros/jazzy/share/ament_lint_auto/cmake)
[1.099s] -- Added test 'flake8' to check Python code syntax and style conventions
[1.099s] -- Configured 'flake8' exclude dirs and/or files: 
[1.100s] -- Added test 'lint_cmake' to check CMake code style
[1.101s] -- Added test 'pep257' to check Python code against some of the docstring style conventions in PEP 257
[1.102s] -- Added test 'xmllint' to check XML markup files
[1.104s] -- Configuring done (1.1s)
[1.108s] -- Generating done (0.0s)
[1.110s] -- Build files have been written to: /home/student/Git-projects/eye_in_hand_A5/build/eye_in_hand_pkg
[1.117s] Invoked command in '/home/student/Git-projects/eye_in_hand_A5/build/eye_in_hand_pkg' returned '0': AMENT_PREFIX_PATH=/home/student/Git-projects/eye_in_hand_A5/install/eye_in_hand_interfaces:${AMENT_PREFIX_PATH} CMAKE_PREFIX_PATH=/home/student/Git-projects/eye_in_hand_A5/install/eye_in_hand_interfaces:/home/student/my_ur_ws/install/robotiq_hardware_tests:/home/student/my_ur_ws/install/my_robotiq_controller:/home/student/my_ur_ws/install/robotiq_driver:/home/student/my_ur_ws/install/serial:/home/student/my_ur_ws/install/robotiq_description:/home/student/my_ur_ws/install/robotiq_controllers:/home/student/my_ur_ws/install/my_ur_moveit_config:/home/student/my_ur_ws/install/my_ur_description:/home/student/my_ur_ws/install/my_ur_demo_cpp:/home/student/my_ur_ws/install/my_ur:/opt/ros/jazzy/opt/gz_sim_vendor:/opt/ros/jazzy/opt/gz_sensors_vendor:/opt/ros/jazzy/opt/gz_physics_vendor:/opt/ros/jazzy/opt/sdformat_vendor:/opt/ros/jazzy/opt/gz_gui_vendor:/opt/ros/jazzy/opt/gz_transport_vendor:/opt/ros/jazzy/opt/gz_rendering_vendor:/opt/ros/jazzy/opt/gz_plugin_vendor:/opt/ros/jazzy/opt/gz_fuel_tools_vendor:/opt/ros/jazzy/opt/gz_msgs_vendor:/opt/ros/jazzy/opt/gz_common_vendor:/opt/ros/jazzy/opt/gz_math_vendor:/opt/ros/jazzy/opt/gz_utils_vendor:/opt/ros/jazzy/opt/gz_tools_vendor:/opt/ros/jazzy/opt/gz_ogre_next_vendor:/opt/ros/jazzy/opt/gz_dartsim_vendor:/opt/ros/jazzy/opt/gz_cmake_vendor:/home/student/my_ur_ws/install/robotiq_app:/home/student/my_ur_ws/install/my_ur_demo:/home/student/my_ur_ws/install/my_ur_bringup:/opt/ros/jazzy DEBUGINFOD_URLS=https://debuginfod.ubuntu.com LD_LIBRARY_PATH=/home/student/Git-projects/eye_in_hand_A5/install/eye_in_hand_interfaces/lib:${LD_LIBRARY_PATH} PYTHONPATH=/home/student/Git-projects/eye_in_hand_A5/install/eye_in_hand_interfaces/lib/python3.12/site-packages:${PYTHONPATH} /usr/bin/cmake /home/student/Git-projects/eye_in_hand_A5/src/eye_in_hand_pkg -DCMAKE_INSTALL_PREFIX=/home/student/Git-projects/eye_in_hand_A5/install/eye_in_hand_pkg
[1.118s] Invoking command in '/home/student/Git-projects/eye_in_hand_A5/build/eye_in_hand_pkg': AMENT_PREFIX_PATH=/home/student/Git-projects/eye_in_hand_A5/install/eye_in_hand_interfaces:${AMENT_PREFIX_PATH} CMAKE_PREFIX_PATH=/home/student/Git-projects/eye_in_hand_A5/install/eye_in_hand_interfaces:/home/student/my_ur_ws/install/robotiq_hardware_tests:/home/student/my_ur_ws/install/my_robotiq_controller:/home/student/my_ur_ws/install/robotiq_driver:/home/student/my_ur_ws/install/serial:/home/student/my_ur_ws/install/robotiq_description:/home/student/my_ur_ws/install/robotiq_controllers:/home/student/my_ur_ws/install/my_ur_moveit_config:/home/student/my_ur_ws/install/my_ur_description:/home/student/my_ur_ws/install/my_ur_demo_cpp:/home/student/my_ur_ws/install/my_ur:/opt/ros/jazzy/opt/gz_sim_vendor:/opt/ros/jazzy/opt/gz_sensors_vendor:/opt/ros/jazzy/opt/gz_physics_vendor:/opt/ros/jazzy/opt/sdformat_vendor:/opt/ros/jazzy/opt/gz_gui_vendor:/opt/ros/jazzy/opt/gz_transport_vendor:/opt/ros/jazzy/opt/gz_rendering_vendor:/opt/ros/jazzy/opt/gz_plugin_vendor:/opt/ros/jazzy/opt/gz_fuel_tools_vendor:/opt/ros/jazzy/opt/gz_msgs_vendor:/opt/ros/jazzy/opt/gz_common_vendor:/opt/ros/jazzy/opt/gz_math_vendor:/opt/ros/jazzy/opt/gz_utils_vendor:/opt/ros/jazzy/opt/gz_tools_vendor:/opt/ros/jazzy/opt/gz_ogre_next_vendor:/opt/ros/jazzy/opt/gz_dartsim_vendor:/opt/ros/jazzy/opt/gz_cmake_vendor:/home/student/my_ur_ws/install/robotiq_app:/home/student/my_ur_ws/install/my_ur_demo:/home/student/my_ur_ws/install/my_ur_bringup:/opt/ros/jazzy DEBUGINFOD_URLS=https://debuginfod.ubuntu.com LD_LIBRARY_PATH=/home/student/Git-projects/eye_in_hand_A5/install/eye_in_hand_interfaces/lib:${LD_LIBRARY_PATH} PYTHONPATH=/home/student/Git-projects/eye_in_hand_A5/install/eye_in_hand_interfaces/lib/python3.12/site-packages:${PYTHONPATH} /usr/bin/cmake --build /home/student/Git-projects/eye_in_hand_A5/build/eye_in_hand_pkg -- -j8 -l8
[1.150s] Invoked command in '/home/student/Git-projects/eye_in_hand_A5/build/eye_in_hand_pkg' returned '0': AMENT_PREFIX_PATH=/home/student/Git-projects/eye_in_hand_A5/install/eye_in_hand_interfaces:${AMENT_PREFIX_PATH} CMAKE_PREFIX_PATH=/home/student/Git-projects/eye_in_hand_A5/install/eye_in_hand_interfaces:/home/student/my_ur_ws/install/robotiq_hardware_tests:/home/student/my_ur_ws/install/my_robotiq_controller:/home/student/my_ur_ws/install/robotiq_driver:/home/student/my_ur_ws/install/serial:/home/student/my_ur_ws/install/robotiq_description:/home/student/my_ur_ws/install/robotiq_controllers:/home/student/my_ur_ws/install/my_ur_moveit_config:/home/student/my_ur_ws/install/my_ur_description:/home/student/my_ur_ws/install/my_ur_demo_cpp:/home/student/my_ur_ws/install/my_ur:/opt/ros/jazzy/opt/gz_sim_vendor:/opt/ros/jazzy/opt/gz_sensors_vendor:/opt/ros/jazzy/opt/gz_physics_vendor:/opt/ros/jazzy/opt/sdformat_vendor:/opt/ros/jazzy/opt/gz_gui_vendor:/opt/ros/jazzy/opt/gz_transport_vendor:/opt/ros/jazzy/opt/gz_rendering_vendor:/opt/ros/jazzy/opt/gz_plugin_vendor:/opt/ros/jazzy/opt/gz_fuel_tools_vendor:/opt/ros/jazzy/opt/gz_msgs_vendor:/opt/ros/jazzy/opt/gz_common_vendor:/opt/ros/jazzy/opt/gz_math_vendor:/opt/ros/jazzy/opt/gz_utils_vendor:/opt/ros/jazzy/opt/gz_tools_vendor:/opt/ros/jazzy/opt/gz_ogre_next_vendor:/opt/ros/jazzy/opt/gz_dartsim_vendor:/opt/ros/jazzy/opt/gz_cmake_vendor:/home/student/my_ur_ws/install/robotiq_app:/home/student/my_ur_ws/install/my_ur_demo:/home/student/my_ur_ws/install/my_ur_bringup:/opt/ros/jazzy DEBUGINFOD_URLS=https://debuginfod.ubuntu.com LD_LIBRARY_PATH=/home/student/Git-projects/eye_in_hand_A5/install/eye_in_hand_interfaces/lib:${LD_LIBRARY_PATH} PYTHONPATH=/home/student/Git-projects/eye_in_hand_A5/install/eye_in_hand_interfaces/lib/python3.12/site-packages:${PYTHONPATH} /usr/bin/cmake --build /home/student/Git-projects/eye_in_hand_A5/build/eye_in_hand_pkg -- -j8 -l8
[1.151s] Invoking command in '/home/student/Git-projects/eye_in_hand_A5/build/eye_in_hand_pkg': AMENT_PREFIX_PATH=/home/student/Git-projects/eye_in_hand_A5/install/eye_in_hand_interfaces:${AMENT_PREFIX_PATH} CMAKE_PREFIX_PATH=/home/student/Git-projects/eye_in_hand_A5/install/eye_in_hand_interfaces:/home/student/my_ur_ws/install/robotiq_hardware_tests:/home/student/my_ur_ws/install/my_robotiq_controller:/home/student/my_ur_ws/install/robotiq_driver:/home/student/my_ur_ws/install/serial:/home/student/my_ur_ws/install/robotiq_description:/home/student/my_ur_ws/install/robotiq_controllers:/home/student/my_ur_ws/install/my_ur_moveit_config:/home/student/my_ur_ws/install/my_ur_description:/home/student/my_ur_ws/install/my_ur_demo_cpp:/home/student/my_ur_ws/install/my_ur:/opt/ros/jazzy/opt/gz_sim_vendor:/opt/ros/jazzy/opt/gz_sensors_vendor:/opt/ros/jazzy/opt/gz_physics_vendor:/opt/ros/jazzy/opt/sdformat_vendor:/opt/ros/jazzy/opt/gz_gui_vendor:/opt/ros/jazzy/opt/gz_transport_vendor:/opt/ros/jazzy/opt/gz_rendering_vendor:/opt/ros/jazzy/opt/gz_plugin_vendor:/opt/ros/jazzy/opt/gz_fuel_tools_vendor:/opt/ros/jazzy/opt/gz_msgs_vendor:/opt/ros/jazzy/opt/gz_common_vendor:/opt/ros/jazzy/opt/gz_math_vendor:/opt/ros/jazzy/opt/gz_utils_vendor:/opt/ros/jazzy/opt/gz_tools_vendor:/opt/ros/jazzy/opt/gz_ogre_next_vendor:/opt/ros/jazzy/opt/gz_dartsim_vendor:/opt/ros/jazzy/opt/gz_cmake_vendor:/home/student/my_ur_ws/install/robotiq_app:/home/student/my_ur_ws/install/my_ur_demo:/home/student/my_ur_ws/install/my_ur_bringup:/opt/ros/jazzy DEBUGINFOD_URLS=https://debuginfod.ubuntu.com LD_LIBRARY_PATH=/home/student/Git-projects/eye_in_hand_A5/install/eye_in_hand_interfaces/lib:${LD_LIBRARY_PATH} PYTHONPATH=/home/student/Git-projects/eye_in_hand_A5/install/eye_in_hand_interfaces/lib/python3.12/site-packages:${PYTHONPATH} /usr/bin/cmake --install /home/student/Git-projects/eye_in_hand_A5/build/eye_in_hand_pkg
[1.157s] -- Install configuration: ""
[1.157s] -- Installing: /home/student/Git-projects/eye_in_hand_A5/install/eye_in_hand_pkg/lib/eye_in_hand_pkg/hmi_main
[1.157s] -- Installing: /home/student/Git-projects/eye_in_hand_A5/install/eye_in_hand_pkg/lib/python3.12/site-packages/eye_in_hand_pkg
[1.157s] -- Installing: /home/student/Git-projects/eye_in_hand_A5/install/eye_in_hand_pkg/lib/python3.12/site-packages/eye_in_hand_pkg/vision
[1.157s] -- Installing: /home/student/Git-projects/eye_in_hand_A5/install/eye_in_hand_pkg/lib/python3.12/site-packages/eye_in_hand_pkg/vision/__init__.py
[1.157s] -- Installing: /home/student/Git-projects/eye_in_hand_A5/install/eye_in_hand_pkg/lib/python3.12/site-packages/eye_in_hand_pkg/robot
[1.157s] -- Installing: /home/student/Git-projects/eye_in_hand_A5/install/eye_in_hand_pkg/lib/python3.12/site-packages/eye_in_hand_pkg/robot/robot_product.py
[1.158s] -- Installing: /home/student/Git-projects/eye_in_hand_A5/install/eye_in_hand_pkg/lib/python3.12/site-packages/eye_in_hand_pkg/robot/__init__.py
[1.158s] -- Installing: /home/student/Git-projects/eye_in_hand_A5/install/eye_in_hand_pkg/lib/python3.12/site-packages/eye_in_hand_pkg/robot/robot_bediening.py
[1.158s] -- Installing: /home/student/Git-projects/eye_in_hand_A5/install/eye_in_hand_pkg/lib/python3.12/site-packages/eye_in_hand_pkg/robot/robot_gripper.py
[1.158s] -- Installing: /home/student/Git-projects/eye_in_hand_A5/install/eye_in_hand_pkg/lib/python3.12/site-packages/eye_in_hand_pkg/__init__.py
[1.158s] -- Installing: /home/student/Git-projects/eye_in_hand_A5/install/eye_in_hand_pkg/lib/python3.12/site-packages/eye_in_hand_pkg/hmi
[1.158s] -- Installing: /home/student/Git-projects/eye_in_hand_A5/install/eye_in_hand_pkg/lib/python3.12/site-packages/eye_in_hand_pkg/hmi/hmi_main.py
[1.158s] -- Installing: /home/student/Git-projects/eye_in_hand_A5/install/eye_in_hand_pkg/lib/python3.12/site-packages/eye_in_hand_pkg/hmi/test_camera_pub.py
[1.158s] -- Installing: /home/student/Git-projects/eye_in_hand_A5/install/eye_in_hand_pkg/lib/python3.12/site-packages/eye_in_hand_pkg/hmi/hmi_product.py
[1.158s] -- Installing: /home/student/Git-projects/eye_in_hand_A5/install/eye_in_hand_pkg/lib/python3.12/site-packages/eye_in_hand_pkg/hmi/hmi_status.py
[1.158s] -- Installing: /home/student/Git-projects/eye_in_hand_A5/install/eye_in_hand_pkg/lib/python3.12/site-packages/eye_in_hand_pkg/hmi/hmi_calibratie.py
[1.158s] -- Installing: /home/student/Git-projects/eye_in_hand_A5/install/eye_in_hand_pkg/lib/python3.12/site-packages/eye_in_hand_pkg/hmi/__init__.py
[1.158s] -- Installing: /home/student/Git-projects/eye_in_hand_A5/install/eye_in_hand_pkg/lib/python3.12/site-packages/eye_in_hand_pkg/hmi/test.py
[1.158s] -- Installing: /home/student/Git-projects/eye_in_hand_A5/install/eye_in_hand_pkg/lib/python3.12/site-packages/eye_in_hand_pkg/hmi/hmi_bediening.py
[1.158s] -- Installing: /home/student/Git-projects/eye_in_hand_A5/install/eye_in_hand_pkg/lib/python3.12/site-packages/eye_in_hand_pkg/hmi/hmi_camera.py
[1.158s] -- Installing: /home/student/Git-projects/eye_in_hand_A5/install/eye_in_hand_pkg/lib/eye_in_hand_pkg/hmi_window.ui
[1.158s] -- Installing: /home/student/Git-projects/eye_in_hand_A5/install/eye_in_hand_pkg/lib/eye_in_hand_pkg/avans.png
[1.159s] -- Installing: /home/student/Git-projects/eye_in_hand_A5/install/eye_in_hand_pkg/share/ament_index/resource_index/package_run_dependencies/eye_in_hand_pkg
[1.159s] -- Installing: /home/student/Git-projects/eye_in_hand_A5/install/eye_in_hand_pkg/share/ament_index/resource_index/parent_prefix_path/eye_in_hand_pkg
[1.159s] -- Installing: /home/student/Git-projects/eye_in_hand_A5/install/eye_in_hand_pkg/share/eye_in_hand_pkg/environment/ament_prefix_path.sh
[1.159s] -- Installing: /home/student/Git-projects/eye_in_hand_A5/install/eye_in_hand_pkg/share/eye_in_hand_pkg/environment/ament_prefix_path.dsv
[1.159s] -- Installing: /home/student/Git-projects/eye_in_hand_A5/install/eye_in_hand_pkg/share/eye_in_hand_pkg/environment/path.sh
[1.159s] -- Installing: /home/student/Git-projects/eye_in_hand_A5/install/eye_in_hand_pkg/share/eye_in_hand_pkg/environment/path.dsv
[1.159s] -- Installing: /home/student/Git-projects/eye_in_hand_A5/install/eye_in_hand_pkg/share/eye_in_hand_pkg/local_setup.bash
[1.159s] -- Installing: /home/student/Git-projects/eye_in_hand_A5/install/eye_in_hand_pkg/share/eye_in_hand_pkg/local_setup.sh
[1.159s] -- Installing: /home/student/Git-projects/eye_in_hand_A5/install/eye_in_hand_pkg/share/eye_in_hand_pkg/local_setup.zsh
[1.159s] -- Installing: /home/student/Git-projects/eye_in_hand_A5/install/eye_in_hand_pkg/share/eye_in_hand_pkg/local_setup.dsv
[1.159s] -- Installing: /home/student/Git-projects/eye_in_hand_A5/install/eye_in_hand_pkg/share/eye_in_hand_pkg/package.dsv
[1.159s] -- Installing: /home/student/Git-projects/eye_in_hand_A5/install/eye_in_hand_pkg/share/ament_index/resource_index/packages/eye_in_hand_pkg
[1.160s] -- Installing: /home/student/Git-projects/eye_in_hand_A5/install/eye_in_hand_pkg/share/eye_in_hand_pkg/cmake/eye_in_hand_pkgConfig.cmake
[1.160s] -- Installing: /home/student/Git-projects/eye_in_hand_A5/install/eye_in_hand_pkg/share/eye_in_hand_pkg/cmake/eye_in_hand_pkgConfig-version.cmake
[1.160s] -- Installing: /home/student/Git-projects/eye_in_hand_A5/install/eye_in_hand_pkg/share/eye_in_hand_pkg/package.xml
[1.161s] Invoked command in '/home/student/Git-projects/eye_in_hand_A5/build/eye_in_hand_pkg' returned '0': AMENT_PREFIX_PATH=/home/student/Git-projects/eye_in_hand_A5/install/eye_in_hand_interfaces:${AMENT_PREFIX_PATH} CMAKE_PREFIX_PATH=/home/student/Git-projects/eye_in_hand_A5/install/eye_in_hand_interfaces:/home/student/my_ur_ws/install/robotiq_hardware_tests:/home/student/my_ur_ws/install/my_robotiq_controller:/home/student/my_ur_ws/install/robotiq_driver:/home/student/my_ur_ws/install/serial:/home/student/my_ur_ws/install/robotiq_description:/home/student/my_ur_ws/install/robotiq_controllers:/home/student/my_ur_ws/install/my_ur_moveit_config:/home/student/my_ur_ws/install/my_ur_description:/home/student/my_ur_ws/install/my_ur_demo_cpp:/home/student/my_ur_ws/install/my_ur:/opt/ros/jazzy/opt/gz_sim_vendor:/opt/ros/jazzy/opt/gz_sensors_vendor:/opt/ros/jazzy/opt/gz_physics_vendor:/opt/ros/jazzy/opt/sdformat_vendor:/opt/ros/jazzy/opt/gz_gui_vendor:/opt/ros/jazzy/opt/gz_transport_vendor:/opt/ros/jazzy/opt/gz_rendering_vendor:/opt/ros/jazzy/opt/gz_plugin_vendor:/opt/ros/jazzy/opt/gz_fuel_tools_vendor:/opt/ros/jazzy/opt/gz_msgs_vendor:/opt/ros/jazzy/opt/gz_common_vendor:/opt/ros/jazzy/opt/gz_math_vendor:/opt/ros/jazzy/opt/gz_utils_vendor:/opt/ros/jazzy/opt/gz_tools_vendor:/opt/ros/jazzy/opt/gz_ogre_next_vendor:/opt/ros/jazzy/opt/gz_dartsim_vendor:/opt/ros/jazzy/opt/gz_cmake_vendor:/home/student/my_ur_ws/install/robotiq_app:/home/student/my_ur_ws/install/my_ur_demo:/home/student/my_ur_ws/install/my_ur_bringup:/opt/ros/jazzy DEBUGINFOD_URLS=https://debuginfod.ubuntu.com LD_LIBRARY_PATH=/home/student/Git-projects/eye_in_hand_A5/install/eye_in_hand_interfaces/lib:${LD_LIBRARY_PATH} PYTHONPATH=/home/student/Git-projects/eye_in_hand_A5/install/eye_in_hand_interfaces/lib/python3.12/site-packages:${PYTHONPATH} /usr/bin/cmake --install /home/student/Git-projects/eye_in_hand_A5/build/eye_in_hand_pkg
