[0.076s] Invoking command in '/home/student/Git-projects/eye_in_hand_A5/build/serial': CMAKE_PREFIX_PATH=${CMAKE_PREFIX_PATH}:/home/student/Git-projects/install/robotiq_app:/home/student/ros2_industrial_ws/install/urdf_basics:/home/student/ros2_industrial_ws/install/transferframes:/home/student/ros2_industrial_ws/install/template_package_python:/home/student/ros2_industrial_ws/install/ros_industrial_utilities:/home/student/ros2_industrial_ws/install/ros_industrial_support:/home/student/ros2_industrial_ws/install/range_sensor:/home/student/ros2_industrial_ws/install/node_demo:/home/student/ros2_industrial_ws/install/manipulation:/home/student/ros2_industrial_ws/install/fanuc_robots:/home/student/my_ur_ws/install/my_ur_demo:/home/student/my_ur_ws/install/my_ur_bringup:/home/student/xarm_ws/install/uf_ros_lib:/opt/ros/jazzy DEBUGINFOD_URLS=https://debuginfod.ubuntu.com /usr/bin/cmake /home/student/Git-projects/eye_in_hand_A5/src/serial -DCMAKE_INSTALL_PREFIX=/home/student/Git-projects/eye_in_hand_A5/install/serial
[0.640s] -- The C compiler identification is GNU 13.3.0
[0.640s] -- The CXX compiler identification is GNU 13.3.0
[0.640s] -- Detecting C compiler ABI info
[0.641s] -- Detecting C compiler ABI info - done
[0.641s] -- Check for working C compiler: /usr/bin/cc - skipped
[0.641s] -- Detecting C compile features
[0.641s] -- Detecting C compile features - done
[0.641s] -- Detecting CXX compiler ABI info
[0.903s] -- Detecting CXX compiler ABI info - done
[0.936s] -- Check for working CXX compiler: /usr/bin/c++ - skipped
[0.936s] -- Detecting CXX compile features
[0.936s] -- Detecting CXX compile features - done
[0.955s] -- Found ament_cmake: 2.5.6 (/opt/ros/jazzy/share/ament_cmake/cmake)
[1.441s] -- Found Python3: /usr/bin/python3 (found version "3.12.3") found components: Interpreter 
[2.039s] -- Configuring done (1.9s)
[2.057s] -- Generating done (0.0s)
[2.063s] -- Build files have been written to: /home/student/Git-projects/eye_in_hand_A5/build/serial
[2.080s] Invoked command in '/home/student/Git-projects/eye_in_hand_A5/build/serial' returned '0': CMAKE_PREFIX_PATH=${CMAKE_PREFIX_PATH}:/home/student/Git-projects/install/robotiq_app:/home/student/ros2_industrial_ws/install/urdf_basics:/home/student/ros2_industrial_ws/install/transferframes:/home/student/ros2_industrial_ws/install/template_package_python:/home/student/ros2_industrial_ws/install/ros_industrial_utilities:/home/student/ros2_industrial_ws/install/ros_industrial_support:/home/student/ros2_industrial_ws/install/range_sensor:/home/student/ros2_industrial_ws/install/node_demo:/home/student/ros2_industrial_ws/install/manipulation:/home/student/ros2_industrial_ws/install/fanuc_robots:/home/student/my_ur_ws/install/my_ur_demo:/home/student/my_ur_ws/install/my_ur_bringup:/home/student/xarm_ws/install/uf_ros_lib:/opt/ros/jazzy DEBUGINFOD_URLS=https://debuginfod.ubuntu.com /usr/bin/cmake /home/student/Git-projects/eye_in_hand_A5/src/serial -DCMAKE_INSTALL_PREFIX=/home/student/Git-projects/eye_in_hand_A5/install/serial
[2.080s] Invoking command in '/home/student/Git-projects/eye_in_hand_A5/build/serial': CMAKE_PREFIX_PATH=${CMAKE_PREFIX_PATH}:/home/student/Git-projects/install/robotiq_app:/home/student/ros2_industrial_ws/install/urdf_basics:/home/student/ros2_industrial_ws/install/transferframes:/home/student/ros2_industrial_ws/install/template_package_python:/home/student/ros2_industrial_ws/install/ros_industrial_utilities:/home/student/ros2_industrial_ws/install/ros_industrial_support:/home/student/ros2_industrial_ws/install/range_sensor:/home/student/ros2_industrial_ws/install/node_demo:/home/student/ros2_industrial_ws/install/manipulation:/home/student/ros2_industrial_ws/install/fanuc_robots:/home/student/my_ur_ws/install/my_ur_demo:/home/student/my_ur_ws/install/my_ur_bringup:/home/student/xarm_ws/install/uf_ros_lib:/opt/ros/jazzy DEBUGINFOD_URLS=https://debuginfod.ubuntu.com /usr/bin/cmake --build /home/student/Git-projects/eye_in_hand_A5/build/serial -- -j4 -l4
[2.252s] [ 25%] [32mBuilding CXX object CMakeFiles/serial.dir/src/serial.cc.o[0m
[2.264s] [ 50%] [32mBuilding CXX object CMakeFiles/serial.dir/src/impl/list_ports/list_ports_linux.cc.o[0m
[2.277s] [ 75%] [32mBuilding CXX object CMakeFiles/serial.dir/src/impl/unix.cc.o[0m
[3.537s] [100%] [32m[1mLinking CXX static library libserial.a[0m
[4.031s] [100%] Built target serial
[4.080s] Invoked command in '/home/student/Git-projects/eye_in_hand_A5/build/serial' returned '0': CMAKE_PREFIX_PATH=${CMAKE_PREFIX_PATH}:/home/student/Git-projects/install/robotiq_app:/home/student/ros2_industrial_ws/install/urdf_basics:/home/student/ros2_industrial_ws/install/transferframes:/home/student/ros2_industrial_ws/install/template_package_python:/home/student/ros2_industrial_ws/install/ros_industrial_utilities:/home/student/ros2_industrial_ws/install/ros_industrial_support:/home/student/ros2_industrial_ws/install/range_sensor:/home/student/ros2_industrial_ws/install/node_demo:/home/student/ros2_industrial_ws/install/manipulation:/home/student/ros2_industrial_ws/install/fanuc_robots:/home/student/my_ur_ws/install/my_ur_demo:/home/student/my_ur_ws/install/my_ur_bringup:/home/student/xarm_ws/install/uf_ros_lib:/opt/ros/jazzy DEBUGINFOD_URLS=https://debuginfod.ubuntu.com /usr/bin/cmake --build /home/student/Git-projects/eye_in_hand_A5/build/serial -- -j4 -l4
[4.126s] Invoking command in '/home/student/Git-projects/eye_in_hand_A5/build/serial': CMAKE_PREFIX_PATH=${CMAKE_PREFIX_PATH}:/home/student/Git-projects/install/robotiq_app:/home/student/ros2_industrial_ws/install/urdf_basics:/home/student/ros2_industrial_ws/install/transferframes:/home/student/ros2_industrial_ws/install/template_package_python:/home/student/ros2_industrial_ws/install/ros_industrial_utilities:/home/student/ros2_industrial_ws/install/ros_industrial_support:/home/student/ros2_industrial_ws/install/range_sensor:/home/student/ros2_industrial_ws/install/node_demo:/home/student/ros2_industrial_ws/install/manipulation:/home/student/ros2_industrial_ws/install/fanuc_robots:/home/student/my_ur_ws/install/my_ur_demo:/home/student/my_ur_ws/install/my_ur_bringup:/home/student/xarm_ws/install/uf_ros_lib:/opt/ros/jazzy DEBUGINFOD_URLS=https://debuginfod.ubuntu.com /usr/bin/cmake --install /home/student/Git-projects/eye_in_hand_A5/build/serial
[4.164s] -- Install configuration: ""
[4.169s] -- Installing: /home/student/Git-projects/eye_in_hand_A5/install/serial/lib/libserial.a
[4.169s] -- Installing: /home/student/Git-projects/eye_in_hand_A5/install/serial/include
[4.169s] -- Installing: /home/student/Git-projects/eye_in_hand_A5/install/serial/include/serial
[4.169s] -- Installing: /home/student/Git-projects/eye_in_hand_A5/install/serial/include/serial/v8stdint.h
[4.169s] -- Installing: /home/student/Git-projects/eye_in_hand_A5/install/serial/include/serial/impl
[4.170s] -- Installing: /home/student/Git-projects/eye_in_hand_A5/install/serial/include/serial/impl/win.h
[4.170s] -- Installing: /home/student/Git-projects/eye_in_hand_A5/install/serial/include/serial/impl/unix.h
[4.172s] -- Installing: /home/student/Git-projects/eye_in_hand_A5/install/serial/include/serial/serial.h
[4.172s] -- Installing: /home/student/Git-projects/eye_in_hand_A5/install/serial/share/serial/environment/library_path.sh
[4.174s] -- Installing: /home/student/Git-projects/eye_in_hand_A5/install/serial/share/serial/environment/library_path.dsv
[4.174s] -- Installing: /home/student/Git-projects/eye_in_hand_A5/install/serial/share/ament_index/resource_index/package_run_dependencies/serial
[4.175s] -- Installing: /home/student/Git-projects/eye_in_hand_A5/install/serial/share/ament_index/resource_index/parent_prefix_path/serial
[4.176s] -- Installing: /home/student/Git-projects/eye_in_hand_A5/install/serial/share/serial/environment/ament_prefix_path.sh
[4.178s] -- Installing: /home/student/Git-projects/eye_in_hand_A5/install/serial/share/serial/environment/ament_prefix_path.dsv
[4.178s] -- Installing: /home/student/Git-projects/eye_in_hand_A5/install/serial/share/serial/environment/path.sh
[4.182s] -- Installing: /home/student/Git-projects/eye_in_hand_A5/install/serial/share/serial/environment/path.dsv
[4.183s] -- Installing: /home/student/Git-projects/eye_in_hand_A5/install/serial/share/serial/local_setup.bash
[4.183s] -- Installing: /home/student/Git-projects/eye_in_hand_A5/install/serial/share/serial/local_setup.sh
[4.186s] -- Installing: /home/student/Git-projects/eye_in_hand_A5/install/serial/share/serial/local_setup.zsh
[4.188s] -- Installing: /home/student/Git-projects/eye_in_hand_A5/install/serial/share/serial/local_setup.dsv
[4.188s] -- Installing: /home/student/Git-projects/eye_in_hand_A5/install/serial/share/serial/package.dsv
[4.191s] -- Installing: /home/student/Git-projects/eye_in_hand_A5/install/serial/share/ament_index/resource_index/packages/serial
[4.191s] -- Installing: /home/student/Git-projects/eye_in_hand_A5/install/serial/share/serial/cmake/export_serialExport.cmake
[4.191s] -- Installing: /home/student/Git-projects/eye_in_hand_A5/install/serial/share/serial/cmake/export_serialExport-noconfig.cmake
[4.191s] -- Installing: /home/student/Git-projects/eye_in_hand_A5/install/serial/share/serial/cmake/ament_cmake_export_include_directories-extras.cmake
[4.192s] -- Installing: /home/student/Git-projects/eye_in_hand_A5/install/serial/share/serial/cmake/ament_cmake_export_libraries-extras.cmake
[4.192s] -- Installing: /home/student/Git-projects/eye_in_hand_A5/install/serial/share/serial/cmake/ament_cmake_export_targets-extras.cmake
[4.194s] -- Installing: /home/student/Git-projects/eye_in_hand_A5/install/serial/share/serial/cmake/serialConfig.cmake
[4.195s] -- Installing: /home/student/Git-projects/eye_in_hand_A5/install/serial/share/serial/cmake/serialConfig-version.cmake
[4.198s] -- Installing: /home/student/Git-projects/eye_in_hand_A5/install/serial/share/serial/package.xml
[4.207s] Invoked command in '/home/student/Git-projects/eye_in_hand_A5/build/serial' returned '0': CMAKE_PREFIX_PATH=${CMAKE_PREFIX_PATH}:/home/student/Git-projects/install/robotiq_app:/home/student/ros2_industrial_ws/install/urdf_basics:/home/student/ros2_industrial_ws/install/transferframes:/home/student/ros2_industrial_ws/install/template_package_python:/home/student/ros2_industrial_ws/install/ros_industrial_utilities:/home/student/ros2_industrial_ws/install/ros_industrial_support:/home/student/ros2_industrial_ws/install/range_sensor:/home/student/ros2_industrial_ws/install/node_demo:/home/student/ros2_industrial_ws/install/manipulation:/home/student/ros2_industrial_ws/install/fanuc_robots:/home/student/my_ur_ws/install/my_ur_demo:/home/student/my_ur_ws/install/my_ur_bringup:/home/student/xarm_ws/install/uf_ros_lib:/opt/ros/jazzy DEBUGINFOD_URLS=https://debuginfod.ubuntu.com /usr/bin/cmake --install /home/student/Git-projects/eye_in_hand_A5/build/serial
