-- Found ament_cmake: 2.5.6 (/opt/ros/jazzy/share/ament_cmake/cmake)
-- Found rosidl_default_generators: 1.6.0 (/opt/ros/jazzy/share/rosidl_default_generators/cmake)
-- Using all available rosidl_typesupport_c: rosidl_typesupport_fastrtps_c;rosidl_typesupport_introspection_c
-- Using all available rosidl_typesupport_cpp: rosidl_typesupport_fastrtps_cpp;rosidl_typesupport_introspection_cpp
-- Found rosidl_adapter: 4.6.7 (/opt/ros/jazzy/share/rosidl_adapter/cmake)
-- Found action_msgs: 2.0.3 (/opt/ros/jazzy/share/action_msgs/cmake)
-- Found ament_cmake_ros: 0.12.0 (/opt/ros/jazzy/share/ament_cmake_ros/cmake)
-- Using all available rosidl_typesupport_c: rosidl_typesupport_fastrtps_c;rosidl_typesupport_introspection_c
-- Using all available rosidl_typesupport_cpp: rosidl_typesupport_fastrtps_cpp;rosidl_typesupport_introspection_cpp
-- Found python_cmake_module: 0.11.1 (/opt/ros/jazzy/share/python_cmake_module/cmake)
-- Found Python3: /usr/bin/python3 (found version "3.12.3") found components: Interpreter Development NumPy Development.Module Development.Embed 
-- Found Python3: /usr/bin/python3 (found version "3.12.3") found components: Interpreter 
-- Configuring done (2.9s)
-- Generating done (0.2s)
-- Build files have been written to: /home/student/Git-projects/eye_in_hand_A5/build/eye_in_hand_interfaces
[  2%] Built target eye_in_hand_interfaces__rosidl_generator_type_description
[  5%] Built target ament_cmake_python_copy_eye_in_hand_interfaces
[  5%] Built target eye_in_hand_interfaces__rs
[  8%] Built target eye_in_hand_interfaces__cpp
[ 11%] [32mBuilding C object CMakeFiles/eye_in_hand_interfaces__rosidl_generator_c.dir/rosidl_generator_c/eye_in_hand_interfaces/action/detail/start_robot__type_support.c.o[0m
[ 14%] [32mBuilding C object CMakeFiles/eye_in_hand_interfaces__rosidl_generator_c.dir/rosidl_generator_c/eye_in_hand_interfaces/action/detail/start_robot__description.c.o[0m
[ 17%] [32mBuilding C object CMakeFiles/eye_in_hand_interfaces__rosidl_generator_c.dir/rosidl_generator_c/eye_in_hand_interfaces/action/detail/start_robot__functions.c.o[0m
[ 20%] [32m[1mLinking C shared library libeye_in_hand_interfaces__rosidl_generator_c.so[0m
running egg_info
[ 22%] Built target eye_in_hand_interfaces__rosidl_generator_c
writing eye_in_hand_interfaces.egg-info/PKG-INFO
writing dependency_links to eye_in_hand_interfaces.egg-info/dependency_links.txt
writing top-level names to eye_in_hand_interfaces.egg-info/top_level.txt
[ 25%] [32mBuilding C object CMakeFiles/eye_in_hand_interfaces__rosidl_typesupport_introspection_c.dir/rosidl_typesupport_introspection_c/eye_in_hand_interfaces/action/detail/start_robot__type_support.c.o[0m
[ 28%] [32mBuilding CXX object CMakeFiles/eye_in_hand_interfaces__rosidl_typesupport_cpp.dir/rosidl_typesupport_cpp/eye_in_hand_interfaces/action/start_robot__type_support.cpp.o[0m
[ 31%] [32mBuilding CXX object CMakeFiles/eye_in_hand_interfaces__rosidl_typesupport_fastrtps_c.dir/rosidl_typesupport_fastrtps_c/eye_in_hand_interfaces/action/detail/start_robot__type_support_c.cpp.o[0m
reading manifest file 'eye_in_hand_interfaces.egg-info/SOURCES.txt'
writing manifest file 'eye_in_hand_interfaces.egg-info/SOURCES.txt'
[ 31%] Built target ament_cmake_python_build_eye_in_hand_interfaces_egg
[ 34%] [32m[1mLinking C shared library libeye_in_hand_interfaces__rosidl_typesupport_introspection_c.so[0m
[ 37%] [32mBuilding CXX object CMakeFiles/eye_in_hand_interfaces__rosidl_typesupport_c.dir/rosidl_typesupport_c/eye_in_hand_interfaces/action/start_robot__type_support.cpp.o[0m
[ 40%] Built target eye_in_hand_interfaces__rosidl_typesupport_introspection_c
[ 42%] [32mBuilding CXX object CMakeFiles/eye_in_hand_interfaces__rosidl_typesupport_fastrtps_cpp.dir/rosidl_typesupport_fastrtps_cpp/eye_in_hand_interfaces/action/detail/dds_fastrtps/start_robot__type_support.cpp.o[0m
[ 45%] [32m[1mLinking CXX shared library libeye_in_hand_interfaces__rosidl_typesupport_c.so[0m
[ 48%] Built target eye_in_hand_interfaces__rosidl_typesupport_c
[ 51%] [32mBuilding CXX object CMakeFiles/eye_in_hand_interfaces__rosidl_typesupport_introspection_cpp.dir/rosidl_typesupport_introspection_cpp/eye_in_hand_interfaces/action/detail/start_robot__type_support.cpp.o[0m
[ 54%] [32m[1mLinking CXX shared library libeye_in_hand_interfaces__rosidl_typesupport_fastrtps_c.so[0m
[ 57%] Built target eye_in_hand_interfaces__rosidl_typesupport_fastrtps_c
[ 60%] [32m[1mLinking CXX shared library libeye_in_hand_interfaces__rosidl_typesupport_cpp.so[0m
[ 62%] Built target eye_in_hand_interfaces__rosidl_typesupport_cpp
[ 65%] [32m[1mLinking CXX shared library libeye_in_hand_interfaces__rosidl_typesupport_introspection_cpp.so[0m
[ 68%] Built target eye_in_hand_interfaces__rosidl_typesupport_introspection_cpp
[ 71%] [32m[1mLinking CXX shared library libeye_in_hand_interfaces__rosidl_typesupport_fastrtps_cpp.so[0m
[ 74%] Built target eye_in_hand_interfaces__rosidl_typesupport_fastrtps_cpp
[ 74%] Built target eye_in_hand_interfaces
[ 77%] Built target eye_in_hand_interfaces__py
[ 80%] [32mBuilding C object CMakeFiles/eye_in_hand_interfaces__rosidl_generator_py.dir/rosidl_generator_py/eye_in_hand_interfaces/action/_start_robot_s.c.o[0m
[ 82%] [32m[1mLinking C shared library libeye_in_hand_interfaces__rosidl_generator_py.so[0m
[ 82%] Built target eye_in_hand_interfaces__rosidl_generator_py
[ 85%] [32mBuilding C object CMakeFiles/eye_in_hand_interfaces_s__rosidl_typesupport_fastrtps_c.dir/rosidl_generator_py/eye_in_hand_interfaces/_eye_in_hand_interfaces_s.ep.rosidl_typesupport_fastrtps_c.c.o[0m
[ 88%] [32mBuilding C object CMakeFiles/eye_in_hand_interfaces_s__rosidl_typesupport_introspection_c.dir/rosidl_generator_py/eye_in_hand_interfaces/_eye_in_hand_interfaces_s.ep.rosidl_typesupport_introspection_c.c.o[0m
[ 91%] [32mBuilding C object CMakeFiles/eye_in_hand_interfaces_s__rosidl_typesupport_c.dir/rosidl_generator_py/eye_in_hand_interfaces/_eye_in_hand_interfaces_s.ep.rosidl_typesupport_c.c.o[0m
[ 94%] [32m[1mLinking C shared module rosidl_generator_py/eye_in_hand_interfaces/eye_in_hand_interfaces_s__rosidl_typesupport_fastrtps_c.so[0m
[ 97%] [32m[1mLinking C shared module rosidl_generator_py/eye_in_hand_interfaces/eye_in_hand_interfaces_s__rosidl_typesupport_c.so[0m
[ 97%] Built target eye_in_hand_interfaces_s__rosidl_typesupport_c
[ 97%] Built target eye_in_hand_interfaces_s__rosidl_typesupport_fastrtps_c
[100%] [32m[1mLinking C shared module rosidl_generator_py/eye_in_hand_interfaces/eye_in_hand_interfaces_s__rosidl_typesupport_introspection_c.so[0m
[100%] Built target eye_in_hand_interfaces_s__rosidl_typesupport_introspection_c
-- Install configuration: ""
-- Up-to-date: /home/student/Git-projects/eye_in_hand_A5/install/eye_in_hand_interfaces/share/ament_index/resource_index/rosidl_interfaces/eye_in_hand_interfaces
-- Up-to-date: /home/student/Git-projects/eye_in_hand_A5/install/eye_in_hand_interfaces/share/eye_in_hand_interfaces/action/StartRobot.json
-- Up-to-date: /home/student/Git-projects/eye_in_hand_A5/install/eye_in_hand_interfaces/include/eye_in_hand_interfaces/eye_in_hand_interfaces
-- Up-to-date: /home/student/Git-projects/eye_in_hand_A5/install/eye_in_hand_interfaces/include/eye_in_hand_interfaces/eye_in_hand_interfaces/action
-- Up-to-date: /home/student/Git-projects/eye_in_hand_A5/install/eye_in_hand_interfaces/include/eye_in_hand_interfaces/eye_in_hand_interfaces/action/detail
-- Installing: /home/student/Git-projects/eye_in_hand_A5/install/eye_in_hand_interfaces/include/eye_in_hand_interfaces/eye_in_hand_interfaces/action/detail/start_robot__description.c
-- Installing: /home/student/Git-projects/eye_in_hand_A5/install/eye_in_hand_interfaces/include/eye_in_hand_interfaces/eye_in_hand_interfaces/action/detail/start_robot__functions.h
-- Installing: /home/student/Git-projects/eye_in_hand_A5/install/eye_in_hand_interfaces/include/eye_in_hand_interfaces/eye_in_hand_interfaces/action/detail/start_robot__functions.c
-- Installing: /home/student/Git-projects/eye_in_hand_A5/install/eye_in_hand_interfaces/include/eye_in_hand_interfaces/eye_in_hand_interfaces/action/detail/start_robot__type_support.h
-- Installing: /home/student/Git-projects/eye_in_hand_A5/install/eye_in_hand_interfaces/include/eye_in_hand_interfaces/eye_in_hand_interfaces/action/detail/start_robot__type_support.c
-- Installing: /home/student/Git-projects/eye_in_hand_A5/install/eye_in_hand_interfaces/include/eye_in_hand_interfaces/eye_in_hand_interfaces/action/detail/start_robot__struct.h
-- Up-to-date: /home/student/Git-projects/eye_in_hand_A5/install/eye_in_hand_interfaces/include/eye_in_hand_interfaces/eye_in_hand_interfaces/action/start_robot.h
-- Up-to-date: /home/student/Git-projects/eye_in_hand_A5/install/eye_in_hand_interfaces/include/eye_in_hand_interfaces/eye_in_hand_interfaces/msg
-- Up-to-date: /home/student/Git-projects/eye_in_hand_A5/install/eye_in_hand_interfaces/include/eye_in_hand_interfaces/eye_in_hand_interfaces/msg/rosidl_generator_c__visibility_control.h
-- Installing: /home/student/Git-projects/eye_in_hand_A5/install/eye_in_hand_interfaces/share/eye_in_hand_interfaces/environment/library_path.sh
-- Up-to-date: /home/student/Git-projects/eye_in_hand_A5/install/eye_in_hand_interfaces/share/eye_in_hand_interfaces/environment/library_path.dsv
-- Installing: /home/student/Git-projects/eye_in_hand_A5/install/eye_in_hand_interfaces/lib/libeye_in_hand_interfaces__rosidl_generator_c.so
-- Set non-toolchain portion of runtime path of "/home/student/Git-projects/eye_in_hand_A5/install/eye_in_hand_interfaces/lib/libeye_in_hand_interfaces__rosidl_generator_c.so" to ""
-- Up-to-date: /home/student/Git-projects/eye_in_hand_A5/install/eye_in_hand_interfaces/include/eye_in_hand_interfaces/eye_in_hand_interfaces
-- Up-to-date: /home/student/Git-projects/eye_in_hand_A5/install/eye_in_hand_interfaces/include/eye_in_hand_interfaces/eye_in_hand_interfaces/action
-- Up-to-date: /home/student/Git-projects/eye_in_hand_A5/install/eye_in_hand_interfaces/include/eye_in_hand_interfaces/eye_in_hand_interfaces/action/detail
-- Up-to-date: /home/student/Git-projects/eye_in_hand_A5/install/eye_in_hand_interfaces/include/eye_in_hand_interfaces/eye_in_hand_interfaces/action/detail/start_robot__rosidl_typesupport_fastrtps_c.h
-- Up-to-date: /home/student/Git-projects/eye_in_hand_A5/install/eye_in_hand_interfaces/include/eye_in_hand_interfaces/eye_in_hand_interfaces/msg
-- Up-to-date: /home/student/Git-projects/eye_in_hand_A5/install/eye_in_hand_interfaces/include/eye_in_hand_interfaces/eye_in_hand_interfaces/msg/rosidl_typesupport_fastrtps_c__visibility_control.h
-- Installing: /home/student/Git-projects/eye_in_hand_A5/install/eye_in_hand_interfaces/lib/libeye_in_hand_interfaces__rosidl_typesupport_fastrtps_c.so
-- Set non-toolchain portion of runtime path of "/home/student/Git-projects/eye_in_hand_A5/install/eye_in_hand_interfaces/lib/libeye_in_hand_interfaces__rosidl_typesupport_fastrtps_c.so" to ""
-- Up-to-date: /home/student/Git-projects/eye_in_hand_A5/install/eye_in_hand_interfaces/include/eye_in_hand_interfaces/eye_in_hand_interfaces
-- Up-to-date: /home/student/Git-projects/eye_in_hand_A5/install/eye_in_hand_interfaces/include/eye_in_hand_interfaces/eye_in_hand_interfaces/action
-- Up-to-date: /home/student/Git-projects/eye_in_hand_A5/install/eye_in_hand_interfaces/include/eye_in_hand_interfaces/eye_in_hand_interfaces/action/detail
-- Up-to-date: /home/student/Git-projects/eye_in_hand_A5/install/eye_in_hand_interfaces/include/eye_in_hand_interfaces/eye_in_hand_interfaces/action/detail/start_robot__rosidl_typesupport_introspection_c.h
-- Installing: /home/student/Git-projects/eye_in_hand_A5/install/eye_in_hand_interfaces/include/eye_in_hand_interfaces/eye_in_hand_interfaces/action/detail/start_robot__type_support.c
-- Up-to-date: /home/student/Git-projects/eye_in_hand_A5/install/eye_in_hand_interfaces/include/eye_in_hand_interfaces/eye_in_hand_interfaces/msg
-- Up-to-date: /home/student/Git-projects/eye_in_hand_A5/install/eye_in_hand_interfaces/include/eye_in_hand_interfaces/eye_in_hand_interfaces/msg/rosidl_typesupport_introspection_c__visibility_control.h
-- Installing: /home/student/Git-projects/eye_in_hand_A5/install/eye_in_hand_interfaces/lib/libeye_in_hand_interfaces__rosidl_typesupport_introspection_c.so
-- Set non-toolchain portion of runtime path of "/home/student/Git-projects/eye_in_hand_A5/install/eye_in_hand_interfaces/lib/libeye_in_hand_interfaces__rosidl_typesupport_introspection_c.so" to ""
-- Installing: /home/student/Git-projects/eye_in_hand_A5/install/eye_in_hand_interfaces/lib/libeye_in_hand_interfaces__rosidl_typesupport_c.so
-- Set non-toolchain portion of runtime path of "/home/student/Git-projects/eye_in_hand_A5/install/eye_in_hand_interfaces/lib/libeye_in_hand_interfaces__rosidl_typesupport_c.so" to ""
-- Up-to-date: /home/student/Git-projects/eye_in_hand_A5/install/eye_in_hand_interfaces/include/eye_in_hand_interfaces/eye_in_hand_interfaces
-- Up-to-date: /home/student/Git-projects/eye_in_hand_A5/install/eye_in_hand_interfaces/include/eye_in_hand_interfaces/eye_in_hand_interfaces/action
-- Up-to-date: /home/student/Git-projects/eye_in_hand_A5/install/eye_in_hand_interfaces/include/eye_in_hand_interfaces/eye_in_hand_interfaces/action/detail
-- Installing: /home/student/Git-projects/eye_in_hand_A5/install/eye_in_hand_interfaces/include/eye_in_hand_interfaces/eye_in_hand_interfaces/action/detail/start_robot__builder.hpp
-- Up-to-date: /home/student/Git-projects/eye_in_hand_A5/install/eye_in_hand_interfaces/include/eye_in_hand_interfaces/eye_in_hand_interfaces/action/detail/start_robot__type_support.hpp
-- Installing: /home/student/Git-projects/eye_in_hand_A5/install/eye_in_hand_interfaces/include/eye_in_hand_interfaces/eye_in_hand_interfaces/action/detail/start_robot__struct.hpp
-- Up-to-date: /home/student/Git-projects/eye_in_hand_A5/install/eye_in_hand_interfaces/include/eye_in_hand_interfaces/eye_in_hand_interfaces/action/detail/start_robot__traits.hpp
-- Up-to-date: /home/student/Git-projects/eye_in_hand_A5/install/eye_in_hand_interfaces/include/eye_in_hand_interfaces/eye_in_hand_interfaces/action/start_robot.hpp
-- Up-to-date: /home/student/Git-projects/eye_in_hand_A5/install/eye_in_hand_interfaces/include/eye_in_hand_interfaces/eye_in_hand_interfaces/msg
-- Up-to-date: /home/student/Git-projects/eye_in_hand_A5/install/eye_in_hand_interfaces/include/eye_in_hand_interfaces/eye_in_hand_interfaces/msg/rosidl_generator_cpp__visibility_control.hpp
-- Up-to-date: /home/student/Git-projects/eye_in_hand_A5/install/eye_in_hand_interfaces/include/eye_in_hand_interfaces/eye_in_hand_interfaces
-- Up-to-date: /home/student/Git-projects/eye_in_hand_A5/install/eye_in_hand_interfaces/include/eye_in_hand_interfaces/eye_in_hand_interfaces/action
-- Up-to-date: /home/student/Git-projects/eye_in_hand_A5/install/eye_in_hand_interfaces/include/eye_in_hand_interfaces/eye_in_hand_interfaces/action/detail
-- Installing: /home/student/Git-projects/eye_in_hand_A5/install/eye_in_hand_interfaces/include/eye_in_hand_interfaces/eye_in_hand_interfaces/action/detail/dds_fastrtps
-- Up-to-date: /home/student/Git-projects/eye_in_hand_A5/install/eye_in_hand_interfaces/include/eye_in_hand_interfaces/eye_in_hand_interfaces/action/detail/start_robot__rosidl_typesupport_fastrtps_cpp.hpp
-- Up-to-date: /home/student/Git-projects/eye_in_hand_A5/install/eye_in_hand_interfaces/include/eye_in_hand_interfaces/eye_in_hand_interfaces/msg
-- Up-to-date: /home/student/Git-projects/eye_in_hand_A5/install/eye_in_hand_interfaces/include/eye_in_hand_interfaces/eye_in_hand_interfaces/msg/rosidl_typesupport_fastrtps_cpp__visibility_control.h
-- Installing: /home/student/Git-projects/eye_in_hand_A5/install/eye_in_hand_interfaces/lib/libeye_in_hand_interfaces__rosidl_typesupport_fastrtps_cpp.so
-- Set non-toolchain portion of runtime path of "/home/student/Git-projects/eye_in_hand_A5/install/eye_in_hand_interfaces/lib/libeye_in_hand_interfaces__rosidl_typesupport_fastrtps_cpp.so" to ""
-- Up-to-date: /home/student/Git-projects/eye_in_hand_A5/install/eye_in_hand_interfaces/include/eye_in_hand_interfaces/eye_in_hand_interfaces
-- Up-to-date: /home/student/Git-projects/eye_in_hand_A5/install/eye_in_hand_interfaces/include/eye_in_hand_interfaces/eye_in_hand_interfaces/action
-- Up-to-date: /home/student/Git-projects/eye_in_hand_A5/install/eye_in_hand_interfaces/include/eye_in_hand_interfaces/eye_in_hand_interfaces/action/detail
-- Up-to-date: /home/student/Git-projects/eye_in_hand_A5/install/eye_in_hand_interfaces/include/eye_in_hand_interfaces/eye_in_hand_interfaces/action/detail/start_robot__rosidl_typesupport_introspection_cpp.hpp
-- Up-to-date: /home/student/Git-projects/eye_in_hand_A5/install/eye_in_hand_interfaces/include/eye_in_hand_interfaces/eye_in_hand_interfaces/action/detail/start_robot__type_support.cpp
-- Installing: /home/student/Git-projects/eye_in_hand_A5/install/eye_in_hand_interfaces/lib/libeye_in_hand_interfaces__rosidl_typesupport_introspection_cpp.so
-- Set non-toolchain portion of runtime path of "/home/student/Git-projects/eye_in_hand_A5/install/eye_in_hand_interfaces/lib/libeye_in_hand_interfaces__rosidl_typesupport_introspection_cpp.so" to ""
-- Installing: /home/student/Git-projects/eye_in_hand_A5/install/eye_in_hand_interfaces/lib/libeye_in_hand_interfaces__rosidl_typesupport_cpp.so
-- Set non-toolchain portion of runtime path of "/home/student/Git-projects/eye_in_hand_A5/install/eye_in_hand_interfaces/lib/libeye_in_hand_interfaces__rosidl_typesupport_cpp.so" to ""
-- Up-to-date: /home/student/Git-projects/eye_in_hand_A5/install/eye_in_hand_interfaces/share/eye_in_hand_interfaces/environment/pythonpath.sh
-- Up-to-date: /home/student/Git-projects/eye_in_hand_A5/install/eye_in_hand_interfaces/share/eye_in_hand_interfaces/environment/pythonpath.dsv
-- Up-to-date: /home/student/Git-projects/eye_in_hand_A5/install/eye_in_hand_interfaces/lib/python3.12/site-packages/eye_in_hand_interfaces-0.0.0-py3.12.egg-info
-- Installing: /home/student/Git-projects/eye_in_hand_A5/install/eye_in_hand_interfaces/lib/python3.12/site-packages/eye_in_hand_interfaces-0.0.0-py3.12.egg-info/dependency_links.txt
-- Installing: /home/student/Git-projects/eye_in_hand_A5/install/eye_in_hand_interfaces/lib/python3.12/site-packages/eye_in_hand_interfaces-0.0.0-py3.12.egg-info/top_level.txt
-- Installing: /home/student/Git-projects/eye_in_hand_A5/install/eye_in_hand_interfaces/lib/python3.12/site-packages/eye_in_hand_interfaces-0.0.0-py3.12.egg-info/SOURCES.txt
-- Installing: /home/student/Git-projects/eye_in_hand_A5/install/eye_in_hand_interfaces/lib/python3.12/site-packages/eye_in_hand_interfaces-0.0.0-py3.12.egg-info/PKG-INFO
-- Up-to-date: /home/student/Git-projects/eye_in_hand_A5/install/eye_in_hand_interfaces/lib/python3.12/site-packages/eye_in_hand_interfaces
-- Up-to-date: /home/student/Git-projects/eye_in_hand_A5/install/eye_in_hand_interfaces/lib/python3.12/site-packages/eye_in_hand_interfaces/_eye_in_hand_interfaces_s.ep.rosidl_typesupport_fastrtps_c.c
-- Installing: /home/student/Git-projects/eye_in_hand_A5/install/eye_in_hand_interfaces/lib/python3.12/site-packages/eye_in_hand_interfaces/eye_in_hand_interfaces_s__rosidl_typesupport_fastrtps_c.so
-- Up-to-date: /home/student/Git-projects/eye_in_hand_A5/install/eye_in_hand_interfaces/lib/python3.12/site-packages/eye_in_hand_interfaces/_eye_in_hand_interfaces_s.ep.rosidl_typesupport_introspection_c.c
-- Up-to-date: /home/student/Git-projects/eye_in_hand_A5/install/eye_in_hand_interfaces/lib/python3.12/site-packages/eye_in_hand_interfaces/action
-- Up-to-date: /home/student/Git-projects/eye_in_hand_A5/install/eye_in_hand_interfaces/lib/python3.12/site-packages/eye_in_hand_interfaces/action/_start_robot.py
-- Up-to-date: /home/student/Git-projects/eye_in_hand_A5/install/eye_in_hand_interfaces/lib/python3.12/site-packages/eye_in_hand_interfaces/action/_start_robot_s.c
-- Up-to-date: /home/student/Git-projects/eye_in_hand_A5/install/eye_in_hand_interfaces/lib/python3.12/site-packages/eye_in_hand_interfaces/action/__init__.py
-- Installing: /home/student/Git-projects/eye_in_hand_A5/install/eye_in_hand_interfaces/lib/python3.12/site-packages/eye_in_hand_interfaces/eye_in_hand_interfaces_s__rosidl_typesupport_c.so
-- Installing: /home/student/Git-projects/eye_in_hand_A5/install/eye_in_hand_interfaces/lib/python3.12/site-packages/eye_in_hand_interfaces/__init__.py
-- Installing: /home/student/Git-projects/eye_in_hand_A5/install/eye_in_hand_interfaces/lib/python3.12/site-packages/eye_in_hand_interfaces/eye_in_hand_interfaces_s__rosidl_typesupport_introspection_c.so
-- Up-to-date: /home/student/Git-projects/eye_in_hand_A5/install/eye_in_hand_interfaces/lib/python3.12/site-packages/eye_in_hand_interfaces/_eye_in_hand_interfaces_s.ep.rosidl_typesupport_c.c
Listing '/home/student/Git-projects/eye_in_hand_A5/install/eye_in_hand_interfaces/lib/python3.12/site-packages/eye_in_hand_interfaces'...
Compiling '/home/student/Git-projects/eye_in_hand_A5/install/eye_in_hand_interfaces/lib/python3.12/site-packages/eye_in_hand_interfaces/__init__.py'...
Listing '/home/student/Git-projects/eye_in_hand_A5/install/eye_in_hand_interfaces/lib/python3.12/site-packages/eye_in_hand_interfaces/action'...
Compiling '/home/student/Git-projects/eye_in_hand_A5/install/eye_in_hand_interfaces/lib/python3.12/site-packages/eye_in_hand_interfaces/action/__init__.py'...
Compiling '/home/student/Git-projects/eye_in_hand_A5/install/eye_in_hand_interfaces/lib/python3.12/site-packages/eye_in_hand_interfaces/action/_start_robot.py'...
-- Installing: /home/student/Git-projects/eye_in_hand_A5/install/eye_in_hand_interfaces/lib/python3.12/site-packages/eye_in_hand_interfaces/eye_in_hand_interfaces_s__rosidl_typesupport_fastrtps_c.so
-- Set non-toolchain portion of runtime path of "/home/student/Git-projects/eye_in_hand_A5/install/eye_in_hand_interfaces/lib/python3.12/site-packages/eye_in_hand_interfaces/eye_in_hand_interfaces_s__rosidl_typesupport_fastrtps_c.so" to ""
-- Installing: /home/student/Git-projects/eye_in_hand_A5/install/eye_in_hand_interfaces/lib/python3.12/site-packages/eye_in_hand_interfaces/eye_in_hand_interfaces_s__rosidl_typesupport_introspection_c.so
-- Set non-toolchain portion of runtime path of "/home/student/Git-projects/eye_in_hand_A5/install/eye_in_hand_interfaces/lib/python3.12/site-packages/eye_in_hand_interfaces/eye_in_hand_interfaces_s__rosidl_typesupport_introspection_c.so" to ""
-- Installing: /home/student/Git-projects/eye_in_hand_A5/install/eye_in_hand_interfaces/lib/python3.12/site-packages/eye_in_hand_interfaces/eye_in_hand_interfaces_s__rosidl_typesupport_c.so
-- Set non-toolchain portion of runtime path of "/home/student/Git-projects/eye_in_hand_A5/install/eye_in_hand_interfaces/lib/python3.12/site-packages/eye_in_hand_interfaces/eye_in_hand_interfaces_s__rosidl_typesupport_c.so" to ""
-- Installing: /home/student/Git-projects/eye_in_hand_A5/install/eye_in_hand_interfaces/lib/libeye_in_hand_interfaces__rosidl_generator_py.so
-- Set non-toolchain portion of runtime path of "/home/student/Git-projects/eye_in_hand_A5/install/eye_in_hand_interfaces/lib/libeye_in_hand_interfaces__rosidl_generator_py.so" to ""
-- Up-to-date: /home/student/Git-projects/eye_in_hand_A5/install/eye_in_hand_interfaces/share/ament_index/resource_index/rust_packages/eye_in_hand_interfaces
-- Up-to-date: /home/student/Git-projects/eye_in_hand_A5/install/eye_in_hand_interfaces/share/eye_in_hand_interfaces/rust
-- Installing: /home/student/Git-projects/eye_in_hand_A5/install/eye_in_hand_interfaces/share/eye_in_hand_interfaces/rust/build.rs
-- Installing: /home/student/Git-projects/eye_in_hand_A5/install/eye_in_hand_interfaces/share/eye_in_hand_interfaces/rust/Cargo.toml
-- Up-to-date: /home/student/Git-projects/eye_in_hand_A5/install/eye_in_hand_interfaces/share/eye_in_hand_interfaces/rust/src
-- Installing: /home/student/Git-projects/eye_in_hand_A5/install/eye_in_hand_interfaces/share/eye_in_hand_interfaces/rust/src/action.rs
-- Up-to-date: /home/student/Git-projects/eye_in_hand_A5/install/eye_in_hand_interfaces/share/eye_in_hand_interfaces/rust/src/action
-- Up-to-date: /home/student/Git-projects/eye_in_hand_A5/install/eye_in_hand_interfaces/share/eye_in_hand_interfaces/rust/src/action/rmw.rs
-- Up-to-date: /home/student/Git-projects/eye_in_hand_A5/install/eye_in_hand_interfaces/share/eye_in_hand_interfaces/rust/src/lib.rs
-- Up-to-date: /home/student/Git-projects/eye_in_hand_A5/install/eye_in_hand_interfaces/share/eye_in_hand_interfaces/action/StartRobot.idl
-- Up-to-date: /home/student/Git-projects/eye_in_hand_A5/install/eye_in_hand_interfaces/share/eye_in_hand_interfaces/action/StartRobot.action
-- Up-to-date: /home/student/Git-projects/eye_in_hand_A5/install/eye_in_hand_interfaces/share/ament_index/resource_index/package_run_dependencies/eye_in_hand_interfaces
-- Installing: /home/student/Git-projects/eye_in_hand_A5/install/eye_in_hand_interfaces/share/ament_index/resource_index/parent_prefix_path/eye_in_hand_interfaces
-- Installing: /home/student/Git-projects/eye_in_hand_A5/install/eye_in_hand_interfaces/share/eye_in_hand_interfaces/environment/ament_prefix_path.sh
-- Up-to-date: /home/student/Git-projects/eye_in_hand_A5/install/eye_in_hand_interfaces/share/eye_in_hand_interfaces/environment/ament_prefix_path.dsv
-- Installing: /home/student/Git-projects/eye_in_hand_A5/install/eye_in_hand_interfaces/share/eye_in_hand_interfaces/environment/path.sh
-- Up-to-date: /home/student/Git-projects/eye_in_hand_A5/install/eye_in_hand_interfaces/share/eye_in_hand_interfaces/environment/path.dsv
-- Up-to-date: /home/student/Git-projects/eye_in_hand_A5/install/eye_in_hand_interfaces/share/eye_in_hand_interfaces/local_setup.bash
-- Up-to-date: /home/student/Git-projects/eye_in_hand_A5/install/eye_in_hand_interfaces/share/eye_in_hand_interfaces/local_setup.sh
-- Up-to-date: /home/student/Git-projects/eye_in_hand_A5/install/eye_in_hand_interfaces/share/eye_in_hand_interfaces/local_setup.zsh
-- Up-to-date: /home/student/Git-projects/eye_in_hand_A5/install/eye_in_hand_interfaces/share/eye_in_hand_interfaces/local_setup.dsv
-- Up-to-date: /home/student/Git-projects/eye_in_hand_A5/install/eye_in_hand_interfaces/share/eye_in_hand_interfaces/package.dsv
-- Up-to-date: /home/student/Git-projects/eye_in_hand_A5/install/eye_in_hand_interfaces/share/ament_index/resource_index/packages/eye_in_hand_interfaces
-- Up-to-date: /home/student/Git-projects/eye_in_hand_A5/install/eye_in_hand_interfaces/share/eye_in_hand_interfaces/cmake/export_eye_in_hand_interfaces__rosidl_generator_cExport.cmake
-- Up-to-date: /home/student/Git-projects/eye_in_hand_A5/install/eye_in_hand_interfaces/share/eye_in_hand_interfaces/cmake/export_eye_in_hand_interfaces__rosidl_generator_cExport-noconfig.cmake
-- Up-to-date: /home/student/Git-projects/eye_in_hand_A5/install/eye_in_hand_interfaces/share/eye_in_hand_interfaces/cmake/export_eye_in_hand_interfaces__rosidl_typesupport_fastrtps_cExport.cmake
-- Up-to-date: /home/student/Git-projects/eye_in_hand_A5/install/eye_in_hand_interfaces/share/eye_in_hand_interfaces/cmake/export_eye_in_hand_interfaces__rosidl_typesupport_fastrtps_cExport-noconfig.cmake
-- Up-to-date: /home/student/Git-projects/eye_in_hand_A5/install/eye_in_hand_interfaces/share/eye_in_hand_interfaces/cmake/eye_in_hand_interfaces__rosidl_typesupport_introspection_cExport.cmake
-- Up-to-date: /home/student/Git-projects/eye_in_hand_A5/install/eye_in_hand_interfaces/share/eye_in_hand_interfaces/cmake/eye_in_hand_interfaces__rosidl_typesupport_introspection_cExport-noconfig.cmake
-- Up-to-date: /home/student/Git-projects/eye_in_hand_A5/install/eye_in_hand_interfaces/share/eye_in_hand_interfaces/cmake/eye_in_hand_interfaces__rosidl_typesupport_cExport.cmake
-- Up-to-date: /home/student/Git-projects/eye_in_hand_A5/install/eye_in_hand_interfaces/share/eye_in_hand_interfaces/cmake/eye_in_hand_interfaces__rosidl_typesupport_cExport-noconfig.cmake
-- Up-to-date: /home/student/Git-projects/eye_in_hand_A5/install/eye_in_hand_interfaces/share/eye_in_hand_interfaces/cmake/export_eye_in_hand_interfaces__rosidl_generator_cppExport.cmake
-- Up-to-date: /home/student/Git-projects/eye_in_hand_A5/install/eye_in_hand_interfaces/share/eye_in_hand_interfaces/cmake/export_eye_in_hand_interfaces__rosidl_typesupport_fastrtps_cppExport.cmake
-- Up-to-date: /home/student/Git-projects/eye_in_hand_A5/install/eye_in_hand_interfaces/share/eye_in_hand_interfaces/cmake/export_eye_in_hand_interfaces__rosidl_typesupport_fastrtps_cppExport-noconfig.cmake
-- Up-to-date: /home/student/Git-projects/eye_in_hand_A5/install/eye_in_hand_interfaces/share/eye_in_hand_interfaces/cmake/eye_in_hand_interfaces__rosidl_typesupport_introspection_cppExport.cmake
-- Up-to-date: /home/student/Git-projects/eye_in_hand_A5/install/eye_in_hand_interfaces/share/eye_in_hand_interfaces/cmake/eye_in_hand_interfaces__rosidl_typesupport_introspection_cppExport-noconfig.cmake
-- Up-to-date: /home/student/Git-projects/eye_in_hand_A5/install/eye_in_hand_interfaces/share/eye_in_hand_interfaces/cmake/eye_in_hand_interfaces__rosidl_typesupport_cppExport.cmake
-- Up-to-date: /home/student/Git-projects/eye_in_hand_A5/install/eye_in_hand_interfaces/share/eye_in_hand_interfaces/cmake/eye_in_hand_interfaces__rosidl_typesupport_cppExport-noconfig.cmake
-- Up-to-date: /home/student/Git-projects/eye_in_hand_A5/install/eye_in_hand_interfaces/share/eye_in_hand_interfaces/cmake/export_eye_in_hand_interfaces__rosidl_generator_pyExport.cmake
-- Up-to-date: /home/student/Git-projects/eye_in_hand_A5/install/eye_in_hand_interfaces/share/eye_in_hand_interfaces/cmake/export_eye_in_hand_interfaces__rosidl_generator_pyExport-noconfig.cmake
-- Up-to-date: /home/student/Git-projects/eye_in_hand_A5/install/eye_in_hand_interfaces/share/eye_in_hand_interfaces/cmake/rosidl_cmake-extras.cmake
-- Up-to-date: /home/student/Git-projects/eye_in_hand_A5/install/eye_in_hand_interfaces/share/eye_in_hand_interfaces/cmake/ament_cmake_export_dependencies-extras.cmake
-- Up-to-date: /home/student/Git-projects/eye_in_hand_A5/install/eye_in_hand_interfaces/share/eye_in_hand_interfaces/cmake/ament_cmake_export_include_directories-extras.cmake
-- Up-to-date: /home/student/Git-projects/eye_in_hand_A5/install/eye_in_hand_interfaces/share/eye_in_hand_interfaces/cmake/ament_cmake_export_libraries-extras.cmake
-- Up-to-date: /home/student/Git-projects/eye_in_hand_A5/install/eye_in_hand_interfaces/share/eye_in_hand_interfaces/cmake/ament_cmake_export_targets-extras.cmake
-- Up-to-date: /home/student/Git-projects/eye_in_hand_A5/install/eye_in_hand_interfaces/share/eye_in_hand_interfaces/cmake/rosidl_cmake_export_typesupport_targets-extras.cmake
-- Up-to-date: /home/student/Git-projects/eye_in_hand_A5/install/eye_in_hand_interfaces/share/eye_in_hand_interfaces/cmake/rosidl_cmake_export_typesupport_libraries-extras.cmake
-- Up-to-date: /home/student/Git-projects/eye_in_hand_A5/install/eye_in_hand_interfaces/share/eye_in_hand_interfaces/cmake/eye_in_hand_interfacesConfig.cmake
-- Up-to-date: /home/student/Git-projects/eye_in_hand_A5/install/eye_in_hand_interfaces/share/eye_in_hand_interfaces/cmake/eye_in_hand_interfacesConfig-version.cmake
-- Up-to-date: /home/student/Git-projects/eye_in_hand_A5/install/eye_in_hand_interfaces/share/eye_in_hand_interfaces/package.xml
