[0.067s] Invoking command in '/home/student/Git-projects/eye_in_hand_A5/build/eye_in_hand_interfaces': CMAKE_PREFIX_PATH=${CMAKE_PREFIX_PATH}:/home/student/Git-projects/install/robotiq_app:/home/student/ros2_industrial_ws/install/urdf_basics:/home/student/ros2_industrial_ws/install/transferframes:/home/student/ros2_industrial_ws/install/template_package_python:/home/student/ros2_industrial_ws/install/ros_industrial_utilities:/home/student/ros2_industrial_ws/install/ros_industrial_support:/home/student/ros2_industrial_ws/install/range_sensor:/home/student/ros2_industrial_ws/install/node_demo:/home/student/ros2_industrial_ws/install/manipulation:/home/student/ros2_industrial_ws/install/fanuc_robots:/home/student/my_ur_ws/install/my_ur_demo:/home/student/my_ur_ws/install/my_ur_bringup:/home/student/xarm_ws/install/uf_ros_lib:/opt/ros/jazzy DEBUGINFOD_URLS=https://debuginfod.ubuntu.com /usr/bin/cmake --build /home/student/Git-projects/eye_in_hand_A5/build/eye_in_hand_interfaces -- -j4 -l4
[0.622s] -- Found ament_cmake: 2.5.6 (/opt/ros/jazzy/share/ament_cmake/cmake)
[0.623s] -- Found rosidl_default_generators: 1.6.0 (/opt/ros/jazzy/share/rosidl_default_generators/cmake)
[0.623s] -- Using all available rosidl_typesupport_c: rosidl_typesupport_fastrtps_c;rosidl_typesupport_introspection_c
[0.623s] -- Using all available rosidl_typesupport_cpp: rosidl_typesupport_fastrtps_cpp;rosidl_typesupport_introspection_cpp
[0.624s] -- Found rosidl_adapter: 4.6.7 (/opt/ros/jazzy/share/rosidl_adapter/cmake)
[0.624s] -- Found action_msgs: 2.0.3 (/opt/ros/jazzy/share/action_msgs/cmake)
[1.360s] -- Found ament_cmake_ros: 0.12.0 (/opt/ros/jazzy/share/ament_cmake_ros/cmake)
[1.633s] -- Using all available rosidl_typesupport_c: rosidl_typesupport_fastrtps_c;rosidl_typesupport_introspection_c
[1.958s] -- Using all available rosidl_typesupport_cpp: rosidl_typesupport_fastrtps_cpp;rosidl_typesupport_introspection_cpp
[1.962s] -- Found python_cmake_module: 0.11.1 (/opt/ros/jazzy/share/python_cmake_module/cmake)
[2.837s] -- Found Python3: /usr/bin/python3 (found version "3.12.3") found components: Interpreter Development NumPy Development.Module Development.Embed 
[3.047s] -- Found Python3: /usr/bin/python3 (found version "3.12.3") found components: Interpreter 
[3.083s] -- Configuring done (2.9s)
[3.369s] -- Generating done (0.2s)
[3.462s] -- Build files have been written to: /home/student/Git-projects/eye_in_hand_A5/build/eye_in_hand_interfaces
[3.638s] [  2%] Built target eye_in_hand_interfaces__rosidl_generator_type_description
[3.710s] [  5%] Built target ament_cmake_python_copy_eye_in_hand_interfaces
[3.713s] [  5%] Built target eye_in_hand_interfaces__rs
[3.855s] [  8%] Built target eye_in_hand_interfaces__cpp
[3.995s] [ 11%] [32mBuilding C object CMakeFiles/eye_in_hand_interfaces__rosidl_generator_c.dir/rosidl_generator_c/eye_in_hand_interfaces/action/detail/start_robot__type_support.c.o[0m
[3.996s] [ 14%] [32mBuilding C object CMakeFiles/eye_in_hand_interfaces__rosidl_generator_c.dir/rosidl_generator_c/eye_in_hand_interfaces/action/detail/start_robot__description.c.o[0m
[4.001s] [ 17%] [32mBuilding C object CMakeFiles/eye_in_hand_interfaces__rosidl_generator_c.dir/rosidl_generator_c/eye_in_hand_interfaces/action/detail/start_robot__functions.c.o[0m
[4.484s] [ 20%] [32m[1mLinking C shared library libeye_in_hand_interfaces__rosidl_generator_c.so[0m
[4.521s] running egg_info
[4.568s] [ 22%] Built target eye_in_hand_interfaces__rosidl_generator_c
[4.600s] writing eye_in_hand_interfaces.egg-info/PKG-INFO
[4.602s] writing dependency_links to eye_in_hand_interfaces.egg-info/dependency_links.txt
[4.603s] writing top-level names to eye_in_hand_interfaces.egg-info/top_level.txt
[4.674s] [ 25%] [32mBuilding C object CMakeFiles/eye_in_hand_interfaces__rosidl_typesupport_introspection_c.dir/rosidl_typesupport_introspection_c/eye_in_hand_interfaces/action/detail/start_robot__type_support.c.o[0m
[4.684s] [ 28%] [32mBuilding CXX object CMakeFiles/eye_in_hand_interfaces__rosidl_typesupport_cpp.dir/rosidl_typesupport_cpp/eye_in_hand_interfaces/action/start_robot__type_support.cpp.o[0m
[4.690s] [ 31%] [32mBuilding CXX object CMakeFiles/eye_in_hand_interfaces__rosidl_typesupport_fastrtps_c.dir/rosidl_typesupport_fastrtps_c/eye_in_hand_interfaces/action/detail/start_robot__type_support_c.cpp.o[0m
[4.845s] reading manifest file 'eye_in_hand_interfaces.egg-info/SOURCES.txt'
[4.850s] writing manifest file 'eye_in_hand_interfaces.egg-info/SOURCES.txt'
[4.950s] [ 31%] Built target ament_cmake_python_build_eye_in_hand_interfaces_egg
[4.965s] [ 34%] [32m[1mLinking C shared library libeye_in_hand_interfaces__rosidl_typesupport_introspection_c.so[0m
[5.070s] [ 37%] [32mBuilding CXX object CMakeFiles/eye_in_hand_interfaces__rosidl_typesupport_c.dir/rosidl_typesupport_c/eye_in_hand_interfaces/action/start_robot__type_support.cpp.o[0m
[5.126s] [ 40%] Built target eye_in_hand_interfaces__rosidl_typesupport_introspection_c
[5.256s] [ 42%] [32mBuilding CXX object CMakeFiles/eye_in_hand_interfaces__rosidl_typesupport_fastrtps_cpp.dir/rosidl_typesupport_fastrtps_cpp/eye_in_hand_interfaces/action/detail/dds_fastrtps/start_robot__type_support.cpp.o[0m
[5.306s] [ 45%] [32m[1mLinking CXX shared library libeye_in_hand_interfaces__rosidl_typesupport_c.so[0m
[5.485s] [ 48%] Built target eye_in_hand_interfaces__rosidl_typesupport_c
[5.605s] [ 51%] [32mBuilding CXX object CMakeFiles/eye_in_hand_interfaces__rosidl_typesupport_introspection_cpp.dir/rosidl_typesupport_introspection_cpp/eye_in_hand_interfaces/action/detail/start_robot__type_support.cpp.o[0m
[6.501s] [ 54%] [32m[1mLinking CXX shared library libeye_in_hand_interfaces__rosidl_typesupport_fastrtps_c.so[0m
[6.716s] [ 57%] Built target eye_in_hand_interfaces__rosidl_typesupport_fastrtps_c
[7.170s] [ 60%] [32m[1mLinking CXX shared library libeye_in_hand_interfaces__rosidl_typesupport_cpp.so[0m
[7.375s] [ 62%] Built target eye_in_hand_interfaces__rosidl_typesupport_cpp
[7.726s] [ 65%] [32m[1mLinking CXX shared library libeye_in_hand_interfaces__rosidl_typesupport_introspection_cpp.so[0m
[7.883s] [ 68%] Built target eye_in_hand_interfaces__rosidl_typesupport_introspection_cpp
[7.950s] [ 71%] [32m[1mLinking CXX shared library libeye_in_hand_interfaces__rosidl_typesupport_fastrtps_cpp.so[0m
[8.098s] [ 74%] Built target eye_in_hand_interfaces__rosidl_typesupport_fastrtps_cpp
[8.148s] [ 74%] Built target eye_in_hand_interfaces
[8.207s] [ 77%] Built target eye_in_hand_interfaces__py
[8.268s] [ 80%] [32mBuilding C object CMakeFiles/eye_in_hand_interfaces__rosidl_generator_py.dir/rosidl_generator_py/eye_in_hand_interfaces/action/_start_robot_s.c.o[0m
[8.676s] [ 82%] [32m[1mLinking C shared library libeye_in_hand_interfaces__rosidl_generator_py.so[0m
[8.794s] [ 82%] Built target eye_in_hand_interfaces__rosidl_generator_py
[8.878s] [ 85%] [32mBuilding C object CMakeFiles/eye_in_hand_interfaces_s__rosidl_typesupport_fastrtps_c.dir/rosidl_generator_py/eye_in_hand_interfaces/_eye_in_hand_interfaces_s.ep.rosidl_typesupport_fastrtps_c.c.o[0m
[8.887s] [ 88%] [32mBuilding C object CMakeFiles/eye_in_hand_interfaces_s__rosidl_typesupport_introspection_c.dir/rosidl_generator_py/eye_in_hand_interfaces/_eye_in_hand_interfaces_s.ep.rosidl_typesupport_introspection_c.c.o[0m
[8.890s] [ 91%] [32mBuilding C object CMakeFiles/eye_in_hand_interfaces_s__rosidl_typesupport_c.dir/rosidl_generator_py/eye_in_hand_interfaces/_eye_in_hand_interfaces_s.ep.rosidl_typesupport_c.c.o[0m
[9.148s] [ 94%] [32m[1mLinking C shared module rosidl_generator_py/eye_in_hand_interfaces/eye_in_hand_interfaces_s__rosidl_typesupport_fastrtps_c.so[0m
[9.161s] [ 97%] [32m[1mLinking C shared module rosidl_generator_py/eye_in_hand_interfaces/eye_in_hand_interfaces_s__rosidl_typesupport_c.so[0m
[9.231s] [ 97%] Built target eye_in_hand_interfaces_s__rosidl_typesupport_c
[9.234s] [ 97%] Built target eye_in_hand_interfaces_s__rosidl_typesupport_fastrtps_c
[9.294s] [100%] [32m[1mLinking C shared module rosidl_generator_py/eye_in_hand_interfaces/eye_in_hand_interfaces_s__rosidl_typesupport_introspection_c.so[0m
[9.382s] [100%] Built target eye_in_hand_interfaces_s__rosidl_typesupport_introspection_c
[9.419s] Invoked command in '/home/student/Git-projects/eye_in_hand_A5/build/eye_in_hand_interfaces' returned '0': CMAKE_PREFIX_PATH=${CMAKE_PREFIX_PATH}:/home/student/Git-projects/install/robotiq_app:/home/student/ros2_industrial_ws/install/urdf_basics:/home/student/ros2_industrial_ws/install/transferframes:/home/student/ros2_industrial_ws/install/template_package_python:/home/student/ros2_industrial_ws/install/ros_industrial_utilities:/home/student/ros2_industrial_ws/install/ros_industrial_support:/home/student/ros2_industrial_ws/install/range_sensor:/home/student/ros2_industrial_ws/install/node_demo:/home/student/ros2_industrial_ws/install/manipulation:/home/student/ros2_industrial_ws/install/fanuc_robots:/home/student/my_ur_ws/install/my_ur_demo:/home/student/my_ur_ws/install/my_ur_bringup:/home/student/xarm_ws/install/uf_ros_lib:/opt/ros/jazzy DEBUGINFOD_URLS=https://debuginfod.ubuntu.com /usr/bin/cmake --build /home/student/Git-projects/eye_in_hand_A5/build/eye_in_hand_interfaces -- -j4 -l4
[9.420s] Invoking command in '/home/student/Git-projects/eye_in_hand_A5/build/eye_in_hand_interfaces': CMAKE_PREFIX_PATH=${CMAKE_PREFIX_PATH}:/home/student/Git-projects/install/robotiq_app:/home/student/ros2_industrial_ws/install/urdf_basics:/home/student/ros2_industrial_ws/install/transferframes:/home/student/ros2_industrial_ws/install/template_package_python:/home/student/ros2_industrial_ws/install/ros_industrial_utilities:/home/student/ros2_industrial_ws/install/ros_industrial_support:/home/student/ros2_industrial_ws/install/range_sensor:/home/student/ros2_industrial_ws/install/node_demo:/home/student/ros2_industrial_ws/install/manipulation:/home/student/ros2_industrial_ws/install/fanuc_robots:/home/student/my_ur_ws/install/my_ur_demo:/home/student/my_ur_ws/install/my_ur_bringup:/home/student/xarm_ws/install/uf_ros_lib:/opt/ros/jazzy DEBUGINFOD_URLS=https://debuginfod.ubuntu.com /usr/bin/cmake --install /home/student/Git-projects/eye_in_hand_A5/build/eye_in_hand_interfaces
[9.438s] -- Install configuration: ""
[9.439s] -- Up-to-date: /home/student/Git-projects/eye_in_hand_A5/install/eye_in_hand_interfaces/share/ament_index/resource_index/rosidl_interfaces/eye_in_hand_interfaces
[9.440s] -- Up-to-date: /home/student/Git-projects/eye_in_hand_A5/install/eye_in_hand_interfaces/share/eye_in_hand_interfaces/action/StartRobot.json
[9.440s] -- Up-to-date: /home/student/Git-projects/eye_in_hand_A5/install/eye_in_hand_interfaces/include/eye_in_hand_interfaces/eye_in_hand_interfaces
[9.440s] -- Up-to-date: /home/student/Git-projects/eye_in_hand_A5/install/eye_in_hand_interfaces/include/eye_in_hand_interfaces/eye_in_hand_interfaces/action
[9.441s] -- Up-to-date: /home/student/Git-projects/eye_in_hand_A5/install/eye_in_hand_interfaces/include/eye_in_hand_interfaces/eye_in_hand_interfaces/action/detail
[9.441s] -- Installing: /home/student/Git-projects/eye_in_hand_A5/install/eye_in_hand_interfaces/include/eye_in_hand_interfaces/eye_in_hand_interfaces/action/detail/start_robot__description.c
[9.442s] -- Installing: /home/student/Git-projects/eye_in_hand_A5/install/eye_in_hand_interfaces/include/eye_in_hand_interfaces/eye_in_hand_interfaces/action/detail/start_robot__functions.h
[9.442s] -- Installing: /home/student/Git-projects/eye_in_hand_A5/install/eye_in_hand_interfaces/include/eye_in_hand_interfaces/eye_in_hand_interfaces/action/detail/start_robot__functions.c
[9.442s] -- Installing: /home/student/Git-projects/eye_in_hand_A5/install/eye_in_hand_interfaces/include/eye_in_hand_interfaces/eye_in_hand_interfaces/action/detail/start_robot__type_support.h
[9.443s] -- Installing: /home/student/Git-projects/eye_in_hand_A5/install/eye_in_hand_interfaces/include/eye_in_hand_interfaces/eye_in_hand_interfaces/action/detail/start_robot__type_support.c
[9.444s] -- Installing: /home/student/Git-projects/eye_in_hand_A5/install/eye_in_hand_interfaces/include/eye_in_hand_interfaces/eye_in_hand_interfaces/action/detail/start_robot__struct.h
[9.444s] -- Up-to-date: /home/student/Git-projects/eye_in_hand_A5/install/eye_in_hand_interfaces/include/eye_in_hand_interfaces/eye_in_hand_interfaces/action/start_robot.h
[9.445s] -- Up-to-date: /home/student/Git-projects/eye_in_hand_A5/install/eye_in_hand_interfaces/include/eye_in_hand_interfaces/eye_in_hand_interfaces/msg
[9.445s] -- Up-to-date: /home/student/Git-projects/eye_in_hand_A5/install/eye_in_hand_interfaces/include/eye_in_hand_interfaces/eye_in_hand_interfaces/msg/rosidl_generator_c__visibility_control.h
[9.445s] -- Installing: /home/student/Git-projects/eye_in_hand_A5/install/eye_in_hand_interfaces/share/eye_in_hand_interfaces/environment/library_path.sh
[9.446s] -- Up-to-date: /home/student/Git-projects/eye_in_hand_A5/install/eye_in_hand_interfaces/share/eye_in_hand_interfaces/environment/library_path.dsv
[9.447s] -- Installing: /home/student/Git-projects/eye_in_hand_A5/install/eye_in_hand_interfaces/lib/libeye_in_hand_interfaces__rosidl_generator_c.so
[9.449s] -- Set non-toolchain portion of runtime path of "/home/student/Git-projects/eye_in_hand_A5/install/eye_in_hand_interfaces/lib/libeye_in_hand_interfaces__rosidl_generator_c.so" to ""
[9.449s] -- Up-to-date: /home/student/Git-projects/eye_in_hand_A5/install/eye_in_hand_interfaces/include/eye_in_hand_interfaces/eye_in_hand_interfaces
[9.449s] -- Up-to-date: /home/student/Git-projects/eye_in_hand_A5/install/eye_in_hand_interfaces/include/eye_in_hand_interfaces/eye_in_hand_interfaces/action
[9.449s] -- Up-to-date: /home/student/Git-projects/eye_in_hand_A5/install/eye_in_hand_interfaces/include/eye_in_hand_interfaces/eye_in_hand_interfaces/action/detail
[9.449s] -- Up-to-date: /home/student/Git-projects/eye_in_hand_A5/install/eye_in_hand_interfaces/include/eye_in_hand_interfaces/eye_in_hand_interfaces/action/detail/start_robot__rosidl_typesupport_fastrtps_c.h
[9.450s] -- Up-to-date: /home/student/Git-projects/eye_in_hand_A5/install/eye_in_hand_interfaces/include/eye_in_hand_interfaces/eye_in_hand_interfaces/msg
[9.450s] -- Up-to-date: /home/student/Git-projects/eye_in_hand_A5/install/eye_in_hand_interfaces/include/eye_in_hand_interfaces/eye_in_hand_interfaces/msg/rosidl_typesupport_fastrtps_c__visibility_control.h
[9.451s] -- Installing: /home/student/Git-projects/eye_in_hand_A5/install/eye_in_hand_interfaces/lib/libeye_in_hand_interfaces__rosidl_typesupport_fastrtps_c.so
[9.456s] -- Set non-toolchain portion of runtime path of "/home/student/Git-projects/eye_in_hand_A5/install/eye_in_hand_interfaces/lib/libeye_in_hand_interfaces__rosidl_typesupport_fastrtps_c.so" to ""
[9.456s] -- Up-to-date: /home/student/Git-projects/eye_in_hand_A5/install/eye_in_hand_interfaces/include/eye_in_hand_interfaces/eye_in_hand_interfaces
[9.456s] -- Up-to-date: /home/student/Git-projects/eye_in_hand_A5/install/eye_in_hand_interfaces/include/eye_in_hand_interfaces/eye_in_hand_interfaces/action
[9.456s] -- Up-to-date: /home/student/Git-projects/eye_in_hand_A5/install/eye_in_hand_interfaces/include/eye_in_hand_interfaces/eye_in_hand_interfaces/action/detail
[9.456s] -- Up-to-date: /home/student/Git-projects/eye_in_hand_A5/install/eye_in_hand_interfaces/include/eye_in_hand_interfaces/eye_in_hand_interfaces/action/detail/start_robot__rosidl_typesupport_introspection_c.h
[9.456s] -- Installing: /home/student/Git-projects/eye_in_hand_A5/install/eye_in_hand_interfaces/include/eye_in_hand_interfaces/eye_in_hand_interfaces/action/detail/start_robot__type_support.c
[9.456s] -- Up-to-date: /home/student/Git-projects/eye_in_hand_A5/install/eye_in_hand_interfaces/include/eye_in_hand_interfaces/eye_in_hand_interfaces/msg
[9.456s] -- Up-to-date: /home/student/Git-projects/eye_in_hand_A5/install/eye_in_hand_interfaces/include/eye_in_hand_interfaces/eye_in_hand_interfaces/msg/rosidl_typesupport_introspection_c__visibility_control.h
[9.456s] -- Installing: /home/student/Git-projects/eye_in_hand_A5/install/eye_in_hand_interfaces/lib/libeye_in_hand_interfaces__rosidl_typesupport_introspection_c.so
[9.458s] -- Set non-toolchain portion of runtime path of "/home/student/Git-projects/eye_in_hand_A5/install/eye_in_hand_interfaces/lib/libeye_in_hand_interfaces__rosidl_typesupport_introspection_c.so" to ""
[9.458s] -- Installing: /home/student/Git-projects/eye_in_hand_A5/install/eye_in_hand_interfaces/lib/libeye_in_hand_interfaces__rosidl_typesupport_c.so
[9.459s] -- Set non-toolchain portion of runtime path of "/home/student/Git-projects/eye_in_hand_A5/install/eye_in_hand_interfaces/lib/libeye_in_hand_interfaces__rosidl_typesupport_c.so" to ""
[9.460s] -- Up-to-date: /home/student/Git-projects/eye_in_hand_A5/install/eye_in_hand_interfaces/include/eye_in_hand_interfaces/eye_in_hand_interfaces
[9.461s] -- Up-to-date: /home/student/Git-projects/eye_in_hand_A5/install/eye_in_hand_interfaces/include/eye_in_hand_interfaces/eye_in_hand_interfaces/action
[9.462s] -- Up-to-date: /home/student/Git-projects/eye_in_hand_A5/install/eye_in_hand_interfaces/include/eye_in_hand_interfaces/eye_in_hand_interfaces/action/detail
[9.464s] -- Installing: /home/student/Git-projects/eye_in_hand_A5/install/eye_in_hand_interfaces/include/eye_in_hand_interfaces/eye_in_hand_interfaces/action/detail/start_robot__builder.hpp
[9.464s] -- Up-to-date: /home/student/Git-projects/eye_in_hand_A5/install/eye_in_hand_interfaces/include/eye_in_hand_interfaces/eye_in_hand_interfaces/action/detail/start_robot__type_support.hpp
[9.465s] -- Installing: /home/student/Git-projects/eye_in_hand_A5/install/eye_in_hand_interfaces/include/eye_in_hand_interfaces/eye_in_hand_interfaces/action/detail/start_robot__struct.hpp
[9.465s] -- Up-to-date: /home/student/Git-projects/eye_in_hand_A5/install/eye_in_hand_interfaces/include/eye_in_hand_interfaces/eye_in_hand_interfaces/action/detail/start_robot__traits.hpp
[9.465s] -- Up-to-date: /home/student/Git-projects/eye_in_hand_A5/install/eye_in_hand_interfaces/include/eye_in_hand_interfaces/eye_in_hand_interfaces/action/start_robot.hpp
[9.465s] -- Up-to-date: /home/student/Git-projects/eye_in_hand_A5/install/eye_in_hand_interfaces/include/eye_in_hand_interfaces/eye_in_hand_interfaces/msg
[9.465s] -- Up-to-date: /home/student/Git-projects/eye_in_hand_A5/install/eye_in_hand_interfaces/include/eye_in_hand_interfaces/eye_in_hand_interfaces/msg/rosidl_generator_cpp__visibility_control.hpp
[9.466s] -- Up-to-date: /home/student/Git-projects/eye_in_hand_A5/install/eye_in_hand_interfaces/include/eye_in_hand_interfaces/eye_in_hand_interfaces
[9.468s] -- Up-to-date: /home/student/Git-projects/eye_in_hand_A5/install/eye_in_hand_interfaces/include/eye_in_hand_interfaces/eye_in_hand_interfaces/action
[9.468s] -- Up-to-date: /home/student/Git-projects/eye_in_hand_A5/install/eye_in_hand_interfaces/include/eye_in_hand_interfaces/eye_in_hand_interfaces/action/detail
[9.468s] -- Installing: /home/student/Git-projects/eye_in_hand_A5/install/eye_in_hand_interfaces/include/eye_in_hand_interfaces/eye_in_hand_interfaces/action/detail/dds_fastrtps
[9.468s] -- Up-to-date: /home/student/Git-projects/eye_in_hand_A5/install/eye_in_hand_interfaces/include/eye_in_hand_interfaces/eye_in_hand_interfaces/action/detail/start_robot__rosidl_typesupport_fastrtps_cpp.hpp
[9.468s] -- Up-to-date: /home/student/Git-projects/eye_in_hand_A5/install/eye_in_hand_interfaces/include/eye_in_hand_interfaces/eye_in_hand_interfaces/msg
[9.469s] -- Up-to-date: /home/student/Git-projects/eye_in_hand_A5/install/eye_in_hand_interfaces/include/eye_in_hand_interfaces/eye_in_hand_interfaces/msg/rosidl_typesupport_fastrtps_cpp__visibility_control.h
[9.470s] -- Installing: /home/student/Git-projects/eye_in_hand_A5/install/eye_in_hand_interfaces/lib/libeye_in_hand_interfaces__rosidl_typesupport_fastrtps_cpp.so
[9.471s] -- Set non-toolchain portion of runtime path of "/home/student/Git-projects/eye_in_hand_A5/install/eye_in_hand_interfaces/lib/libeye_in_hand_interfaces__rosidl_typesupport_fastrtps_cpp.so" to ""
[9.472s] -- Up-to-date: /home/student/Git-projects/eye_in_hand_A5/install/eye_in_hand_interfaces/include/eye_in_hand_interfaces/eye_in_hand_interfaces
[9.475s] -- Up-to-date: /home/student/Git-projects/eye_in_hand_A5/install/eye_in_hand_interfaces/include/eye_in_hand_interfaces/eye_in_hand_interfaces/action
[9.475s] -- Up-to-date: /home/student/Git-projects/eye_in_hand_A5/install/eye_in_hand_interfaces/include/eye_in_hand_interfaces/eye_in_hand_interfaces/action/detail
[9.478s] -- Up-to-date: /home/student/Git-projects/eye_in_hand_A5/install/eye_in_hand_interfaces/include/eye_in_hand_interfaces/eye_in_hand_interfaces/action/detail/start_robot__rosidl_typesupport_introspection_cpp.hpp
[9.478s] -- Up-to-date: /home/student/Git-projects/eye_in_hand_A5/install/eye_in_hand_interfaces/include/eye_in_hand_interfaces/eye_in_hand_interfaces/action/detail/start_robot__type_support.cpp
[9.479s] -- Installing: /home/student/Git-projects/eye_in_hand_A5/install/eye_in_hand_interfaces/lib/libeye_in_hand_interfaces__rosidl_typesupport_introspection_cpp.so
[9.479s] -- Set non-toolchain portion of runtime path of "/home/student/Git-projects/eye_in_hand_A5/install/eye_in_hand_interfaces/lib/libeye_in_hand_interfaces__rosidl_typesupport_introspection_cpp.so" to ""
[9.479s] -- Installing: /home/student/Git-projects/eye_in_hand_A5/install/eye_in_hand_interfaces/lib/libeye_in_hand_interfaces__rosidl_typesupport_cpp.so
[9.479s] -- Set non-toolchain portion of runtime path of "/home/student/Git-projects/eye_in_hand_A5/install/eye_in_hand_interfaces/lib/libeye_in_hand_interfaces__rosidl_typesupport_cpp.so" to ""
[9.479s] -- Up-to-date: /home/student/Git-projects/eye_in_hand_A5/install/eye_in_hand_interfaces/share/eye_in_hand_interfaces/environment/pythonpath.sh
[9.479s] -- Up-to-date: /home/student/Git-projects/eye_in_hand_A5/install/eye_in_hand_interfaces/share/eye_in_hand_interfaces/environment/pythonpath.dsv
[9.479s] -- Up-to-date: /home/student/Git-projects/eye_in_hand_A5/install/eye_in_hand_interfaces/lib/python3.12/site-packages/eye_in_hand_interfaces-0.0.0-py3.12.egg-info
[9.479s] -- Installing: /home/student/Git-projects/eye_in_hand_A5/install/eye_in_hand_interfaces/lib/python3.12/site-packages/eye_in_hand_interfaces-0.0.0-py3.12.egg-info/dependency_links.txt
[9.480s] -- Installing: /home/student/Git-projects/eye_in_hand_A5/install/eye_in_hand_interfaces/lib/python3.12/site-packages/eye_in_hand_interfaces-0.0.0-py3.12.egg-info/top_level.txt
[9.480s] -- Installing: /home/student/Git-projects/eye_in_hand_A5/install/eye_in_hand_interfaces/lib/python3.12/site-packages/eye_in_hand_interfaces-0.0.0-py3.12.egg-info/SOURCES.txt
[9.480s] -- Installing: /home/student/Git-projects/eye_in_hand_A5/install/eye_in_hand_interfaces/lib/python3.12/site-packages/eye_in_hand_interfaces-0.0.0-py3.12.egg-info/PKG-INFO
[9.480s] -- Up-to-date: /home/student/Git-projects/eye_in_hand_A5/install/eye_in_hand_interfaces/lib/python3.12/site-packages/eye_in_hand_interfaces
[9.480s] -- Up-to-date: /home/student/Git-projects/eye_in_hand_A5/install/eye_in_hand_interfaces/lib/python3.12/site-packages/eye_in_hand_interfaces/_eye_in_hand_interfaces_s.ep.rosidl_typesupport_fastrtps_c.c
[9.480s] -- Installing: /home/student/Git-projects/eye_in_hand_A5/install/eye_in_hand_interfaces/lib/python3.12/site-packages/eye_in_hand_interfaces/eye_in_hand_interfaces_s__rosidl_typesupport_fastrtps_c.so
[9.480s] -- Up-to-date: /home/student/Git-projects/eye_in_hand_A5/install/eye_in_hand_interfaces/lib/python3.12/site-packages/eye_in_hand_interfaces/_eye_in_hand_interfaces_s.ep.rosidl_typesupport_introspection_c.c
[9.480s] -- Up-to-date: /home/student/Git-projects/eye_in_hand_A5/install/eye_in_hand_interfaces/lib/python3.12/site-packages/eye_in_hand_interfaces/action
[9.480s] -- Up-to-date: /home/student/Git-projects/eye_in_hand_A5/install/eye_in_hand_interfaces/lib/python3.12/site-packages/eye_in_hand_interfaces/action/_start_robot.py
[9.481s] -- Up-to-date: /home/student/Git-projects/eye_in_hand_A5/install/eye_in_hand_interfaces/lib/python3.12/site-packages/eye_in_hand_interfaces/action/_start_robot_s.c
[9.481s] -- Up-to-date: /home/student/Git-projects/eye_in_hand_A5/install/eye_in_hand_interfaces/lib/python3.12/site-packages/eye_in_hand_interfaces/action/__init__.py
[9.481s] -- Installing: /home/student/Git-projects/eye_in_hand_A5/install/eye_in_hand_interfaces/lib/python3.12/site-packages/eye_in_hand_interfaces/eye_in_hand_interfaces_s__rosidl_typesupport_c.so
[9.481s] -- Installing: /home/student/Git-projects/eye_in_hand_A5/install/eye_in_hand_interfaces/lib/python3.12/site-packages/eye_in_hand_interfaces/__init__.py
[9.481s] -- Installing: /home/student/Git-projects/eye_in_hand_A5/install/eye_in_hand_interfaces/lib/python3.12/site-packages/eye_in_hand_interfaces/eye_in_hand_interfaces_s__rosidl_typesupport_introspection_c.so
[9.481s] -- Up-to-date: /home/student/Git-projects/eye_in_hand_A5/install/eye_in_hand_interfaces/lib/python3.12/site-packages/eye_in_hand_interfaces/_eye_in_hand_interfaces_s.ep.rosidl_typesupport_c.c
[9.594s] Listing '/home/student/Git-projects/eye_in_hand_A5/install/eye_in_hand_interfaces/lib/python3.12/site-packages/eye_in_hand_interfaces'...
[9.594s] Compiling '/home/student/Git-projects/eye_in_hand_A5/install/eye_in_hand_interfaces/lib/python3.12/site-packages/eye_in_hand_interfaces/__init__.py'...
[9.594s] Listing '/home/student/Git-projects/eye_in_hand_A5/install/eye_in_hand_interfaces/lib/python3.12/site-packages/eye_in_hand_interfaces/action'...
[9.595s] Compiling '/home/student/Git-projects/eye_in_hand_A5/install/eye_in_hand_interfaces/lib/python3.12/site-packages/eye_in_hand_interfaces/action/__init__.py'...
[9.595s] Compiling '/home/student/Git-projects/eye_in_hand_A5/install/eye_in_hand_interfaces/lib/python3.12/site-packages/eye_in_hand_interfaces/action/_start_robot.py'...
[9.603s] -- Installing: /home/student/Git-projects/eye_in_hand_A5/install/eye_in_hand_interfaces/lib/python3.12/site-packages/eye_in_hand_interfaces/eye_in_hand_interfaces_s__rosidl_typesupport_fastrtps_c.so
[9.604s] -- Set non-toolchain portion of runtime path of "/home/student/Git-projects/eye_in_hand_A5/install/eye_in_hand_interfaces/lib/python3.12/site-packages/eye_in_hand_interfaces/eye_in_hand_interfaces_s__rosidl_typesupport_fastrtps_c.so" to ""
[9.606s] -- Installing: /home/student/Git-projects/eye_in_hand_A5/install/eye_in_hand_interfaces/lib/python3.12/site-packages/eye_in_hand_interfaces/eye_in_hand_interfaces_s__rosidl_typesupport_introspection_c.so
[9.607s] -- Set non-toolchain portion of runtime path of "/home/student/Git-projects/eye_in_hand_A5/install/eye_in_hand_interfaces/lib/python3.12/site-packages/eye_in_hand_interfaces/eye_in_hand_interfaces_s__rosidl_typesupport_introspection_c.so" to ""
[9.607s] -- Installing: /home/student/Git-projects/eye_in_hand_A5/install/eye_in_hand_interfaces/lib/python3.12/site-packages/eye_in_hand_interfaces/eye_in_hand_interfaces_s__rosidl_typesupport_c.so
[9.608s] -- Set non-toolchain portion of runtime path of "/home/student/Git-projects/eye_in_hand_A5/install/eye_in_hand_interfaces/lib/python3.12/site-packages/eye_in_hand_interfaces/eye_in_hand_interfaces_s__rosidl_typesupport_c.so" to ""
[9.611s] -- Installing: /home/student/Git-projects/eye_in_hand_A5/install/eye_in_hand_interfaces/lib/libeye_in_hand_interfaces__rosidl_generator_py.so
[9.612s] -- Set non-toolchain portion of runtime path of "/home/student/Git-projects/eye_in_hand_A5/install/eye_in_hand_interfaces/lib/libeye_in_hand_interfaces__rosidl_generator_py.so" to ""
[9.612s] -- Up-to-date: /home/student/Git-projects/eye_in_hand_A5/install/eye_in_hand_interfaces/share/ament_index/resource_index/rust_packages/eye_in_hand_interfaces
[9.613s] -- Up-to-date: /home/student/Git-projects/eye_in_hand_A5/install/eye_in_hand_interfaces/share/eye_in_hand_interfaces/rust
[9.613s] -- Installing: /home/student/Git-projects/eye_in_hand_A5/install/eye_in_hand_interfaces/share/eye_in_hand_interfaces/rust/build.rs
[9.613s] -- Installing: /home/student/Git-projects/eye_in_hand_A5/install/eye_in_hand_interfaces/share/eye_in_hand_interfaces/rust/Cargo.toml
[9.615s] -- Up-to-date: /home/student/Git-projects/eye_in_hand_A5/install/eye_in_hand_interfaces/share/eye_in_hand_interfaces/rust/src
[9.615s] -- Installing: /home/student/Git-projects/eye_in_hand_A5/install/eye_in_hand_interfaces/share/eye_in_hand_interfaces/rust/src/action.rs
[9.616s] -- Up-to-date: /home/student/Git-projects/eye_in_hand_A5/install/eye_in_hand_interfaces/share/eye_in_hand_interfaces/rust/src/action
[9.616s] -- Up-to-date: /home/student/Git-projects/eye_in_hand_A5/install/eye_in_hand_interfaces/share/eye_in_hand_interfaces/rust/src/action/rmw.rs
[9.617s] -- Up-to-date: /home/student/Git-projects/eye_in_hand_A5/install/eye_in_hand_interfaces/share/eye_in_hand_interfaces/rust/src/lib.rs
[9.617s] -- Up-to-date: /home/student/Git-projects/eye_in_hand_A5/install/eye_in_hand_interfaces/share/eye_in_hand_interfaces/action/StartRobot.idl
[9.617s] -- Up-to-date: /home/student/Git-projects/eye_in_hand_A5/install/eye_in_hand_interfaces/share/eye_in_hand_interfaces/action/StartRobot.action
[9.617s] -- Up-to-date: /home/student/Git-projects/eye_in_hand_A5/install/eye_in_hand_interfaces/share/ament_index/resource_index/package_run_dependencies/eye_in_hand_interfaces
[9.617s] -- Installing: /home/student/Git-projects/eye_in_hand_A5/install/eye_in_hand_interfaces/share/ament_index/resource_index/parent_prefix_path/eye_in_hand_interfaces
[9.618s] -- Installing: /home/student/Git-projects/eye_in_hand_A5/install/eye_in_hand_interfaces/share/eye_in_hand_interfaces/environment/ament_prefix_path.sh
[9.618s] -- Up-to-date: /home/student/Git-projects/eye_in_hand_A5/install/eye_in_hand_interfaces/share/eye_in_hand_interfaces/environment/ament_prefix_path.dsv
[9.618s] -- Installing: /home/student/Git-projects/eye_in_hand_A5/install/eye_in_hand_interfaces/share/eye_in_hand_interfaces/environment/path.sh
[9.619s] -- Up-to-date: /home/student/Git-projects/eye_in_hand_A5/install/eye_in_hand_interfaces/share/eye_in_hand_interfaces/environment/path.dsv
[9.619s] -- Up-to-date: /home/student/Git-projects/eye_in_hand_A5/install/eye_in_hand_interfaces/share/eye_in_hand_interfaces/local_setup.bash
[9.619s] -- Up-to-date: /home/student/Git-projects/eye_in_hand_A5/install/eye_in_hand_interfaces/share/eye_in_hand_interfaces/local_setup.sh
[9.619s] -- Up-to-date: /home/student/Git-projects/eye_in_hand_A5/install/eye_in_hand_interfaces/share/eye_in_hand_interfaces/local_setup.zsh
[9.619s] -- Up-to-date: /home/student/Git-projects/eye_in_hand_A5/install/eye_in_hand_interfaces/share/eye_in_hand_interfaces/local_setup.dsv
[9.620s] -- Up-to-date: /home/student/Git-projects/eye_in_hand_A5/install/eye_in_hand_interfaces/share/eye_in_hand_interfaces/package.dsv
[9.620s] -- Up-to-date: /home/student/Git-projects/eye_in_hand_A5/install/eye_in_hand_interfaces/share/ament_index/resource_index/packages/eye_in_hand_interfaces
[9.620s] -- Up-to-date: /home/student/Git-projects/eye_in_hand_A5/install/eye_in_hand_interfaces/share/eye_in_hand_interfaces/cmake/export_eye_in_hand_interfaces__rosidl_generator_cExport.cmake
[9.621s] -- Up-to-date: /home/student/Git-projects/eye_in_hand_A5/install/eye_in_hand_interfaces/share/eye_in_hand_interfaces/cmake/export_eye_in_hand_interfaces__rosidl_generator_cExport-noconfig.cmake
[9.622s] -- Up-to-date: /home/student/Git-projects/eye_in_hand_A5/install/eye_in_hand_interfaces/share/eye_in_hand_interfaces/cmake/export_eye_in_hand_interfaces__rosidl_typesupport_fastrtps_cExport.cmake
[9.622s] -- Up-to-date: /home/student/Git-projects/eye_in_hand_A5/install/eye_in_hand_interfaces/share/eye_in_hand_interfaces/cmake/export_eye_in_hand_interfaces__rosidl_typesupport_fastrtps_cExport-noconfig.cmake
[9.622s] -- Up-to-date: /home/student/Git-projects/eye_in_hand_A5/install/eye_in_hand_interfaces/share/eye_in_hand_interfaces/cmake/eye_in_hand_interfaces__rosidl_typesupport_introspection_cExport.cmake
[9.623s] -- Up-to-date: /home/student/Git-projects/eye_in_hand_A5/install/eye_in_hand_interfaces/share/eye_in_hand_interfaces/cmake/eye_in_hand_interfaces__rosidl_typesupport_introspection_cExport-noconfig.cmake
[9.623s] -- Up-to-date: /home/student/Git-projects/eye_in_hand_A5/install/eye_in_hand_interfaces/share/eye_in_hand_interfaces/cmake/eye_in_hand_interfaces__rosidl_typesupport_cExport.cmake
[9.625s] -- Up-to-date: /home/student/Git-projects/eye_in_hand_A5/install/eye_in_hand_interfaces/share/eye_in_hand_interfaces/cmake/eye_in_hand_interfaces__rosidl_typesupport_cExport-noconfig.cmake
[9.625s] -- Up-to-date: /home/student/Git-projects/eye_in_hand_A5/install/eye_in_hand_interfaces/share/eye_in_hand_interfaces/cmake/export_eye_in_hand_interfaces__rosidl_generator_cppExport.cmake
[9.625s] -- Up-to-date: /home/student/Git-projects/eye_in_hand_A5/install/eye_in_hand_interfaces/share/eye_in_hand_interfaces/cmake/export_eye_in_hand_interfaces__rosidl_typesupport_fastrtps_cppExport.cmake
[9.626s] -- Up-to-date: /home/student/Git-projects/eye_in_hand_A5/install/eye_in_hand_interfaces/share/eye_in_hand_interfaces/cmake/export_eye_in_hand_interfaces__rosidl_typesupport_fastrtps_cppExport-noconfig.cmake
[9.627s] -- Up-to-date: /home/student/Git-projects/eye_in_hand_A5/install/eye_in_hand_interfaces/share/eye_in_hand_interfaces/cmake/eye_in_hand_interfaces__rosidl_typesupport_introspection_cppExport.cmake
[9.627s] -- Up-to-date: /home/student/Git-projects/eye_in_hand_A5/install/eye_in_hand_interfaces/share/eye_in_hand_interfaces/cmake/eye_in_hand_interfaces__rosidl_typesupport_introspection_cppExport-noconfig.cmake
[9.630s] -- Up-to-date: /home/student/Git-projects/eye_in_hand_A5/install/eye_in_hand_interfaces/share/eye_in_hand_interfaces/cmake/eye_in_hand_interfaces__rosidl_typesupport_cppExport.cmake
[9.630s] -- Up-to-date: /home/student/Git-projects/eye_in_hand_A5/install/eye_in_hand_interfaces/share/eye_in_hand_interfaces/cmake/eye_in_hand_interfaces__rosidl_typesupport_cppExport-noconfig.cmake
[9.631s] -- Up-to-date: /home/student/Git-projects/eye_in_hand_A5/install/eye_in_hand_interfaces/share/eye_in_hand_interfaces/cmake/export_eye_in_hand_interfaces__rosidl_generator_pyExport.cmake
[9.631s] -- Up-to-date: /home/student/Git-projects/eye_in_hand_A5/install/eye_in_hand_interfaces/share/eye_in_hand_interfaces/cmake/export_eye_in_hand_interfaces__rosidl_generator_pyExport-noconfig.cmake
[9.631s] -- Up-to-date: /home/student/Git-projects/eye_in_hand_A5/install/eye_in_hand_interfaces/share/eye_in_hand_interfaces/cmake/rosidl_cmake-extras.cmake
[9.631s] -- Up-to-date: /home/student/Git-projects/eye_in_hand_A5/install/eye_in_hand_interfaces/share/eye_in_hand_interfaces/cmake/ament_cmake_export_dependencies-extras.cmake
[9.631s] -- Up-to-date: /home/student/Git-projects/eye_in_hand_A5/install/eye_in_hand_interfaces/share/eye_in_hand_interfaces/cmake/ament_cmake_export_include_directories-extras.cmake
[9.632s] -- Up-to-date: /home/student/Git-projects/eye_in_hand_A5/install/eye_in_hand_interfaces/share/eye_in_hand_interfaces/cmake/ament_cmake_export_libraries-extras.cmake
[9.632s] -- Up-to-date: /home/student/Git-projects/eye_in_hand_A5/install/eye_in_hand_interfaces/share/eye_in_hand_interfaces/cmake/ament_cmake_export_targets-extras.cmake
[9.632s] -- Up-to-date: /home/student/Git-projects/eye_in_hand_A5/install/eye_in_hand_interfaces/share/eye_in_hand_interfaces/cmake/rosidl_cmake_export_typesupport_targets-extras.cmake
[9.632s] -- Up-to-date: /home/student/Git-projects/eye_in_hand_A5/install/eye_in_hand_interfaces/share/eye_in_hand_interfaces/cmake/rosidl_cmake_export_typesupport_libraries-extras.cmake
[9.632s] -- Up-to-date: /home/student/Git-projects/eye_in_hand_A5/install/eye_in_hand_interfaces/share/eye_in_hand_interfaces/cmake/eye_in_hand_interfacesConfig.cmake
[9.632s] -- Up-to-date: /home/student/Git-projects/eye_in_hand_A5/install/eye_in_hand_interfaces/share/eye_in_hand_interfaces/cmake/eye_in_hand_interfacesConfig-version.cmake
[9.632s] -- Up-to-date: /home/student/Git-projects/eye_in_hand_A5/install/eye_in_hand_interfaces/share/eye_in_hand_interfaces/package.xml
[9.635s] Invoked command in '/home/student/Git-projects/eye_in_hand_A5/build/eye_in_hand_interfaces' returned '0': CMAKE_PREFIX_PATH=${CMAKE_PREFIX_PATH}:/home/student/Git-projects/install/robotiq_app:/home/student/ros2_industrial_ws/install/urdf_basics:/home/student/ros2_industrial_ws/install/transferframes:/home/student/ros2_industrial_ws/install/template_package_python:/home/student/ros2_industrial_ws/install/ros_industrial_utilities:/home/student/ros2_industrial_ws/install/ros_industrial_support:/home/student/ros2_industrial_ws/install/range_sensor:/home/student/ros2_industrial_ws/install/node_demo:/home/student/ros2_industrial_ws/install/manipulation:/home/student/ros2_industrial_ws/install/fanuc_robots:/home/student/my_ur_ws/install/my_ur_demo:/home/student/my_ur_ws/install/my_ur_bringup:/home/student/xarm_ws/install/uf_ros_lib:/opt/ros/jazzy DEBUGINFOD_URLS=https://debuginfod.ubuntu.com /usr/bin/cmake --install /home/student/Git-projects/eye_in_hand_A5/build/eye_in_hand_interfaces
