-- The C compiler identification is GNU 13.3.0
-- The CXX compiler identification is GNU 13.3.0
-- Detecting C compiler ABI info
-- Detecting C compiler ABI info - done
-- Check for working C compiler: /usr/bin/cc - skipped
-- Detecting C compile features
-- Detecting C compile features - done
-- Detecting CXX compiler ABI info
-- Detecting CXX compiler ABI info - done
-- Check for working CXX compiler: /usr/bin/c++ - skipped
-- Detecting CXX compile features
-- Detecting CXX compile features - done
-- Found ament_cmake: 2.5.6 (/opt/ros/jazzy/share/ament_cmake/cmake)
-- Found Python3: /usr/bin/python3 (found version "3.12.3") found components: Interpreter 
-- Override CMake install command with custom implementation using symlinks instead of copying resources
-- Found ament_cmake_pytest: 2.5.6 (/opt/ros/jazzy/share/ament_cmake_pytest/cmake)
-- Configuring done (1.9s)
-- Generating done (0.0s)
-- Build files have been written to: /home/student/Git-projects/eye_in_hand_A5/build/my_ur_description
-- Install configuration: ""
-- Execute custom install script
-- Symlinking: /home/student/Git-projects/eye_in_hand_A5/install/my_ur_description/share/my_ur_description/launch/view_environment.launch.py
-- Symlinking: /home/student/Git-projects/eye_in_hand_A5/install/my_ur_description/share/my_ur_description/rviz/view_robot.rviz
-- Symlinking: /home/student/Git-projects/eye_in_hand_A5/install/my_ur_description/share/my_ur_description/urdf/initial_positions.yaml
-- Symlinking: /home/student/Git-projects/eye_in_hand_A5/install/my_ur_description/share/my_ur_description/urdf/ur.urdf.xacro
-- Symlinking: /home/student/Git-projects/eye_in_hand_A5/install/my_ur_description/share/ament_index/resource_index/package_run_dependencies/my_ur_description
-- Symlinking: /home/student/Git-projects/eye_in_hand_A5/install/my_ur_description/share/ament_index/resource_index/parent_prefix_path/my_ur_description
-- Symlinking: /home/student/Git-projects/eye_in_hand_A5/install/my_ur_description/share/my_ur_description/environment/ament_prefix_path.sh
-- Symlinking: /home/student/Git-projects/eye_in_hand_A5/install/my_ur_description/share/my_ur_description/environment/ament_prefix_path.dsv
-- Symlinking: /home/student/Git-projects/eye_in_hand_A5/install/my_ur_description/share/my_ur_description/environment/path.sh
-- Symlinking: /home/student/Git-projects/eye_in_hand_A5/install/my_ur_description/share/my_ur_description/environment/path.dsv
-- Symlinking: /home/student/Git-projects/eye_in_hand_A5/install/my_ur_description/share/my_ur_description/local_setup.bash
-- Symlinking: /home/student/Git-projects/eye_in_hand_A5/install/my_ur_description/share/my_ur_description/local_setup.sh
-- Symlinking: /home/student/Git-projects/eye_in_hand_A5/install/my_ur_description/share/my_ur_description/local_setup.zsh
-- Symlinking: /home/student/Git-projects/eye_in_hand_A5/install/my_ur_description/share/my_ur_description/local_setup.dsv
-- Symlinking: /home/student/Git-projects/eye_in_hand_A5/install/my_ur_description/share/my_ur_description/package.dsv
-- Symlinking: /home/student/Git-projects/eye_in_hand_A5/install/my_ur_description/share/ament_index/resource_index/packages/my_ur_description
-- Symlinking: /home/student/Git-projects/eye_in_hand_A5/install/my_ur_description/share/my_ur_description/cmake/my_ur_descriptionConfig.cmake
-- Symlinking: /home/student/Git-projects/eye_in_hand_A5/install/my_ur_description/share/my_ur_description/cmake/my_ur_descriptionConfig-version.cmake
-- Symlinking: /home/student/Git-projects/eye_in_hand_A5/install/my_ur_description/share/my_ur_description/package.xml
