[0.053s] Invoking command in '/home/student/Git-projects/eye_in_hand_A5/build/my_ur_description': CMAKE_PREFIX_PATH=${CMAKE_PREFIX_PATH}:/home/student/Git-projects/eye_in_hand_A5/install/robotiq_app:/home/student/Git-projects/install/robotiq_app:/home/student/ros2_industrial_ws/install/urdf_basics:/home/student/ros2_industrial_ws/install/transferframes:/home/student/ros2_industrial_ws/install/template_package_python:/home/student/ros2_industrial_ws/install/ros_industrial_utilities:/home/student/ros2_industrial_ws/install/ros_industrial_support:/home/student/ros2_industrial_ws/install/range_sensor:/home/student/ros2_industrial_ws/install/node_demo:/home/student/ros2_industrial_ws/install/manipulation:/home/student/ros2_industrial_ws/install/fanuc_robots:/home/student/my_ur_ws/install/my_ur_demo:/home/student/my_ur_ws/install/my_ur_bringup:/home/student/xarm_ws/install/uf_ros_lib:/opt/ros/jazzy DEBUGINFOD_URLS=https://debuginfod.ubuntu.com /usr/bin/cmake /home/student/Git-projects/eye_in_hand_A5/src/my_ur_ROS2/my_ur_description -DAMENT_CMAKE_SYMLINK_INSTALL=1 -DCMAKE_INSTALL_PREFIX=/home/student/Git-projects/eye_in_hand_A5/install/my_ur_description
[0.182s] -- The C compiler identification is GNU 13.3.0
[0.290s] -- The CXX compiler identification is GNU 13.3.0
[0.337s] -- Detecting C compiler ABI info
[0.542s] -- Detecting C compiler ABI info - done
[0.559s] -- Check for working C compiler: /usr/bin/cc - skipped
[0.560s] -- Detecting C compile features
[0.560s] -- Detecting C compile features - done
[0.582s] -- Detecting CXX compiler ABI info
[0.793s] -- Detecting CXX compiler ABI info - done
[0.835s] -- Check for working CXX compiler: /usr/bin/c++ - skipped
[0.836s] -- Detecting CXX compile features
[0.840s] -- Detecting CXX compile features - done
[0.885s] -- Found ament_cmake: 2.5.6 (/opt/ros/jazzy/share/ament_cmake/cmake)
[1.418s] -- Found Python3: /usr/bin/python3 (found version "3.12.3") found components: Interpreter 
[1.577s] -- Override CMake install command with custom implementation using symlinks instead of copying resources
[1.776s] -- Found ament_cmake_pytest: 2.5.6 (/opt/ros/jazzy/share/ament_cmake_pytest/cmake)
[1.939s] -- Configuring done (1.9s)
[1.944s] -- Generating done (0.0s)
[1.946s] -- Build files have been written to: /home/student/Git-projects/eye_in_hand_A5/build/my_ur_description
[1.966s] Invoked command in '/home/student/Git-projects/eye_in_hand_A5/build/my_ur_description' returned '0': CMAKE_PREFIX_PATH=${CMAKE_PREFIX_PATH}:/home/student/Git-projects/eye_in_hand_A5/install/robotiq_app:/home/student/Git-projects/install/robotiq_app:/home/student/ros2_industrial_ws/install/urdf_basics:/home/student/ros2_industrial_ws/install/transferframes:/home/student/ros2_industrial_ws/install/template_package_python:/home/student/ros2_industrial_ws/install/ros_industrial_utilities:/home/student/ros2_industrial_ws/install/ros_industrial_support:/home/student/ros2_industrial_ws/install/range_sensor:/home/student/ros2_industrial_ws/install/node_demo:/home/student/ros2_industrial_ws/install/manipulation:/home/student/ros2_industrial_ws/install/fanuc_robots:/home/student/my_ur_ws/install/my_ur_demo:/home/student/my_ur_ws/install/my_ur_bringup:/home/student/xarm_ws/install/uf_ros_lib:/opt/ros/jazzy DEBUGINFOD_URLS=https://debuginfod.ubuntu.com /usr/bin/cmake /home/student/Git-projects/eye_in_hand_A5/src/my_ur_ROS2/my_ur_description -DAMENT_CMAKE_SYMLINK_INSTALL=1 -DCMAKE_INSTALL_PREFIX=/home/student/Git-projects/eye_in_hand_A5/install/my_ur_description
[1.967s] Invoking command in '/home/student/Git-projects/eye_in_hand_A5/build/my_ur_description': CMAKE_PREFIX_PATH=${CMAKE_PREFIX_PATH}:/home/student/Git-projects/eye_in_hand_A5/install/robotiq_app:/home/student/Git-projects/install/robotiq_app:/home/student/ros2_industrial_ws/install/urdf_basics:/home/student/ros2_industrial_ws/install/transferframes:/home/student/ros2_industrial_ws/install/template_package_python:/home/student/ros2_industrial_ws/install/ros_industrial_utilities:/home/student/ros2_industrial_ws/install/ros_industrial_support:/home/student/ros2_industrial_ws/install/range_sensor:/home/student/ros2_industrial_ws/install/node_demo:/home/student/ros2_industrial_ws/install/manipulation:/home/student/ros2_industrial_ws/install/fanuc_robots:/home/student/my_ur_ws/install/my_ur_demo:/home/student/my_ur_ws/install/my_ur_bringup:/home/student/xarm_ws/install/uf_ros_lib:/opt/ros/jazzy DEBUGINFOD_URLS=https://debuginfod.ubuntu.com /usr/bin/cmake --build /home/student/Git-projects/eye_in_hand_A5/build/my_ur_description -- -j4 -l4
[2.062s] Invoked command in '/home/student/Git-projects/eye_in_hand_A5/build/my_ur_description' returned '0': CMAKE_PREFIX_PATH=${CMAKE_PREFIX_PATH}:/home/student/Git-projects/eye_in_hand_A5/install/robotiq_app:/home/student/Git-projects/install/robotiq_app:/home/student/ros2_industrial_ws/install/urdf_basics:/home/student/ros2_industrial_ws/install/transferframes:/home/student/ros2_industrial_ws/install/template_package_python:/home/student/ros2_industrial_ws/install/ros_industrial_utilities:/home/student/ros2_industrial_ws/install/ros_industrial_support:/home/student/ros2_industrial_ws/install/range_sensor:/home/student/ros2_industrial_ws/install/node_demo:/home/student/ros2_industrial_ws/install/manipulation:/home/student/ros2_industrial_ws/install/fanuc_robots:/home/student/my_ur_ws/install/my_ur_demo:/home/student/my_ur_ws/install/my_ur_bringup:/home/student/xarm_ws/install/uf_ros_lib:/opt/ros/jazzy DEBUGINFOD_URLS=https://debuginfod.ubuntu.com /usr/bin/cmake --build /home/student/Git-projects/eye_in_hand_A5/build/my_ur_description -- -j4 -l4
[2.063s] Invoking command in '/home/student/Git-projects/eye_in_hand_A5/build/my_ur_description': CMAKE_PREFIX_PATH=${CMAKE_PREFIX_PATH}:/home/student/Git-projects/eye_in_hand_A5/install/robotiq_app:/home/student/Git-projects/install/robotiq_app:/home/student/ros2_industrial_ws/install/urdf_basics:/home/student/ros2_industrial_ws/install/transferframes:/home/student/ros2_industrial_ws/install/template_package_python:/home/student/ros2_industrial_ws/install/ros_industrial_utilities:/home/student/ros2_industrial_ws/install/ros_industrial_support:/home/student/ros2_industrial_ws/install/range_sensor:/home/student/ros2_industrial_ws/install/node_demo:/home/student/ros2_industrial_ws/install/manipulation:/home/student/ros2_industrial_ws/install/fanuc_robots:/home/student/my_ur_ws/install/my_ur_demo:/home/student/my_ur_ws/install/my_ur_bringup:/home/student/xarm_ws/install/uf_ros_lib:/opt/ros/jazzy DEBUGINFOD_URLS=https://debuginfod.ubuntu.com /usr/bin/cmake --install /home/student/Git-projects/eye_in_hand_A5/build/my_ur_description
[2.077s] -- Install configuration: ""
[2.082s] -- Execute custom install script
[2.082s] -- Symlinking: /home/student/Git-projects/eye_in_hand_A5/install/my_ur_description/share/my_ur_description/launch/view_environment.launch.py
[2.099s] -- Symlinking: /home/student/Git-projects/eye_in_hand_A5/install/my_ur_description/share/my_ur_description/rviz/view_robot.rviz
[2.124s] -- Symlinking: /home/student/Git-projects/eye_in_hand_A5/install/my_ur_description/share/my_ur_description/urdf/initial_positions.yaml
[2.143s] -- Symlinking: /home/student/Git-projects/eye_in_hand_A5/install/my_ur_description/share/my_ur_description/urdf/ur.urdf.xacro
[2.170s] -- Symlinking: /home/student/Git-projects/eye_in_hand_A5/install/my_ur_description/share/ament_index/resource_index/package_run_dependencies/my_ur_description
[2.185s] -- Symlinking: /home/student/Git-projects/eye_in_hand_A5/install/my_ur_description/share/ament_index/resource_index/parent_prefix_path/my_ur_description
[2.217s] -- Symlinking: /home/student/Git-projects/eye_in_hand_A5/install/my_ur_description/share/my_ur_description/environment/ament_prefix_path.sh
[2.237s] -- Symlinking: /home/student/Git-projects/eye_in_hand_A5/install/my_ur_description/share/my_ur_description/environment/ament_prefix_path.dsv
[2.263s] -- Symlinking: /home/student/Git-projects/eye_in_hand_A5/install/my_ur_description/share/my_ur_description/environment/path.sh
[2.281s] -- Symlinking: /home/student/Git-projects/eye_in_hand_A5/install/my_ur_description/share/my_ur_description/environment/path.dsv
[2.308s] -- Symlinking: /home/student/Git-projects/eye_in_hand_A5/install/my_ur_description/share/my_ur_description/local_setup.bash
[2.322s] -- Symlinking: /home/student/Git-projects/eye_in_hand_A5/install/my_ur_description/share/my_ur_description/local_setup.sh
[2.354s] -- Symlinking: /home/student/Git-projects/eye_in_hand_A5/install/my_ur_description/share/my_ur_description/local_setup.zsh
[2.390s] -- Symlinking: /home/student/Git-projects/eye_in_hand_A5/install/my_ur_description/share/my_ur_description/local_setup.dsv
[2.422s] -- Symlinking: /home/student/Git-projects/eye_in_hand_A5/install/my_ur_description/share/my_ur_description/package.dsv
[2.448s] -- Symlinking: /home/student/Git-projects/eye_in_hand_A5/install/my_ur_description/share/ament_index/resource_index/packages/my_ur_description
[2.468s] -- Symlinking: /home/student/Git-projects/eye_in_hand_A5/install/my_ur_description/share/my_ur_description/cmake/my_ur_descriptionConfig.cmake
[2.489s] -- Symlinking: /home/student/Git-projects/eye_in_hand_A5/install/my_ur_description/share/my_ur_description/cmake/my_ur_descriptionConfig-version.cmake
[2.506s] -- Symlinking: /home/student/Git-projects/eye_in_hand_A5/install/my_ur_description/share/my_ur_description/package.xml
[2.534s] Invoked command in '/home/student/Git-projects/eye_in_hand_A5/build/my_ur_description' returned '0': CMAKE_PREFIX_PATH=${CMAKE_PREFIX_PATH}:/home/student/Git-projects/eye_in_hand_A5/install/robotiq_app:/home/student/Git-projects/install/robotiq_app:/home/student/ros2_industrial_ws/install/urdf_basics:/home/student/ros2_industrial_ws/install/transferframes:/home/student/ros2_industrial_ws/install/template_package_python:/home/student/ros2_industrial_ws/install/ros_industrial_utilities:/home/student/ros2_industrial_ws/install/ros_industrial_support:/home/student/ros2_industrial_ws/install/range_sensor:/home/student/ros2_industrial_ws/install/node_demo:/home/student/ros2_industrial_ws/install/manipulation:/home/student/ros2_industrial_ws/install/fanuc_robots:/home/student/my_ur_ws/install/my_ur_demo:/home/student/my_ur_ws/install/my_ur_bringup:/home/student/xarm_ws/install/uf_ros_lib:/opt/ros/jazzy DEBUGINFOD_URLS=https://debuginfod.ubuntu.com /usr/bin/cmake --install /home/student/Git-projects/eye_in_hand_A5/build/my_ur_description
