[0.037s] Invoking command in '/home/student/Git-projects/eye_in_hand_A5/build/eye_in_hand_pkg': CMAKE_PREFIX_PATH=${CMAKE_PREFIX_PATH}:/home/student/ros2_ws/install/hmi_robot:/home/student/ros2_industrial_ws/install/urdf_basics:/home/student/ros2_industrial_ws/install/transferframes:/home/student/ros2_industrial_ws/install/template_package_python:/home/student/ros2_industrial_ws/install/ros_industrial_utilities:/home/student/ros2_industrial_ws/install/ros_industrial_support:/home/student/ros2_industrial_ws/install/range_sensor:/home/student/ros2_industrial_ws/install/node_demo:/home/student/ros2_industrial_ws/install/manipulation:/home/student/ros2_industrial_ws/install/fanuc_robots:/home/student/my_ur_ws/install/my_ur_demo:/home/student/my_ur_ws/install/my_ur_bringup:/home/student/xarm_ws/install/uf_ros_lib:/opt/ros/jazzy DEBUGINFOD_URLS=https://debuginfod.ubuntu.com /usr/bin/cmake --build /home/student/Git-projects/eye_in_hand_A5/build/eye_in_hand_pkg -- -j4 -l4
[0.263s] Invoked command in '/home/student/Git-projects/eye_in_hand_A5/build/eye_in_hand_pkg' returned '0': CMAKE_PREFIX_PATH=${CMAKE_PREFIX_PATH}:/home/student/ros2_ws/install/hmi_robot:/home/student/ros2_industrial_ws/install/urdf_basics:/home/student/ros2_industrial_ws/install/transferframes:/home/student/ros2_industrial_ws/install/template_package_python:/home/student/ros2_industrial_ws/install/ros_industrial_utilities:/home/student/ros2_industrial_ws/install/ros_industrial_support:/home/student/ros2_industrial_ws/install/range_sensor:/home/student/ros2_industrial_ws/install/node_demo:/home/student/ros2_industrial_ws/install/manipulation:/home/student/ros2_industrial_ws/install/fanuc_robots:/home/student/my_ur_ws/install/my_ur_demo:/home/student/my_ur_ws/install/my_ur_bringup:/home/student/xarm_ws/install/uf_ros_lib:/opt/ros/jazzy DEBUGINFOD_URLS=https://debuginfod.ubuntu.com /usr/bin/cmake --build /home/student/Git-projects/eye_in_hand_A5/build/eye_in_hand_pkg -- -j4 -l4
[0.286s] Invoking command in '/home/student/Git-projects/eye_in_hand_A5/build/eye_in_hand_pkg': CMAKE_PREFIX_PATH=${CMAKE_PREFIX_PATH}:/home/student/ros2_ws/install/hmi_robot:/home/student/ros2_industrial_ws/install/urdf_basics:/home/student/ros2_industrial_ws/install/transferframes:/home/student/ros2_industrial_ws/install/template_package_python:/home/student/ros2_industrial_ws/install/ros_industrial_utilities:/home/student/ros2_industrial_ws/install/ros_industrial_support:/home/student/ros2_industrial_ws/install/range_sensor:/home/student/ros2_industrial_ws/install/node_demo:/home/student/ros2_industrial_ws/install/manipulation:/home/student/ros2_industrial_ws/install/fanuc_robots:/home/student/my_ur_ws/install/my_ur_demo:/home/student/my_ur_ws/install/my_ur_bringup:/home/student/xarm_ws/install/uf_ros_lib:/opt/ros/jazzy DEBUGINFOD_URLS=https://debuginfod.ubuntu.com /usr/bin/cmake --install /home/student/Git-projects/eye_in_hand_A5/build/eye_in_hand_pkg
[0.305s] -- Install configuration: ""
[0.307s] -- Installing: /home/student/Git-projects/eye_in_hand_A5/install/eye_in_hand_pkg/lib/eye_in_hand_pkg/hmi_main
[0.307s] -- Up-to-date: /home/student/Git-projects/eye_in_hand_A5/install/eye_in_hand_pkg/lib/python3.12/site-packages/eye_in_hand_pkg
[0.308s] -- Up-to-date: /home/student/Git-projects/eye_in_hand_A5/install/eye_in_hand_pkg/lib/python3.12/site-packages/eye_in_hand_pkg/hmi
[0.308s] -- Installing: /home/student/Git-projects/eye_in_hand_A5/install/eye_in_hand_pkg/lib/python3.12/site-packages/eye_in_hand_pkg/hmi/hmi_calibratie.py
[0.308s] -- Up-to-date: /home/student/Git-projects/eye_in_hand_A5/install/eye_in_hand_pkg/lib/python3.12/site-packages/eye_in_hand_pkg/hmi/hmi_status.py
[0.309s] -- Up-to-date: /home/student/Git-projects/eye_in_hand_A5/install/eye_in_hand_pkg/lib/python3.12/site-packages/eye_in_hand_pkg/hmi/test.py
[0.310s] -- Up-to-date: /home/student/Git-projects/eye_in_hand_A5/install/eye_in_hand_pkg/lib/python3.12/site-packages/eye_in_hand_pkg/hmi/test_camera_pub.py
[0.310s] -- Up-to-date: /home/student/Git-projects/eye_in_hand_A5/install/eye_in_hand_pkg/lib/python3.12/site-packages/eye_in_hand_pkg/hmi/__init__.py
[0.310s] -- Installing: /home/student/Git-projects/eye_in_hand_A5/install/eye_in_hand_pkg/lib/python3.12/site-packages/eye_in_hand_pkg/hmi/hmi_main.py
[0.311s] -- Up-to-date: /home/student/Git-projects/eye_in_hand_A5/install/eye_in_hand_pkg/lib/python3.12/site-packages/eye_in_hand_pkg/hmi/hmi_camera.py
[0.311s] -- Up-to-date: /home/student/Git-projects/eye_in_hand_A5/install/eye_in_hand_pkg/lib/python3.12/site-packages/eye_in_hand_pkg/hmi/hmi_bediening.py
[0.311s] -- Up-to-date: /home/student/Git-projects/eye_in_hand_A5/install/eye_in_hand_pkg/lib/python3.12/site-packages/eye_in_hand_pkg/hmi/hmi_product.py
[0.312s] -- Up-to-date: /home/student/Git-projects/eye_in_hand_A5/install/eye_in_hand_pkg/lib/python3.12/site-packages/eye_in_hand_pkg/vision
[0.312s] -- Installing: /home/student/Git-projects/eye_in_hand_A5/install/eye_in_hand_pkg/lib/python3.12/site-packages/eye_in_hand_pkg/vision/__init__.py
[0.312s] -- Up-to-date: /home/student/Git-projects/eye_in_hand_A5/install/eye_in_hand_pkg/lib/python3.12/site-packages/eye_in_hand_pkg/robot
[0.313s] -- Installing: /home/student/Git-projects/eye_in_hand_A5/install/eye_in_hand_pkg/lib/python3.12/site-packages/eye_in_hand_pkg/robot/__init__.py
[0.314s] -- Up-to-date: /home/student/Git-projects/eye_in_hand_A5/install/eye_in_hand_pkg/lib/python3.12/site-packages/eye_in_hand_pkg/__init__.py
[0.314s] -- Installing: /home/student/Git-projects/eye_in_hand_A5/install/eye_in_hand_pkg/lib/eye_in_hand_pkg/hmi_window.ui
[0.315s] -- Up-to-date: /home/student/Git-projects/eye_in_hand_A5/install/eye_in_hand_pkg/lib/eye_in_hand_pkg/avans.png
[0.315s] -- Up-to-date: /home/student/Git-projects/eye_in_hand_A5/install/eye_in_hand_pkg/share/ament_index/resource_index/package_run_dependencies/eye_in_hand_pkg
[0.316s] -- Up-to-date: /home/student/Git-projects/eye_in_hand_A5/install/eye_in_hand_pkg/share/ament_index/resource_index/parent_prefix_path/eye_in_hand_pkg
[0.316s] -- Up-to-date: /home/student/Git-projects/eye_in_hand_A5/install/eye_in_hand_pkg/share/eye_in_hand_pkg/environment/ament_prefix_path.sh
[0.316s] -- Up-to-date: /home/student/Git-projects/eye_in_hand_A5/install/eye_in_hand_pkg/share/eye_in_hand_pkg/environment/ament_prefix_path.dsv
[0.316s] -- Up-to-date: /home/student/Git-projects/eye_in_hand_A5/install/eye_in_hand_pkg/share/eye_in_hand_pkg/environment/path.sh
[0.316s] -- Up-to-date: /home/student/Git-projects/eye_in_hand_A5/install/eye_in_hand_pkg/share/eye_in_hand_pkg/environment/path.dsv
[0.318s] -- Up-to-date: /home/student/Git-projects/eye_in_hand_A5/install/eye_in_hand_pkg/share/eye_in_hand_pkg/local_setup.bash
[0.318s] -- Up-to-date: /home/student/Git-projects/eye_in_hand_A5/install/eye_in_hand_pkg/share/eye_in_hand_pkg/local_setup.sh
[0.320s] -- Up-to-date: /home/student/Git-projects/eye_in_hand_A5/install/eye_in_hand_pkg/share/eye_in_hand_pkg/local_setup.zsh
[0.321s] -- Up-to-date: /home/student/Git-projects/eye_in_hand_A5/install/eye_in_hand_pkg/share/eye_in_hand_pkg/local_setup.dsv
[0.321s] -- Installing: /home/student/Git-projects/eye_in_hand_A5/install/eye_in_hand_pkg/share/eye_in_hand_pkg/package.dsv
[0.322s] -- Up-to-date: /home/student/Git-projects/eye_in_hand_A5/install/eye_in_hand_pkg/share/ament_index/resource_index/packages/eye_in_hand_pkg
[0.322s] -- Up-to-date: /home/student/Git-projects/eye_in_hand_A5/install/eye_in_hand_pkg/share/eye_in_hand_pkg/cmake/eye_in_hand_pkgConfig.cmake
[0.323s] -- Up-to-date: /home/student/Git-projects/eye_in_hand_A5/install/eye_in_hand_pkg/share/eye_in_hand_pkg/cmake/eye_in_hand_pkgConfig-version.cmake
[0.325s] -- Up-to-date: /home/student/Git-projects/eye_in_hand_A5/install/eye_in_hand_pkg/share/eye_in_hand_pkg/package.xml
[0.325s] Invoked command in '/home/student/Git-projects/eye_in_hand_A5/build/eye_in_hand_pkg' returned '0': CMAKE_PREFIX_PATH=${CMAKE_PREFIX_PATH}:/home/student/ros2_ws/install/hmi_robot:/home/student/ros2_industrial_ws/install/urdf_basics:/home/student/ros2_industrial_ws/install/transferframes:/home/student/ros2_industrial_ws/install/template_package_python:/home/student/ros2_industrial_ws/install/ros_industrial_utilities:/home/student/ros2_industrial_ws/install/ros_industrial_support:/home/student/ros2_industrial_ws/install/range_sensor:/home/student/ros2_industrial_ws/install/node_demo:/home/student/ros2_industrial_ws/install/manipulation:/home/student/ros2_industrial_ws/install/fanuc_robots:/home/student/my_ur_ws/install/my_ur_demo:/home/student/my_ur_ws/install/my_ur_bringup:/home/student/xarm_ws/install/uf_ros_lib:/opt/ros/jazzy DEBUGINFOD_URLS=https://debuginfod.ubuntu.com /usr/bin/cmake --install /home/student/Git-projects/eye_in_hand_A5/build/eye_in_hand_pkg
