[0.060s] Invoking command in '/home/student/Git-projects/eye_in_hand_A5/build/robotiq_driver': AMENT_PREFIX_PATH=/home/student/Git-projects/eye_in_hand_A5/install/serial:${AMENT_PREFIX_PATH} CMAKE_PREFIX_PATH=/home/student/Git-projects/eye_in_hand_A5/install/serial:/home/student/Git-projects/install/robotiq_hardware_tests:/home/student/Git-projects/install/my_robotiq_controller:/home/student/Git-projects/install/robotiq_driver:/home/student/Git-projects/install/serial:/home/student/Git-projects/install/robotiq_description:/home/student/Git-projects/install/robotiq_controllers:/home/student/Git-projects/install/eye_in_hand_pkg:/home/student/Git-projects/install/eye_in_hand_interfaces:/home/student/ros2_industrial_ws/install/transferframes_moveit_config:/home/student/ros2_industrial_ws/install/template_interfaces:/home/student/ros2_industrial_ws/install/ros_industrial_sensors:/home/student/ros2_industrial_ws/install/ros_industrial_actuators:/home/student/ros2_industrial_ws/install/ros_industrial_msgs:/home/student/ros2_industrial_ws/install/ros_industrial_install:/home/student/ros2_industrial_ws/install/range_sensor_cpp:/home/student/ros2_industrial_ws/install/range_sensors_interfaces:/home/student/ros2_industrial_ws/install/pymoveit2:/home/student/ros2_industrial_ws/install/my_moveit_python:/home/student/ros2_industrial_ws/install/manipulation_moveit_config:/home/student/my_ur_ws/install/my_ur_moveit_config:/home/student/my_ur_ws/install/my_ur_description:/home/student/my_ur_ws/install/my_ur_demo_cpp:/home/student/my_ur_ws/install/my_ur:/home/student/microROS_agent_ws/install/micro_ros_agent:/home/student/xarm_ws/install/xarm_planner:/home/student/xarm_ws/install/xarm_moveit_servo:/home/student/xarm_ws/install/xarm_moveit_config:/home/student/xarm_ws/install/xarm_gazebo:/home/student/xarm_ws/install/xarm_controller:/home/student/xarm_ws/install/xarm_api:/home/student/xarm_ws/install/xarm_sdk:/home/student/xarm_ws/install/xarm_msgs:/home/student/xarm_ws/install/xarm_description:/home/student/xarm_ws/install/mbot_demo:/home/student/xarm_ws/install/realsense_gazebo_plugin:/opt/ros/jazzy/opt/gz_sim_vendor:/opt/ros/jazzy/opt/gz_sensors_vendor:/opt/ros/jazzy/opt/gz_physics_vendor:/opt/ros/jazzy/opt/sdformat_vendor:/opt/ros/jazzy/opt/gz_gui_vendor:/opt/ros/jazzy/opt/gz_transport_vendor:/opt/ros/jazzy/opt/gz_rendering_vendor:/opt/ros/jazzy/opt/gz_plugin_vendor:/opt/ros/jazzy/opt/gz_fuel_tools_vendor:/opt/ros/jazzy/opt/gz_msgs_vendor:/opt/ros/jazzy/opt/gz_common_vendor:/opt/ros/jazzy/opt/gz_math_vendor:/opt/ros/jazzy/opt/gz_utils_vendor:/opt/ros/jazzy/opt/gz_tools_vendor:/opt/ros/jazzy/opt/gz_ogre_next_vendor:/opt/ros/jazzy/opt/gz_dartsim_vendor:/opt/ros/jazzy/opt/gz_cmake_vendor:/home/student/Git-projects/install/robotiq_app:/home/student/ros2_industrial_ws/install/urdf_basics:/home/student/ros2_industrial_ws/install/transferframes:/home/student/ros2_industrial_ws/install/template_package_python:/home/student/ros2_industrial_ws/install/ros_industrial_utilities:/home/student/ros2_industrial_ws/install/ros_industrial_support:/home/student/ros2_industrial_ws/install/range_sensor:/home/student/ros2_industrial_ws/install/node_demo:/home/student/ros2_industrial_ws/install/manipulation:/home/student/ros2_industrial_ws/install/fanuc_robots:/home/student/my_ur_ws/install/my_ur_demo:/home/student/my_ur_ws/install/my_ur_bringup:/home/student/xarm_ws/install/uf_ros_lib:/opt/ros/jazzy DEBUGINFOD_URLS=https://debuginfod.ubuntu.com LD_LIBRARY_PATH=/home/student/Git-projects/eye_in_hand_A5/install/serial/lib:${LD_LIBRARY_PATH} /usr/bin/cmake /home/student/Git-projects/eye_in_hand_A5/src/ros2_robotiq_gripper/robotiq_driver -DCMAKE_INSTALL_PREFIX=/home/student/Git-projects/eye_in_hand_A5/install/robotiq_driver
[0.254s] -- The CXX compiler identification is GNU 13.3.0
[0.313s] -- Detecting CXX compiler ABI info
[0.696s] -- Detecting CXX compiler ABI info - done
[0.738s] -- Check for working CXX compiler: /usr/bin/c++ - skipped
[0.739s] -- Detecting CXX compile features
[0.740s] -- Detecting CXX compile features - done
[0.782s] -- Found ament_cmake: 2.5.6 (/opt/ros/jazzy/share/ament_cmake/cmake)
[1.417s] -- Found Python3: /usr/bin/python3 (found version "3.12.3") found components: Interpreter 
[2.125s] -- Found hardware_interface: 4.44.0 (/opt/ros/jazzy/share/hardware_interface/cmake)
[2.574s] -- Found rosidl_generator_c: 4.6.7 (/opt/ros/jazzy/share/rosidl_generator_c/cmake)
[2.684s] -- Found rosidl_generator_cpp: 4.6.7 (/opt/ros/jazzy/share/rosidl_generator_cpp/cmake)
[2.775s] -- Using all available rosidl_typesupport_c: rosidl_typesupport_fastrtps_c;rosidl_typesupport_introspection_c
[2.864s] -- Using all available rosidl_typesupport_cpp: rosidl_typesupport_fastrtps_cpp;rosidl_typesupport_introspection_cpp
[3.564s] -- Found TinyXML2 via Config file: /usr/lib/x86_64-linux-gnu/cmake/tinyxml2
[3.728s] -- Found rmw_implementation_cmake: 7.3.3 (/opt/ros/jazzy/share/rmw_implementation_cmake/cmake)
[3.743s] -- Found rmw_fastrtps_cpp: 8.4.3 (/opt/ros/jazzy/share/rmw_fastrtps_cpp/cmake)
[3.816s] -- Found TinyXML2 via Config file: /usr/lib/x86_64-linux-gnu/cmake/tinyxml2
[3.969s] -- Found OpenSSL: /usr/lib/x86_64-linux-gnu/libcrypto.so (found version "3.0.13")  
[3.976s] -- Found TinyXML2 via Config file: /usr/lib/x86_64-linux-gnu/cmake/tinyxml2
[4.014s] -- Found FastRTPS: /opt/ros/jazzy/include (Required is at least version "2.13") 
[4.022s] -- Found TinyXML2 via Config file: /usr/lib/x86_64-linux-gnu/cmake/tinyxml2
[4.042s] -- Found TinyXML2 via Config file: /usr/lib/x86_64-linux-gnu/cmake/tinyxml2
[4.082s] -- Using RMW implementation 'rmw_fastrtps_cpp' as default
[4.904s] -- Found serial: 1.2.1 (/home/student/Git-projects/eye_in_hand_A5/install/serial/share/serial/cmake)
[4.976s] -- Found ament_cmake_gtest: 2.5.6 (/opt/ros/jazzy/share/ament_cmake_gtest/cmake)
[5.000s] -- Found ament_cmake_gmock: 2.5.6 (/opt/ros/jazzy/share/ament_cmake_gmock/cmake)
[5.019s] -- Found ament_lint_auto: 0.17.5 (/opt/ros/jazzy/share/ament_lint_auto/cmake)
[5.374s] -- Found gmock sources under '/opt/ros/jazzy/src/gmock_vendor': C++ tests using 'Google Mock' will be built
[5.469s] -- The C compiler identification is GNU 13.3.0
[5.505s] -- Detecting C compiler ABI info
[5.710s] -- Detecting C compiler ABI info - done
[5.726s] -- Check for working C compiler: /usr/bin/cc - skipped
[5.726s] -- Detecting C compile features
[5.727s] -- Detecting C compile features - done
[5.745s] -- Found gtest sources under '/opt/ros/jazzy/src/gtest_vendor': C++ tests using 'Google Test' will be built
[5.955s] -- Configuring done (5.9s)
[6.251s] -- Generating done (0.2s)
[6.306s] -- Build files have been written to: /home/student/Git-projects/eye_in_hand_A5/build/robotiq_driver
[6.331s] Invoked command in '/home/student/Git-projects/eye_in_hand_A5/build/robotiq_driver' returned '0': AMENT_PREFIX_PATH=/home/student/Git-projects/eye_in_hand_A5/install/serial:${AMENT_PREFIX_PATH} CMAKE_PREFIX_PATH=/home/student/Git-projects/eye_in_hand_A5/install/serial:/home/student/Git-projects/install/robotiq_hardware_tests:/home/student/Git-projects/install/my_robotiq_controller:/home/student/Git-projects/install/robotiq_driver:/home/student/Git-projects/install/serial:/home/student/Git-projects/install/robotiq_description:/home/student/Git-projects/install/robotiq_controllers:/home/student/Git-projects/install/eye_in_hand_pkg:/home/student/Git-projects/install/eye_in_hand_interfaces:/home/student/ros2_industrial_ws/install/transferframes_moveit_config:/home/student/ros2_industrial_ws/install/template_interfaces:/home/student/ros2_industrial_ws/install/ros_industrial_sensors:/home/student/ros2_industrial_ws/install/ros_industrial_actuators:/home/student/ros2_industrial_ws/install/ros_industrial_msgs:/home/student/ros2_industrial_ws/install/ros_industrial_install:/home/student/ros2_industrial_ws/install/range_sensor_cpp:/home/student/ros2_industrial_ws/install/range_sensors_interfaces:/home/student/ros2_industrial_ws/install/pymoveit2:/home/student/ros2_industrial_ws/install/my_moveit_python:/home/student/ros2_industrial_ws/install/manipulation_moveit_config:/home/student/my_ur_ws/install/my_ur_moveit_config:/home/student/my_ur_ws/install/my_ur_description:/home/student/my_ur_ws/install/my_ur_demo_cpp:/home/student/my_ur_ws/install/my_ur:/home/student/microROS_agent_ws/install/micro_ros_agent:/home/student/xarm_ws/install/xarm_planner:/home/student/xarm_ws/install/xarm_moveit_servo:/home/student/xarm_ws/install/xarm_moveit_config:/home/student/xarm_ws/install/xarm_gazebo:/home/student/xarm_ws/install/xarm_controller:/home/student/xarm_ws/install/xarm_api:/home/student/xarm_ws/install/xarm_sdk:/home/student/xarm_ws/install/xarm_msgs:/home/student/xarm_ws/install/xarm_description:/home/student/xarm_ws/install/mbot_demo:/home/student/xarm_ws/install/realsense_gazebo_plugin:/opt/ros/jazzy/opt/gz_sim_vendor:/opt/ros/jazzy/opt/gz_sensors_vendor:/opt/ros/jazzy/opt/gz_physics_vendor:/opt/ros/jazzy/opt/sdformat_vendor:/opt/ros/jazzy/opt/gz_gui_vendor:/opt/ros/jazzy/opt/gz_transport_vendor:/opt/ros/jazzy/opt/gz_rendering_vendor:/opt/ros/jazzy/opt/gz_plugin_vendor:/opt/ros/jazzy/opt/gz_fuel_tools_vendor:/opt/ros/jazzy/opt/gz_msgs_vendor:/opt/ros/jazzy/opt/gz_common_vendor:/opt/ros/jazzy/opt/gz_math_vendor:/opt/ros/jazzy/opt/gz_utils_vendor:/opt/ros/jazzy/opt/gz_tools_vendor:/opt/ros/jazzy/opt/gz_ogre_next_vendor:/opt/ros/jazzy/opt/gz_dartsim_vendor:/opt/ros/jazzy/opt/gz_cmake_vendor:/home/student/Git-projects/install/robotiq_app:/home/student/ros2_industrial_ws/install/urdf_basics:/home/student/ros2_industrial_ws/install/transferframes:/home/student/ros2_industrial_ws/install/template_package_python:/home/student/ros2_industrial_ws/install/ros_industrial_utilities:/home/student/ros2_industrial_ws/install/ros_industrial_support:/home/student/ros2_industrial_ws/install/range_sensor:/home/student/ros2_industrial_ws/install/node_demo:/home/student/ros2_industrial_ws/install/manipulation:/home/student/ros2_industrial_ws/install/fanuc_robots:/home/student/my_ur_ws/install/my_ur_demo:/home/student/my_ur_ws/install/my_ur_bringup:/home/student/xarm_ws/install/uf_ros_lib:/opt/ros/jazzy DEBUGINFOD_URLS=https://debuginfod.ubuntu.com LD_LIBRARY_PATH=/home/student/Git-projects/eye_in_hand_A5/install/serial/lib:${LD_LIBRARY_PATH} /usr/bin/cmake /home/student/Git-projects/eye_in_hand_A5/src/ros2_robotiq_gripper/robotiq_driver -DCMAKE_INSTALL_PREFIX=/home/student/Git-projects/eye_in_hand_A5/install/robotiq_driver
[6.331s] Invoking command in '/home/student/Git-projects/eye_in_hand_A5/build/robotiq_driver': AMENT_PREFIX_PATH=/home/student/Git-projects/eye_in_hand_A5/install/serial:${AMENT_PREFIX_PATH} CMAKE_PREFIX_PATH=/home/student/Git-projects/eye_in_hand_A5/install/serial:/home/student/Git-projects/install/robotiq_hardware_tests:/home/student/Git-projects/install/my_robotiq_controller:/home/student/Git-projects/install/robotiq_driver:/home/student/Git-projects/install/serial:/home/student/Git-projects/install/robotiq_description:/home/student/Git-projects/install/robotiq_controllers:/home/student/Git-projects/install/eye_in_hand_pkg:/home/student/Git-projects/install/eye_in_hand_interfaces:/home/student/ros2_industrial_ws/install/transferframes_moveit_config:/home/student/ros2_industrial_ws/install/template_interfaces:/home/student/ros2_industrial_ws/install/ros_industrial_sensors:/home/student/ros2_industrial_ws/install/ros_industrial_actuators:/home/student/ros2_industrial_ws/install/ros_industrial_msgs:/home/student/ros2_industrial_ws/install/ros_industrial_install:/home/student/ros2_industrial_ws/install/range_sensor_cpp:/home/student/ros2_industrial_ws/install/range_sensors_interfaces:/home/student/ros2_industrial_ws/install/pymoveit2:/home/student/ros2_industrial_ws/install/my_moveit_python:/home/student/ros2_industrial_ws/install/manipulation_moveit_config:/home/student/my_ur_ws/install/my_ur_moveit_config:/home/student/my_ur_ws/install/my_ur_description:/home/student/my_ur_ws/install/my_ur_demo_cpp:/home/student/my_ur_ws/install/my_ur:/home/student/microROS_agent_ws/install/micro_ros_agent:/home/student/xarm_ws/install/xarm_planner:/home/student/xarm_ws/install/xarm_moveit_servo:/home/student/xarm_ws/install/xarm_moveit_config:/home/student/xarm_ws/install/xarm_gazebo:/home/student/xarm_ws/install/xarm_controller:/home/student/xarm_ws/install/xarm_api:/home/student/xarm_ws/install/xarm_sdk:/home/student/xarm_ws/install/xarm_msgs:/home/student/xarm_ws/install/xarm_description:/home/student/xarm_ws/install/mbot_demo:/home/student/xarm_ws/install/realsense_gazebo_plugin:/opt/ros/jazzy/opt/gz_sim_vendor:/opt/ros/jazzy/opt/gz_sensors_vendor:/opt/ros/jazzy/opt/gz_physics_vendor:/opt/ros/jazzy/opt/sdformat_vendor:/opt/ros/jazzy/opt/gz_gui_vendor:/opt/ros/jazzy/opt/gz_transport_vendor:/opt/ros/jazzy/opt/gz_rendering_vendor:/opt/ros/jazzy/opt/gz_plugin_vendor:/opt/ros/jazzy/opt/gz_fuel_tools_vendor:/opt/ros/jazzy/opt/gz_msgs_vendor:/opt/ros/jazzy/opt/gz_common_vendor:/opt/ros/jazzy/opt/gz_math_vendor:/opt/ros/jazzy/opt/gz_utils_vendor:/opt/ros/jazzy/opt/gz_tools_vendor:/opt/ros/jazzy/opt/gz_ogre_next_vendor:/opt/ros/jazzy/opt/gz_dartsim_vendor:/opt/ros/jazzy/opt/gz_cmake_vendor:/home/student/Git-projects/install/robotiq_app:/home/student/ros2_industrial_ws/install/urdf_basics:/home/student/ros2_industrial_ws/install/transferframes:/home/student/ros2_industrial_ws/install/template_package_python:/home/student/ros2_industrial_ws/install/ros_industrial_utilities:/home/student/ros2_industrial_ws/install/ros_industrial_support:/home/student/ros2_industrial_ws/install/range_sensor:/home/student/ros2_industrial_ws/install/node_demo:/home/student/ros2_industrial_ws/install/manipulation:/home/student/ros2_industrial_ws/install/fanuc_robots:/home/student/my_ur_ws/install/my_ur_demo:/home/student/my_ur_ws/install/my_ur_bringup:/home/student/xarm_ws/install/uf_ros_lib:/opt/ros/jazzy DEBUGINFOD_URLS=https://debuginfod.ubuntu.com LD_LIBRARY_PATH=/home/student/Git-projects/eye_in_hand_A5/install/serial/lib:${LD_LIBRARY_PATH} /usr/bin/cmake --build /home/student/Git-projects/eye_in_hand_A5/build/robotiq_driver -- -j4 -l4
[6.465s] [  4%] [32mBuilding CXX object gmock/CMakeFiles/gmock_main.dir/src/gmock_main.cc.o[0m
[6.503s] [  8%] [32mBuilding CXX object CMakeFiles/robotiq_driver.dir/src/crc_utils.cpp.o[0m
[6.506s] [ 12%] [32mBuilding CXX object CMakeFiles/robotiq_driver.dir/src/data_utils.cpp.o[0m
[6.522s] [ 16%] [32mBuilding CXX object gmock/CMakeFiles/gmock.dir/opt/ros/jazzy/src/gtest_vendor/src/gtest-all.cc.o[0m
[6.860s] [ 20%] [32mBuilding CXX object CMakeFiles/robotiq_driver.dir/src/hardware_interface.cpp.o[0m
[7.397s] [ 25%] [32mBuilding CXX object CMakeFiles/robotiq_driver.dir/src/default_driver.cpp.o[0m
[8.972s] [ 29%] [32m[1mLinking CXX static library libgmock_main.a[0m
[9.267s] [ 29%] Built target gmock_main
[9.308s] [ 33%] [32mBuilding CXX object gmock/CMakeFiles/gmock.dir/src/gmock-all.cc.o[0m
[14.219s] [ 37%] [32mBuilding CXX object CMakeFiles/robotiq_driver.dir/src/default_driver_factory.cpp.o[0m
[14.476s] [ 41%] [32mBuilding CXX object CMakeFiles/robotiq_driver.dir/src/fake/fake_driver.cpp.o[0m
[14.769s] [ 45%] [32m[1mLinking CXX static library libgmock.a[0m
[14.995s] [ 45%] Built target gmock
[15.018s] [ 50%] [32mBuilding CXX object CMakeFiles/robotiq_driver.dir/src/default_serial.cpp.o[0m
[15.690s] [ 54%] [32mBuilding CXX object CMakeFiles/robotiq_driver.dir/src/default_serial_factory.cpp.o[0m
[17.387s] [ 58%] [32m[1mLinking CXX shared library librobotiq_driver.so[0m
[17.733s] [ 58%] Built target robotiq_driver
[17.785s] [ 62%] [32mBuilding CXX object tests/CMakeFiles/test_default_driver_factory.dir/test_default_driver_factory.cpp.o[0m
[17.786s] [ 66%] [32mBuilding CXX object tests/CMakeFiles/test_robotiq_gripper_hardware_interface.dir/test_robotiq_gripper_hardware_interface.cpp.o[0m
[17.814s] [ 70%] [32mBuilding CXX object tests/CMakeFiles/test_crc_utils.dir/test_crc_utils.cpp.o[0m
[17.822s] [ 75%] [32mBuilding CXX object tests/CMakeFiles/test_default_serial_factory.dir/test_default_serial_factory.cpp.o[0m
[19.782s] [ 79%] [32m[1mLinking CXX executable test_crc_utils[0m
[20.320s] [ 79%] Built target test_crc_utils
[20.361s] [ 83%] [32mBuilding CXX object tests/CMakeFiles/test_data_utils.dir/test_data_utils.cpp.o[0m
[22.382s] [ 87%] [32m[1mLinking CXX executable test_data_utils[0m
[22.662s] [ 91%] [32m[1mLinking CXX executable test_default_serial_factory[0m
[22.889s] [ 91%] Built target test_data_utils
[23.240s] [ 91%] Built target test_default_serial_factory
[25.290s] [ 95%] [32m[1mLinking CXX executable test_robotiq_gripper_hardware_interface[0m
[25.785s] [ 95%] Built target test_robotiq_gripper_hardware_interface
[25.924s] [100%] [32m[1mLinking CXX executable test_default_driver_factory[0m
[26.445s] [100%] Built target test_default_driver_factory
[26.467s] Invoked command in '/home/student/Git-projects/eye_in_hand_A5/build/robotiq_driver' returned '0': AMENT_PREFIX_PATH=/home/student/Git-projects/eye_in_hand_A5/install/serial:${AMENT_PREFIX_PATH} CMAKE_PREFIX_PATH=/home/student/Git-projects/eye_in_hand_A5/install/serial:/home/student/Git-projects/install/robotiq_hardware_tests:/home/student/Git-projects/install/my_robotiq_controller:/home/student/Git-projects/install/robotiq_driver:/home/student/Git-projects/install/serial:/home/student/Git-projects/install/robotiq_description:/home/student/Git-projects/install/robotiq_controllers:/home/student/Git-projects/install/eye_in_hand_pkg:/home/student/Git-projects/install/eye_in_hand_interfaces:/home/student/ros2_industrial_ws/install/transferframes_moveit_config:/home/student/ros2_industrial_ws/install/template_interfaces:/home/student/ros2_industrial_ws/install/ros_industrial_sensors:/home/student/ros2_industrial_ws/install/ros_industrial_actuators:/home/student/ros2_industrial_ws/install/ros_industrial_msgs:/home/student/ros2_industrial_ws/install/ros_industrial_install:/home/student/ros2_industrial_ws/install/range_sensor_cpp:/home/student/ros2_industrial_ws/install/range_sensors_interfaces:/home/student/ros2_industrial_ws/install/pymoveit2:/home/student/ros2_industrial_ws/install/my_moveit_python:/home/student/ros2_industrial_ws/install/manipulation_moveit_config:/home/student/my_ur_ws/install/my_ur_moveit_config:/home/student/my_ur_ws/install/my_ur_description:/home/student/my_ur_ws/install/my_ur_demo_cpp:/home/student/my_ur_ws/install/my_ur:/home/student/microROS_agent_ws/install/micro_ros_agent:/home/student/xarm_ws/install/xarm_planner:/home/student/xarm_ws/install/xarm_moveit_servo:/home/student/xarm_ws/install/xarm_moveit_config:/home/student/xarm_ws/install/xarm_gazebo:/home/student/xarm_ws/install/xarm_controller:/home/student/xarm_ws/install/xarm_api:/home/student/xarm_ws/install/xarm_sdk:/home/student/xarm_ws/install/xarm_msgs:/home/student/xarm_ws/install/xarm_description:/home/student/xarm_ws/install/mbot_demo:/home/student/xarm_ws/install/realsense_gazebo_plugin:/opt/ros/jazzy/opt/gz_sim_vendor:/opt/ros/jazzy/opt/gz_sensors_vendor:/opt/ros/jazzy/opt/gz_physics_vendor:/opt/ros/jazzy/opt/sdformat_vendor:/opt/ros/jazzy/opt/gz_gui_vendor:/opt/ros/jazzy/opt/gz_transport_vendor:/opt/ros/jazzy/opt/gz_rendering_vendor:/opt/ros/jazzy/opt/gz_plugin_vendor:/opt/ros/jazzy/opt/gz_fuel_tools_vendor:/opt/ros/jazzy/opt/gz_msgs_vendor:/opt/ros/jazzy/opt/gz_common_vendor:/opt/ros/jazzy/opt/gz_math_vendor:/opt/ros/jazzy/opt/gz_utils_vendor:/opt/ros/jazzy/opt/gz_tools_vendor:/opt/ros/jazzy/opt/gz_ogre_next_vendor:/opt/ros/jazzy/opt/gz_dartsim_vendor:/opt/ros/jazzy/opt/gz_cmake_vendor:/home/student/Git-projects/install/robotiq_app:/home/student/ros2_industrial_ws/install/urdf_basics:/home/student/ros2_industrial_ws/install/transferframes:/home/student/ros2_industrial_ws/install/template_package_python:/home/student/ros2_industrial_ws/install/ros_industrial_utilities:/home/student/ros2_industrial_ws/install/ros_industrial_support:/home/student/ros2_industrial_ws/install/range_sensor:/home/student/ros2_industrial_ws/install/node_demo:/home/student/ros2_industrial_ws/install/manipulation:/home/student/ros2_industrial_ws/install/fanuc_robots:/home/student/my_ur_ws/install/my_ur_demo:/home/student/my_ur_ws/install/my_ur_bringup:/home/student/xarm_ws/install/uf_ros_lib:/opt/ros/jazzy DEBUGINFOD_URLS=https://debuginfod.ubuntu.com LD_LIBRARY_PATH=/home/student/Git-projects/eye_in_hand_A5/install/serial/lib:${LD_LIBRARY_PATH} /usr/bin/cmake --build /home/student/Git-projects/eye_in_hand_A5/build/robotiq_driver -- -j4 -l4
[26.469s] Invoking command in '/home/student/Git-projects/eye_in_hand_A5/build/robotiq_driver': AMENT_PREFIX_PATH=/home/student/Git-projects/eye_in_hand_A5/install/serial:${AMENT_PREFIX_PATH} CMAKE_PREFIX_PATH=/home/student/Git-projects/eye_in_hand_A5/install/serial:/home/student/Git-projects/install/robotiq_hardware_tests:/home/student/Git-projects/install/my_robotiq_controller:/home/student/Git-projects/install/robotiq_driver:/home/student/Git-projects/install/serial:/home/student/Git-projects/install/robotiq_description:/home/student/Git-projects/install/robotiq_controllers:/home/student/Git-projects/install/eye_in_hand_pkg:/home/student/Git-projects/install/eye_in_hand_interfaces:/home/student/ros2_industrial_ws/install/transferframes_moveit_config:/home/student/ros2_industrial_ws/install/template_interfaces:/home/student/ros2_industrial_ws/install/ros_industrial_sensors:/home/student/ros2_industrial_ws/install/ros_industrial_actuators:/home/student/ros2_industrial_ws/install/ros_industrial_msgs:/home/student/ros2_industrial_ws/install/ros_industrial_install:/home/student/ros2_industrial_ws/install/range_sensor_cpp:/home/student/ros2_industrial_ws/install/range_sensors_interfaces:/home/student/ros2_industrial_ws/install/pymoveit2:/home/student/ros2_industrial_ws/install/my_moveit_python:/home/student/ros2_industrial_ws/install/manipulation_moveit_config:/home/student/my_ur_ws/install/my_ur_moveit_config:/home/student/my_ur_ws/install/my_ur_description:/home/student/my_ur_ws/install/my_ur_demo_cpp:/home/student/my_ur_ws/install/my_ur:/home/student/microROS_agent_ws/install/micro_ros_agent:/home/student/xarm_ws/install/xarm_planner:/home/student/xarm_ws/install/xarm_moveit_servo:/home/student/xarm_ws/install/xarm_moveit_config:/home/student/xarm_ws/install/xarm_gazebo:/home/student/xarm_ws/install/xarm_controller:/home/student/xarm_ws/install/xarm_api:/home/student/xarm_ws/install/xarm_sdk:/home/student/xarm_ws/install/xarm_msgs:/home/student/xarm_ws/install/xarm_description:/home/student/xarm_ws/install/mbot_demo:/home/student/xarm_ws/install/realsense_gazebo_plugin:/opt/ros/jazzy/opt/gz_sim_vendor:/opt/ros/jazzy/opt/gz_sensors_vendor:/opt/ros/jazzy/opt/gz_physics_vendor:/opt/ros/jazzy/opt/sdformat_vendor:/opt/ros/jazzy/opt/gz_gui_vendor:/opt/ros/jazzy/opt/gz_transport_vendor:/opt/ros/jazzy/opt/gz_rendering_vendor:/opt/ros/jazzy/opt/gz_plugin_vendor:/opt/ros/jazzy/opt/gz_fuel_tools_vendor:/opt/ros/jazzy/opt/gz_msgs_vendor:/opt/ros/jazzy/opt/gz_common_vendor:/opt/ros/jazzy/opt/gz_math_vendor:/opt/ros/jazzy/opt/gz_utils_vendor:/opt/ros/jazzy/opt/gz_tools_vendor:/opt/ros/jazzy/opt/gz_ogre_next_vendor:/opt/ros/jazzy/opt/gz_dartsim_vendor:/opt/ros/jazzy/opt/gz_cmake_vendor:/home/student/Git-projects/install/robotiq_app:/home/student/ros2_industrial_ws/install/urdf_basics:/home/student/ros2_industrial_ws/install/transferframes:/home/student/ros2_industrial_ws/install/template_package_python:/home/student/ros2_industrial_ws/install/ros_industrial_utilities:/home/student/ros2_industrial_ws/install/ros_industrial_support:/home/student/ros2_industrial_ws/install/range_sensor:/home/student/ros2_industrial_ws/install/node_demo:/home/student/ros2_industrial_ws/install/manipulation:/home/student/ros2_industrial_ws/install/fanuc_robots:/home/student/my_ur_ws/install/my_ur_demo:/home/student/my_ur_ws/install/my_ur_bringup:/home/student/xarm_ws/install/uf_ros_lib:/opt/ros/jazzy DEBUGINFOD_URLS=https://debuginfod.ubuntu.com LD_LIBRARY_PATH=/home/student/Git-projects/eye_in_hand_A5/install/serial/lib:${LD_LIBRARY_PATH} /usr/bin/cmake --install /home/student/Git-projects/eye_in_hand_A5/build/robotiq_driver
[26.486s] -- Install configuration: ""
[26.487s] -- Installing: /home/student/Git-projects/eye_in_hand_A5/install/robotiq_driver/share/robotiq_driver/hardware_interface_plugin.xml
[26.487s] -- Installing: /home/student/Git-projects/eye_in_hand_A5/install/robotiq_driver/share/robotiq_driver/environment/library_path.sh
[26.488s] -- Installing: /home/student/Git-projects/eye_in_hand_A5/install/robotiq_driver/share/robotiq_driver/environment/library_path.dsv
[26.488s] -- Installing: /home/student/Git-projects/eye_in_hand_A5/install/robotiq_driver/include
[26.488s] -- Installing: /home/student/Git-projects/eye_in_hand_A5/install/robotiq_driver/include/robotiq_driver
[26.488s] -- Installing: /home/student/Git-projects/eye_in_hand_A5/install/robotiq_driver/include/robotiq_driver/driver_exception.hpp
[26.489s] -- Installing: /home/student/Git-projects/eye_in_hand_A5/install/robotiq_driver/include/robotiq_driver/serial_factory.hpp
[26.489s] -- Installing: /home/student/Git-projects/eye_in_hand_A5/install/robotiq_driver/include/robotiq_driver/default_driver_factory.hpp
[26.489s] -- Installing: /home/student/Git-projects/eye_in_hand_A5/install/robotiq_driver/include/robotiq_driver/default_serial.hpp
[26.490s] -- Installing: /home/student/Git-projects/eye_in_hand_A5/install/robotiq_driver/include/robotiq_driver/default_driver.hpp
[26.490s] -- Installing: /home/student/Git-projects/eye_in_hand_A5/install/robotiq_driver/include/robotiq_driver/serial.hpp
[26.490s] -- Installing: /home/student/Git-projects/eye_in_hand_A5/install/robotiq_driver/include/robotiq_driver/driver.hpp
[26.490s] -- Installing: /home/student/Git-projects/eye_in_hand_A5/install/robotiq_driver/include/robotiq_driver/hardware_interface.hpp
[26.491s] -- Installing: /home/student/Git-projects/eye_in_hand_A5/install/robotiq_driver/include/robotiq_driver/default_serial_factory.hpp
[26.491s] -- Installing: /home/student/Git-projects/eye_in_hand_A5/install/robotiq_driver/include/robotiq_driver/visibility_control.hpp
[26.491s] -- Installing: /home/student/Git-projects/eye_in_hand_A5/install/robotiq_driver/include/robotiq_driver/crc_utils.hpp
[26.491s] -- Installing: /home/student/Git-projects/eye_in_hand_A5/install/robotiq_driver/include/robotiq_driver/fake
[26.492s] -- Installing: /home/student/Git-projects/eye_in_hand_A5/install/robotiq_driver/include/robotiq_driver/fake/fake_driver.hpp
[26.492s] -- Installing: /home/student/Git-projects/eye_in_hand_A5/install/robotiq_driver/include/robotiq_driver/driver_factory.hpp
[26.492s] -- Installing: /home/student/Git-projects/eye_in_hand_A5/install/robotiq_driver/include/robotiq_driver/data_utils.hpp
[26.492s] -- Installing: /home/student/Git-projects/eye_in_hand_A5/install/robotiq_driver/lib/librobotiq_driver.so
[26.493s] -- Set non-toolchain portion of runtime path of "/home/student/Git-projects/eye_in_hand_A5/install/robotiq_driver/lib/librobotiq_driver.so" to ""
[26.493s] -- Installing: /home/student/Git-projects/eye_in_hand_A5/install/robotiq_driver/share/ament_index/resource_index/package_run_dependencies/robotiq_driver
[26.494s] -- Installing: /home/student/Git-projects/eye_in_hand_A5/install/robotiq_driver/share/ament_index/resource_index/parent_prefix_path/robotiq_driver
[26.494s] -- Installing: /home/student/Git-projects/eye_in_hand_A5/install/robotiq_driver/share/robotiq_driver/environment/ament_prefix_path.sh
[26.494s] -- Installing: /home/student/Git-projects/eye_in_hand_A5/install/robotiq_driver/share/robotiq_driver/environment/ament_prefix_path.dsv
[26.495s] -- Installing: /home/student/Git-projects/eye_in_hand_A5/install/robotiq_driver/share/robotiq_driver/environment/path.sh
[26.495s] -- Installing: /home/student/Git-projects/eye_in_hand_A5/install/robotiq_driver/share/robotiq_driver/environment/path.dsv
[26.495s] -- Installing: /home/student/Git-projects/eye_in_hand_A5/install/robotiq_driver/share/robotiq_driver/local_setup.bash
[26.496s] -- Installing: /home/student/Git-projects/eye_in_hand_A5/install/robotiq_driver/share/robotiq_driver/local_setup.sh
[26.496s] -- Installing: /home/student/Git-projects/eye_in_hand_A5/install/robotiq_driver/share/robotiq_driver/local_setup.zsh
[26.497s] -- Installing: /home/student/Git-projects/eye_in_hand_A5/install/robotiq_driver/share/robotiq_driver/local_setup.dsv
[26.497s] -- Installing: /home/student/Git-projects/eye_in_hand_A5/install/robotiq_driver/share/robotiq_driver/package.dsv
[26.497s] -- Installing: /home/student/Git-projects/eye_in_hand_A5/install/robotiq_driver/share/ament_index/resource_index/packages/robotiq_driver
[26.498s] -- Installing: /home/student/Git-projects/eye_in_hand_A5/install/robotiq_driver/share/ament_index/resource_index/hardware_interface__pluginlib__plugin/robotiq_driver
[26.498s] -- Installing: /home/student/Git-projects/eye_in_hand_A5/install/robotiq_driver/share/robotiq_driver/cmake/robotiq_driver_targetsExport.cmake
[26.498s] -- Installing: /home/student/Git-projects/eye_in_hand_A5/install/robotiq_driver/share/robotiq_driver/cmake/robotiq_driver_targetsExport-noconfig.cmake
[26.498s] -- Installing: /home/student/Git-projects/eye_in_hand_A5/install/robotiq_driver/share/robotiq_driver/cmake/ament_cmake_export_targets-extras.cmake
[26.499s] -- Installing: /home/student/Git-projects/eye_in_hand_A5/install/robotiq_driver/share/robotiq_driver/cmake/ament_cmake_export_dependencies-extras.cmake
[26.499s] -- Installing: /home/student/Git-projects/eye_in_hand_A5/install/robotiq_driver/share/robotiq_driver/cmake/ament_cmake_export_include_directories-extras.cmake
[26.499s] -- Installing: /home/student/Git-projects/eye_in_hand_A5/install/robotiq_driver/share/robotiq_driver/cmake/ament_cmake_export_libraries-extras.cmake
[26.500s] -- Installing: /home/student/Git-projects/eye_in_hand_A5/install/robotiq_driver/share/robotiq_driver/cmake/robotiq_driverConfig.cmake
[26.500s] -- Installing: /home/student/Git-projects/eye_in_hand_A5/install/robotiq_driver/share/robotiq_driver/cmake/robotiq_driverConfig-version.cmake
[26.500s] -- Installing: /home/student/Git-projects/eye_in_hand_A5/install/robotiq_driver/share/robotiq_driver/package.xml
[26.504s] Invoked command in '/home/student/Git-projects/eye_in_hand_A5/build/robotiq_driver' returned '0': AMENT_PREFIX_PATH=/home/student/Git-projects/eye_in_hand_A5/install/serial:${AMENT_PREFIX_PATH} CMAKE_PREFIX_PATH=/home/student/Git-projects/eye_in_hand_A5/install/serial:/home/student/Git-projects/install/robotiq_hardware_tests:/home/student/Git-projects/install/my_robotiq_controller:/home/student/Git-projects/install/robotiq_driver:/home/student/Git-projects/install/serial:/home/student/Git-projects/install/robotiq_description:/home/student/Git-projects/install/robotiq_controllers:/home/student/Git-projects/install/eye_in_hand_pkg:/home/student/Git-projects/install/eye_in_hand_interfaces:/home/student/ros2_industrial_ws/install/transferframes_moveit_config:/home/student/ros2_industrial_ws/install/template_interfaces:/home/student/ros2_industrial_ws/install/ros_industrial_sensors:/home/student/ros2_industrial_ws/install/ros_industrial_actuators:/home/student/ros2_industrial_ws/install/ros_industrial_msgs:/home/student/ros2_industrial_ws/install/ros_industrial_install:/home/student/ros2_industrial_ws/install/range_sensor_cpp:/home/student/ros2_industrial_ws/install/range_sensors_interfaces:/home/student/ros2_industrial_ws/install/pymoveit2:/home/student/ros2_industrial_ws/install/my_moveit_python:/home/student/ros2_industrial_ws/install/manipulation_moveit_config:/home/student/my_ur_ws/install/my_ur_moveit_config:/home/student/my_ur_ws/install/my_ur_description:/home/student/my_ur_ws/install/my_ur_demo_cpp:/home/student/my_ur_ws/install/my_ur:/home/student/microROS_agent_ws/install/micro_ros_agent:/home/student/xarm_ws/install/xarm_planner:/home/student/xarm_ws/install/xarm_moveit_servo:/home/student/xarm_ws/install/xarm_moveit_config:/home/student/xarm_ws/install/xarm_gazebo:/home/student/xarm_ws/install/xarm_controller:/home/student/xarm_ws/install/xarm_api:/home/student/xarm_ws/install/xarm_sdk:/home/student/xarm_ws/install/xarm_msgs:/home/student/xarm_ws/install/xarm_description:/home/student/xarm_ws/install/mbot_demo:/home/student/xarm_ws/install/realsense_gazebo_plugin:/opt/ros/jazzy/opt/gz_sim_vendor:/opt/ros/jazzy/opt/gz_sensors_vendor:/opt/ros/jazzy/opt/gz_physics_vendor:/opt/ros/jazzy/opt/sdformat_vendor:/opt/ros/jazzy/opt/gz_gui_vendor:/opt/ros/jazzy/opt/gz_transport_vendor:/opt/ros/jazzy/opt/gz_rendering_vendor:/opt/ros/jazzy/opt/gz_plugin_vendor:/opt/ros/jazzy/opt/gz_fuel_tools_vendor:/opt/ros/jazzy/opt/gz_msgs_vendor:/opt/ros/jazzy/opt/gz_common_vendor:/opt/ros/jazzy/opt/gz_math_vendor:/opt/ros/jazzy/opt/gz_utils_vendor:/opt/ros/jazzy/opt/gz_tools_vendor:/opt/ros/jazzy/opt/gz_ogre_next_vendor:/opt/ros/jazzy/opt/gz_dartsim_vendor:/opt/ros/jazzy/opt/gz_cmake_vendor:/home/student/Git-projects/install/robotiq_app:/home/student/ros2_industrial_ws/install/urdf_basics:/home/student/ros2_industrial_ws/install/transferframes:/home/student/ros2_industrial_ws/install/template_package_python:/home/student/ros2_industrial_ws/install/ros_industrial_utilities:/home/student/ros2_industrial_ws/install/ros_industrial_support:/home/student/ros2_industrial_ws/install/range_sensor:/home/student/ros2_industrial_ws/install/node_demo:/home/student/ros2_industrial_ws/install/manipulation:/home/student/ros2_industrial_ws/install/fanuc_robots:/home/student/my_ur_ws/install/my_ur_demo:/home/student/my_ur_ws/install/my_ur_bringup:/home/student/xarm_ws/install/uf_ros_lib:/opt/ros/jazzy DEBUGINFOD_URLS=https://debuginfod.ubuntu.com LD_LIBRARY_PATH=/home/student/Git-projects/eye_in_hand_A5/install/serial/lib:${LD_LIBRARY_PATH} /usr/bin/cmake --install /home/student/Git-projects/eye_in_hand_A5/build/robotiq_driver
