[0.024s] Invoking command in '/home/student/Git-projects/eye_in_hand_A5/build/robotiq_driver': CMAKE_PREFIX_PATH=/home/student/Git-projects/eye_in_hand_A5/install/serial:/home/student/Git-projects/eye_in_hand_A5/install/robotiq_hardware_tests:/home/student/Git-projects/eye_in_hand_A5/install/my_robotiq_controller:/home/student/Git-projects/eye_in_hand_A5/install/robotiq_driver:/home/student/Git-projects/eye_in_hand_A5/install/robotiq_description:/home/student/Git-projects/eye_in_hand_A5/install/robotiq_controllers:/home/student/Git-projects/eye_in_hand_A5/install/eye_in_hand_pkg:/home/student/Git-projects/eye_in_hand_A5/install/eye_in_hand_interfaces:/home/student/Git-projects/install/robotiq_hardware_tests:/home/student/Git-projects/install/my_robotiq_controller:/home/student/Git-projects/install/robotiq_driver:/home/student/Git-projects/install/serial:/home/student/Git-projects/install/robotiq_description:/home/student/Git-projects/install/robotiq_controllers:/home/student/Git-projects/install/eye_in_hand_pkg:/home/student/Git-projects/install/eye_in_hand_interfaces:/home/student/ros2_industrial_ws/install/transferframes_moveit_config:/home/student/ros2_industrial_ws/install/template_interfaces:/home/student/ros2_industrial_ws/install/ros_industrial_sensors:/home/student/ros2_industrial_ws/install/ros_industrial_actuators:/home/student/ros2_industrial_ws/install/ros_industrial_msgs:/home/student/ros2_industrial_ws/install/ros_industrial_install:/home/student/ros2_industrial_ws/install/range_sensor_cpp:/home/student/ros2_industrial_ws/install/range_sensors_interfaces:/home/student/ros2_industrial_ws/install/pymoveit2:/home/student/ros2_industrial_ws/install/my_moveit_python:/home/student/ros2_industrial_ws/install/manipulation_moveit_config:/home/student/my_ur_ws/install/my_ur_moveit_config:/home/student/my_ur_ws/install/my_ur_description:/home/student/my_ur_ws/install/my_ur_demo_cpp:/home/student/my_ur_ws/install/my_ur:/home/student/microROS_agent_ws/install/micro_ros_agent:/home/student/xarm_ws/install/xarm_planner:/home/student/xarm_ws/install/xarm_moveit_servo:/home/student/xarm_ws/install/xarm_moveit_config:/home/student/xarm_ws/install/xarm_gazebo:/home/student/xarm_ws/install/xarm_controller:/home/student/xarm_ws/install/xarm_api:/home/student/xarm_ws/install/xarm_sdk:/home/student/xarm_ws/install/xarm_msgs:/home/student/xarm_ws/install/xarm_description:/home/student/xarm_ws/install/mbot_demo:/home/student/xarm_ws/install/realsense_gazebo_plugin:/opt/ros/jazzy/opt/gz_sim_vendor:/opt/ros/jazzy/opt/gz_sensors_vendor:/opt/ros/jazzy/opt/gz_physics_vendor:/opt/ros/jazzy/opt/sdformat_vendor:/opt/ros/jazzy/opt/gz_gui_vendor:/opt/ros/jazzy/opt/gz_transport_vendor:/opt/ros/jazzy/opt/gz_rendering_vendor:/opt/ros/jazzy/opt/gz_plugin_vendor:/opt/ros/jazzy/opt/gz_fuel_tools_vendor:/opt/ros/jazzy/opt/gz_msgs_vendor:/opt/ros/jazzy/opt/gz_common_vendor:/opt/ros/jazzy/opt/gz_math_vendor:/opt/ros/jazzy/opt/gz_utils_vendor:/opt/ros/jazzy/opt/gz_tools_vendor:/opt/ros/jazzy/opt/gz_ogre_next_vendor:/opt/ros/jazzy/opt/gz_dartsim_vendor:/opt/ros/jazzy/opt/gz_cmake_vendor:/home/student/Git-projects/eye_in_hand_A5/install/robotiq_app:/home/student/Git-projects/install/robotiq_app:/home/student/ros2_industrial_ws/install/urdf_basics:/home/student/ros2_industrial_ws/install/transferframes:/home/student/ros2_industrial_ws/install/template_package_python:/home/student/ros2_industrial_ws/install/ros_industrial_utilities:/home/student/ros2_industrial_ws/install/ros_industrial_support:/home/student/ros2_industrial_ws/install/range_sensor:/home/student/ros2_industrial_ws/install/node_demo:/home/student/ros2_industrial_ws/install/manipulation:/home/student/ros2_industrial_ws/install/fanuc_robots:/home/student/my_ur_ws/install/my_ur_demo:/home/student/my_ur_ws/install/my_ur_bringup:/home/student/xarm_ws/install/uf_ros_lib:/opt/ros/jazzy DEBUGINFOD_URLS=https://debuginfod.ubuntu.com /usr/bin/cmake /home/student/Git-projects/eye_in_hand_A5/src/ros2_robotiq_gripper/robotiq_driver -DAMENT_CMAKE_SYMLINK_INSTALL=1 -DCMAKE_INSTALL_PREFIX=/home/student/Git-projects/eye_in_hand_A5/install/robotiq_driver
[0.057s] -- Found ament_cmake: 2.5.6 (/opt/ros/jazzy/share/ament_cmake/cmake)
[0.556s] -- Override CMake install command with custom implementation using symlinks instead of copying resources
[0.572s] -- Found hardware_interface: 4.44.0 (/opt/ros/jazzy/share/hardware_interface/cmake)
[0.665s] -- Found rosidl_generator_c: 4.6.7 (/opt/ros/jazzy/share/rosidl_generator_c/cmake)
[0.684s] -- Found rosidl_generator_cpp: 4.6.7 (/opt/ros/jazzy/share/rosidl_generator_cpp/cmake)
[0.710s] -- Using all available rosidl_typesupport_c: rosidl_typesupport_fastrtps_c;rosidl_typesupport_introspection_c
[0.744s] -- Using all available rosidl_typesupport_cpp: rosidl_typesupport_fastrtps_cpp;rosidl_typesupport_introspection_cpp
[1.047s] -- Found TinyXML2 via Config file: /usr/lib/x86_64-linux-gnu/cmake/tinyxml2
[1.094s] -- Found rmw_implementation_cmake: 7.3.3 (/opt/ros/jazzy/share/rmw_implementation_cmake/cmake)
[1.101s] -- Found rmw_fastrtps_cpp: 8.4.3 (/opt/ros/jazzy/share/rmw_fastrtps_cpp/cmake)
[1.138s] -- Found TinyXML2 via Config file: /usr/lib/x86_64-linux-gnu/cmake/tinyxml2
[1.152s] -- Found TinyXML2 via Config file: /usr/lib/x86_64-linux-gnu/cmake/tinyxml2
[1.181s] -- Found TinyXML2 via Config file: /usr/lib/x86_64-linux-gnu/cmake/tinyxml2
[1.195s] -- Found TinyXML2 via Config file: /usr/lib/x86_64-linux-gnu/cmake/tinyxml2
[1.218s] -- Using RMW implementation 'rmw_fastrtps_cpp' as default
[1.415s] -- Found serial: 1.2.1 (/home/student/Git-projects/eye_in_hand_A5/install/serial/share/serial/cmake)
[1.436s] -- Found ament_cmake_gtest: 2.5.6 (/opt/ros/jazzy/share/ament_cmake_gtest/cmake)
[1.437s] -- Found ament_cmake_gmock: 2.5.6 (/opt/ros/jazzy/share/ament_cmake_gmock/cmake)
[1.438s] -- Found ament_lint_auto: 0.17.5 (/opt/ros/jazzy/share/ament_lint_auto/cmake)
[1.648s] -- Found gmock sources under '/opt/ros/jazzy/src/gmock_vendor': C++ tests using 'Google Mock' will be built
[1.656s] -- Found gtest sources under '/opt/ros/jazzy/src/gtest_vendor': C++ tests using 'Google Test' will be built
[1.827s] -- Configuring done (1.8s)
[2.072s] -- Generating done (0.2s)
[2.120s] -- Build files have been written to: /home/student/Git-projects/eye_in_hand_A5/build/robotiq_driver
