[0.080s] DEBUG:colcon:Command line arguments: ['/usr/bin/colcon', 'build']
[0.080s] DEBUG:colcon:Parsed command line arguments: Namespace(log_base=None, log_level=None, verb_name='build', build_base='build', install_base='install', merge_install=False, symlink_install=False, test_result_base=None, continue_on_error=False, executor='parallel', parallel_workers=8, event_handlers=None, ignore_user_meta=False, metas=['./colcon.meta'], base_paths=['.'], packages_ignore=None, packages_ignore_regex=None, paths=None, packages_up_to=None, packages_up_to_regex=None, packages_above=None, packages_above_and_dependencies=None, packages_above_depth=None, packages_select_by_dep=None, packages_skip_by_dep=None, packages_skip_up_to=None, packages_select_build_failed=False, packages_skip_build_finished=False, packages_select_test_failures=False, packages_skip_test_passed=False, packages_select=None, packages_skip=None, packages_select_regex=None, packages_skip_regex=None, packages_start=None, packages_end=None, allow_overriding=[], cmake_args=None, cmake_target=None, cmake_target_skip_unavailable=False, cmake_clean_cache=False, cmake_clean_first=False, cmake_force_configure=False, ament_cmake_args=None, catkin_cmake_args=None, catkin_skip_building_tests=False, mixin_files=None, mixin=None, verb_parser=<colcon_mixin.mixin.mixin_argument.MixinArgumentDecorator object at 0x7495a4aad0a0>, verb_extension=<colcon_core.verb.build.BuildVerb object at 0x7495a4a2ed20>, main=<bound method BuildVerb.main of <colcon_core.verb.build.BuildVerb object at 0x7495a4a2ed20>>, mixin_verb=('build',))
[0.107s] Level 1:colcon.colcon_core.package_discovery:discover_packages(colcon_meta) check parameters
[0.107s] Level 1:colcon.colcon_core.package_discovery:discover_packages(recursive) check parameters
[0.107s] Level 1:colcon.colcon_core.package_discovery:discover_packages(ignore) check parameters
[0.107s] Level 1:colcon.colcon_core.package_discovery:discover_packages(path) check parameters
[0.108s] Level 1:colcon.colcon_core.package_discovery:discover_packages(colcon_meta) discover
[0.108s] Level 1:colcon.colcon_core.package_discovery:discover_packages(recursive) discover
[0.108s] INFO:colcon.colcon_core.package_discovery:Crawling recursively for packages in '/home/student/Git-projects/eye_in_hand_A5'
[0.108s] Level 1:colcon.colcon_core.package_identification:_identify(.) by extensions ['ignore', 'ignore_ament_install']
[0.108s] Level 1:colcon.colcon_core.package_identification:_identify(.) by extension 'ignore'
[0.108s] Level 1:colcon.colcon_core.package_identification:_identify(.) by extension 'ignore_ament_install'
[0.108s] Level 1:colcon.colcon_core.package_identification:_identify(.) by extensions ['colcon_pkg']
[0.108s] Level 1:colcon.colcon_core.package_identification:_identify(.) by extension 'colcon_pkg'
[0.108s] Level 1:colcon.colcon_core.package_identification:_identify(.) by extensions ['colcon_meta']
[0.108s] Level 1:colcon.colcon_core.package_identification:_identify(.) by extension 'colcon_meta'
[0.108s] Level 1:colcon.colcon_core.package_identification:_identify(.) by extensions ['ros']
[0.108s] Level 1:colcon.colcon_core.package_identification:_identify(.) by extension 'ros'
[0.127s] Level 1:colcon.colcon_core.package_identification:_identify(.) by extensions ['cmake', 'python']
[0.127s] Level 1:colcon.colcon_core.package_identification:_identify(.) by extension 'cmake'
[0.127s] Level 1:colcon.colcon_core.package_identification:_identify(.) by extension 'python'
[0.127s] Level 1:colcon.colcon_core.package_identification:_identify(.) by extensions ['python_setup_py']
[0.127s] Level 1:colcon.colcon_core.package_identification:_identify(.) by extension 'python_setup_py'
[0.127s] Level 1:colcon.colcon_core.package_identification:_identify(build) by extensions ['ignore', 'ignore_ament_install']
[0.127s] Level 1:colcon.colcon_core.package_identification:_identify(build) by extension 'ignore'
[0.127s] Level 1:colcon.colcon_core.package_identification:_identify(build) ignored
[0.127s] Level 1:colcon.colcon_core.package_identification:_identify(eye_in_hand_pkg) by extensions ['ignore', 'ignore_ament_install']
[0.127s] Level 1:colcon.colcon_core.package_identification:_identify(eye_in_hand_pkg) by extension 'ignore'
[0.127s] Level 1:colcon.colcon_core.package_identification:_identify(eye_in_hand_pkg) by extension 'ignore_ament_install'
[0.127s] Level 1:colcon.colcon_core.package_identification:_identify(eye_in_hand_pkg) by extensions ['colcon_pkg']
[0.128s] Level 1:colcon.colcon_core.package_identification:_identify(eye_in_hand_pkg) by extension 'colcon_pkg'
[0.128s] Level 1:colcon.colcon_core.package_identification:_identify(eye_in_hand_pkg) by extensions ['colcon_meta']
[0.128s] Level 1:colcon.colcon_core.package_identification:_identify(eye_in_hand_pkg) by extension 'colcon_meta'
[0.128s] Level 1:colcon.colcon_core.package_identification:_identify(eye_in_hand_pkg) by extensions ['ros']
[0.128s] Level 1:colcon.colcon_core.package_identification:_identify(eye_in_hand_pkg) by extension 'ros'
[0.130s] DEBUG:colcon.colcon_core.package_identification:Package 'eye_in_hand_pkg' with type 'ros.ament_cmake' and name 'eye_in_hand_pkg'
[0.130s] Level 1:colcon.colcon_core.package_identification:_identify(install) by extensions ['ignore', 'ignore_ament_install']
[0.130s] Level 1:colcon.colcon_core.package_identification:_identify(install) by extension 'ignore'
[0.130s] Level 1:colcon.colcon_core.package_identification:_identify(install) ignored
[0.130s] Level 1:colcon.colcon_core.package_identification:_identify(log) by extensions ['ignore', 'ignore_ament_install']
[0.130s] Level 1:colcon.colcon_core.package_identification:_identify(log) by extension 'ignore'
[0.130s] Level 1:colcon.colcon_core.package_identification:_identify(log) ignored
[0.130s] Level 1:colcon.colcon_core.package_identification:_identify(src) by extensions ['ignore', 'ignore_ament_install']
[0.130s] Level 1:colcon.colcon_core.package_identification:_identify(src) by extension 'ignore'
[0.130s] Level 1:colcon.colcon_core.package_identification:_identify(src) by extension 'ignore_ament_install'
[0.130s] Level 1:colcon.colcon_core.package_identification:_identify(src) by extensions ['colcon_pkg']
[0.130s] Level 1:colcon.colcon_core.package_identification:_identify(src) by extension 'colcon_pkg'
[0.130s] Level 1:colcon.colcon_core.package_identification:_identify(src) by extensions ['colcon_meta']
[0.130s] Level 1:colcon.colcon_core.package_identification:_identify(src) by extension 'colcon_meta'
[0.130s] Level 1:colcon.colcon_core.package_identification:_identify(src) by extensions ['ros']
[0.130s] Level 1:colcon.colcon_core.package_identification:_identify(src) by extension 'ros'
[0.130s] Level 1:colcon.colcon_core.package_identification:_identify(src) by extensions ['cmake', 'python']
[0.130s] Level 1:colcon.colcon_core.package_identification:_identify(src) by extension 'cmake'
[0.130s] Level 1:colcon.colcon_core.package_identification:_identify(src) by extension 'python'
[0.131s] Level 1:colcon.colcon_core.package_identification:_identify(src) by extensions ['python_setup_py']
[0.131s] Level 1:colcon.colcon_core.package_identification:_identify(src) by extension 'python_setup_py'
[0.131s] Level 1:colcon.colcon_core.package_identification:_identify(src/eye_in_hand_interfaces) by extensions ['ignore', 'ignore_ament_install']
[0.131s] Level 1:colcon.colcon_core.package_identification:_identify(src/eye_in_hand_interfaces) by extension 'ignore'
[0.131s] Level 1:colcon.colcon_core.package_identification:_identify(src/eye_in_hand_interfaces) by extension 'ignore_ament_install'
[0.131s] Level 1:colcon.colcon_core.package_identification:_identify(src/eye_in_hand_interfaces) by extensions ['colcon_pkg']
[0.131s] Level 1:colcon.colcon_core.package_identification:_identify(src/eye_in_hand_interfaces) by extension 'colcon_pkg'
[0.131s] Level 1:colcon.colcon_core.package_identification:_identify(src/eye_in_hand_interfaces) by extensions ['colcon_meta']
[0.131s] Level 1:colcon.colcon_core.package_identification:_identify(src/eye_in_hand_interfaces) by extension 'colcon_meta'
[0.131s] Level 1:colcon.colcon_core.package_identification:_identify(src/eye_in_hand_interfaces) by extensions ['ros']
[0.131s] Level 1:colcon.colcon_core.package_identification:_identify(src/eye_in_hand_interfaces) by extension 'ros'
[0.131s] DEBUG:colcon.colcon_core.package_identification:Package 'src/eye_in_hand_interfaces' with type 'ros.ament_cmake' and name 'eye_in_hand_interfaces'
[0.131s] Level 1:colcon.colcon_core.package_discovery:discover_packages(recursive) using defaults
[0.131s] Level 1:colcon.colcon_core.package_discovery:discover_packages(ignore) discover
[0.131s] Level 1:colcon.colcon_core.package_discovery:discover_packages(ignore) using defaults
[0.131s] Level 1:colcon.colcon_core.package_discovery:discover_packages(path) discover
[0.131s] Level 1:colcon.colcon_core.package_discovery:discover_packages(path) using defaults
[0.144s] Level 1:colcon.colcon_core.package_discovery:discover_packages(prefix_path) check parameters
[0.145s] Level 1:colcon.colcon_core.package_discovery:discover_packages(prefix_path) discover
[0.146s] DEBUG:colcon.colcon_installed_package_information.package_discovery:Found 13 installed packages in /home/student/my_ur_ws/install
[0.148s] DEBUG:colcon.colcon_installed_package_information.package_discovery:Found 419 installed packages in /opt/ros/jazzy
[0.149s] Level 1:colcon.colcon_core.package_discovery:discover_packages(prefix_path) using defaults
[0.189s] Level 5:colcon.colcon_core.verb:set package 'eye_in_hand_interfaces' build argument 'cmake_args' from command line to 'None'
[0.189s] Level 5:colcon.colcon_core.verb:set package 'eye_in_hand_interfaces' build argument 'cmake_target' from command line to 'None'
[0.189s] Level 5:colcon.colcon_core.verb:set package 'eye_in_hand_interfaces' build argument 'cmake_target_skip_unavailable' from command line to 'False'
[0.189s] Level 5:colcon.colcon_core.verb:set package 'eye_in_hand_interfaces' build argument 'cmake_clean_cache' from command line to 'False'
[0.189s] Level 5:colcon.colcon_core.verb:set package 'eye_in_hand_interfaces' build argument 'cmake_clean_first' from command line to 'False'
[0.189s] Level 5:colcon.colcon_core.verb:set package 'eye_in_hand_interfaces' build argument 'cmake_force_configure' from command line to 'False'
[0.189s] Level 5:colcon.colcon_core.verb:set package 'eye_in_hand_interfaces' build argument 'ament_cmake_args' from command line to 'None'
[0.189s] Level 5:colcon.colcon_core.verb:set package 'eye_in_hand_interfaces' build argument 'catkin_cmake_args' from command line to 'None'
[0.189s] Level 5:colcon.colcon_core.verb:set package 'eye_in_hand_interfaces' build argument 'catkin_skip_building_tests' from command line to 'False'
[0.189s] DEBUG:colcon.colcon_core.verb:Building package 'eye_in_hand_interfaces' with the following arguments: {'ament_cmake_args': None, 'build_base': '/home/student/Git-projects/eye_in_hand_A5/build/eye_in_hand_interfaces', 'catkin_cmake_args': None, 'catkin_skip_building_tests': False, 'cmake_args': None, 'cmake_clean_cache': False, 'cmake_clean_first': False, 'cmake_force_configure': False, 'cmake_target': None, 'cmake_target_skip_unavailable': False, 'install_base': '/home/student/Git-projects/eye_in_hand_A5/install/eye_in_hand_interfaces', 'merge_install': False, 'path': '/home/student/Git-projects/eye_in_hand_A5/src/eye_in_hand_interfaces', 'symlink_install': False, 'test_result_base': None}
[0.189s] Level 5:colcon.colcon_core.verb:set package 'eye_in_hand_pkg' build argument 'cmake_args' from command line to 'None'
[0.189s] Level 5:colcon.colcon_core.verb:set package 'eye_in_hand_pkg' build argument 'cmake_target' from command line to 'None'
[0.189s] Level 5:colcon.colcon_core.verb:set package 'eye_in_hand_pkg' build argument 'cmake_target_skip_unavailable' from command line to 'False'
[0.189s] Level 5:colcon.colcon_core.verb:set package 'eye_in_hand_pkg' build argument 'cmake_clean_cache' from command line to 'False'
[0.189s] Level 5:colcon.colcon_core.verb:set package 'eye_in_hand_pkg' build argument 'cmake_clean_first' from command line to 'False'
[0.189s] Level 5:colcon.colcon_core.verb:set package 'eye_in_hand_pkg' build argument 'cmake_force_configure' from command line to 'False'
[0.189s] Level 5:colcon.colcon_core.verb:set package 'eye_in_hand_pkg' build argument 'ament_cmake_args' from command line to 'None'
[0.189s] Level 5:colcon.colcon_core.verb:set package 'eye_in_hand_pkg' build argument 'catkin_cmake_args' from command line to 'None'
[0.189s] Level 5:colcon.colcon_core.verb:set package 'eye_in_hand_pkg' build argument 'catkin_skip_building_tests' from command line to 'False'
[0.189s] DEBUG:colcon.colcon_core.verb:Building package 'eye_in_hand_pkg' with the following arguments: {'ament_cmake_args': None, 'build_base': '/home/student/Git-projects/eye_in_hand_A5/build/eye_in_hand_pkg', 'catkin_cmake_args': None, 'catkin_skip_building_tests': False, 'cmake_args': None, 'cmake_clean_cache': False, 'cmake_clean_first': False, 'cmake_force_configure': False, 'cmake_target': None, 'cmake_target_skip_unavailable': False, 'install_base': '/home/student/Git-projects/eye_in_hand_A5/install/eye_in_hand_pkg', 'merge_install': False, 'path': '/home/student/Git-projects/eye_in_hand_A5/eye_in_hand_pkg', 'symlink_install': False, 'test_result_base': None}
[0.189s] INFO:colcon.colcon_core.executor:Executing jobs using 'parallel' executor
[0.190s] DEBUG:colcon.colcon_parallel_executor.executor.parallel:run_until_complete
[0.190s] INFO:colcon.colcon_ros.task.ament_cmake.build:Building ROS package in '/home/student/Git-projects/eye_in_hand_A5/src/eye_in_hand_interfaces' with build type 'ament_cmake'
[0.190s] INFO:colcon.colcon_cmake.task.cmake.build:Building CMake package in '/home/student/Git-projects/eye_in_hand_A5/src/eye_in_hand_interfaces'
[0.192s] INFO:colcon.colcon_core.plugin_system:Skipping extension 'colcon_core.shell.bat': Not used on non-Windows systems
[0.192s] INFO:colcon.colcon_core.shell:Skip shell extension 'powershell' for command environment: Not usable outside of PowerShell
[0.192s] DEBUG:colcon.colcon_core.shell:Skip shell extension 'dsv' for command environment
[0.200s] DEBUG:colcon.colcon_core.event_handler.log_command:Invoking command in '/home/student/Git-projects/eye_in_hand_A5/build/eye_in_hand_interfaces': CMAKE_PREFIX_PATH=${CMAKE_PREFIX_PATH}:/home/student/my_ur_ws/install/robotiq_app:/home/student/my_ur_ws/install/my_ur_demo:/home/student/my_ur_ws/install/my_ur_bringup:/opt/ros/jazzy DEBUGINFOD_URLS=https://debuginfod.ubuntu.com /usr/bin/cmake --build /home/student/Git-projects/eye_in_hand_A5/build/eye_in_hand_interfaces -- -j8 -l8
[0.552s] DEBUG:colcon.colcon_core.event_handler.log_command:Invoked command in '/home/student/Git-projects/eye_in_hand_A5/build/eye_in_hand_interfaces' returned '0': CMAKE_PREFIX_PATH=${CMAKE_PREFIX_PATH}:/home/student/my_ur_ws/install/robotiq_app:/home/student/my_ur_ws/install/my_ur_demo:/home/student/my_ur_ws/install/my_ur_bringup:/opt/ros/jazzy DEBUGINFOD_URLS=https://debuginfod.ubuntu.com /usr/bin/cmake --build /home/student/Git-projects/eye_in_hand_A5/build/eye_in_hand_interfaces -- -j8 -l8
[0.560s] DEBUG:colcon.colcon_core.event_handler.log_command:Invoking command in '/home/student/Git-projects/eye_in_hand_A5/build/eye_in_hand_interfaces': CMAKE_PREFIX_PATH=${CMAKE_PREFIX_PATH}:/home/student/my_ur_ws/install/robotiq_app:/home/student/my_ur_ws/install/my_ur_demo:/home/student/my_ur_ws/install/my_ur_bringup:/opt/ros/jazzy DEBUGINFOD_URLS=https://debuginfod.ubuntu.com /usr/bin/cmake --install /home/student/Git-projects/eye_in_hand_A5/build/eye_in_hand_interfaces
[0.609s] Level 1:colcon.colcon_core.environment:create_environment_scripts_only(eye_in_hand_interfaces)
[0.609s] DEBUG:colcon.colcon_core.event_handler.log_command:Invoked command in '/home/student/Git-projects/eye_in_hand_A5/build/eye_in_hand_interfaces' returned '0': CMAKE_PREFIX_PATH=${CMAKE_PREFIX_PATH}:/home/student/my_ur_ws/install/robotiq_app:/home/student/my_ur_ws/install/my_ur_demo:/home/student/my_ur_ws/install/my_ur_bringup:/opt/ros/jazzy DEBUGINFOD_URLS=https://debuginfod.ubuntu.com /usr/bin/cmake --install /home/student/Git-projects/eye_in_hand_A5/build/eye_in_hand_interfaces
[0.611s] Level 1:colcon.colcon_core.environment:checking '/home/student/Git-projects/eye_in_hand_A5/install/eye_in_hand_interfaces' for CMake module files
[0.611s] Level 1:colcon.colcon_core.environment:checking '/home/student/Git-projects/eye_in_hand_A5/install/eye_in_hand_interfaces' for CMake config files
[0.611s] Level 1:colcon.colcon_core.shell:create_environment_hook('eye_in_hand_interfaces', 'cmake_prefix_path')
[0.611s] INFO:colcon.colcon_core.shell:Creating environment hook '/home/student/Git-projects/eye_in_hand_A5/install/eye_in_hand_interfaces/share/eye_in_hand_interfaces/hook/cmake_prefix_path.ps1'
[0.612s] INFO:colcon.colcon_core.shell:Creating environment descriptor '/home/student/Git-projects/eye_in_hand_A5/install/eye_in_hand_interfaces/share/eye_in_hand_interfaces/hook/cmake_prefix_path.dsv'
[0.612s] INFO:colcon.colcon_core.shell:Creating environment hook '/home/student/Git-projects/eye_in_hand_A5/install/eye_in_hand_interfaces/share/eye_in_hand_interfaces/hook/cmake_prefix_path.sh'
[0.613s] Level 1:colcon.colcon_core.environment:checking '/home/student/Git-projects/eye_in_hand_A5/install/eye_in_hand_interfaces/lib'
[0.613s] Level 1:colcon.colcon_core.shell:create_environment_hook('eye_in_hand_interfaces', 'ld_library_path_lib')
[0.613s] INFO:colcon.colcon_core.shell:Creating environment hook '/home/student/Git-projects/eye_in_hand_A5/install/eye_in_hand_interfaces/share/eye_in_hand_interfaces/hook/ld_library_path_lib.ps1'
[0.613s] INFO:colcon.colcon_core.shell:Creating environment descriptor '/home/student/Git-projects/eye_in_hand_A5/install/eye_in_hand_interfaces/share/eye_in_hand_interfaces/hook/ld_library_path_lib.dsv'
[0.614s] INFO:colcon.colcon_core.shell:Creating environment hook '/home/student/Git-projects/eye_in_hand_A5/install/eye_in_hand_interfaces/share/eye_in_hand_interfaces/hook/ld_library_path_lib.sh'
[0.614s] Level 1:colcon.colcon_core.environment:checking '/home/student/Git-projects/eye_in_hand_A5/install/eye_in_hand_interfaces/bin'
[0.614s] Level 1:colcon.colcon_core.environment:checking '/home/student/Git-projects/eye_in_hand_A5/install/eye_in_hand_interfaces/lib/pkgconfig/eye_in_hand_interfaces.pc'
[0.614s] Level 1:colcon.colcon_core.environment:checking '/home/student/Git-projects/eye_in_hand_A5/install/eye_in_hand_interfaces/lib/python3.12/site-packages'
[0.614s] Level 1:colcon.colcon_core.shell:create_environment_hook('eye_in_hand_interfaces', 'pythonpath')
[0.614s] INFO:colcon.colcon_core.shell:Creating environment hook '/home/student/Git-projects/eye_in_hand_A5/install/eye_in_hand_interfaces/share/eye_in_hand_interfaces/hook/pythonpath.ps1'
[0.615s] INFO:colcon.colcon_core.shell:Creating environment descriptor '/home/student/Git-projects/eye_in_hand_A5/install/eye_in_hand_interfaces/share/eye_in_hand_interfaces/hook/pythonpath.dsv'
[0.615s] INFO:colcon.colcon_core.shell:Creating environment hook '/home/student/Git-projects/eye_in_hand_A5/install/eye_in_hand_interfaces/share/eye_in_hand_interfaces/hook/pythonpath.sh'
[0.615s] Level 1:colcon.colcon_core.environment:checking '/home/student/Git-projects/eye_in_hand_A5/install/eye_in_hand_interfaces/bin'
[0.615s] INFO:colcon.colcon_core.shell:Creating package script '/home/student/Git-projects/eye_in_hand_A5/install/eye_in_hand_interfaces/share/eye_in_hand_interfaces/package.ps1'
[0.616s] INFO:colcon.colcon_core.shell:Creating package descriptor '/home/student/Git-projects/eye_in_hand_A5/install/eye_in_hand_interfaces/share/eye_in_hand_interfaces/package.dsv'
[0.616s] INFO:colcon.colcon_core.shell:Creating package script '/home/student/Git-projects/eye_in_hand_A5/install/eye_in_hand_interfaces/share/eye_in_hand_interfaces/package.sh'
[0.617s] INFO:colcon.colcon_core.shell:Creating package script '/home/student/Git-projects/eye_in_hand_A5/install/eye_in_hand_interfaces/share/eye_in_hand_interfaces/package.bash'
[0.617s] INFO:colcon.colcon_core.shell:Creating package script '/home/student/Git-projects/eye_in_hand_A5/install/eye_in_hand_interfaces/share/eye_in_hand_interfaces/package.zsh'
[0.618s] Level 1:colcon.colcon_core.environment:create_file_with_runtime_dependencies(/home/student/Git-projects/eye_in_hand_A5/install/eye_in_hand_interfaces/share/colcon-core/packages/eye_in_hand_interfaces)
[0.618s] Level 1:colcon.colcon_core.environment:create_environment_scripts_only(eye_in_hand_interfaces)
[0.618s] Level 1:colcon.colcon_core.environment:checking '/home/student/Git-projects/eye_in_hand_A5/install/eye_in_hand_interfaces' for CMake module files
[0.619s] Level 1:colcon.colcon_core.environment:checking '/home/student/Git-projects/eye_in_hand_A5/install/eye_in_hand_interfaces' for CMake config files
[0.619s] Level 1:colcon.colcon_core.shell:create_environment_hook('eye_in_hand_interfaces', 'cmake_prefix_path')
[0.619s] INFO:colcon.colcon_core.shell:Creating environment hook '/home/student/Git-projects/eye_in_hand_A5/install/eye_in_hand_interfaces/share/eye_in_hand_interfaces/hook/cmake_prefix_path.ps1'
[0.619s] INFO:colcon.colcon_core.shell:Creating environment descriptor '/home/student/Git-projects/eye_in_hand_A5/install/eye_in_hand_interfaces/share/eye_in_hand_interfaces/hook/cmake_prefix_path.dsv'
[0.620s] INFO:colcon.colcon_core.shell:Creating environment hook '/home/student/Git-projects/eye_in_hand_A5/install/eye_in_hand_interfaces/share/eye_in_hand_interfaces/hook/cmake_prefix_path.sh'
[0.620s] Level 1:colcon.colcon_core.environment:checking '/home/student/Git-projects/eye_in_hand_A5/install/eye_in_hand_interfaces/lib'
[0.620s] Level 1:colcon.colcon_core.shell:create_environment_hook('eye_in_hand_interfaces', 'ld_library_path_lib')
[0.620s] INFO:colcon.colcon_core.shell:Creating environment hook '/home/student/Git-projects/eye_in_hand_A5/install/eye_in_hand_interfaces/share/eye_in_hand_interfaces/hook/ld_library_path_lib.ps1'
[0.620s] INFO:colcon.colcon_core.shell:Creating environment descriptor '/home/student/Git-projects/eye_in_hand_A5/install/eye_in_hand_interfaces/share/eye_in_hand_interfaces/hook/ld_library_path_lib.dsv'
[0.621s] INFO:colcon.colcon_core.shell:Creating environment hook '/home/student/Git-projects/eye_in_hand_A5/install/eye_in_hand_interfaces/share/eye_in_hand_interfaces/hook/ld_library_path_lib.sh'
[0.621s] Level 1:colcon.colcon_core.environment:checking '/home/student/Git-projects/eye_in_hand_A5/install/eye_in_hand_interfaces/bin'
[0.621s] Level 1:colcon.colcon_core.environment:checking '/home/student/Git-projects/eye_in_hand_A5/install/eye_in_hand_interfaces/lib/pkgconfig/eye_in_hand_interfaces.pc'
[0.621s] Level 1:colcon.colcon_core.environment:checking '/home/student/Git-projects/eye_in_hand_A5/install/eye_in_hand_interfaces/lib/python3.12/site-packages'
[0.621s] Level 1:colcon.colcon_core.shell:create_environment_hook('eye_in_hand_interfaces', 'pythonpath')
[0.621s] INFO:colcon.colcon_core.shell:Creating environment hook '/home/student/Git-projects/eye_in_hand_A5/install/eye_in_hand_interfaces/share/eye_in_hand_interfaces/hook/pythonpath.ps1'
[0.621s] INFO:colcon.colcon_core.shell:Creating environment descriptor '/home/student/Git-projects/eye_in_hand_A5/install/eye_in_hand_interfaces/share/eye_in_hand_interfaces/hook/pythonpath.dsv'
[0.622s] INFO:colcon.colcon_core.shell:Creating environment hook '/home/student/Git-projects/eye_in_hand_A5/install/eye_in_hand_interfaces/share/eye_in_hand_interfaces/hook/pythonpath.sh'
[0.622s] Level 1:colcon.colcon_core.environment:checking '/home/student/Git-projects/eye_in_hand_A5/install/eye_in_hand_interfaces/bin'
[0.622s] INFO:colcon.colcon_core.shell:Creating package script '/home/student/Git-projects/eye_in_hand_A5/install/eye_in_hand_interfaces/share/eye_in_hand_interfaces/package.ps1'
[0.623s] INFO:colcon.colcon_core.shell:Creating package descriptor '/home/student/Git-projects/eye_in_hand_A5/install/eye_in_hand_interfaces/share/eye_in_hand_interfaces/package.dsv'
[0.623s] INFO:colcon.colcon_core.shell:Creating package script '/home/student/Git-projects/eye_in_hand_A5/install/eye_in_hand_interfaces/share/eye_in_hand_interfaces/package.sh'
[0.623s] INFO:colcon.colcon_core.shell:Creating package script '/home/student/Git-projects/eye_in_hand_A5/install/eye_in_hand_interfaces/share/eye_in_hand_interfaces/package.bash'
[0.624s] INFO:colcon.colcon_core.shell:Creating package script '/home/student/Git-projects/eye_in_hand_A5/install/eye_in_hand_interfaces/share/eye_in_hand_interfaces/package.zsh'
[0.624s] Level 1:colcon.colcon_core.environment:create_file_with_runtime_dependencies(/home/student/Git-projects/eye_in_hand_A5/install/eye_in_hand_interfaces/share/colcon-core/packages/eye_in_hand_interfaces)
[0.624s] INFO:colcon.colcon_ros.task.ament_cmake.build:Building ROS package in '/home/student/Git-projects/eye_in_hand_A5/eye_in_hand_pkg' with build type 'ament_cmake'
[0.624s] INFO:colcon.colcon_cmake.task.cmake.build:Building CMake package in '/home/student/Git-projects/eye_in_hand_A5/eye_in_hand_pkg'
[0.624s] INFO:colcon.colcon_core.shell:Skip shell extension 'powershell' for command environment: Not usable outside of PowerShell
[0.624s] DEBUG:colcon.colcon_core.shell:Skip shell extension 'dsv' for command environment
[0.633s] DEBUG:colcon.colcon_core.event_handler.log_command:Invoking command in '/home/student/Git-projects/eye_in_hand_A5/build/eye_in_hand_pkg': AMENT_PREFIX_PATH=/home/student/Git-projects/eye_in_hand_A5/install/eye_in_hand_interfaces:${AMENT_PREFIX_PATH} CMAKE_PREFIX_PATH=/home/student/Git-projects/eye_in_hand_A5/install/eye_in_hand_interfaces:/home/student/my_ur_ws/install/robotiq_hardware_tests:/home/student/my_ur_ws/install/my_robotiq_controller:/home/student/my_ur_ws/install/robotiq_driver:/home/student/my_ur_ws/install/serial:/home/student/my_ur_ws/install/robotiq_description:/home/student/my_ur_ws/install/robotiq_controllers:/home/student/my_ur_ws/install/my_ur_moveit_config:/home/student/my_ur_ws/install/my_ur_description:/home/student/my_ur_ws/install/my_ur_demo_cpp:/home/student/my_ur_ws/install/my_ur:/opt/ros/jazzy/opt/gz_sim_vendor:/opt/ros/jazzy/opt/gz_sensors_vendor:/opt/ros/jazzy/opt/gz_physics_vendor:/opt/ros/jazzy/opt/sdformat_vendor:/opt/ros/jazzy/opt/gz_gui_vendor:/opt/ros/jazzy/opt/gz_transport_vendor:/opt/ros/jazzy/opt/gz_rendering_vendor:/opt/ros/jazzy/opt/gz_plugin_vendor:/opt/ros/jazzy/opt/gz_fuel_tools_vendor:/opt/ros/jazzy/opt/gz_msgs_vendor:/opt/ros/jazzy/opt/gz_common_vendor:/opt/ros/jazzy/opt/gz_math_vendor:/opt/ros/jazzy/opt/gz_utils_vendor:/opt/ros/jazzy/opt/gz_tools_vendor:/opt/ros/jazzy/opt/gz_ogre_next_vendor:/opt/ros/jazzy/opt/gz_dartsim_vendor:/opt/ros/jazzy/opt/gz_cmake_vendor:/home/student/my_ur_ws/install/robotiq_app:/home/student/my_ur_ws/install/my_ur_demo:/home/student/my_ur_ws/install/my_ur_bringup:/opt/ros/jazzy DEBUGINFOD_URLS=https://debuginfod.ubuntu.com LD_LIBRARY_PATH=/home/student/Git-projects/eye_in_hand_A5/install/eye_in_hand_interfaces/lib:${LD_LIBRARY_PATH} PYTHONPATH=/home/student/Git-projects/eye_in_hand_A5/install/eye_in_hand_interfaces/lib/python3.12/site-packages:${PYTHONPATH} /usr/bin/cmake --build /home/student/Git-projects/eye_in_hand_A5/build/eye_in_hand_pkg -- -j8 -l8
[0.667s] DEBUG:colcon.colcon_core.event_handler.log_command:Invoked command in '/home/student/Git-projects/eye_in_hand_A5/build/eye_in_hand_pkg' returned '0': AMENT_PREFIX_PATH=/home/student/Git-projects/eye_in_hand_A5/install/eye_in_hand_interfaces:${AMENT_PREFIX_PATH} CMAKE_PREFIX_PATH=/home/student/Git-projects/eye_in_hand_A5/install/eye_in_hand_interfaces:/home/student/my_ur_ws/install/robotiq_hardware_tests:/home/student/my_ur_ws/install/my_robotiq_controller:/home/student/my_ur_ws/install/robotiq_driver:/home/student/my_ur_ws/install/serial:/home/student/my_ur_ws/install/robotiq_description:/home/student/my_ur_ws/install/robotiq_controllers:/home/student/my_ur_ws/install/my_ur_moveit_config:/home/student/my_ur_ws/install/my_ur_description:/home/student/my_ur_ws/install/my_ur_demo_cpp:/home/student/my_ur_ws/install/my_ur:/opt/ros/jazzy/opt/gz_sim_vendor:/opt/ros/jazzy/opt/gz_sensors_vendor:/opt/ros/jazzy/opt/gz_physics_vendor:/opt/ros/jazzy/opt/sdformat_vendor:/opt/ros/jazzy/opt/gz_gui_vendor:/opt/ros/jazzy/opt/gz_transport_vendor:/opt/ros/jazzy/opt/gz_rendering_vendor:/opt/ros/jazzy/opt/gz_plugin_vendor:/opt/ros/jazzy/opt/gz_fuel_tools_vendor:/opt/ros/jazzy/opt/gz_msgs_vendor:/opt/ros/jazzy/opt/gz_common_vendor:/opt/ros/jazzy/opt/gz_math_vendor:/opt/ros/jazzy/opt/gz_utils_vendor:/opt/ros/jazzy/opt/gz_tools_vendor:/opt/ros/jazzy/opt/gz_ogre_next_vendor:/opt/ros/jazzy/opt/gz_dartsim_vendor:/opt/ros/jazzy/opt/gz_cmake_vendor:/home/student/my_ur_ws/install/robotiq_app:/home/student/my_ur_ws/install/my_ur_demo:/home/student/my_ur_ws/install/my_ur_bringup:/opt/ros/jazzy DEBUGINFOD_URLS=https://debuginfod.ubuntu.com LD_LIBRARY_PATH=/home/student/Git-projects/eye_in_hand_A5/install/eye_in_hand_interfaces/lib:${LD_LIBRARY_PATH} PYTHONPATH=/home/student/Git-projects/eye_in_hand_A5/install/eye_in_hand_interfaces/lib/python3.12/site-packages:${PYTHONPATH} /usr/bin/cmake --build /home/student/Git-projects/eye_in_hand_A5/build/eye_in_hand_pkg -- -j8 -l8
[0.668s] DEBUG:colcon.colcon_core.event_handler.log_command:Invoking command in '/home/student/Git-projects/eye_in_hand_A5/build/eye_in_hand_pkg': AMENT_PREFIX_PATH=/home/student/Git-projects/eye_in_hand_A5/install/eye_in_hand_interfaces:${AMENT_PREFIX_PATH} CMAKE_PREFIX_PATH=/home/student/Git-projects/eye_in_hand_A5/install/eye_in_hand_interfaces:/home/student/my_ur_ws/install/robotiq_hardware_tests:/home/student/my_ur_ws/install/my_robotiq_controller:/home/student/my_ur_ws/install/robotiq_driver:/home/student/my_ur_ws/install/serial:/home/student/my_ur_ws/install/robotiq_description:/home/student/my_ur_ws/install/robotiq_controllers:/home/student/my_ur_ws/install/my_ur_moveit_config:/home/student/my_ur_ws/install/my_ur_description:/home/student/my_ur_ws/install/my_ur_demo_cpp:/home/student/my_ur_ws/install/my_ur:/opt/ros/jazzy/opt/gz_sim_vendor:/opt/ros/jazzy/opt/gz_sensors_vendor:/opt/ros/jazzy/opt/gz_physics_vendor:/opt/ros/jazzy/opt/sdformat_vendor:/opt/ros/jazzy/opt/gz_gui_vendor:/opt/ros/jazzy/opt/gz_transport_vendor:/opt/ros/jazzy/opt/gz_rendering_vendor:/opt/ros/jazzy/opt/gz_plugin_vendor:/opt/ros/jazzy/opt/gz_fuel_tools_vendor:/opt/ros/jazzy/opt/gz_msgs_vendor:/opt/ros/jazzy/opt/gz_common_vendor:/opt/ros/jazzy/opt/gz_math_vendor:/opt/ros/jazzy/opt/gz_utils_vendor:/opt/ros/jazzy/opt/gz_tools_vendor:/opt/ros/jazzy/opt/gz_ogre_next_vendor:/opt/ros/jazzy/opt/gz_dartsim_vendor:/opt/ros/jazzy/opt/gz_cmake_vendor:/home/student/my_ur_ws/install/robotiq_app:/home/student/my_ur_ws/install/my_ur_demo:/home/student/my_ur_ws/install/my_ur_bringup:/opt/ros/jazzy DEBUGINFOD_URLS=https://debuginfod.ubuntu.com LD_LIBRARY_PATH=/home/student/Git-projects/eye_in_hand_A5/install/eye_in_hand_interfaces/lib:${LD_LIBRARY_PATH} PYTHONPATH=/home/student/Git-projects/eye_in_hand_A5/install/eye_in_hand_interfaces/lib/python3.12/site-packages:${PYTHONPATH} /usr/bin/cmake --install /home/student/Git-projects/eye_in_hand_A5/build/eye_in_hand_pkg
[0.676s] Level 1:colcon.colcon_core.environment:create_environment_scripts_only(eye_in_hand_pkg)
[0.677s] Level 1:colcon.colcon_core.environment:checking '/home/student/Git-projects/eye_in_hand_A5/install/eye_in_hand_pkg' for CMake module files
[0.678s] Level 1:colcon.colcon_core.environment:checking '/home/student/Git-projects/eye_in_hand_A5/install/eye_in_hand_pkg' for CMake config files
[0.678s] DEBUG:colcon.colcon_core.event_handler.log_command:Invoked command in '/home/student/Git-projects/eye_in_hand_A5/build/eye_in_hand_pkg' returned '0': AMENT_PREFIX_PATH=/home/student/Git-projects/eye_in_hand_A5/install/eye_in_hand_interfaces:${AMENT_PREFIX_PATH} CMAKE_PREFIX_PATH=/home/student/Git-projects/eye_in_hand_A5/install/eye_in_hand_interfaces:/home/student/my_ur_ws/install/robotiq_hardware_tests:/home/student/my_ur_ws/install/my_robotiq_controller:/home/student/my_ur_ws/install/robotiq_driver:/home/student/my_ur_ws/install/serial:/home/student/my_ur_ws/install/robotiq_description:/home/student/my_ur_ws/install/robotiq_controllers:/home/student/my_ur_ws/install/my_ur_moveit_config:/home/student/my_ur_ws/install/my_ur_description:/home/student/my_ur_ws/install/my_ur_demo_cpp:/home/student/my_ur_ws/install/my_ur:/opt/ros/jazzy/opt/gz_sim_vendor:/opt/ros/jazzy/opt/gz_sensors_vendor:/opt/ros/jazzy/opt/gz_physics_vendor:/opt/ros/jazzy/opt/sdformat_vendor:/opt/ros/jazzy/opt/gz_gui_vendor:/opt/ros/jazzy/opt/gz_transport_vendor:/opt/ros/jazzy/opt/gz_rendering_vendor:/opt/ros/jazzy/opt/gz_plugin_vendor:/opt/ros/jazzy/opt/gz_fuel_tools_vendor:/opt/ros/jazzy/opt/gz_msgs_vendor:/opt/ros/jazzy/opt/gz_common_vendor:/opt/ros/jazzy/opt/gz_math_vendor:/opt/ros/jazzy/opt/gz_utils_vendor:/opt/ros/jazzy/opt/gz_tools_vendor:/opt/ros/jazzy/opt/gz_ogre_next_vendor:/opt/ros/jazzy/opt/gz_dartsim_vendor:/opt/ros/jazzy/opt/gz_cmake_vendor:/home/student/my_ur_ws/install/robotiq_app:/home/student/my_ur_ws/install/my_ur_demo:/home/student/my_ur_ws/install/my_ur_bringup:/opt/ros/jazzy DEBUGINFOD_URLS=https://debuginfod.ubuntu.com LD_LIBRARY_PATH=/home/student/Git-projects/eye_in_hand_A5/install/eye_in_hand_interfaces/lib:${LD_LIBRARY_PATH} PYTHONPATH=/home/student/Git-projects/eye_in_hand_A5/install/eye_in_hand_interfaces/lib/python3.12/site-packages:${PYTHONPATH} /usr/bin/cmake --install /home/student/Git-projects/eye_in_hand_A5/build/eye_in_hand_pkg
[0.679s] Level 1:colcon.colcon_core.shell:create_environment_hook('eye_in_hand_pkg', 'cmake_prefix_path')
[0.679s] INFO:colcon.colcon_core.shell:Creating environment hook '/home/student/Git-projects/eye_in_hand_A5/install/eye_in_hand_pkg/share/eye_in_hand_pkg/hook/cmake_prefix_path.ps1'
[0.679s] INFO:colcon.colcon_core.shell:Creating environment descriptor '/home/student/Git-projects/eye_in_hand_A5/install/eye_in_hand_pkg/share/eye_in_hand_pkg/hook/cmake_prefix_path.dsv'
[0.679s] INFO:colcon.colcon_core.shell:Creating environment hook '/home/student/Git-projects/eye_in_hand_A5/install/eye_in_hand_pkg/share/eye_in_hand_pkg/hook/cmake_prefix_path.sh'
[0.680s] Level 1:colcon.colcon_core.environment:checking '/home/student/Git-projects/eye_in_hand_A5/install/eye_in_hand_pkg/lib'
[0.680s] Level 1:colcon.colcon_core.environment:checking '/home/student/Git-projects/eye_in_hand_A5/install/eye_in_hand_pkg/bin'
[0.680s] Level 1:colcon.colcon_core.environment:checking '/home/student/Git-projects/eye_in_hand_A5/install/eye_in_hand_pkg/lib/pkgconfig/eye_in_hand_pkg.pc'
[0.680s] Level 1:colcon.colcon_core.environment:checking '/home/student/Git-projects/eye_in_hand_A5/install/eye_in_hand_pkg/lib/python3.12/site-packages'
[0.680s] Level 1:colcon.colcon_core.shell:create_environment_hook('eye_in_hand_pkg', 'pythonpath')
[0.680s] INFO:colcon.colcon_core.shell:Creating environment hook '/home/student/Git-projects/eye_in_hand_A5/install/eye_in_hand_pkg/share/eye_in_hand_pkg/hook/pythonpath.ps1'
[0.681s] INFO:colcon.colcon_core.shell:Creating environment descriptor '/home/student/Git-projects/eye_in_hand_A5/install/eye_in_hand_pkg/share/eye_in_hand_pkg/hook/pythonpath.dsv'
[0.681s] INFO:colcon.colcon_core.shell:Creating environment hook '/home/student/Git-projects/eye_in_hand_A5/install/eye_in_hand_pkg/share/eye_in_hand_pkg/hook/pythonpath.sh'
[0.681s] Level 1:colcon.colcon_core.environment:checking '/home/student/Git-projects/eye_in_hand_A5/install/eye_in_hand_pkg/bin'
[0.681s] INFO:colcon.colcon_core.shell:Creating package script '/home/student/Git-projects/eye_in_hand_A5/install/eye_in_hand_pkg/share/eye_in_hand_pkg/package.ps1'
[0.682s] INFO:colcon.colcon_core.shell:Creating package descriptor '/home/student/Git-projects/eye_in_hand_A5/install/eye_in_hand_pkg/share/eye_in_hand_pkg/package.dsv'
[0.682s] INFO:colcon.colcon_core.shell:Creating package script '/home/student/Git-projects/eye_in_hand_A5/install/eye_in_hand_pkg/share/eye_in_hand_pkg/package.sh'
[0.682s] INFO:colcon.colcon_core.shell:Creating package script '/home/student/Git-projects/eye_in_hand_A5/install/eye_in_hand_pkg/share/eye_in_hand_pkg/package.bash'
[0.683s] INFO:colcon.colcon_core.shell:Creating package script '/home/student/Git-projects/eye_in_hand_A5/install/eye_in_hand_pkg/share/eye_in_hand_pkg/package.zsh'
[0.683s] Level 1:colcon.colcon_core.environment:create_file_with_runtime_dependencies(/home/student/Git-projects/eye_in_hand_A5/install/eye_in_hand_pkg/share/colcon-core/packages/eye_in_hand_pkg)
[0.683s] Level 1:colcon.colcon_core.environment:create_environment_scripts_only(eye_in_hand_pkg)
[0.683s] Level 1:colcon.colcon_core.environment:checking '/home/student/Git-projects/eye_in_hand_A5/install/eye_in_hand_pkg' for CMake module files
[0.684s] Level 1:colcon.colcon_core.environment:checking '/home/student/Git-projects/eye_in_hand_A5/install/eye_in_hand_pkg' for CMake config files
[0.684s] Level 1:colcon.colcon_core.shell:create_environment_hook('eye_in_hand_pkg', 'cmake_prefix_path')
[0.684s] INFO:colcon.colcon_core.shell:Creating environment hook '/home/student/Git-projects/eye_in_hand_A5/install/eye_in_hand_pkg/share/eye_in_hand_pkg/hook/cmake_prefix_path.ps1'
[0.684s] INFO:colcon.colcon_core.shell:Creating environment descriptor '/home/student/Git-projects/eye_in_hand_A5/install/eye_in_hand_pkg/share/eye_in_hand_pkg/hook/cmake_prefix_path.dsv'
[0.684s] INFO:colcon.colcon_core.shell:Creating environment hook '/home/student/Git-projects/eye_in_hand_A5/install/eye_in_hand_pkg/share/eye_in_hand_pkg/hook/cmake_prefix_path.sh'
[0.685s] Level 1:colcon.colcon_core.environment:checking '/home/student/Git-projects/eye_in_hand_A5/install/eye_in_hand_pkg/lib'
[0.685s] Level 1:colcon.colcon_core.environment:checking '/home/student/Git-projects/eye_in_hand_A5/install/eye_in_hand_pkg/bin'
[0.685s] Level 1:colcon.colcon_core.environment:checking '/home/student/Git-projects/eye_in_hand_A5/install/eye_in_hand_pkg/lib/pkgconfig/eye_in_hand_pkg.pc'
[0.685s] Level 1:colcon.colcon_core.environment:checking '/home/student/Git-projects/eye_in_hand_A5/install/eye_in_hand_pkg/lib/python3.12/site-packages'
[0.685s] Level 1:colcon.colcon_core.shell:create_environment_hook('eye_in_hand_pkg', 'pythonpath')
[0.685s] INFO:colcon.colcon_core.shell:Creating environment hook '/home/student/Git-projects/eye_in_hand_A5/install/eye_in_hand_pkg/share/eye_in_hand_pkg/hook/pythonpath.ps1'
[0.685s] INFO:colcon.colcon_core.shell:Creating environment descriptor '/home/student/Git-projects/eye_in_hand_A5/install/eye_in_hand_pkg/share/eye_in_hand_pkg/hook/pythonpath.dsv'
[0.686s] INFO:colcon.colcon_core.shell:Creating environment hook '/home/student/Git-projects/eye_in_hand_A5/install/eye_in_hand_pkg/share/eye_in_hand_pkg/hook/pythonpath.sh'
[0.686s] Level 1:colcon.colcon_core.environment:checking '/home/student/Git-projects/eye_in_hand_A5/install/eye_in_hand_pkg/bin'
[0.686s] INFO:colcon.colcon_core.shell:Creating package script '/home/student/Git-projects/eye_in_hand_A5/install/eye_in_hand_pkg/share/eye_in_hand_pkg/package.ps1'
[0.687s] INFO:colcon.colcon_core.shell:Creating package descriptor '/home/student/Git-projects/eye_in_hand_A5/install/eye_in_hand_pkg/share/eye_in_hand_pkg/package.dsv'
[0.687s] INFO:colcon.colcon_core.shell:Creating package script '/home/student/Git-projects/eye_in_hand_A5/install/eye_in_hand_pkg/share/eye_in_hand_pkg/package.sh'
[0.687s] INFO:colcon.colcon_core.shell:Creating package script '/home/student/Git-projects/eye_in_hand_A5/install/eye_in_hand_pkg/share/eye_in_hand_pkg/package.bash'
[0.688s] INFO:colcon.colcon_core.shell:Creating package script '/home/student/Git-projects/eye_in_hand_A5/install/eye_in_hand_pkg/share/eye_in_hand_pkg/package.zsh'
[0.688s] Level 1:colcon.colcon_core.environment:create_file_with_runtime_dependencies(/home/student/Git-projects/eye_in_hand_A5/install/eye_in_hand_pkg/share/colcon-core/packages/eye_in_hand_pkg)
[0.688s] DEBUG:colcon.colcon_parallel_executor.executor.parallel:closing loop
[0.688s] DEBUG:colcon.colcon_parallel_executor.executor.parallel:loop closed
[0.688s] DEBUG:colcon.colcon_parallel_executor.executor.parallel:run_until_complete finished with '0'
[0.688s] DEBUG:colcon.colcon_core.event_reactor:joining thread
[0.693s] INFO:colcon.colcon_core.plugin_system:Skipping extension 'colcon_notification.desktop_notification.terminal_notifier': Not used on non-Darwin systems
[0.693s] INFO:colcon.colcon_core.plugin_system:Skipping extension 'colcon_notification.desktop_notification.win32': Not used on non-Windows systems
[0.693s] INFO:colcon.colcon_notification.desktop_notification:Sending desktop notification using 'notify2'
[0.702s] DEBUG:colcon.colcon_core.event_reactor:joined thread
[0.702s] INFO:colcon.colcon_core.shell:Creating prefix script '/home/student/Git-projects/eye_in_hand_A5/install/local_setup.ps1'
[0.703s] INFO:colcon.colcon_core.shell:Creating prefix util module '/home/student/Git-projects/eye_in_hand_A5/install/_local_setup_util_ps1.py'
[0.704s] INFO:colcon.colcon_core.shell:Creating prefix chain script '/home/student/Git-projects/eye_in_hand_A5/install/setup.ps1'
[0.705s] INFO:colcon.colcon_core.shell:Creating prefix script '/home/student/Git-projects/eye_in_hand_A5/install/local_setup.sh'
[0.705s] INFO:colcon.colcon_core.shell:Creating prefix util module '/home/student/Git-projects/eye_in_hand_A5/install/_local_setup_util_sh.py'
[0.705s] INFO:colcon.colcon_core.shell:Creating prefix chain script '/home/student/Git-projects/eye_in_hand_A5/install/setup.sh'
[0.707s] INFO:colcon.colcon_core.shell:Creating prefix script '/home/student/Git-projects/eye_in_hand_A5/install/local_setup.bash'
[0.707s] INFO:colcon.colcon_core.shell:Creating prefix chain script '/home/student/Git-projects/eye_in_hand_A5/install/setup.bash'
[0.708s] INFO:colcon.colcon_core.shell:Creating prefix script '/home/student/Git-projects/eye_in_hand_A5/install/local_setup.zsh'
[0.708s] INFO:colcon.colcon_core.shell:Creating prefix chain script '/home/student/Git-projects/eye_in_hand_A5/install/setup.zsh'
