[  5%] Built target eye_in_hand_interfaces__rosidl_generator_type_description
[  5%] Built target eye_in_hand_interfaces__rs
[  5%] Built target ament_cmake_python_copy_eye_in_hand_interfaces
[  8%] Built target eye_in_hand_interfaces__cpp
[ 22%] Built target eye_in_hand_interfaces__rosidl_generator_c
[ 31%] Built target eye_in_hand_interfaces__rosidl_typesupport_introspection_c
[ 40%] Built target eye_in_hand_interfaces__rosidl_typesupport_c
[ 65%] Built target eye_in_hand_interfaces__rosidl_typesupport_cpp
[ 60%] Built target eye_in_hand_interfaces__rosidl_typesupport_fastrtps_c
[ 65%] Built target eye_in_hand_interfaces__rosidl_typesupport_introspection_cpp
[ 74%] Built target eye_in_hand_interfaces__rosidl_typesupport_fastrtps_cpp
[ 74%] Built target eye_in_hand_interfaces
[ 77%] Built target eye_in_hand_interfaces__py
[ 82%] Built target eye_in_hand_interfaces__rosidl_generator_py
[ 88%] Built target eye_in_hand_interfaces_s__rosidl_typesupport_fastrtps_c
[ 97%] Built target eye_in_hand_interfaces_s__rosidl_typesupport_introspection_c
[100%] Built target eye_in_hand_interfaces_s__rosidl_typesupport_c
running egg_info
writing eye_in_hand_interfaces.egg-info/PKG-INFO
writing dependency_links to eye_in_hand_interfaces.egg-info/dependency_links.txt
writing top-level names to eye_in_hand_interfaces.egg-info/top_level.txt
reading manifest file 'eye_in_hand_interfaces.egg-info/SOURCES.txt'
writing manifest file 'eye_in_hand_interfaces.egg-info/SOURCES.txt'
[100%] Built target ament_cmake_python_build_eye_in_hand_interfaces_egg
-- Install configuration: ""
-- Up-to-date: /home/student/Git-projects/eye_in_hand_A5/install/eye_in_hand_interfaces/share/ament_index/resource_index/rosidl_interfaces/eye_in_hand_interfaces
-- Up-to-date: /home/student/Git-projects/eye_in_hand_A5/install/eye_in_hand_interfaces/share/eye_in_hand_interfaces/action/StartRobot.json
-- Up-to-date: /home/student/Git-projects/eye_in_hand_A5/install/eye_in_hand_interfaces/include/eye_in_hand_interfaces/eye_in_hand_interfaces
-- Up-to-date: /home/student/Git-projects/eye_in_hand_A5/install/eye_in_hand_interfaces/include/eye_in_hand_interfaces/eye_in_hand_interfaces/msg
-- Up-to-date: /home/student/Git-projects/eye_in_hand_A5/install/eye_in_hand_interfaces/include/eye_in_hand_interfaces/eye_in_hand_interfaces/msg/rosidl_generator_c__visibility_control.h
-- Up-to-date: /home/student/Git-projects/eye_in_hand_A5/install/eye_in_hand_interfaces/include/eye_in_hand_interfaces/eye_in_hand_interfaces/action
-- Up-to-date: /home/student/Git-projects/eye_in_hand_A5/install/eye_in_hand_interfaces/include/eye_in_hand_interfaces/eye_in_hand_interfaces/action/detail
-- Up-to-date: /home/student/Git-projects/eye_in_hand_A5/install/eye_in_hand_interfaces/include/eye_in_hand_interfaces/eye_in_hand_interfaces/action/detail/start_robot__functions.h
-- Up-to-date: /home/student/Git-projects/eye_in_hand_A5/install/eye_in_hand_interfaces/include/eye_in_hand_interfaces/eye_in_hand_interfaces/action/detail/start_robot__functions.c
-- Up-to-date: /home/student/Git-projects/eye_in_hand_A5/install/eye_in_hand_interfaces/include/eye_in_hand_interfaces/eye_in_hand_interfaces/action/detail/start_robot__type_support.h
-- Up-to-date: /home/student/Git-projects/eye_in_hand_A5/install/eye_in_hand_interfaces/include/eye_in_hand_interfaces/eye_in_hand_interfaces/action/detail/start_robot__struct.h
-- Up-to-date: /home/student/Git-projects/eye_in_hand_A5/install/eye_in_hand_interfaces/include/eye_in_hand_interfaces/eye_in_hand_interfaces/action/detail/start_robot__type_support.c
-- Up-to-date: /home/student/Git-projects/eye_in_hand_A5/install/eye_in_hand_interfaces/include/eye_in_hand_interfaces/eye_in_hand_interfaces/action/detail/start_robot__description.c
-- Up-to-date: /home/student/Git-projects/eye_in_hand_A5/install/eye_in_hand_interfaces/include/eye_in_hand_interfaces/eye_in_hand_interfaces/action/start_robot.h
-- Up-to-date: /home/student/Git-projects/eye_in_hand_A5/install/eye_in_hand_interfaces/share/eye_in_hand_interfaces/environment/library_path.sh
-- Up-to-date: /home/student/Git-projects/eye_in_hand_A5/install/eye_in_hand_interfaces/share/eye_in_hand_interfaces/environment/library_path.dsv
-- Up-to-date: /home/student/Git-projects/eye_in_hand_A5/install/eye_in_hand_interfaces/lib/libeye_in_hand_interfaces__rosidl_generator_c.so
-- Up-to-date: /home/student/Git-projects/eye_in_hand_A5/install/eye_in_hand_interfaces/include/eye_in_hand_interfaces/eye_in_hand_interfaces
-- Up-to-date: /home/student/Git-projects/eye_in_hand_A5/install/eye_in_hand_interfaces/include/eye_in_hand_interfaces/eye_in_hand_interfaces/msg
-- Up-to-date: /home/student/Git-projects/eye_in_hand_A5/install/eye_in_hand_interfaces/include/eye_in_hand_interfaces/eye_in_hand_interfaces/msg/rosidl_typesupport_fastrtps_c__visibility_control.h
-- Up-to-date: /home/student/Git-projects/eye_in_hand_A5/install/eye_in_hand_interfaces/include/eye_in_hand_interfaces/eye_in_hand_interfaces/action
-- Up-to-date: /home/student/Git-projects/eye_in_hand_A5/install/eye_in_hand_interfaces/include/eye_in_hand_interfaces/eye_in_hand_interfaces/action/detail
-- Up-to-date: /home/student/Git-projects/eye_in_hand_A5/install/eye_in_hand_interfaces/include/eye_in_hand_interfaces/eye_in_hand_interfaces/action/detail/start_robot__rosidl_typesupport_fastrtps_c.h
-- Up-to-date: /home/student/Git-projects/eye_in_hand_A5/install/eye_in_hand_interfaces/lib/libeye_in_hand_interfaces__rosidl_typesupport_fastrtps_c.so
-- Up-to-date: /home/student/Git-projects/eye_in_hand_A5/install/eye_in_hand_interfaces/include/eye_in_hand_interfaces/eye_in_hand_interfaces
-- Up-to-date: /home/student/Git-projects/eye_in_hand_A5/install/eye_in_hand_interfaces/include/eye_in_hand_interfaces/eye_in_hand_interfaces/msg
-- Up-to-date: /home/student/Git-projects/eye_in_hand_A5/install/eye_in_hand_interfaces/include/eye_in_hand_interfaces/eye_in_hand_interfaces/msg/rosidl_typesupport_introspection_c__visibility_control.h
-- Up-to-date: /home/student/Git-projects/eye_in_hand_A5/install/eye_in_hand_interfaces/include/eye_in_hand_interfaces/eye_in_hand_interfaces/action
-- Up-to-date: /home/student/Git-projects/eye_in_hand_A5/install/eye_in_hand_interfaces/include/eye_in_hand_interfaces/eye_in_hand_interfaces/action/detail
-- Up-to-date: /home/student/Git-projects/eye_in_hand_A5/install/eye_in_hand_interfaces/include/eye_in_hand_interfaces/eye_in_hand_interfaces/action/detail/start_robot__rosidl_typesupport_introspection_c.h
-- Up-to-date: /home/student/Git-projects/eye_in_hand_A5/install/eye_in_hand_interfaces/include/eye_in_hand_interfaces/eye_in_hand_interfaces/action/detail/start_robot__type_support.c
-- Up-to-date: /home/student/Git-projects/eye_in_hand_A5/install/eye_in_hand_interfaces/lib/libeye_in_hand_interfaces__rosidl_typesupport_introspection_c.so
-- Up-to-date: /home/student/Git-projects/eye_in_hand_A5/install/eye_in_hand_interfaces/lib/libeye_in_hand_interfaces__rosidl_typesupport_c.so
-- Up-to-date: /home/student/Git-projects/eye_in_hand_A5/install/eye_in_hand_interfaces/include/eye_in_hand_interfaces/eye_in_hand_interfaces
-- Up-to-date: /home/student/Git-projects/eye_in_hand_A5/install/eye_in_hand_interfaces/include/eye_in_hand_interfaces/eye_in_hand_interfaces/msg
-- Up-to-date: /home/student/Git-projects/eye_in_hand_A5/install/eye_in_hand_interfaces/include/eye_in_hand_interfaces/eye_in_hand_interfaces/msg/rosidl_generator_cpp__visibility_control.hpp
-- Up-to-date: /home/student/Git-projects/eye_in_hand_A5/install/eye_in_hand_interfaces/include/eye_in_hand_interfaces/eye_in_hand_interfaces/action
-- Up-to-date: /home/student/Git-projects/eye_in_hand_A5/install/eye_in_hand_interfaces/include/eye_in_hand_interfaces/eye_in_hand_interfaces/action/start_robot.hpp
-- Up-to-date: /home/student/Git-projects/eye_in_hand_A5/install/eye_in_hand_interfaces/include/eye_in_hand_interfaces/eye_in_hand_interfaces/action/detail
-- Up-to-date: /home/student/Git-projects/eye_in_hand_A5/install/eye_in_hand_interfaces/include/eye_in_hand_interfaces/eye_in_hand_interfaces/action/detail/start_robot__type_support.hpp
-- Up-to-date: /home/student/Git-projects/eye_in_hand_A5/install/eye_in_hand_interfaces/include/eye_in_hand_interfaces/eye_in_hand_interfaces/action/detail/start_robot__traits.hpp
-- Up-to-date: /home/student/Git-projects/eye_in_hand_A5/install/eye_in_hand_interfaces/include/eye_in_hand_interfaces/eye_in_hand_interfaces/action/detail/start_robot__struct.hpp
-- Up-to-date: /home/student/Git-projects/eye_in_hand_A5/install/eye_in_hand_interfaces/include/eye_in_hand_interfaces/eye_in_hand_interfaces/action/detail/start_robot__builder.hpp
-- Up-to-date: /home/student/Git-projects/eye_in_hand_A5/install/eye_in_hand_interfaces/include/eye_in_hand_interfaces/eye_in_hand_interfaces
-- Up-to-date: /home/student/Git-projects/eye_in_hand_A5/install/eye_in_hand_interfaces/include/eye_in_hand_interfaces/eye_in_hand_interfaces/msg
-- Up-to-date: /home/student/Git-projects/eye_in_hand_A5/install/eye_in_hand_interfaces/include/eye_in_hand_interfaces/eye_in_hand_interfaces/msg/rosidl_typesupport_fastrtps_cpp__visibility_control.h
-- Up-to-date: /home/student/Git-projects/eye_in_hand_A5/install/eye_in_hand_interfaces/include/eye_in_hand_interfaces/eye_in_hand_interfaces/action
-- Up-to-date: /home/student/Git-projects/eye_in_hand_A5/install/eye_in_hand_interfaces/include/eye_in_hand_interfaces/eye_in_hand_interfaces/action/detail
-- Up-to-date: /home/student/Git-projects/eye_in_hand_A5/install/eye_in_hand_interfaces/include/eye_in_hand_interfaces/eye_in_hand_interfaces/action/detail/start_robot__rosidl_typesupport_fastrtps_cpp.hpp
-- Up-to-date: /home/student/Git-projects/eye_in_hand_A5/install/eye_in_hand_interfaces/include/eye_in_hand_interfaces/eye_in_hand_interfaces/action/detail/dds_fastrtps
-- Up-to-date: /home/student/Git-projects/eye_in_hand_A5/install/eye_in_hand_interfaces/lib/libeye_in_hand_interfaces__rosidl_typesupport_fastrtps_cpp.so
-- Up-to-date: /home/student/Git-projects/eye_in_hand_A5/install/eye_in_hand_interfaces/include/eye_in_hand_interfaces/eye_in_hand_interfaces
-- Up-to-date: /home/student/Git-projects/eye_in_hand_A5/install/eye_in_hand_interfaces/include/eye_in_hand_interfaces/eye_in_hand_interfaces/action
-- Up-to-date: /home/student/Git-projects/eye_in_hand_A5/install/eye_in_hand_interfaces/include/eye_in_hand_interfaces/eye_in_hand_interfaces/action/detail
-- Up-to-date: /home/student/Git-projects/eye_in_hand_A5/install/eye_in_hand_interfaces/include/eye_in_hand_interfaces/eye_in_hand_interfaces/action/detail/start_robot__type_support.cpp
-- Up-to-date: /home/student/Git-projects/eye_in_hand_A5/install/eye_in_hand_interfaces/include/eye_in_hand_interfaces/eye_in_hand_interfaces/action/detail/start_robot__rosidl_typesupport_introspection_cpp.hpp
-- Up-to-date: /home/student/Git-projects/eye_in_hand_A5/install/eye_in_hand_interfaces/lib/libeye_in_hand_interfaces__rosidl_typesupport_introspection_cpp.so
-- Up-to-date: /home/student/Git-projects/eye_in_hand_A5/install/eye_in_hand_interfaces/lib/libeye_in_hand_interfaces__rosidl_typesupport_cpp.so
-- Up-to-date: /home/student/Git-projects/eye_in_hand_A5/install/eye_in_hand_interfaces/share/eye_in_hand_interfaces/environment/pythonpath.sh
-- Up-to-date: /home/student/Git-projects/eye_in_hand_A5/install/eye_in_hand_interfaces/share/eye_in_hand_interfaces/environment/pythonpath.dsv
-- Up-to-date: /home/student/Git-projects/eye_in_hand_A5/install/eye_in_hand_interfaces/lib/python3.12/site-packages/eye_in_hand_interfaces-0.0.0-py3.12.egg-info
-- Installing: /home/student/Git-projects/eye_in_hand_A5/install/eye_in_hand_interfaces/lib/python3.12/site-packages/eye_in_hand_interfaces-0.0.0-py3.12.egg-info/SOURCES.txt
-- Installing: /home/student/Git-projects/eye_in_hand_A5/install/eye_in_hand_interfaces/lib/python3.12/site-packages/eye_in_hand_interfaces-0.0.0-py3.12.egg-info/dependency_links.txt
-- Installing: /home/student/Git-projects/eye_in_hand_A5/install/eye_in_hand_interfaces/lib/python3.12/site-packages/eye_in_hand_interfaces-0.0.0-py3.12.egg-info/PKG-INFO
-- Installing: /home/student/Git-projects/eye_in_hand_A5/install/eye_in_hand_interfaces/lib/python3.12/site-packages/eye_in_hand_interfaces-0.0.0-py3.12.egg-info/top_level.txt
-- Up-to-date: /home/student/Git-projects/eye_in_hand_A5/install/eye_in_hand_interfaces/lib/python3.12/site-packages/eye_in_hand_interfaces
-- Up-to-date: /home/student/Git-projects/eye_in_hand_A5/install/eye_in_hand_interfaces/lib/python3.12/site-packages/eye_in_hand_interfaces/eye_in_hand_interfaces_s__rosidl_typesupport_fastrtps_c.so
-- Up-to-date: /home/student/Git-projects/eye_in_hand_A5/install/eye_in_hand_interfaces/lib/python3.12/site-packages/eye_in_hand_interfaces/eye_in_hand_interfaces_s__rosidl_typesupport_introspection_c.so
-- Up-to-date: /home/student/Git-projects/eye_in_hand_A5/install/eye_in_hand_interfaces/lib/python3.12/site-packages/eye_in_hand_interfaces/__init__.py
-- Up-to-date: /home/student/Git-projects/eye_in_hand_A5/install/eye_in_hand_interfaces/lib/python3.12/site-packages/eye_in_hand_interfaces/_eye_in_hand_interfaces_s.ep.rosidl_typesupport_c.c
-- Up-to-date: /home/student/Git-projects/eye_in_hand_A5/install/eye_in_hand_interfaces/lib/python3.12/site-packages/eye_in_hand_interfaces/_eye_in_hand_interfaces_s.ep.rosidl_typesupport_fastrtps_c.c
-- Up-to-date: /home/student/Git-projects/eye_in_hand_A5/install/eye_in_hand_interfaces/lib/python3.12/site-packages/eye_in_hand_interfaces/eye_in_hand_interfaces_s__rosidl_typesupport_c.so
-- Up-to-date: /home/student/Git-projects/eye_in_hand_A5/install/eye_in_hand_interfaces/lib/python3.12/site-packages/eye_in_hand_interfaces/action
-- Up-to-date: /home/student/Git-projects/eye_in_hand_A5/install/eye_in_hand_interfaces/lib/python3.12/site-packages/eye_in_hand_interfaces/action/_start_robot_s.c
-- Up-to-date: /home/student/Git-projects/eye_in_hand_A5/install/eye_in_hand_interfaces/lib/python3.12/site-packages/eye_in_hand_interfaces/action/__init__.py
-- Up-to-date: /home/student/Git-projects/eye_in_hand_A5/install/eye_in_hand_interfaces/lib/python3.12/site-packages/eye_in_hand_interfaces/action/_start_robot.py
-- Up-to-date: /home/student/Git-projects/eye_in_hand_A5/install/eye_in_hand_interfaces/lib/python3.12/site-packages/eye_in_hand_interfaces/_eye_in_hand_interfaces_s.ep.rosidl_typesupport_introspection_c.c
Listing '/home/student/Git-projects/eye_in_hand_A5/install/eye_in_hand_interfaces/lib/python3.12/site-packages/eye_in_hand_interfaces'...
Listing '/home/student/Git-projects/eye_in_hand_A5/install/eye_in_hand_interfaces/lib/python3.12/site-packages/eye_in_hand_interfaces/action'...
-- Up-to-date: /home/student/Git-projects/eye_in_hand_A5/install/eye_in_hand_interfaces/lib/python3.12/site-packages/eye_in_hand_interfaces/eye_in_hand_interfaces_s__rosidl_typesupport_fastrtps_c.so
-- Up-to-date: /home/student/Git-projects/eye_in_hand_A5/install/eye_in_hand_interfaces/lib/python3.12/site-packages/eye_in_hand_interfaces/eye_in_hand_interfaces_s__rosidl_typesupport_introspection_c.so
-- Up-to-date: /home/student/Git-projects/eye_in_hand_A5/install/eye_in_hand_interfaces/lib/python3.12/site-packages/eye_in_hand_interfaces/eye_in_hand_interfaces_s__rosidl_typesupport_c.so
-- Up-to-date: /home/student/Git-projects/eye_in_hand_A5/install/eye_in_hand_interfaces/lib/libeye_in_hand_interfaces__rosidl_generator_py.so
-- Up-to-date: /home/student/Git-projects/eye_in_hand_A5/install/eye_in_hand_interfaces/share/ament_index/resource_index/rust_packages/eye_in_hand_interfaces
-- Up-to-date: /home/student/Git-projects/eye_in_hand_A5/install/eye_in_hand_interfaces/share/eye_in_hand_interfaces/rust
-- Up-to-date: /home/student/Git-projects/eye_in_hand_A5/install/eye_in_hand_interfaces/share/eye_in_hand_interfaces/rust/src
-- Up-to-date: /home/student/Git-projects/eye_in_hand_A5/install/eye_in_hand_interfaces/share/eye_in_hand_interfaces/rust/src/lib.rs
-- Up-to-date: /home/student/Git-projects/eye_in_hand_A5/install/eye_in_hand_interfaces/share/eye_in_hand_interfaces/rust/src/action.rs
-- Up-to-date: /home/student/Git-projects/eye_in_hand_A5/install/eye_in_hand_interfaces/share/eye_in_hand_interfaces/rust/src/action
-- Up-to-date: /home/student/Git-projects/eye_in_hand_A5/install/eye_in_hand_interfaces/share/eye_in_hand_interfaces/rust/src/action/rmw.rs
-- Up-to-date: /home/student/Git-projects/eye_in_hand_A5/install/eye_in_hand_interfaces/share/eye_in_hand_interfaces/rust/Cargo.toml
-- Up-to-date: /home/student/Git-projects/eye_in_hand_A5/install/eye_in_hand_interfaces/share/eye_in_hand_interfaces/rust/build.rs
-- Up-to-date: /home/student/Git-projects/eye_in_hand_A5/install/eye_in_hand_interfaces/share/eye_in_hand_interfaces/action/StartRobot.idl
-- Up-to-date: /home/student/Git-projects/eye_in_hand_A5/install/eye_in_hand_interfaces/share/eye_in_hand_interfaces/action/StartRobot.action
-- Up-to-date: /home/student/Git-projects/eye_in_hand_A5/install/eye_in_hand_interfaces/share/ament_index/resource_index/package_run_dependencies/eye_in_hand_interfaces
-- Up-to-date: /home/student/Git-projects/eye_in_hand_A5/install/eye_in_hand_interfaces/share/ament_index/resource_index/parent_prefix_path/eye_in_hand_interfaces
-- Up-to-date: /home/student/Git-projects/eye_in_hand_A5/install/eye_in_hand_interfaces/share/eye_in_hand_interfaces/environment/ament_prefix_path.sh
-- Up-to-date: /home/student/Git-projects/eye_in_hand_A5/install/eye_in_hand_interfaces/share/eye_in_hand_interfaces/environment/ament_prefix_path.dsv
-- Up-to-date: /home/student/Git-projects/eye_in_hand_A5/install/eye_in_hand_interfaces/share/eye_in_hand_interfaces/environment/path.sh
-- Up-to-date: /home/student/Git-projects/eye_in_hand_A5/install/eye_in_hand_interfaces/share/eye_in_hand_interfaces/environment/path.dsv
-- Up-to-date: /home/student/Git-projects/eye_in_hand_A5/install/eye_in_hand_interfaces/share/eye_in_hand_interfaces/local_setup.bash
-- Up-to-date: /home/student/Git-projects/eye_in_hand_A5/install/eye_in_hand_interfaces/share/eye_in_hand_interfaces/local_setup.sh
-- Up-to-date: /home/student/Git-projects/eye_in_hand_A5/install/eye_in_hand_interfaces/share/eye_in_hand_interfaces/local_setup.zsh
-- Up-to-date: /home/student/Git-projects/eye_in_hand_A5/install/eye_in_hand_interfaces/share/eye_in_hand_interfaces/local_setup.dsv
-- Installing: /home/student/Git-projects/eye_in_hand_A5/install/eye_in_hand_interfaces/share/eye_in_hand_interfaces/package.dsv
-- Up-to-date: /home/student/Git-projects/eye_in_hand_A5/install/eye_in_hand_interfaces/share/ament_index/resource_index/packages/eye_in_hand_interfaces
-- Up-to-date: /home/student/Git-projects/eye_in_hand_A5/install/eye_in_hand_interfaces/share/eye_in_hand_interfaces/cmake/export_eye_in_hand_interfaces__rosidl_generator_cExport.cmake
-- Up-to-date: /home/student/Git-projects/eye_in_hand_A5/install/eye_in_hand_interfaces/share/eye_in_hand_interfaces/cmake/export_eye_in_hand_interfaces__rosidl_generator_cExport-noconfig.cmake
-- Up-to-date: /home/student/Git-projects/eye_in_hand_A5/install/eye_in_hand_interfaces/share/eye_in_hand_interfaces/cmake/export_eye_in_hand_interfaces__rosidl_typesupport_fastrtps_cExport.cmake
-- Up-to-date: /home/student/Git-projects/eye_in_hand_A5/install/eye_in_hand_interfaces/share/eye_in_hand_interfaces/cmake/export_eye_in_hand_interfaces__rosidl_typesupport_fastrtps_cExport-noconfig.cmake
-- Up-to-date: /home/student/Git-projects/eye_in_hand_A5/install/eye_in_hand_interfaces/share/eye_in_hand_interfaces/cmake/eye_in_hand_interfaces__rosidl_typesupport_introspection_cExport.cmake
-- Up-to-date: /home/student/Git-projects/eye_in_hand_A5/install/eye_in_hand_interfaces/share/eye_in_hand_interfaces/cmake/eye_in_hand_interfaces__rosidl_typesupport_introspection_cExport-noconfig.cmake
-- Up-to-date: /home/student/Git-projects/eye_in_hand_A5/install/eye_in_hand_interfaces/share/eye_in_hand_interfaces/cmake/eye_in_hand_interfaces__rosidl_typesupport_cExport.cmake
-- Up-to-date: /home/student/Git-projects/eye_in_hand_A5/install/eye_in_hand_interfaces/share/eye_in_hand_interfaces/cmake/eye_in_hand_interfaces__rosidl_typesupport_cExport-noconfig.cmake
-- Up-to-date: /home/student/Git-projects/eye_in_hand_A5/install/eye_in_hand_interfaces/share/eye_in_hand_interfaces/cmake/export_eye_in_hand_interfaces__rosidl_generator_cppExport.cmake
-- Up-to-date: /home/student/Git-projects/eye_in_hand_A5/install/eye_in_hand_interfaces/share/eye_in_hand_interfaces/cmake/export_eye_in_hand_interfaces__rosidl_typesupport_fastrtps_cppExport.cmake
-- Up-to-date: /home/student/Git-projects/eye_in_hand_A5/install/eye_in_hand_interfaces/share/eye_in_hand_interfaces/cmake/export_eye_in_hand_interfaces__rosidl_typesupport_fastrtps_cppExport-noconfig.cmake
-- Up-to-date: /home/student/Git-projects/eye_in_hand_A5/install/eye_in_hand_interfaces/share/eye_in_hand_interfaces/cmake/eye_in_hand_interfaces__rosidl_typesupport_introspection_cppExport.cmake
-- Up-to-date: /home/student/Git-projects/eye_in_hand_A5/install/eye_in_hand_interfaces/share/eye_in_hand_interfaces/cmake/eye_in_hand_interfaces__rosidl_typesupport_introspection_cppExport-noconfig.cmake
-- Up-to-date: /home/student/Git-projects/eye_in_hand_A5/install/eye_in_hand_interfaces/share/eye_in_hand_interfaces/cmake/eye_in_hand_interfaces__rosidl_typesupport_cppExport.cmake
-- Up-to-date: /home/student/Git-projects/eye_in_hand_A5/install/eye_in_hand_interfaces/share/eye_in_hand_interfaces/cmake/eye_in_hand_interfaces__rosidl_typesupport_cppExport-noconfig.cmake
-- Up-to-date: /home/student/Git-projects/eye_in_hand_A5/install/eye_in_hand_interfaces/share/eye_in_hand_interfaces/cmake/export_eye_in_hand_interfaces__rosidl_generator_pyExport.cmake
-- Up-to-date: /home/student/Git-projects/eye_in_hand_A5/install/eye_in_hand_interfaces/share/eye_in_hand_interfaces/cmake/export_eye_in_hand_interfaces__rosidl_generator_pyExport-noconfig.cmake
-- Up-to-date: /home/student/Git-projects/eye_in_hand_A5/install/eye_in_hand_interfaces/share/eye_in_hand_interfaces/cmake/rosidl_cmake-extras.cmake
-- Up-to-date: /home/student/Git-projects/eye_in_hand_A5/install/eye_in_hand_interfaces/share/eye_in_hand_interfaces/cmake/ament_cmake_export_dependencies-extras.cmake
-- Up-to-date: /home/student/Git-projects/eye_in_hand_A5/install/eye_in_hand_interfaces/share/eye_in_hand_interfaces/cmake/ament_cmake_export_include_directories-extras.cmake
-- Up-to-date: /home/student/Git-projects/eye_in_hand_A5/install/eye_in_hand_interfaces/share/eye_in_hand_interfaces/cmake/ament_cmake_export_libraries-extras.cmake
-- Up-to-date: /home/student/Git-projects/eye_in_hand_A5/install/eye_in_hand_interfaces/share/eye_in_hand_interfaces/cmake/ament_cmake_export_targets-extras.cmake
-- Up-to-date: /home/student/Git-projects/eye_in_hand_A5/install/eye_in_hand_interfaces/share/eye_in_hand_interfaces/cmake/rosidl_cmake_export_typesupport_targets-extras.cmake
-- Up-to-date: /home/student/Git-projects/eye_in_hand_A5/install/eye_in_hand_interfaces/share/eye_in_hand_interfaces/cmake/rosidl_cmake_export_typesupport_libraries-extras.cmake
-- Up-to-date: /home/student/Git-projects/eye_in_hand_A5/install/eye_in_hand_interfaces/share/eye_in_hand_interfaces/cmake/eye_in_hand_interfacesConfig.cmake
-- Up-to-date: /home/student/Git-projects/eye_in_hand_A5/install/eye_in_hand_interfaces/share/eye_in_hand_interfaces/cmake/eye_in_hand_interfacesConfig-version.cmake
-- Up-to-date: /home/student/Git-projects/eye_in_hand_A5/install/eye_in_hand_interfaces/share/eye_in_hand_interfaces/package.xml
